#
# There is insufficient memory for the Java Runtime Environment to continue.
# Native memory allocation (malloc) failed to allocate 1891856 bytes for Chunk::new
# Possible reasons:
#   The system is out of physical RAM or swap space
#   The process is running with CompressedOops enabled, and the Java Heap may be blocking the growth of the native heap
# Possible solutions:
#   Reduce memory load on the system
#   Increase physical memory or swap space
#   Check if swap backing store is full
#   Decrease Java heap size (-Xmx/-Xms)
#   Decrease number of Java threads
#   Decrease Java thread stack sizes (-Xss)
#   Set larger code cache with -XX:ReservedCodeCacheSize=
#   JVM is running with Zero Based Compressed Oops mode in which the Java heap is
#     placed in the first 32GB address space. The Java Heap base address is the
#     maximum limit for the native heap growth. Please use -XX:HeapBaseMinAddress
#     to set the Java Heap base and to place the Java Heap above 32GB virtual address.
# This output file may be truncated or incomplete.
#
#  Out of Memory Error (arena.cpp:189), pid=18808, tid=18700
#
# JRE version: Java(TM) SE Runtime Environment (17.0.4.1+1) (build 17.0.4.1+1-LTS-2)
# Java VM: Java HotSpot(TM) 64-Bit Server VM (17.0.4.1+1-LTS-2, mixed mode, sharing, tiered, compressed oops, compressed class ptrs, g1 gc, windows-amd64)
# No core dump will be written. Minidumps are not enabled by default on client versions of Windows
#

---------------  S U M M A R Y ------------

Command Line: jenkins.maven3.agent.Maven35Main C:\ProgramData\Jenkins\.jenkins\tools\hudson.tasks.Maven_MavenInstallation\MAVEN_HOME C:\ProgramData\Jenkins\war\WEB-INF\lib\remoting-3044.vb_940a_a_e4f72e.jar C:\ProgramData\Jenkins\.jenkins\plugins\maven-plugin\WEB-INF\lib\maven35-interceptor-1.14.jar C:\ProgramData\Jenkins\.jenkins\plugins\maven-plugin\WEB-INF\lib\maven3-interceptor-commons-1.14.jar 60193

Host: AMD EPYC 7763 64-Core Processor                , 4 cores, 15G,  Windows 10 , 64 bit Build 19041 (10.0.19041.2251)
Time: Mon Dec 12 02:06:54 2022 Eastern Standard Time elapsed time: 7.142930 seconds (0d 0h 0m 7s)

---------------  T H R E A D  ---------------

Current thread (0x0000015e25c094f0):  JavaThread "C2 CompilerThread0" daemon [_thread_in_native, id=18700, stack(0x000000127a800000,0x000000127a900000)]


Current CompileTask:
C2:   7143 4503       4       org.apache.maven.model.inheritance.DefaultInheritanceAssembler$InheritanceModelMerger::mergePluginContainer_Plugins (430 bytes)

Stack: [0x000000127a800000,0x000000127a900000]
Native frames: (J=compiled Java code, j=interpreted, Vv=VM code, C=native code)
V  [jvm.dll+0x6723ba]
V  [jvm.dll+0x7d1e34]
V  [jvm.dll+0x7d35de]
V  [jvm.dll+0x7d3c43]
V  [jvm.dll+0x243065]
V  [jvm.dll+0xaa57b]
V  [jvm.dll+0xaab0c]
V  [jvm.dll+0x360412]
V  [jvm.dll+0x32a971]
V  [jvm.dll+0x329e1a]
V  [jvm.dll+0x2161a1]
V  [jvm.dll+0x2155c1]
V  [jvm.dll+0x1a1fcd]
V  [jvm.dll+0x224e08]
V  [jvm.dll+0x222f75]
V  [jvm.dll+0x787a0b]
V  [jvm.dll+0x781fca]
V  [jvm.dll+0x671245]
C  [ucrtbase.dll+0x21bb2]
C  [KERNEL32.DLL+0x174b4]
C  [ntdll.dll+0x526a1]


---------------  P R O C E S S  ---------------

Threads class SMR info:
_java_thread_list=0x0000015e265cc6f0, length=20, elements={
0x0000015e02c2b250, 0x0000015e25171620, 0x0000015e251744a0, 0x0000015e25189eb0,
0x0000015e2518c880, 0x0000015e2518d230, 0x0000015e2518dbe0, 0x0000015e25c094f0,
0x0000015e25c14bd0, 0x0000015e25c271c0, 0x0000015e25d3eec0, 0x0000015e25d45a50,
0x0000015e25f846c0, 0x0000015e25f84d50, 0x0000015e25f87bf0, 0x0000015e25f880c0,
0x0000015e25f88590, 0x0000015e261e6f90, 0x0000015e26e1db30, 0x0000015e26dd1de0
}

Java Threads: ( => current thread )
  0x0000015e02c2b250 JavaThread "main" [_thread_blocked, id=8752, stack(0x0000001279b00000,0x0000001279c00000)]
  0x0000015e25171620 JavaThread "Reference Handler" daemon [_thread_blocked, id=16792, stack(0x000000127a200000,0x000000127a300000)]
  0x0000015e251744a0 JavaThread "Finalizer" daemon [_thread_blocked, id=4588, stack(0x000000127a300000,0x000000127a400000)]
  0x0000015e25189eb0 JavaThread "Signal Dispatcher" daemon [_thread_blocked, id=6568, stack(0x000000127a400000,0x000000127a500000)]
  0x0000015e2518c880 JavaThread "Attach Listener" daemon [_thread_blocked, id=19288, stack(0x000000127a500000,0x000000127a600000)]
  0x0000015e2518d230 JavaThread "Service Thread" daemon [_thread_blocked, id=5300, stack(0x000000127a600000,0x000000127a700000)]
  0x0000015e2518dbe0 JavaThread "Monitor Deflation Thread" daemon [_thread_blocked, id=5036, stack(0x000000127a700000,0x000000127a800000)]
=>0x0000015e25c094f0 JavaThread "C2 CompilerThread0" daemon [_thread_in_native, id=18700, stack(0x000000127a800000,0x000000127a900000)]
  0x0000015e25c14bd0 JavaThread "C1 CompilerThread0" daemon [_thread_blocked, id=15744, stack(0x000000127a900000,0x000000127aa00000)]
  0x0000015e25c271c0 JavaThread "Sweeper thread" daemon [_thread_blocked, id=18112, stack(0x000000127aa00000,0x000000127ab00000)]
  0x0000015e25d3eec0 JavaThread "Notification Thread" daemon [_thread_blocked, id=15148, stack(0x000000127ab00000,0x000000127ac00000)]
  0x0000015e25d45a50 JavaThread "Common-Cleaner" daemon [_thread_blocked, id=19260, stack(0x000000127ad00000,0x000000127ae00000)]
  0x0000015e25f846c0 JavaThread "RemoteInvocationHandler [#1]" daemon [_thread_blocked, id=15768, stack(0x000000127ae00000,0x000000127af00000)]
  0x0000015e25f84d50 JavaThread "Channel reader thread: channel" [_thread_in_native, id=10512, stack(0x000000127af00000,0x000000127b000000)]
  0x0000015e25f87bf0 JavaThread "pool-1-thread-1" [_thread_blocked, id=9632, stack(0x000000127b000000,0x000000127b100000)]
  0x0000015e25f880c0 JavaThread "pool-1-thread-2" [_thread_blocked, id=16644, stack(0x000000127b100000,0x000000127b200000)]
  0x0000015e25f88590 JavaThread "pool-1-thread-3 for channel id=4920" [_thread_in_Java, id=13144, stack(0x000000127b200000,0x000000127b300000)]
  0x0000015e261e6f90 JavaThread "C2 CompilerThread1" daemon [_thread_blocked, id=19828, stack(0x000000127b300000,0x000000127b400000)]
  0x0000015e26e1db30 JavaThread "pool-1-thread-4" [_thread_blocked, id=16048, stack(0x000000127b700000,0x000000127b800000)]
  0x0000015e26dd1de0 JavaThread "pool-1-thread-5" [_thread_blocked, id=19752, stack(0x000000127b800000,0x000000127b900000)]

Other Threads:
  0x0000015e2516ca20 VMThread "VM Thread" [stack: 0x000000127a100000,0x000000127a200000] [id=16696]
  0x0000015e25d457c0 WatcherThread [stack: 0x000000127ac00000,0x000000127ad00000] [id=11316]
  0x0000015e02c95320 GCTaskThread "GC Thread#0" [stack: 0x0000001279c00000,0x0000001279d00000] [id=12660]
  0x0000015e262ce7c0 GCTaskThread "GC Thread#1" [stack: 0x000000127b400000,0x000000127b500000] [id=19640]
  0x0000015e2631c7f0 GCTaskThread "GC Thread#2" [stack: 0x000000127b500000,0x000000127b600000] [id=19892]
  0x0000015e2631caa0 GCTaskThread "GC Thread#3" [stack: 0x000000127b600000,0x000000127b700000] [id=15628]
  0x0000015e02ca61a0 ConcurrentGCThread "G1 Main Marker" [stack: 0x0000001279d00000,0x0000001279e00000] [id=18372]
  0x0000015e02ca7350 ConcurrentGCThread "G1 Conc#0" [stack: 0x0000001279e00000,0x0000001279f00000] [id=20100]
  0x0000015e02d0e260 ConcurrentGCThread "G1 Refine#0" [stack: 0x0000001279f00000,0x000000127a000000] [id=18512]
  0x0000015e02d0ec80 ConcurrentGCThread "G1 Service" [stack: 0x000000127a000000,0x000000127a100000] [id=11740]

Threads with active compile tasks:
C2 CompilerThread0     7162 4503       4       org.apache.maven.model.inheritance.DefaultInheritanceAssembler$InheritanceModelMerger::mergePluginContainer_Plugins (430 bytes)
C1 CompilerThread0     7162 4619       3       java.nio.Buffer::remaining (20 bytes)

VM state: not at safepoint (normal execution)

VM Mutex/Monitor currently owned by a thread: None

Heap address: 0x0000000700c00000, size: 4084 MB, Compressed Oops mode: Zero based, Oop shift amount: 3

CDS archive(s) mapped at: [0x0000000800000000-0x0000000800bc0000-0x0000000800bc0000), size 12320768, SharedBaseAddress: 0x0000000800000000, ArchiveRelocationMode: 0.
Compressed class space mapped at: 0x0000000800c00000-0x0000000840c00000, reserved size: 1073741824
Narrow klass base: 0x0000000800000000, Narrow klass shift: 0, Narrow klass range: 0x100000000

GC Precious Log:
 CPUs: 4 total, 4 available
 Memory: 16332M
 Large Page Support: Disabled
 NUMA Support: Disabled
 Compressed Oops: Enabled (Zero based)
 Heap Region Size: 2M
 Heap Min Capacity: 8M
 Heap Initial Capacity: 256M
 Heap Max Capacity: 4084M
 Pre-touch: Disabled
 Parallel Workers: 4
 Concurrent Workers: 1
 Concurrent Refinement Workers: 4
 Periodic GC: Disabled

Heap:
 garbage-first heap   total 262144K, used 26248K [0x0000000700c00000, 0x0000000800000000)
  region size 2048K, 11 young (22528K), 6 survivors (12288K)
 Metaspace       used 18875K, committed 19264K, reserved 1073152K
  class space    used 2055K, committed 2240K, reserved 1048576K

Heap Regions: E=young(eden), S=young(survivor), O=old, HS=humongous(starts), HC=humongous(continues), CS=collection set, F=free, OA=open archive, CA=closed archive, TAMS=top-at-mark-start (previous, next)
|   0|0x0000000700c00000, 0x0000000700e00000, 0x0000000700e00000|100%|HS|  |TAMS 0x0000000700c00000, 0x0000000700c00000| Complete 
|   1|0x0000000700e00000, 0x0000000701000000, 0x0000000701000000|100%|HS|  |TAMS 0x0000000700e00000, 0x0000000700e00000| Complete 
|   2|0x0000000701000000, 0x0000000701200000, 0x0000000701200000|100%| O|  |TAMS 0x0000000701000000, 0x0000000701000000| Untracked 
|   3|0x0000000701200000, 0x00000007012f6800, 0x0000000701400000| 48%| O|  |TAMS 0x0000000701200000, 0x0000000701200000| Untracked 
|   4|0x0000000701400000, 0x0000000701400000, 0x0000000701600000|  0%| F|  |TAMS 0x0000000701400000, 0x0000000701400000| Untracked 
|   5|0x0000000701600000, 0x0000000701600000, 0x0000000701800000|  0%| F|  |TAMS 0x0000000701600000, 0x0000000701600000| Untracked 
|   6|0x0000000701800000, 0x0000000701800000, 0x0000000701a00000|  0%| F|  |TAMS 0x0000000701800000, 0x0000000701800000| Untracked 
|   7|0x0000000701a00000, 0x0000000701a00000, 0x0000000701c00000|  0%| F|  |TAMS 0x0000000701a00000, 0x0000000701a00000| Untracked 
|   8|0x0000000701c00000, 0x0000000701c00000, 0x0000000701e00000|  0%| F|  |TAMS 0x0000000701c00000, 0x0000000701c00000| Untracked 
|   9|0x0000000701e00000, 0x0000000701e00000, 0x0000000702000000|  0%| F|  |TAMS 0x0000000701e00000, 0x0000000701e00000| Untracked 
|  10|0x0000000702000000, 0x0000000702000000, 0x0000000702200000|  0%| F|  |TAMS 0x0000000702000000, 0x0000000702000000| Untracked 
|  11|0x0000000702200000, 0x0000000702200000, 0x0000000702400000|  0%| F|  |TAMS 0x0000000702200000, 0x0000000702200000| Untracked 
|  12|0x0000000702400000, 0x0000000702400000, 0x0000000702600000|  0%| F|  |TAMS 0x0000000702400000, 0x0000000702400000| Untracked 
|  13|0x0000000702600000, 0x0000000702600000, 0x0000000702800000|  0%| F|  |TAMS 0x0000000702600000, 0x0000000702600000| Untracked 
|  14|0x0000000702800000, 0x0000000702800000, 0x0000000702a00000|  0%| F|  |TAMS 0x0000000702800000, 0x0000000702800000| Untracked 
|  15|0x0000000702a00000, 0x0000000702a00000, 0x0000000702c00000|  0%| F|  |TAMS 0x0000000702a00000, 0x0000000702a00000| Untracked 
|  16|0x0000000702c00000, 0x0000000702c00000, 0x0000000702e00000|  0%| F|  |TAMS 0x0000000702c00000, 0x0000000702c00000| Untracked 
|  17|0x0000000702e00000, 0x0000000702e00000, 0x0000000703000000|  0%| F|  |TAMS 0x0000000702e00000, 0x0000000702e00000| Untracked 
|  18|0x0000000703000000, 0x0000000703000000, 0x0000000703200000|  0%| F|  |TAMS 0x0000000703000000, 0x0000000703000000| Untracked 
|  19|0x0000000703200000, 0x0000000703200000, 0x0000000703400000|  0%| F|  |TAMS 0x0000000703200000, 0x0000000703200000| Untracked 
|  20|0x0000000703400000, 0x0000000703400000, 0x0000000703600000|  0%| F|  |TAMS 0x0000000703400000, 0x0000000703400000| Untracked 
|  21|0x0000000703600000, 0x0000000703600000, 0x0000000703800000|  0%| F|  |TAMS 0x0000000703600000, 0x0000000703600000| Untracked 
|  22|0x0000000703800000, 0x0000000703800000, 0x0000000703a00000|  0%| F|  |TAMS 0x0000000703800000, 0x0000000703800000| Untracked 
|  23|0x0000000703a00000, 0x0000000703a00000, 0x0000000703c00000|  0%| F|  |TAMS 0x0000000703a00000, 0x0000000703a00000| Untracked 
|  24|0x0000000703c00000, 0x0000000703c00000, 0x0000000703e00000|  0%| F|  |TAMS 0x0000000703c00000, 0x0000000703c00000| Untracked 
|  25|0x0000000703e00000, 0x0000000703e00000, 0x0000000704000000|  0%| F|  |TAMS 0x0000000703e00000, 0x0000000703e00000| Untracked 
|  26|0x0000000704000000, 0x0000000704000000, 0x0000000704200000|  0%| F|  |TAMS 0x0000000704000000, 0x0000000704000000| Untracked 
|  27|0x0000000704200000, 0x0000000704200000, 0x0000000704400000|  0%| F|  |TAMS 0x0000000704200000, 0x0000000704200000| Untracked 
|  28|0x0000000704400000, 0x0000000704400000, 0x0000000704600000|  0%| F|  |TAMS 0x0000000704400000, 0x0000000704400000| Untracked 
|  29|0x0000000704600000, 0x0000000704600000, 0x0000000704800000|  0%| F|  |TAMS 0x0000000704600000, 0x0000000704600000| Untracked 
|  30|0x0000000704800000, 0x0000000704800000, 0x0000000704a00000|  0%| F|  |TAMS 0x0000000704800000, 0x0000000704800000| Untracked 
|  31|0x0000000704a00000, 0x0000000704a00000, 0x0000000704c00000|  0%| F|  |TAMS 0x0000000704a00000, 0x0000000704a00000| Untracked 
|  32|0x0000000704c00000, 0x0000000704c00000, 0x0000000704e00000|  0%| F|  |TAMS 0x0000000704c00000, 0x0000000704c00000| Untracked 
|  33|0x0000000704e00000, 0x0000000704e00000, 0x0000000705000000|  0%| F|  |TAMS 0x0000000704e00000, 0x0000000704e00000| Untracked 
|  34|0x0000000705000000, 0x0000000705000000, 0x0000000705200000|  0%| F|  |TAMS 0x0000000705000000, 0x0000000705000000| Untracked 
|  35|0x0000000705200000, 0x0000000705200000, 0x0000000705400000|  0%| F|  |TAMS 0x0000000705200000, 0x0000000705200000| Untracked 
|  36|0x0000000705400000, 0x0000000705400000, 0x0000000705600000|  0%| F|  |TAMS 0x0000000705400000, 0x0000000705400000| Untracked 
|  37|0x0000000705600000, 0x0000000705600000, 0x0000000705800000|  0%| F|  |TAMS 0x0000000705600000, 0x0000000705600000| Untracked 
|  38|0x0000000705800000, 0x0000000705800000, 0x0000000705a00000|  0%| F|  |TAMS 0x0000000705800000, 0x0000000705800000| Untracked 
|  39|0x0000000705a00000, 0x0000000705a00000, 0x0000000705c00000|  0%| F|  |TAMS 0x0000000705a00000, 0x0000000705a00000| Untracked 
|  40|0x0000000705c00000, 0x0000000705c00000, 0x0000000705e00000|  0%| F|  |TAMS 0x0000000705c00000, 0x0000000705c00000| Untracked 
|  41|0x0000000705e00000, 0x0000000705e00000, 0x0000000706000000|  0%| F|  |TAMS 0x0000000705e00000, 0x0000000705e00000| Untracked 
|  42|0x0000000706000000, 0x0000000706000000, 0x0000000706200000|  0%| F|  |TAMS 0x0000000706000000, 0x0000000706000000| Untracked 
|  43|0x0000000706200000, 0x0000000706200000, 0x0000000706400000|  0%| F|  |TAMS 0x0000000706200000, 0x0000000706200000| Untracked 
|  44|0x0000000706400000, 0x0000000706400000, 0x0000000706600000|  0%| F|  |TAMS 0x0000000706400000, 0x0000000706400000| Untracked 
|  45|0x0000000706600000, 0x0000000706600000, 0x0000000706800000|  0%| F|  |TAMS 0x0000000706600000, 0x0000000706600000| Untracked 
|  46|0x0000000706800000, 0x00000007068abb00, 0x0000000706a00000| 33%| S|CS|TAMS 0x0000000706800000, 0x0000000706800000| Complete 
|  47|0x0000000706a00000, 0x0000000706c00000, 0x0000000706c00000|100%| S|CS|TAMS 0x0000000706a00000, 0x0000000706a00000| Complete 
|  48|0x0000000706c00000, 0x0000000706e00000, 0x0000000706e00000|100%| S|CS|TAMS 0x0000000706c00000, 0x0000000706c00000| Complete 
|  49|0x0000000706e00000, 0x0000000707000000, 0x0000000707000000|100%| S|CS|TAMS 0x0000000706e00000, 0x0000000706e00000| Complete 
|  50|0x0000000707000000, 0x0000000707200000, 0x0000000707200000|100%| S|CS|TAMS 0x0000000707000000, 0x0000000707000000| Complete 
|  51|0x0000000707200000, 0x0000000707400000, 0x0000000707400000|100%| S|CS|TAMS 0x0000000707200000, 0x0000000707200000| Complete 
|  52|0x0000000707400000, 0x0000000707400000, 0x0000000707600000|  0%| F|  |TAMS 0x0000000707400000, 0x0000000707400000| Untracked 
|  53|0x0000000707600000, 0x0000000707600000, 0x0000000707800000|  0%| F|  |TAMS 0x0000000707600000, 0x0000000707600000| Untracked 
|  54|0x0000000707800000, 0x0000000707800000, 0x0000000707a00000|  0%| F|  |TAMS 0x0000000707800000, 0x0000000707800000| Untracked 
|  55|0x0000000707a00000, 0x0000000707a00000, 0x0000000707c00000|  0%| F|  |TAMS 0x0000000707a00000, 0x0000000707a00000| Untracked 
|  56|0x0000000707c00000, 0x0000000707c00000, 0x0000000707e00000|  0%| F|  |TAMS 0x0000000707c00000, 0x0000000707c00000| Untracked 
|  57|0x0000000707e00000, 0x0000000707e00000, 0x0000000708000000|  0%| F|  |TAMS 0x0000000707e00000, 0x0000000707e00000| Untracked 
|  58|0x0000000708000000, 0x0000000708000000, 0x0000000708200000|  0%| F|  |TAMS 0x0000000708000000, 0x0000000708000000| Untracked 
|  59|0x0000000708200000, 0x0000000708200000, 0x0000000708400000|  0%| F|  |TAMS 0x0000000708200000, 0x0000000708200000| Untracked 
|  60|0x0000000708400000, 0x0000000708400000, 0x0000000708600000|  0%| F|  |TAMS 0x0000000708400000, 0x0000000708400000| Untracked 
|  61|0x0000000708600000, 0x0000000708600000, 0x0000000708800000|  0%| F|  |TAMS 0x0000000708600000, 0x0000000708600000| Untracked 
|  62|0x0000000708800000, 0x0000000708800000, 0x0000000708a00000|  0%| F|  |TAMS 0x0000000708800000, 0x0000000708800000| Untracked 
|  63|0x0000000708a00000, 0x0000000708a00000, 0x0000000708c00000|  0%| F|  |TAMS 0x0000000708a00000, 0x0000000708a00000| Untracked 
|  64|0x0000000708c00000, 0x0000000708c00000, 0x0000000708e00000|  0%| F|  |TAMS 0x0000000708c00000, 0x0000000708c00000| Untracked 
|  65|0x0000000708e00000, 0x0000000708e00000, 0x0000000709000000|  0%| F|  |TAMS 0x0000000708e00000, 0x0000000708e00000| Untracked 
|  66|0x0000000709000000, 0x0000000709000000, 0x0000000709200000|  0%| F|  |TAMS 0x0000000709000000, 0x0000000709000000| Untracked 
|  67|0x0000000709200000, 0x0000000709200000, 0x0000000709400000|  0%| F|  |TAMS 0x0000000709200000, 0x0000000709200000| Untracked 
|  68|0x0000000709400000, 0x0000000709400000, 0x0000000709600000|  0%| F|  |TAMS 0x0000000709400000, 0x0000000709400000| Untracked 
|  69|0x0000000709600000, 0x0000000709600000, 0x0000000709800000|  0%| F|  |TAMS 0x0000000709600000, 0x0000000709600000| Untracked 
|  70|0x0000000709800000, 0x0000000709800000, 0x0000000709a00000|  0%| F|  |TAMS 0x0000000709800000, 0x0000000709800000| Untracked 
|  71|0x0000000709a00000, 0x0000000709a00000, 0x0000000709c00000|  0%| F|  |TAMS 0x0000000709a00000, 0x0000000709a00000| Untracked 
|  72|0x0000000709c00000, 0x0000000709c00000, 0x0000000709e00000|  0%| F|  |TAMS 0x0000000709c00000, 0x0000000709c00000| Untracked 
|  73|0x0000000709e00000, 0x0000000709e00000, 0x000000070a000000|  0%| F|  |TAMS 0x0000000709e00000, 0x0000000709e00000| Untracked 
|  74|0x000000070a000000, 0x000000070a000000, 0x000000070a200000|  0%| F|  |TAMS 0x000000070a000000, 0x000000070a000000| Untracked 
|  75|0x000000070a200000, 0x000000070a200000, 0x000000070a400000|  0%| F|  |TAMS 0x000000070a200000, 0x000000070a200000| Untracked 
|  76|0x000000070a400000, 0x000000070a400000, 0x000000070a600000|  0%| F|  |TAMS 0x000000070a400000, 0x000000070a400000| Untracked 
|  77|0x000000070a600000, 0x000000070a600000, 0x000000070a800000|  0%| F|  |TAMS 0x000000070a600000, 0x000000070a600000| Untracked 
|  78|0x000000070a800000, 0x000000070a800000, 0x000000070aa00000|  0%| F|  |TAMS 0x000000070a800000, 0x000000070a800000| Untracked 
|  79|0x000000070aa00000, 0x000000070aa00000, 0x000000070ac00000|  0%| F|  |TAMS 0x000000070aa00000, 0x000000070aa00000| Untracked 
|  80|0x000000070ac00000, 0x000000070ac00000, 0x000000070ae00000|  0%| F|  |TAMS 0x000000070ac00000, 0x000000070ac00000| Untracked 
|  81|0x000000070ae00000, 0x000000070ae00000, 0x000000070b000000|  0%| F|  |TAMS 0x000000070ae00000, 0x000000070ae00000| Untracked 
|  82|0x000000070b000000, 0x000000070b000000, 0x000000070b200000|  0%| F|  |TAMS 0x000000070b000000, 0x000000070b000000| Untracked 
|  83|0x000000070b200000, 0x000000070b200000, 0x000000070b400000|  0%| F|  |TAMS 0x000000070b200000, 0x000000070b200000| Untracked 
|  84|0x000000070b400000, 0x000000070b400000, 0x000000070b600000|  0%| F|  |TAMS 0x000000070b400000, 0x000000070b400000| Untracked 
|  85|0x000000070b600000, 0x000000070b600000, 0x000000070b800000|  0%| F|  |TAMS 0x000000070b600000, 0x000000070b600000| Untracked 
|  86|0x000000070b800000, 0x000000070b800000, 0x000000070ba00000|  0%| F|  |TAMS 0x000000070b800000, 0x000000070b800000| Untracked 
|  87|0x000000070ba00000, 0x000000070ba00000, 0x000000070bc00000|  0%| F|  |TAMS 0x000000070ba00000, 0x000000070ba00000| Untracked 
|  88|0x000000070bc00000, 0x000000070bc00000, 0x000000070be00000|  0%| F|  |TAMS 0x000000070bc00000, 0x000000070bc00000| Untracked 
|  89|0x000000070be00000, 0x000000070be00000, 0x000000070c000000|  0%| F|  |TAMS 0x000000070be00000, 0x000000070be00000| Untracked 
|  90|0x000000070c000000, 0x000000070c000000, 0x000000070c200000|  0%| F|  |TAMS 0x000000070c000000, 0x000000070c000000| Untracked 
|  91|0x000000070c200000, 0x000000070c200000, 0x000000070c400000|  0%| F|  |TAMS 0x000000070c200000, 0x000000070c200000| Untracked 
|  92|0x000000070c400000, 0x000000070c400000, 0x000000070c600000|  0%| F|  |TAMS 0x000000070c400000, 0x000000070c400000| Untracked 
|  93|0x000000070c600000, 0x000000070c600000, 0x000000070c800000|  0%| F|  |TAMS 0x000000070c600000, 0x000000070c600000| Untracked 
|  94|0x000000070c800000, 0x000000070c800000, 0x000000070ca00000|  0%| F|  |TAMS 0x000000070c800000, 0x000000070c800000| Untracked 
|  95|0x000000070ca00000, 0x000000070ca00000, 0x000000070cc00000|  0%| F|  |TAMS 0x000000070ca00000, 0x000000070ca00000| Untracked 
|  96|0x000000070cc00000, 0x000000070cc00000, 0x000000070ce00000|  0%| F|  |TAMS 0x000000070cc00000, 0x000000070cc00000| Untracked 
|  97|0x000000070ce00000, 0x000000070ce00000, 0x000000070d000000|  0%| F|  |TAMS 0x000000070ce00000, 0x000000070ce00000| Untracked 
|  98|0x000000070d000000, 0x000000070d000000, 0x000000070d200000|  0%| F|  |TAMS 0x000000070d000000, 0x000000070d000000| Untracked 
|  99|0x000000070d200000, 0x000000070d200000, 0x000000070d400000|  0%| F|  |TAMS 0x000000070d200000, 0x000000070d200000| Untracked 
| 100|0x000000070d400000, 0x000000070d400000, 0x000000070d600000|  0%| F|  |TAMS 0x000000070d400000, 0x000000070d400000| Untracked 
| 101|0x000000070d600000, 0x000000070d600000, 0x000000070d800000|  0%| F|  |TAMS 0x000000070d600000, 0x000000070d600000| Untracked 
| 102|0x000000070d800000, 0x000000070d800000, 0x000000070da00000|  0%| F|  |TAMS 0x000000070d800000, 0x000000070d800000| Untracked 
| 103|0x000000070da00000, 0x000000070da00000, 0x000000070dc00000|  0%| F|  |TAMS 0x000000070da00000, 0x000000070da00000| Untracked 
| 104|0x000000070dc00000, 0x000000070dc00000, 0x000000070de00000|  0%| F|  |TAMS 0x000000070dc00000, 0x000000070dc00000| Untracked 
| 105|0x000000070de00000, 0x000000070de00000, 0x000000070e000000|  0%| F|  |TAMS 0x000000070de00000, 0x000000070de00000| Untracked 
| 106|0x000000070e000000, 0x000000070e000000, 0x000000070e200000|  0%| F|  |TAMS 0x000000070e000000, 0x000000070e000000| Untracked 
| 107|0x000000070e200000, 0x000000070e200000, 0x000000070e400000|  0%| F|  |TAMS 0x000000070e200000, 0x000000070e200000| Untracked 
| 108|0x000000070e400000, 0x000000070e400000, 0x000000070e600000|  0%| F|  |TAMS 0x000000070e400000, 0x000000070e400000| Untracked 
| 109|0x000000070e600000, 0x000000070e600000, 0x000000070e800000|  0%| F|  |TAMS 0x000000070e600000, 0x000000070e600000| Untracked 
| 110|0x000000070e800000, 0x000000070e800000, 0x000000070ea00000|  0%| F|  |TAMS 0x000000070e800000, 0x000000070e800000| Untracked 
| 111|0x000000070ea00000, 0x000000070ea00000, 0x000000070ec00000|  0%| F|  |TAMS 0x000000070ea00000, 0x000000070ea00000| Untracked 
| 112|0x000000070ec00000, 0x000000070ec00000, 0x000000070ee00000|  0%| F|  |TAMS 0x000000070ec00000, 0x000000070ec00000| Untracked 
| 113|0x000000070ee00000, 0x000000070ee00000, 0x000000070f000000|  0%| F|  |TAMS 0x000000070ee00000, 0x000000070ee00000| Untracked 
| 114|0x000000070f000000, 0x000000070f000000, 0x000000070f200000|  0%| F|  |TAMS 0x000000070f000000, 0x000000070f000000| Untracked 
| 115|0x000000070f200000, 0x000000070f200000, 0x000000070f400000|  0%| F|  |TAMS 0x000000070f200000, 0x000000070f200000| Untracked 
| 116|0x000000070f400000, 0x000000070f400000, 0x000000070f600000|  0%| F|  |TAMS 0x000000070f400000, 0x000000070f400000| Untracked 
| 117|0x000000070f600000, 0x000000070f600000, 0x000000070f800000|  0%| F|  |TAMS 0x000000070f600000, 0x000000070f600000| Untracked 
| 118|0x000000070f800000, 0x000000070f800000, 0x000000070fa00000|  0%| F|  |TAMS 0x000000070f800000, 0x000000070f800000| Untracked 
| 119|0x000000070fa00000, 0x000000070fa00000, 0x000000070fc00000|  0%| F|  |TAMS 0x000000070fa00000, 0x000000070fa00000| Untracked 
| 120|0x000000070fc00000, 0x000000070fc00000, 0x000000070fe00000|  0%| F|  |TAMS 0x000000070fc00000, 0x000000070fc00000| Untracked 
| 121|0x000000070fe00000, 0x000000070fe00000, 0x0000000710000000|  0%| F|  |TAMS 0x000000070fe00000, 0x000000070fe00000| Untracked 
| 122|0x0000000710000000, 0x0000000710000000, 0x0000000710200000|  0%| F|  |TAMS 0x0000000710000000, 0x0000000710000000| Untracked 
| 123|0x0000000710200000, 0x0000000710300800, 0x0000000710400000| 50%| E|  |TAMS 0x0000000710200000, 0x0000000710200000| Complete 
| 124|0x0000000710400000, 0x0000000710600000, 0x0000000710600000|100%| E|CS|TAMS 0x0000000710400000, 0x0000000710400000| Complete 
| 125|0x0000000710600000, 0x0000000710800000, 0x0000000710800000|100%| E|CS|TAMS 0x0000000710600000, 0x0000000710600000| Complete 
| 126|0x0000000710800000, 0x0000000710a00000, 0x0000000710a00000|100%| E|CS|TAMS 0x0000000710800000, 0x0000000710800000| Complete 
| 127|0x0000000710a00000, 0x0000000710c00000, 0x0000000710c00000|100%| E|CS|TAMS 0x0000000710a00000, 0x0000000710a00000| Complete 

Card table byte_map: [0x0000015e19cb0000,0x0000015e1a4b0000] _byte_map_base: 0x0000015e164aa000

Marking Bits (Prev, Next): (CMBitMap*) 0x0000015e02c95930, (CMBitMap*) 0x0000015e02c95970
 Prev Bits: [0x0000015e1acb0000, 0x0000015e1ec80000)
 Next Bits: [0x0000015e1ec80000, 0x0000015e22c50000)

Polling page: 0x0000015e02410000

Metaspace:

Usage:
  Non-class:     16.44 MB used.
      Class:      2.01 MB used.
       Both:     18.45 MB used.

Virtual space:
  Non-class space:       24.00 MB reserved,      16.62 MB ( 69%) committed,  3 nodes.
      Class space:        1.00 GB reserved,       2.19 MB ( <1%) committed,  1 nodes.
             Both:        1.02 GB reserved,      18.81 MB (  2%) committed. 

Chunk freelists:
   Non-Class:  2.83 MB
       Class:  1.66 MB
        Both:  4.49 MB

MaxMetaspaceSize: unlimited
CompressedClassSpaceSize: 1.00 GB
Initial GC threshold: 21.00 MB
Current GC threshold: 21.00 MB
CDS: on
MetaspaceReclaimPolicy: balanced
 - commit_granule_bytes: 65536.
 - commit_granule_words: 8192.
 - virtual_space_node_default_size: 1048576.
 - enlarge_chunks_in_place: 1.
 - new_chunks_are_fully_committed: 0.
 - uncommit_free_chunks: 1.
 - use_allocation_guard: 0.
 - handle_deallocations: 1.


Internal statistics:

num_allocs_failed_limit: 0.
num_arena_births: 322.
num_arena_deaths: 0.
num_vsnodes_births: 4.
num_vsnodes_deaths: 0.
num_space_committed: 301.
num_space_uncommitted: 0.
num_chunks_returned_to_freelist: 0.
num_chunks_taken_from_freelist: 1080.
num_chunk_merges: 0.
num_chunk_splits: 661.
num_chunks_enlarged: 419.
num_purges: 0.
num_inconsistent_stats: 0.

CodeHeap 'non-profiled nmethods': size=120000Kb used=2826Kb max_used=2826Kb free=117173Kb
 bounds [0x0000015e11f80000, 0x0000015e12250000, 0x0000015e194b0000]
CodeHeap 'profiled nmethods': size=120000Kb used=9866Kb max_used=9866Kb free=110133Kb
 bounds [0x0000015e0aa50000, 0x0000015e0b400000, 0x0000015e11f80000]
CodeHeap 'non-nmethods': size=5760Kb used=1197Kb max_used=1254Kb free=4563Kb
 bounds [0x0000015e0a4b0000, 0x0000015e0a720000, 0x0000015e0aa50000]
 total_blobs=5110 nmethods=4615 adapters=407
 compilation: enabled
              stopped_count=0, restarted_count=0
 full_count=0

Compilation events (20 events):
Event: 7.029 Thread 0x0000015e261e6f90 4609       4       java.util.StringTokenizer::nextToken (92 bytes)
Event: 7.040 Thread 0x0000015e261e6f90 nmethod 4609 0x0000015e1223cc10 code [0x0000015e1223cdc0, 0x0000015e1223d648]
Event: 7.040 Thread 0x0000015e261e6f90 4610       4       org.codehaus.plexus.classworlds.realm.Entry::matches (282 bytes)
Event: 7.061 Thread 0x0000015e261e6f90 nmethod 4610 0x0000015e1223dc10 code [0x0000015e1223dde0, 0x0000015e1223ea68]
Event: 7.092 Thread 0x0000015e25c14bd0 4611  s    3       java.lang.StringBuffer::append (13 bytes)
Event: 7.092 Thread 0x0000015e25c14bd0 nmethod 4611 0x0000015e0b3f1490 code [0x0000015e0b3f1640, 0x0000015e0b3f1868]
Event: 7.095 Thread 0x0000015e261e6f90 4612       4       java.lang.StringLatin1::toChars (16 bytes)
Event: 7.096 Thread 0x0000015e261e6f90 nmethod 4612 0x0000015e1223f110 code [0x0000015e1223f2a0, 0x0000015e1223f458]
Event: 7.100 Thread 0x0000015e25c14bd0 4613       3       org.codehaus.plexus.util.DirectoryScanner::isExcluded (38 bytes)
Event: 7.100 Thread 0x0000015e25c14bd0 nmethod 4613 0x0000015e0b3f1910 code [0x0000015e0b3f1ac0, 0x0000015e0b3f1dc8]
Event: 7.102 Thread 0x0000015e261e6f90 4614       4       java.util.Vector::<init> (49 bytes)
Event: 7.104 Thread 0x0000015e261e6f90 nmethod 4614 0x0000015e1223f510 code [0x0000015e1223f6a0, 0x0000015e1223f918]
Event: 7.106 Thread 0x0000015e25c14bd0 4615       1       org.codehaus.plexus.util.DirectoryScanner::isSelected (2 bytes)
Event: 7.106 Thread 0x0000015e25c14bd0 nmethod 4615 0x0000015e1223fa10 code [0x0000015e1223fba0, 0x0000015e1223fc78]
Event: 7.106 Thread 0x0000015e261e6f90 4616       4       java.util.StringTokenizer::setMaxDelimCodePoint (156 bytes)
Event: 7.109 Thread 0x0000015e261e6f90 nmethod 4616 0x0000015e1223fd10 code [0x0000015e1223fea0, 0x0000015e122400e8]
Event: 7.109 Thread 0x0000015e261e6f90 4618       4       org.codehaus.plexus.util.SelectorUtils::match (629 bytes)
Event: 7.128 Thread 0x0000015e261e6f90 nmethod 4618 0x0000015e12240390 code [0x0000015e12240560, 0x0000015e12241398]
Event: 7.128 Thread 0x0000015e261e6f90 4617       4       java.util.StringTokenizer::<init> (52 bytes)
Event: 7.135 Thread 0x0000015e261e6f90 nmethod 4617 0x0000015e12241c10 code [0x0000015e12241da0, 0x0000015e12242268]

GC Heap History (8 events):
Event: 0.683 GC heap before
{Heap before GC invocations=0 (full 0):
 garbage-first heap   total 262144K, used 16384K [0x0000000700c00000, 0x0000000800000000)
  region size 2048K, 6 young (12288K), 0 survivors (0K)
 Metaspace       used 3982K, committed 4224K, reserved 1056768K
  class space    used 424K, committed 576K, reserved 1048576K
}
Event: 0.696 GC heap after
{Heap after GC invocations=1 (full 0):
 garbage-first heap   total 262144K, used 7082K [0x0000000700c00000, 0x0000000800000000)
  region size 2048K, 1 young (2048K), 1 survivors (2048K)
 Metaspace       used 3982K, committed 4224K, reserved 1056768K
  class space    used 424K, committed 576K, reserved 1048576K
}
Event: 1.164 GC heap before
{Heap before GC invocations=1 (full 0):
 garbage-first heap   total 262144K, used 17322K [0x0000000700c00000, 0x0000000800000000)
  region size 2048K, 6 young (12288K), 1 survivors (2048K)
 Metaspace       used 5173K, committed 5440K, reserved 1056768K
  class space    used 515K, committed 640K, reserved 1048576K
}
Event: 1.166 GC heap after
{Heap after GC invocations=2 (full 0):
 garbage-first heap   total 262144K, used 7768K [0x0000000700c00000, 0x0000000800000000)
  region size 2048K, 1 young (2048K), 1 survivors (2048K)
 Metaspace       used 5173K, committed 5440K, reserved 1056768K
  class space    used 515K, committed 640K, reserved 1048576K
}
Event: 2.189 GC heap before
{Heap before GC invocations=2 (full 0):
 garbage-first heap   total 262144K, used 38488K [0x0000000700c00000, 0x0000000800000000)
  region size 2048K, 16 young (32768K), 1 survivors (2048K)
 Metaspace       used 9553K, committed 9856K, reserved 1064960K
  class space    used 1065K, committed 1216K, reserved 1048576K
}
Event: 2.192 GC heap after
{Heap after GC invocations=3 (full 0):
 garbage-first heap   total 262144K, used 9569K [0x0000000700c00000, 0x0000000800000000)
  region size 2048K, 2 young (4096K), 2 survivors (4096K)
 Metaspace       used 9553K, committed 9856K, reserved 1064960K
  class space    used 1065K, committed 1216K, reserved 1048576K
}
Event: 6.755 GC heap before
{Heap before GC invocations=3 (full 0):
 garbage-first heap   total 262144K, used 161121K [0x0000000700c00000, 0x0000000800000000)
  region size 2048K, 76 young (155648K), 2 survivors (4096K)
 Metaspace       used 18476K, committed 18816K, reserved 1073152K
  class space    used 2028K, committed 2176K, reserved 1048576K
}
Event: 6.766 GC heap after
{Heap after GC invocations=4 (full 0):
 garbage-first heap   total 262144K, used 18056K [0x0000000700c00000, 0x0000000800000000)
  region size 2048K, 6 young (12288K), 6 survivors (12288K)
 Metaspace       used 18476K, committed 18816K, reserved 1073152K
  class space    used 2028K, committed 2176K, reserved 1048576K
}

Deoptimization events (20 events):
Event: 6.935 Thread 0x0000015e25f88590 Uncommon trap: trap_request=0xffffffd6 fr.pc=0x0000015e121f2c94 relative=0x00000000000008d4
Event: 6.935 Thread 0x0000015e25f88590 Uncommon trap: reason=array_check action=maybe_recompile pc=0x0000015e121f2c94 method=java.util.TimSort.binarySort([Ljava/lang/Object;IIILjava/util/Comparator;)V @ 183 c2
Event: 6.935 Thread 0x0000015e25f88590 DEOPT PACKING pc=0x0000015e121f2c94 sp=0x000000127b2fc070
Event: 6.935 Thread 0x0000015e25f88590 DEOPT UNPACKING pc=0x0000015e0a5023a3 sp=0x000000127b2fc008 mode 2
Event: 6.936 Thread 0x0000015e25f88590 Uncommon trap: trap_request=0xffffffd6 fr.pc=0x0000015e121f2bbc relative=0x00000000000007fc
Event: 6.936 Thread 0x0000015e25f88590 Uncommon trap: reason=array_check action=maybe_recompile pc=0x0000015e121f2bbc method=java.util.TimSort.binarySort([Ljava/lang/Object;IIILjava/util/Comparator;)V @ 193 c2
Event: 6.936 Thread 0x0000015e25f88590 DEOPT PACKING pc=0x0000015e121f2bbc sp=0x000000127b2fc070
Event: 6.936 Thread 0x0000015e25f88590 DEOPT UNPACKING pc=0x0000015e0a5023a3 sp=0x000000127b2fc008 mode 2
Event: 6.936 Thread 0x0000015e25f88590 Uncommon trap: trap_request=0xffffffd6 fr.pc=0x0000015e121f2bbc relative=0x00000000000007fc
Event: 6.936 Thread 0x0000015e25f88590 Uncommon trap: reason=array_check action=maybe_recompile pc=0x0000015e121f2bbc method=java.util.TimSort.binarySort([Ljava/lang/Object;IIILjava/util/Comparator;)V @ 193 c2
Event: 6.936 Thread 0x0000015e25f88590 DEOPT PACKING pc=0x0000015e121f2bbc sp=0x000000127b2fc070
Event: 6.936 Thread 0x0000015e25f88590 DEOPT UNPACKING pc=0x0000015e0a5023a3 sp=0x000000127b2fc008 mode 2
Event: 7.000 Thread 0x0000015e25f88590 Uncommon trap: trap_request=0xffffffde fr.pc=0x0000015e12162684 relative=0x0000000000000ce4
Event: 7.000 Thread 0x0000015e25f88590 Uncommon trap: reason=class_check action=maybe_recompile pc=0x0000015e12162684 method=org.eclipse.sisu.inject.LazyBeanEntry.getValue()Ljava/lang/Object; @ 4 c2
Event: 7.000 Thread 0x0000015e25f88590 DEOPT PACKING pc=0x0000015e12162684 sp=0x000000127b2fcb40
Event: 7.000 Thread 0x0000015e25f88590 DEOPT UNPACKING pc=0x0000015e0a5023a3 sp=0x000000127b2fcb90 mode 2
Event: 7.005 Thread 0x0000015e25f88590 Uncommon trap: trap_request=0xffffffde fr.pc=0x0000015e12177d24 relative=0x00000000000000e4
Event: 7.005 Thread 0x0000015e25f88590 Uncommon trap: reason=class_check action=maybe_recompile pc=0x0000015e12177d24 method=org.eclipse.sisu.wire.EntryListAdapter$ValueIterator.next()Ljava/lang/Object; @ 4 c2
Event: 7.005 Thread 0x0000015e25f88590 DEOPT PACKING pc=0x0000015e12177d24 sp=0x000000127b2fcd80
Event: 7.005 Thread 0x0000015e25f88590 DEOPT UNPACKING pc=0x0000015e0a5023a3 sp=0x000000127b2fcd40 mode 2

Classes unloaded (0 events):
No events

Classes redefined (0 events):
No events

Internal exceptions (20 events):
Event: 3.109 Thread 0x0000015e25f88590 Exception <a 'java/lang/NoClassDefFoundError'{0x000000070f3fbd60}: com/google/inject/servlet/ServletModuleTargetVisitor> (0x000000070f3fbd60) 
thrown [s\open\src\hotspot\share\classfile\systemDictionary.cpp, line 245]
Event: 3.122 Thread 0x0000015e25f88590 Exception <a 'java/lang/NoSuchMethodError'{0x000000070f040c70}: 'java.lang.Object java.lang.invoke.DirectMethodHandle$Holder.invokeStaticInit(java.lang.Object, int, int, int, int)'> (0x000000070f040c70) 
thrown [s\open\src\hotspot\share\interpreter\linkResolver.cpp, line 759]
Event: 3.155 Thread 0x0000015e25f88590 Exception <a 'java/lang/NullPointerException'{0x000000070f173030}> (0x000000070f173030) 
thrown [s\open\src\hotspot\share\interpreter\linkResolver.cpp, line 1350]
Event: 3.189 Thread 0x0000015e25f88590 Exception <a 'java/lang/NullPointerException'{0x000000070f1b09f8}> (0x000000070f1b09f8) 
thrown [s\open\src\hotspot\share\interpreter\linkResolver.cpp, line 1350]
Event: 3.189 Thread 0x0000015e25f88590 Exception <a 'java/lang/NullPointerException'{0x000000070f1b0cd0}> (0x000000070f1b0cd0) 
thrown [s\open\src\hotspot\share\interpreter\linkResolver.cpp, line 1350]
Event: 3.189 Thread 0x0000015e25f88590 Exception <a 'java/lang/NullPointerException'{0x000000070f1b0fa8}> (0x000000070f1b0fa8) 
thrown [s\open\src\hotspot\share\interpreter\linkResolver.cpp, line 1350]
Event: 3.190 Thread 0x0000015e25f88590 Exception <a 'java/lang/NullPointerException'{0x000000070f1b7910}> (0x000000070f1b7910) 
thrown [s\open\src\hotspot\share\interpreter\linkResolver.cpp, line 1350]
Event: 3.192 Thread 0x0000015e25f88590 Exception <a 'java/lang/NullPointerException'{0x000000070f1cdba0}> (0x000000070f1cdba0) 
thrown [s\open\src\hotspot\share\interpreter\linkResolver.cpp, line 1350]
Event: 3.192 Thread 0x0000015e25f88590 Exception <a 'java/lang/NullPointerException'{0x000000070f1cde78}> (0x000000070f1cde78) 
thrown [s\open\src\hotspot\share\interpreter\linkResolver.cpp, line 1350]
Event: 3.192 Thread 0x0000015e25f88590 Exception <a 'java/lang/NullPointerException'{0x000000070f1ce150}> (0x000000070f1ce150) 
thrown [s\open\src\hotspot\share\interpreter\linkResolver.cpp, line 1350]
Event: 3.192 Thread 0x0000015e25f88590 Exception <a 'java/lang/NullPointerException'{0x000000070f1ce428}> (0x000000070f1ce428) 
thrown [s\open\src\hotspot\share\interpreter\linkResolver.cpp, line 1350]
Event: 3.502 Thread 0x0000015e26dd1de0 Exception <a 'java/lang/NoSuchMethodError'{0x000000070e312060}: static Lhudson/maven/SplittableBuildListener$SendMark;.<clinit>()V> (0x000000070e312060) 
thrown [s\open\src\hotspot\share\prims\jni.cpp, line 1107]
Event: 5.325 Thread 0x0000015e25f88590 Implicit null exception at 0x0000015e1206c76d to 0x0000015e1206c938
Event: 5.325 Thread 0x0000015e25f88590 Implicit null exception at 0x0000015e12084ced to 0x0000015e12084eb8
Event: 5.325 Thread 0x0000015e25f88590 Implicit null exception at 0x0000015e11fe538f to 0x0000015e11fe5409
Event: 6.093 Thread 0x0000015e25f88590 Implicit null exception at 0x0000015e12151ca2 to 0x0000015e121525fc
Event: 6.247 Thread 0x0000015e25f88590 Exception <a 'java/lang/NoSuchMethodError'{0x00000007086a06c0}: 'int java.lang.invoke.DirectMethodHandle$Holder.invokeStatic(java.lang.Object, java.lang.Object, java.lang.Object, java.lang.Object)'> (0x00000007086a06c0) 
thrown [s\open\src\hotspot\share\interpreter\linkResolver.cpp, line 759]
Event: 6.248 Thread 0x0000015e25f88590 Exception <a 'java/lang/NoSuchMethodError'{0x00000007086a44e0}: 'java.lang.Object java.lang.invoke.Invokers$Holder.invokeExact_MT(java.lang.Object, java.lang.Object, java.lang.Object, java.lang.Object, java.lang.Object, java.lang.Object)'> (0x00000007086a44e0) 
thrown [s\open\src\hotspot\share\interpreter\linkResolver.cpp, line 759]
Event: 6.768 Thread 0x0000015e25f88590 Implicit null exception at 0x0000015e121a39fc to 0x0000015e121a8610
Event: 6.768 Thread 0x0000015e25f88590 Implicit null exception at 0x0000015e1221ab52 to 0x0000015e1221f738

VM Operations (20 events):
Event: 3.225 Executing VM operation: HandshakeAllThreads
Event: 3.225 Executing VM operation: HandshakeAllThreads done
Event: 3.313 Executing VM operation: HandshakeAllThreads
Event: 3.313 Executing VM operation: HandshakeAllThreads done
Event: 3.314 Executing VM operation: HandshakeAllThreads
Event: 3.314 Executing VM operation: HandshakeAllThreads done
Event: 3.427 Executing VM operation: ICBufferFull
Event: 3.428 Executing VM operation: ICBufferFull done
Event: 3.811 Executing VM operation: HandshakeAllThreads
Event: 3.811 Executing VM operation: HandshakeAllThreads done
Event: 4.361 Executing VM operation: ICBufferFull
Event: 4.361 Executing VM operation: ICBufferFull done
Event: 5.211 Executing VM operation: ICBufferFull
Event: 5.211 Executing VM operation: ICBufferFull done
Event: 5.557 Executing VM operation: HandshakeAllThreads
Event: 5.557 Executing VM operation: HandshakeAllThreads done
Event: 5.923 Executing VM operation: ICBufferFull
Event: 5.923 Executing VM operation: ICBufferFull done
Event: 6.755 Executing VM operation: G1CollectForAllocation
Event: 6.766 Executing VM operation: G1CollectForAllocation done

Events (20 events):
Event: 6.150 loading class java/io/CharArrayWriter
Event: 6.151 loading class java/io/CharArrayWriter done
Event: 6.152 loading class java/nio/channels/SelectableChannel
Event: 6.152 loading class java/nio/channels/SelectableChannel done
Event: 6.152 loading class sun/security/provider/ByteArrayAccess$LE
Event: 6.152 loading class sun/security/provider/ByteArrayAccess$LE done
Event: 6.180 loading class java/io/FileFilter
Event: 6.180 loading class java/io/FileFilter done
Event: 6.199 loading class java/util/zip/GZIPInputStream
Event: 6.200 loading class java/util/zip/GZIPInputStream done
Event: 6.989 loading class org/w3c/dom/Node
Event: 6.990 loading class org/w3c/dom/Node done
Event: 6.990 loading class org/w3c/dom/Document
Event: 6.990 loading class org/w3c/dom/Document done
Event: 6.990 loading class org/w3c/dom/Element
Event: 6.990 loading class org/w3c/dom/Element done
Event: 6.994 loading class java/io/FileWriter
Event: 6.994 loading class java/io/FileWriter done
Event: 7.004 loading class jdk/internal/reflect/UnsafeIntegerFieldAccessorImpl
Event: 7.004 loading class jdk/internal/reflect/UnsafeIntegerFieldAccessorImpl done


Dynamic libraries:
0x00007ff6cda20000 - 0x00007ff6cda30000 	C:\Program Files\Java\jdk-17.0.4.1\bin\java.exe
0x00007fffd5530000 - 0x00007fffd5728000 	C:\Windows\SYSTEM32\ntdll.dll
0x00007fffd5430000 - 0x00007fffd54ef000 	C:\Windows\System32\KERNEL32.DLL
0x00007fffd2c30000 - 0x00007fffd2f02000 	C:\Windows\System32\KERNELBASE.dll
0x00007fffd32e0000 - 0x00007fffd33e0000 	C:\Windows\System32\ucrtbase.dll
0x00007fffbbb60000 - 0x00007fffbbb78000 	C:\Program Files\Java\jdk-17.0.4.1\bin\jli.dll
0x00007fffbba70000 - 0x00007fffbba8a000 	C:\Program Files\Java\jdk-17.0.4.1\bin\VCRUNTIME140.dll
0x00007fffd3780000 - 0x00007fffd382e000 	C:\Windows\System32\ADVAPI32.dll
0x00007fffd4100000 - 0x00007fffd419e000 	C:\Windows\System32\msvcrt.dll
0x00007fffd3580000 - 0x00007fffd361c000 	C:\Windows\System32\sechost.dll
0x00007fffd3620000 - 0x00007fffd3745000 	C:\Windows\System32\RPCRT4.dll
0x00007fffd4490000 - 0x00007fffd462d000 	C:\Windows\System32\USER32.dll
0x00007fffbb7d0000 - 0x00007fffbba6a000 	C:\Windows\WinSxS\amd64_microsoft.windows.common-controls_6595b64144ccf1df_6.0.19041.1110_none_60b5254171f9507e\COMCTL32.dll
0x00007fffd30f0000 - 0x00007fffd3112000 	C:\Windows\System32\win32u.dll
0x00007fffd3750000 - 0x00007fffd377b000 	C:\Windows\System32\GDI32.dll
0x00007fffd3120000 - 0x00007fffd322f000 	C:\Windows\System32\gdi32full.dll
0x00007fffd3470000 - 0x00007fffd350d000 	C:\Windows\System32\msvcp_win.dll
0x00007fffca040000 - 0x00007fffca04a000 	C:\Windows\SYSTEM32\VERSION.dll
0x00007fffbbb50000 - 0x00007fffbbb5c000 	C:\Program Files\Java\jdk-17.0.4.1\bin\vcruntime140_1.dll
0x00007fffbb570000 - 0x00007fffbb5fd000 	C:\Program Files\Java\jdk-17.0.4.1\bin\msvcp140.dll
0x00007fffba980000 - 0x00007fffbb542000 	C:\Program Files\Java\jdk-17.0.4.1\bin\server\jvm.dll
0x00007fffd5310000 - 0x00007fffd5318000 	C:\Windows\System32\PSAPI.DLL
0x00007fffc7fb0000 - 0x00007fffc7fd7000 	C:\Windows\SYSTEM32\WINMM.dll
0x00007fffba830000 - 0x00007fffba839000 	C:\Windows\SYSTEM32\WSOCK32.dll
0x00007fffd3c70000 - 0x00007fffd3cdb000 	C:\Windows\System32\WS2_32.dll
0x00007fffd0a00000 - 0x00007fffd0a12000 	C:\Windows\SYSTEM32\kernel.appcore.dll
0x00007fffba4e0000 - 0x00007fffba4ea000 	C:\Program Files\Java\jdk-17.0.4.1\bin\jimage.dll
0x00007fffcd210000 - 0x00007fffcd3f4000 	C:\Windows\SYSTEM32\DBGHELP.DLL
0x00007fffcd1e0000 - 0x00007fffcd20c000 	C:\Windows\SYSTEM32\dbgcore.DLL
0x00007fffd33e0000 - 0x00007fffd3462000 	C:\Windows\System32\bcryptPrimitives.dll
0x00007fffba250000 - 0x00007fffba275000 	C:\Program Files\Java\jdk-17.0.4.1\bin\java.dll
0x00007fffb97d0000 - 0x00007fffb98a6000 	C:\Program Files\Java\jdk-17.0.4.1\bin\jsvml.dll
0x00007fffd4630000 - 0x00007fffd4d73000 	C:\Windows\System32\SHELL32.dll
0x00007fffd0c00000 - 0x00007fffd1392000 	C:\Windows\SYSTEM32\windows.storage.dll
0x00007fffd3830000 - 0x00007fffd3b84000 	C:\Windows\System32\combase.dll
0x00007fffd25b0000 - 0x00007fffd25e0000 	C:\Windows\SYSTEM32\Wldp.dll
0x00007fffd5380000 - 0x00007fffd542d000 	C:\Windows\System32\SHCORE.dll
0x00007fffd4420000 - 0x00007fffd4475000 	C:\Windows\System32\shlwapi.dll
0x00007fffd2b70000 - 0x00007fffd2b8f000 	C:\Windows\SYSTEM32\profapi.dll
0x00007fffb9690000 - 0x00007fffb96a9000 	C:\Program Files\Java\jdk-17.0.4.1\bin\net.dll
0x00007fffd1bb0000 - 0x00007fffd1cbc000 	C:\Windows\SYSTEM32\WINHTTP.dll
0x00007fffd2310000 - 0x00007fffd237a000 	C:\Windows\system32\mswsock.dll
0x00007fffb9620000 - 0x00007fffb9636000 	C:\Program Files\Java\jdk-17.0.4.1\bin\nio.dll
0x00007fffb9600000 - 0x00007fffb9618000 	C:\Program Files\Java\jdk-17.0.4.1\bin\zip.dll
0x00007fffd2000000 - 0x00007fffd203b000 	C:\Windows\SYSTEM32\IPHLPAPI.DLL
0x00007fffd4480000 - 0x00007fffd4488000 	C:\Windows\System32\NSI.dll
0x00007fffcb8d0000 - 0x00007fffcb8e7000 	C:\Windows\SYSTEM32\dhcpcsvc6.DLL
0x00007fffcb520000 - 0x00007fffcb53d000 	C:\Windows\SYSTEM32\dhcpcsvc.DLL
0x00007fffd2040000 - 0x00007fffd210a000 	C:\Windows\SYSTEM32\DNSAPI.dll
0x00007fffb4220000 - 0x00007fffb43af000 	C:\Program Files\Java\jdk-17.0.4.1\bin\awt.dll
0x00007fffd3ce0000 - 0x00007fffd3dad000 	C:\Windows\System32\OLEAUT32.dll
0x00007fffd01d0000 - 0x00007fffd0261000 	C:\Windows\SYSTEM32\apphelp.dll
0x00007fffb8b00000 - 0x00007fffb8b10000 	C:\Program Files\Java\jdk-17.0.4.1\bin\verify.dll
0x0000000069ac0000 - 0x0000000069ae4000 	C:\Windows\Temp\jansi-2.4.0-1d4be8945ee84e35-jansi.dll

dbghelp: loaded successfully - version: 4.0.5 - missing functions: none
symbol engine: initialized successfully - sym options: 0x614 - pdb path: .;C:\Program Files\Java\jdk-17.0.4.1\bin;C:\Windows\SYSTEM32;C:\Windows\WinSxS\amd64_microsoft.windows.common-controls_6595b64144ccf1df_6.0.19041.1110_none_60b5254171f9507e;C:\Program Files\Java\jdk-17.0.4.1\bin\server;C:\Windows\Temp

VM Arguments:
java_command: jenkins.maven3.agent.Maven35Main C:\ProgramData\Jenkins\.jenkins\tools\hudson.tasks.Maven_MavenInstallation\MAVEN_HOME C:\ProgramData\Jenkins\war\WEB-INF\lib\remoting-3044.vb_940a_a_e4f72e.jar C:\ProgramData\Jenkins\.jenkins\plugins\maven-plugin\WEB-INF\lib\maven35-interceptor-1.14.jar C:\ProgramData\Jenkins\.jenkins\plugins\maven-plugin\WEB-INF\lib\maven3-interceptor-commons-1.14.jar 60193
java_class_path (initial): C:\ProgramData\Jenkins\.jenkins\plugins\maven-plugin\WEB-INF\lib\maven35-agent-1.14.jar;C:\ProgramData\Jenkins\.jenkins\tools\hudson.tasks.Maven_MavenInstallation\MAVEN_HOME\boot\plexus-classworlds-2.6.0.jar;C:\ProgramData\Jenkins\.jenkins\tools\hudson.tasks.Maven_MavenInstallation\MAVEN_HOME/conf/logging
Launcher Type: SUN_STANDARD

[Global flags]
     intx CICompilerCount                          = 3                                         {product} {ergonomic}
     uint ConcGCThreads                            = 1                                         {product} {ergonomic}
     uint G1ConcRefinementThreads                  = 4                                         {product} {ergonomic}
   size_t G1HeapRegionSize                         = 2097152                                   {product} {ergonomic}
    uintx GCDrainStackTargetSize                   = 64                                        {product} {ergonomic}
   size_t InitialHeapSize                          = 268435456                                 {product} {ergonomic}
   size_t MarkStackSize                            = 4194304                                   {product} {ergonomic}
   size_t MaxHeapSize                              = 4282384384                                {product} {ergonomic}
   size_t MaxNewSize                               = 2569011200                                {product} {ergonomic}
   size_t MinHeapDeltaBytes                        = 2097152                                   {product} {ergonomic}
   size_t MinHeapSize                              = 8388608                                   {product} {ergonomic}
    uintx NonNMethodCodeHeapSize                   = 5832780                                {pd product} {ergonomic}
    uintx NonProfiledCodeHeapSize                  = 122912730                              {pd product} {ergonomic}
    uintx ProfiledCodeHeapSize                     = 122912730                              {pd product} {ergonomic}
    uintx ReservedCodeCacheSize                    = 251658240                              {pd product} {ergonomic}
     bool SegmentedCodeCache                       = true                                      {product} {ergonomic}
   size_t SoftMaxHeapSize                          = 4282384384                             {manageable} {ergonomic}
     bool UseCompressedClassPointers               = true                           {product lp64_product} {ergonomic}
     bool UseCompressedOops                        = true                           {product lp64_product} {ergonomic}
     bool UseG1GC                                  = true                                      {product} {ergonomic}
     bool UseLargePagesIndividualAllocation        = false                                  {pd product} {ergonomic}

Logging:
Log output configuration:
 #0: stdout all=warning uptime,level,tags
 #1: stderr all=off uptime,level,tags

Environment Variables:
JAVA_HOME=C:\Program Files\Java\jdk-17.0.4.1
PATH=C:\ProgramData\Jenkins\.jenkins\tools\hudson.tasks.Maven_MavenInstallation\MAVEN_HOME/bin;C:\Program Files\Java\jdk-17.0.4.1/bin;C:\Program Files\Java\jdk-17.0.4.1/bin;C:\Program Files\Common Files\Oracle\Java\javapath;C:\Windows\system32;C:\Windows;C:\Windows\System32\Wbem;C:\Windows\System32\WindowsPowerShell\v1.0\;C:\Windows\System32\OpenSSH\;C:\Program Files\dotnet\;C:\Program Files (x86)\Microsoft SQL Server\150\DTS\Binn\;C:\Program Files\Azure Data Studio\bin;C:\Program Files\Java\jdk-19\bin;C:\Program Files\Microsoft SQL Server\Client SDK\ODBC\170\Tools\Binn\;D:\Automation Files\apache-maven-3.8.6\bin;C:\Gopi\Apache Maven\apache-maven-3.8.6\bin;C:\Program Files\Git\cmd;C:\Windows\system32\config\systemprofile\AppData\Local\Microsoft\WindowsApps
USERNAME=HRG-CORP-BEERIM$
OS=Windows_NT
PROCESSOR_IDENTIFIER=AMD64 Family 25 Model 1 Stepping 1, AuthenticAMD



---------------  S Y S T E M  ---------------

OS:
 Windows 10 , 64 bit Build 19041 (10.0.19041.2251)
OS uptime: 3 days 7:06 hours
Hyper-V virtualization detected

CPU: total 4 (initial active 4) (4 cores per cpu, 2 threads per core) family 25 model 1 stepping 1 microcode 0x0, cx8, cmov, fxsr, ht, mmx, 3dnowpref, sse, sse2, sse3, ssse3, sse4a, sse4.1, sse4.2, popcnt, lzcnt, tsc, avx, avx2, aes, clmul, bmi1, bmi2, adx, sha, fma, vzeroupper, clflush, clflushopt, hv

Memory: 4k page, system-wide physical 16332M (2867M free)
TotalPageFile size 17738M (AvailPageFile size 5M)
current process WorkingSet (physical memory assigned to process): 271M, peak: 271M
current process commit charge ("private bytes"): 403M, peak: 406M

vm_info: Java HotSpot(TM) 64-Bit Server VM (17.0.4.1+1-LTS-2) for windows-amd64 JRE (17.0.4.1+1-LTS-2), built on Aug 16 2022 18:32:06 by "mach5one" with MS VC++ 16.8 / 16.9 (VS2019)

END.
