#
# There is insufficient memory for the Java Runtime Environment to continue.
# Native memory allocation (malloc) failed to allocate 65056 bytes for Chunk::new
# Possible reasons:
#   The system is out of physical RAM or swap space
#   The process is running with CompressedOops enabled, and the Java Heap may be blocking the growth of the native heap
# Possible solutions:
#   Reduce memory load on the system
#   Increase physical memory or swap space
#   Check if swap backing store is full
#   Decrease Java heap size (-Xmx/-Xms)
#   Decrease number of Java threads
#   Decrease Java thread stack sizes (-Xss)
#   Set larger code cache with -XX:ReservedCodeCacheSize=
#   JVM is running with Zero Based Compressed Oops mode in which the Java heap is
#     placed in the first 32GB address space. The Java Heap base address is the
#     maximum limit for the native heap growth. Please use -XX:HeapBaseMinAddress
#     to set the Java Heap base and to place the Java Heap above 32GB virtual address.
# This output file may be truncated or incomplete.
#
#  Out of Memory Error (arena.cpp:189), pid=14340, tid=15304
#
# JRE version: Java(TM) SE Runtime Environment (17.0.4.1+1) (build 17.0.4.1+1-LTS-2)
# Java VM: Java HotSpot(TM) 64-Bit Server VM (17.0.4.1+1-LTS-2, mixed mode, sharing, tiered, compressed oops, compressed class ptrs, g1 gc, windows-amd64)
# No core dump will be written. Minidumps are not enabled by default on client versions of Windows
#

---------------  S U M M A R Y ------------

Command Line: jenkins.maven3.agent.Maven35Main C:\ProgramData\Jenkins\.jenkins\tools\hudson.tasks.Maven_MavenInstallation\MAVEN_HOME C:\ProgramData\Jenkins\war\WEB-INF\lib\remoting-3044.vb_940a_a_e4f72e.jar C:\ProgramData\Jenkins\.jenkins\plugins\maven-plugin\WEB-INF\lib\maven35-interceptor-1.14.jar C:\ProgramData\Jenkins\.jenkins\plugins\maven-plugin\WEB-INF\lib\maven3-interceptor-commons-1.14.jar 63694

Host: AMD EPYC 7763 64-Core Processor                , 4 cores, 15G,  Windows 10 , 64 bit Build 19041 (10.0.19041.2251)
Time: Mon Dec 12 02:37:26 2022 Eastern Standard Time elapsed time: 5.933431 seconds (0d 0h 0m 5s)

---------------  T H R E A D  ---------------

Current thread (0x0000018e690ad050):  JavaThread "C2 CompilerThread1" daemon [_thread_in_native, id=15304, stack(0x0000001d47d00000,0x0000001d47e00000)]


Current CompileTask:
C2:   5933 4956       4       java.util.WeakHashMap::remove (131 bytes)

Stack: [0x0000001d47d00000,0x0000001d47e00000]
Native frames: (J=compiled Java code, j=interpreted, Vv=VM code, C=native code)
V  [jvm.dll+0x6723ba]
V  [jvm.dll+0x7d1e34]
V  [jvm.dll+0x7d35de]
V  [jvm.dll+0x7d3c43]
V  [jvm.dll+0x243065]
V  [jvm.dll+0xaa57b]
V  [jvm.dll+0xaab0c]
V  [jvm.dll+0x2a9dcf]
V  [jvm.dll+0x57a7f7]
V  [jvm.dll+0x21e342]
V  [jvm.dll+0x21e71f]
V  [jvm.dll+0x217ff5]
V  [jvm.dll+0x2154bb]
V  [jvm.dll+0x1a1fcd]
V  [jvm.dll+0x224e08]
V  [jvm.dll+0x222f75]
V  [jvm.dll+0x787a0b]
V  [jvm.dll+0x781fca]
V  [jvm.dll+0x671245]
C  [ucrtbase.dll+0x21bb2]
C  [KERNEL32.DLL+0x174b4]
C  [ntdll.dll+0x526a1]


---------------  P R O C E S S  ---------------

Threads class SMR info:
_java_thread_list=0x0000018e6b4e0c60, length=19, elements={
0x0000018e458585f0, 0x0000018e67d58f30, 0x0000018e67d5a3c0, 0x0000018e67d6e200,
0x0000018e67d70cc0, 0x0000018e67d71e10, 0x0000018e67d76460, 0x0000018e67d7bd00,
0x0000018e67d7df50, 0x0000018e67d8f8a0, 0x0000018e689027e0, 0x0000018e68901e40,
0x0000018e68903650, 0x0000018e68903180, 0x0000018e68904e60, 0x0000018e689044c0,
0x0000018e68903b20, 0x0000018e68904990, 0x0000018e690ad050
}

Java Threads: ( => current thread )
  0x0000018e458585f0 JavaThread "main" [_thread_blocked, id=10260, stack(0x0000001d46500000,0x0000001d46600000)]
  0x0000018e67d58f30 JavaThread "Reference Handler" daemon [_thread_blocked, id=18836, stack(0x0000001d46c00000,0x0000001d46d00000)]
  0x0000018e67d5a3c0 JavaThread "Finalizer" daemon [_thread_blocked, id=8864, stack(0x0000001d46d00000,0x0000001d46e00000)]
  0x0000018e67d6e200 JavaThread "Signal Dispatcher" daemon [_thread_blocked, id=16428, stack(0x0000001d46e00000,0x0000001d46f00000)]
  0x0000018e67d70cc0 JavaThread "Attach Listener" daemon [_thread_blocked, id=8676, stack(0x0000001d46f00000,0x0000001d47000000)]
  0x0000018e67d71e10 JavaThread "Service Thread" daemon [_thread_blocked, id=7856, stack(0x0000001d47000000,0x0000001d47100000)]
  0x0000018e67d76460 JavaThread "Monitor Deflation Thread" daemon [_thread_blocked, id=19680, stack(0x0000001d47100000,0x0000001d47200000)]
  0x0000018e67d7bd00 JavaThread "C2 CompilerThread0" daemon [_thread_in_native, id=20460, stack(0x0000001d47200000,0x0000001d47300000)]
  0x0000018e67d7df50 JavaThread "C1 CompilerThread0" daemon [_thread_blocked, id=10676, stack(0x0000001d47300000,0x0000001d47400000)]
  0x0000018e67d8f8a0 JavaThread "Sweeper thread" daemon [_thread_blocked, id=16936, stack(0x0000001d47400000,0x0000001d47500000)]
  0x0000018e689027e0 JavaThread "Notification Thread" daemon [_thread_blocked, id=16576, stack(0x0000001d47500000,0x0000001d47600000)]
  0x0000018e68901e40 JavaThread "Common-Cleaner" daemon [_thread_blocked, id=19792, stack(0x0000001d47700000,0x0000001d47800000)]
  0x0000018e68903650 JavaThread "RemoteInvocationHandler [#1]" daemon [_thread_blocked, id=13980, stack(0x0000001d47800000,0x0000001d47900000)]
  0x0000018e68903180 JavaThread "Channel reader thread: channel" [_thread_in_native, id=17412, stack(0x0000001d47900000,0x0000001d47a00000)]
  0x0000018e68904e60 JavaThread "pool-1-thread-1 for channel id=5032" [_thread_in_Java, id=15972, stack(0x0000001d47a00000,0x0000001d47b00000)]
  0x0000018e689044c0 JavaThread "pool-1-thread-2" [_thread_blocked, id=19636, stack(0x0000001d47b00000,0x0000001d47c00000)]
  0x0000018e68903b20 JavaThread "pool-1-thread-3" [_thread_blocked, id=15460, stack(0x0000001d47c00000,0x0000001d47d00000)]
  0x0000018e68904990 JavaThread "pool-1-thread-4" [_thread_blocked, id=19144, stack(0x0000001d48100000,0x0000001d48200000)]
=>0x0000018e690ad050 JavaThread "C2 CompilerThread1" daemon [_thread_in_native, id=15304, stack(0x0000001d47d00000,0x0000001d47e00000)]

Other Threads:
  0x0000018e67d54030 VMThread "VM Thread" [stack: 0x0000001d46b00000,0x0000001d46c00000] [id=12708]
  0x0000018e458de800 WatcherThread [stack: 0x0000001d47600000,0x0000001d47700000] [id=14384]
  0x0000018e458c36d0 GCTaskThread "GC Thread#0" [stack: 0x0000001d46600000,0x0000001d46700000] [id=10740]
  0x0000018e6913b1d0 GCTaskThread "GC Thread#1" [stack: 0x0000001d47e00000,0x0000001d47f00000] [id=14252]
  0x0000018e690fcd50 GCTaskThread "GC Thread#2" [stack: 0x0000001d47f00000,0x0000001d48000000] [id=9104]
  0x0000018e690f8430 GCTaskThread "GC Thread#3" [stack: 0x0000001d48000000,0x0000001d48100000] [id=15544]
  0x0000018e458d4550 ConcurrentGCThread "G1 Main Marker" [stack: 0x0000001d46700000,0x0000001d46800000] [id=2284]
  0x0000018e458d5700 ConcurrentGCThread "G1 Conc#0" [stack: 0x0000001d46800000,0x0000001d46900000] [id=12952]
  0x0000018e67c120c0 ConcurrentGCThread "G1 Refine#0" [stack: 0x0000001d46900000,0x0000001d46a00000] [id=14064]
  0x0000018e67c12ae0 ConcurrentGCThread "G1 Service" [stack: 0x0000001d46a00000,0x0000001d46b00000] [id=19092]

Threads with active compile tasks:
C2 CompilerThread0     5953 4847   !   4       java.lang.ClassLoader::loadClass (121 bytes)
C2 CompilerThread1     5953 4956       4       java.util.WeakHashMap::remove (131 bytes)

VM state: not at safepoint (normal execution)

VM Mutex/Monitor currently owned by a thread: None

OutOfMemory and StackOverflow Exception counts:
OutOfMemoryError java_heap_errors=1
LinkageErrors=20

Heap address: 0x0000000700c00000, size: 4084 MB, Compressed Oops mode: Zero based, Oop shift amount: 3

CDS archive(s) mapped at: [0x0000000800000000-0x0000000800bc0000-0x0000000800bc0000), size 12320768, SharedBaseAddress: 0x0000000800000000, ArchiveRelocationMode: 0.
Compressed class space mapped at: 0x0000000800c00000-0x0000000840c00000, reserved size: 1073741824
Narrow klass base: 0x0000000800000000, Narrow klass shift: 0, Narrow klass range: 0x100000000

GC Precious Log:
 CPUs: 4 total, 4 available
 Memory: 16332M
 Large Page Support: Disabled
 NUMA Support: Disabled
 Compressed Oops: Enabled (Zero based)
 Heap Region Size: 2M
 Heap Min Capacity: 8M
 Heap Initial Capacity: 256M
 Heap Max Capacity: 4084M
 Pre-touch: Disabled
 Parallel Workers: 4
 Concurrent Workers: 1
 Concurrent Refinement Workers: 4
 Periodic GC: Disabled

Heap:
 garbage-first heap   total 262144K, used 79474K [0x0000000700c00000, 0x0000000800000000)
  region size 2048K, 38 young (77824K), 6 survivors (12288K)
 Metaspace       used 20741K, committed 21120K, reserved 1073152K
  class space    used 2254K, committed 2432K, reserved 1048576K

Heap Regions: E=young(eden), S=young(survivor), O=old, HS=humongous(starts), HC=humongous(continues), CS=collection set, F=free, OA=open archive, CA=closed archive, TAMS=top-at-mark-start (previous, next)
|   0|0x0000000700c00000, 0x0000000700e00000, 0x0000000700e00000|100%|HS|  |TAMS 0x0000000700c00000, 0x0000000700c00000| Complete 
|   1|0x0000000700e00000, 0x0000000701000000, 0x0000000701000000|100%|HS|  |TAMS 0x0000000700e00000, 0x0000000700e00000| Complete 
|   2|0x0000000701000000, 0x0000000701200000, 0x0000000701200000|100%| O|  |TAMS 0x0000000701000000, 0x0000000701000000| Untracked 
|   3|0x0000000701200000, 0x00000007012eb200, 0x0000000701400000| 45%| O|  |TAMS 0x0000000701200000, 0x0000000701200000| Untracked 
|   4|0x0000000701400000, 0x0000000701400000, 0x0000000701600000|  0%| F|  |TAMS 0x0000000701400000, 0x0000000701400000| Untracked 
|   5|0x0000000701600000, 0x0000000701600000, 0x0000000701800000|  0%| F|  |TAMS 0x0000000701600000, 0x0000000701600000| Untracked 
|   6|0x0000000701800000, 0x0000000701800000, 0x0000000701a00000|  0%| F|  |TAMS 0x0000000701800000, 0x0000000701800000| Untracked 
|   7|0x0000000701a00000, 0x0000000701a00000, 0x0000000701c00000|  0%| F|  |TAMS 0x0000000701a00000, 0x0000000701a00000| Untracked 
|   8|0x0000000701c00000, 0x0000000701c00000, 0x0000000701e00000|  0%| F|  |TAMS 0x0000000701c00000, 0x0000000701c00000| Untracked 
|   9|0x0000000701e00000, 0x0000000701e00000, 0x0000000702000000|  0%| F|  |TAMS 0x0000000701e00000, 0x0000000701e00000| Untracked 
|  10|0x0000000702000000, 0x0000000702000000, 0x0000000702200000|  0%| F|  |TAMS 0x0000000702000000, 0x0000000702000000| Untracked 
|  11|0x0000000702200000, 0x0000000702200000, 0x0000000702400000|  0%| F|  |TAMS 0x0000000702200000, 0x0000000702200000| Untracked 
|  12|0x0000000702400000, 0x0000000702400000, 0x0000000702600000|  0%| F|  |TAMS 0x0000000702400000, 0x0000000702400000| Untracked 
|  13|0x0000000702600000, 0x0000000702600000, 0x0000000702800000|  0%| F|  |TAMS 0x0000000702600000, 0x0000000702600000| Untracked 
|  14|0x0000000702800000, 0x0000000702800000, 0x0000000702a00000|  0%| F|  |TAMS 0x0000000702800000, 0x0000000702800000| Untracked 
|  15|0x0000000702a00000, 0x0000000702a00000, 0x0000000702c00000|  0%| F|  |TAMS 0x0000000702a00000, 0x0000000702a00000| Untracked 
|  16|0x0000000702c00000, 0x0000000702c00000, 0x0000000702e00000|  0%| F|  |TAMS 0x0000000702c00000, 0x0000000702c00000| Untracked 
|  17|0x0000000702e00000, 0x0000000702e00000, 0x0000000703000000|  0%| F|  |TAMS 0x0000000702e00000, 0x0000000702e00000| Untracked 
|  18|0x0000000703000000, 0x0000000703000000, 0x0000000703200000|  0%| F|  |TAMS 0x0000000703000000, 0x0000000703000000| Untracked 
|  19|0x0000000703200000, 0x0000000703200000, 0x0000000703400000|  0%| F|  |TAMS 0x0000000703200000, 0x0000000703200000| Untracked 
|  20|0x0000000703400000, 0x0000000703400000, 0x0000000703600000|  0%| F|  |TAMS 0x0000000703400000, 0x0000000703400000| Untracked 
|  21|0x0000000703600000, 0x0000000703600000, 0x0000000703800000|  0%| F|  |TAMS 0x0000000703600000, 0x0000000703600000| Untracked 
|  22|0x0000000703800000, 0x0000000703800000, 0x0000000703a00000|  0%| F|  |TAMS 0x0000000703800000, 0x0000000703800000| Untracked 
|  23|0x0000000703a00000, 0x0000000703a00000, 0x0000000703c00000|  0%| F|  |TAMS 0x0000000703a00000, 0x0000000703a00000| Untracked 
|  24|0x0000000703c00000, 0x0000000703c00000, 0x0000000703e00000|  0%| F|  |TAMS 0x0000000703c00000, 0x0000000703c00000| Untracked 
|  25|0x0000000703e00000, 0x0000000703e00000, 0x0000000704000000|  0%| F|  |TAMS 0x0000000703e00000, 0x0000000703e00000| Untracked 
|  26|0x0000000704000000, 0x0000000704000000, 0x0000000704200000|  0%| F|  |TAMS 0x0000000704000000, 0x0000000704000000| Untracked 
|  27|0x0000000704200000, 0x0000000704200000, 0x0000000704400000|  0%| F|  |TAMS 0x0000000704200000, 0x0000000704200000| Untracked 
|  28|0x0000000704400000, 0x0000000704400000, 0x0000000704600000|  0%| F|  |TAMS 0x0000000704400000, 0x0000000704400000| Untracked 
|  29|0x0000000704600000, 0x0000000704600000, 0x0000000704800000|  0%| F|  |TAMS 0x0000000704600000, 0x0000000704600000| Untracked 
|  30|0x0000000704800000, 0x0000000704800000, 0x0000000704a00000|  0%| F|  |TAMS 0x0000000704800000, 0x0000000704800000| Untracked 
|  31|0x0000000704a00000, 0x0000000704a00000, 0x0000000704c00000|  0%| F|  |TAMS 0x0000000704a00000, 0x0000000704a00000| Untracked 
|  32|0x0000000704c00000, 0x0000000704c00000, 0x0000000704e00000|  0%| F|  |TAMS 0x0000000704c00000, 0x0000000704c00000| Untracked 
|  33|0x0000000704e00000, 0x0000000704e00000, 0x0000000705000000|  0%| F|  |TAMS 0x0000000704e00000, 0x0000000704e00000| Untracked 
|  34|0x0000000705000000, 0x0000000705000000, 0x0000000705200000|  0%| F|  |TAMS 0x0000000705000000, 0x0000000705000000| Untracked 
|  35|0x0000000705200000, 0x0000000705200000, 0x0000000705400000|  0%| F|  |TAMS 0x0000000705200000, 0x0000000705200000| Untracked 
|  36|0x0000000705400000, 0x0000000705400000, 0x0000000705600000|  0%| F|  |TAMS 0x0000000705400000, 0x0000000705400000| Untracked 
|  37|0x0000000705600000, 0x0000000705600000, 0x0000000705800000|  0%| F|  |TAMS 0x0000000705600000, 0x0000000705600000| Untracked 
|  38|0x0000000705800000, 0x0000000705800000, 0x0000000705a00000|  0%| F|  |TAMS 0x0000000705800000, 0x0000000705800000| Untracked 
|  39|0x0000000705a00000, 0x0000000705a00000, 0x0000000705c00000|  0%| F|  |TAMS 0x0000000705a00000, 0x0000000705a00000| Untracked 
|  40|0x0000000705c00000, 0x0000000705c00000, 0x0000000705e00000|  0%| F|  |TAMS 0x0000000705c00000, 0x0000000705c00000| Untracked 
|  41|0x0000000705e00000, 0x0000000705e00000, 0x0000000706000000|  0%| F|  |TAMS 0x0000000705e00000, 0x0000000705e00000| Untracked 
|  42|0x0000000706000000, 0x0000000706000000, 0x0000000706200000|  0%| F|  |TAMS 0x0000000706000000, 0x0000000706000000| Untracked 
|  43|0x0000000706200000, 0x0000000706200000, 0x0000000706400000|  0%| F|  |TAMS 0x0000000706200000, 0x0000000706200000| Untracked 
|  44|0x0000000706400000, 0x0000000706400000, 0x0000000706600000|  0%| F|  |TAMS 0x0000000706400000, 0x0000000706400000| Untracked 
|  45|0x0000000706600000, 0x0000000706600000, 0x0000000706800000|  0%| F|  |TAMS 0x0000000706600000, 0x0000000706600000| Untracked 
|  46|0x0000000706800000, 0x00000007068b1600, 0x0000000706a00000| 34%| S|CS|TAMS 0x0000000706800000, 0x0000000706800000| Complete 
|  47|0x0000000706a00000, 0x0000000706c00000, 0x0000000706c00000|100%| S|CS|TAMS 0x0000000706a00000, 0x0000000706a00000| Complete 
|  48|0x0000000706c00000, 0x0000000706e00000, 0x0000000706e00000|100%| S|CS|TAMS 0x0000000706c00000, 0x0000000706c00000| Complete 
|  49|0x0000000706e00000, 0x0000000707000000, 0x0000000707000000|100%| S|CS|TAMS 0x0000000706e00000, 0x0000000706e00000| Complete 
|  50|0x0000000707000000, 0x0000000707200000, 0x0000000707200000|100%| S|CS|TAMS 0x0000000707000000, 0x0000000707000000| Complete 
|  51|0x0000000707200000, 0x0000000707400000, 0x0000000707400000|100%| S|CS|TAMS 0x0000000707200000, 0x0000000707200000| Complete 
|  52|0x0000000707400000, 0x0000000707400000, 0x0000000707600000|  0%| F|  |TAMS 0x0000000707400000, 0x0000000707400000| Untracked 
|  53|0x0000000707600000, 0x0000000707600000, 0x0000000707800000|  0%| F|  |TAMS 0x0000000707600000, 0x0000000707600000| Untracked 
|  54|0x0000000707800000, 0x0000000707800000, 0x0000000707a00000|  0%| F|  |TAMS 0x0000000707800000, 0x0000000707800000| Untracked 
|  55|0x0000000707a00000, 0x0000000707a00000, 0x0000000707c00000|  0%| F|  |TAMS 0x0000000707a00000, 0x0000000707a00000| Untracked 
|  56|0x0000000707c00000, 0x0000000707c00000, 0x0000000707e00000|  0%| F|  |TAMS 0x0000000707c00000, 0x0000000707c00000| Untracked 
|  57|0x0000000707e00000, 0x0000000707e00000, 0x0000000708000000|  0%| F|  |TAMS 0x0000000707e00000, 0x0000000707e00000| Untracked 
|  58|0x0000000708000000, 0x0000000708000000, 0x0000000708200000|  0%| F|  |TAMS 0x0000000708000000, 0x0000000708000000| Untracked 
|  59|0x0000000708200000, 0x0000000708200000, 0x0000000708400000|  0%| F|  |TAMS 0x0000000708200000, 0x0000000708200000| Untracked 
|  60|0x0000000708400000, 0x0000000708400000, 0x0000000708600000|  0%| F|  |TAMS 0x0000000708400000, 0x0000000708400000| Untracked 
|  61|0x0000000708600000, 0x0000000708600000, 0x0000000708800000|  0%| F|  |TAMS 0x0000000708600000, 0x0000000708600000| Untracked 
|  62|0x0000000708800000, 0x0000000708800000, 0x0000000708a00000|  0%| F|  |TAMS 0x0000000708800000, 0x0000000708800000| Untracked 
|  63|0x0000000708a00000, 0x0000000708a00000, 0x0000000708c00000|  0%| F|  |TAMS 0x0000000708a00000, 0x0000000708a00000| Untracked 
|  64|0x0000000708c00000, 0x0000000708c00000, 0x0000000708e00000|  0%| F|  |TAMS 0x0000000708c00000, 0x0000000708c00000| Untracked 
|  65|0x0000000708e00000, 0x0000000708e00000, 0x0000000709000000|  0%| F|  |TAMS 0x0000000708e00000, 0x0000000708e00000| Untracked 
|  66|0x0000000709000000, 0x0000000709000000, 0x0000000709200000|  0%| F|  |TAMS 0x0000000709000000, 0x0000000709000000| Untracked 
|  67|0x0000000709200000, 0x0000000709200000, 0x0000000709400000|  0%| F|  |TAMS 0x0000000709200000, 0x0000000709200000| Untracked 
|  68|0x0000000709400000, 0x0000000709400000, 0x0000000709600000|  0%| F|  |TAMS 0x0000000709400000, 0x0000000709400000| Untracked 
|  69|0x0000000709600000, 0x0000000709600000, 0x0000000709800000|  0%| F|  |TAMS 0x0000000709600000, 0x0000000709600000| Untracked 
|  70|0x0000000709800000, 0x0000000709800000, 0x0000000709a00000|  0%| F|  |TAMS 0x0000000709800000, 0x0000000709800000| Untracked 
|  71|0x0000000709a00000, 0x0000000709a00000, 0x0000000709c00000|  0%| F|  |TAMS 0x0000000709a00000, 0x0000000709a00000| Untracked 
|  72|0x0000000709c00000, 0x0000000709c00000, 0x0000000709e00000|  0%| F|  |TAMS 0x0000000709c00000, 0x0000000709c00000| Untracked 
|  73|0x0000000709e00000, 0x0000000709e00000, 0x000000070a000000|  0%| F|  |TAMS 0x0000000709e00000, 0x0000000709e00000| Untracked 
|  74|0x000000070a000000, 0x000000070a000000, 0x000000070a200000|  0%| F|  |TAMS 0x000000070a000000, 0x000000070a000000| Untracked 
|  75|0x000000070a200000, 0x000000070a200000, 0x000000070a400000|  0%| F|  |TAMS 0x000000070a200000, 0x000000070a200000| Untracked 
|  76|0x000000070a400000, 0x000000070a400000, 0x000000070a600000|  0%| F|  |TAMS 0x000000070a400000, 0x000000070a400000| Untracked 
|  77|0x000000070a600000, 0x000000070a600000, 0x000000070a800000|  0%| F|  |TAMS 0x000000070a600000, 0x000000070a600000| Untracked 
|  78|0x000000070a800000, 0x000000070a800000, 0x000000070aa00000|  0%| F|  |TAMS 0x000000070a800000, 0x000000070a800000| Untracked 
|  79|0x000000070aa00000, 0x000000070aa00000, 0x000000070ac00000|  0%| F|  |TAMS 0x000000070aa00000, 0x000000070aa00000| Untracked 
|  80|0x000000070ac00000, 0x000000070ac00000, 0x000000070ae00000|  0%| F|  |TAMS 0x000000070ac00000, 0x000000070ac00000| Untracked 
|  81|0x000000070ae00000, 0x000000070ae00000, 0x000000070b000000|  0%| F|  |TAMS 0x000000070ae00000, 0x000000070ae00000| Untracked 
|  82|0x000000070b000000, 0x000000070b000000, 0x000000070b200000|  0%| F|  |TAMS 0x000000070b000000, 0x000000070b000000| Untracked 
|  83|0x000000070b200000, 0x000000070b200000, 0x000000070b400000|  0%| F|  |TAMS 0x000000070b200000, 0x000000070b200000| Untracked 
|  84|0x000000070b400000, 0x000000070b400000, 0x000000070b600000|  0%| F|  |TAMS 0x000000070b400000, 0x000000070b400000| Untracked 
|  85|0x000000070b600000, 0x000000070b600000, 0x000000070b800000|  0%| F|  |TAMS 0x000000070b600000, 0x000000070b600000| Untracked 
|  86|0x000000070b800000, 0x000000070b800000, 0x000000070ba00000|  0%| F|  |TAMS 0x000000070b800000, 0x000000070b800000| Untracked 
|  87|0x000000070ba00000, 0x000000070ba00000, 0x000000070bc00000|  0%| F|  |TAMS 0x000000070ba00000, 0x000000070ba00000| Untracked 
|  88|0x000000070bc00000, 0x000000070bc00000, 0x000000070be00000|  0%| F|  |TAMS 0x000000070bc00000, 0x000000070bc00000| Untracked 
|  89|0x000000070be00000, 0x000000070be00000, 0x000000070c000000|  0%| F|  |TAMS 0x000000070be00000, 0x000000070be00000| Untracked 
|  90|0x000000070c000000, 0x000000070c000000, 0x000000070c200000|  0%| F|  |TAMS 0x000000070c000000, 0x000000070c000000| Untracked 
|  91|0x000000070c200000, 0x000000070c200000, 0x000000070c400000|  0%| F|  |TAMS 0x000000070c200000, 0x000000070c200000| Untracked 
|  92|0x000000070c400000, 0x000000070c400000, 0x000000070c600000|  0%| F|  |TAMS 0x000000070c400000, 0x000000070c400000| Untracked 
|  93|0x000000070c600000, 0x000000070c600000, 0x000000070c800000|  0%| F|  |TAMS 0x000000070c600000, 0x000000070c600000| Untracked 
|  94|0x000000070c800000, 0x000000070c800000, 0x000000070ca00000|  0%| F|  |TAMS 0x000000070c800000, 0x000000070c800000| Untracked 
|  95|0x000000070ca00000, 0x000000070ca00000, 0x000000070cc00000|  0%| F|  |TAMS 0x000000070ca00000, 0x000000070ca00000| Untracked 
|  96|0x000000070cc00000, 0x000000070cd966e8, 0x000000070ce00000| 79%| E|  |TAMS 0x000000070cc00000, 0x000000070cc00000| Complete 
|  97|0x000000070ce00000, 0x000000070d000000, 0x000000070d000000|100%| E|CS|TAMS 0x000000070ce00000, 0x000000070ce00000| Complete 
|  98|0x000000070d000000, 0x000000070d200000, 0x000000070d200000|100%| E|CS|TAMS 0x000000070d000000, 0x000000070d000000| Complete 
|  99|0x000000070d200000, 0x000000070d400000, 0x000000070d400000|100%| E|CS|TAMS 0x000000070d200000, 0x000000070d200000| Complete 
| 100|0x000000070d400000, 0x000000070d600000, 0x000000070d600000|100%| E|CS|TAMS 0x000000070d400000, 0x000000070d400000| Complete 
| 101|0x000000070d600000, 0x000000070d800000, 0x000000070d800000|100%| E|CS|TAMS 0x000000070d600000, 0x000000070d600000| Complete 
| 102|0x000000070d800000, 0x000000070da00000, 0x000000070da00000|100%| E|CS|TAMS 0x000000070d800000, 0x000000070d800000| Complete 
| 103|0x000000070da00000, 0x000000070dc00000, 0x000000070dc00000|100%| E|CS|TAMS 0x000000070da00000, 0x000000070da00000| Complete 
| 104|0x000000070dc00000, 0x000000070de00000, 0x000000070de00000|100%| E|CS|TAMS 0x000000070dc00000, 0x000000070dc00000| Complete 
| 105|0x000000070de00000, 0x000000070e000000, 0x000000070e000000|100%| E|CS|TAMS 0x000000070de00000, 0x000000070de00000| Complete 
| 106|0x000000070e000000, 0x000000070e200000, 0x000000070e200000|100%| E|CS|TAMS 0x000000070e000000, 0x000000070e000000| Complete 
| 107|0x000000070e200000, 0x000000070e400000, 0x000000070e400000|100%| E|CS|TAMS 0x000000070e200000, 0x000000070e200000| Complete 
| 108|0x000000070e400000, 0x000000070e600000, 0x000000070e600000|100%| E|CS|TAMS 0x000000070e400000, 0x000000070e400000| Complete 
| 109|0x000000070e600000, 0x000000070e800000, 0x000000070e800000|100%| E|CS|TAMS 0x000000070e600000, 0x000000070e600000| Complete 
| 110|0x000000070e800000, 0x000000070ea00000, 0x000000070ea00000|100%| E|CS|TAMS 0x000000070e800000, 0x000000070e800000| Complete 
| 111|0x000000070ea00000, 0x000000070ec00000, 0x000000070ec00000|100%| E|CS|TAMS 0x000000070ea00000, 0x000000070ea00000| Complete 
| 112|0x000000070ec00000, 0x000000070ee00000, 0x000000070ee00000|100%| E|CS|TAMS 0x000000070ec00000, 0x000000070ec00000| Complete 
| 113|0x000000070ee00000, 0x000000070f000000, 0x000000070f000000|100%| E|CS|TAMS 0x000000070ee00000, 0x000000070ee00000| Complete 
| 114|0x000000070f000000, 0x000000070f200000, 0x000000070f200000|100%| E|CS|TAMS 0x000000070f000000, 0x000000070f000000| Complete 
| 115|0x000000070f200000, 0x000000070f400000, 0x000000070f400000|100%| E|CS|TAMS 0x000000070f200000, 0x000000070f200000| Complete 
| 116|0x000000070f400000, 0x000000070f600000, 0x000000070f600000|100%| E|CS|TAMS 0x000000070f400000, 0x000000070f400000| Complete 
| 117|0x000000070f600000, 0x000000070f800000, 0x000000070f800000|100%| E|CS|TAMS 0x000000070f600000, 0x000000070f600000| Complete 
| 118|0x000000070f800000, 0x000000070fa00000, 0x000000070fa00000|100%| E|CS|TAMS 0x000000070f800000, 0x000000070f800000| Complete 
| 119|0x000000070fa00000, 0x000000070fc00000, 0x000000070fc00000|100%| E|CS|TAMS 0x000000070fa00000, 0x000000070fa00000| Complete 
| 120|0x000000070fc00000, 0x000000070fe00000, 0x000000070fe00000|100%| E|CS|TAMS 0x000000070fc00000, 0x000000070fc00000| Complete 
| 121|0x000000070fe00000, 0x0000000710000000, 0x0000000710000000|100%| E|  |TAMS 0x000000070fe00000, 0x000000070fe00000| Complete 
| 122|0x0000000710000000, 0x0000000710200000, 0x0000000710200000|100%| E|CS|TAMS 0x0000000710000000, 0x0000000710000000| Complete 
| 123|0x0000000710200000, 0x0000000710400000, 0x0000000710400000|100%| E|CS|TAMS 0x0000000710200000, 0x0000000710200000| Complete 
| 124|0x0000000710400000, 0x0000000710600000, 0x0000000710600000|100%| E|CS|TAMS 0x0000000710400000, 0x0000000710400000| Complete 
| 125|0x0000000710600000, 0x0000000710800000, 0x0000000710800000|100%| E|CS|TAMS 0x0000000710600000, 0x0000000710600000| Complete 
| 126|0x0000000710800000, 0x0000000710a00000, 0x0000000710a00000|100%| E|CS|TAMS 0x0000000710800000, 0x0000000710800000| Complete 
| 127|0x0000000710a00000, 0x0000000710c00000, 0x0000000710c00000|100%| E|CS|TAMS 0x0000000710a00000, 0x0000000710a00000| Complete 

Card table byte_map: [0x0000018e5c8e0000,0x0000018e5d0e0000] _byte_map_base: 0x0000018e590da000

Marking Bits (Prev, Next): (CMBitMap*) 0x0000018e458c3ce0, (CMBitMap*) 0x0000018e458c3d20
 Prev Bits: [0x0000018e5d8e0000, 0x0000018e618b0000)
 Next Bits: [0x0000018e618b0000, 0x0000018e65880000)

Polling page: 0x0000018e44b80000

Metaspace:

Usage:
  Non-class:     18.05 MB used.
      Class:      2.20 MB used.
       Both:     20.26 MB used.

Virtual space:
  Non-class space:       24.00 MB reserved,      18.25 MB ( 76%) committed,  3 nodes.
      Class space:        1.00 GB reserved,       2.38 MB ( <1%) committed,  1 nodes.
             Both:        1.02 GB reserved,      20.62 MB (  2%) committed. 

Chunk freelists:
   Non-Class:  1.30 MB
       Class:  1.46 MB
        Both:  2.76 MB

MaxMetaspaceSize: unlimited
CompressedClassSpaceSize: 1.00 GB
Initial GC threshold: 21.00 MB
Current GC threshold: 21.00 MB
CDS: on
MetaspaceReclaimPolicy: balanced
 - commit_granule_bytes: 65536.
 - commit_granule_words: 8192.
 - virtual_space_node_default_size: 1048576.
 - enlarge_chunks_in_place: 1.
 - new_chunks_are_fully_committed: 0.
 - uncommit_free_chunks: 1.
 - use_allocation_guard: 0.
 - handle_deallocations: 1.


Internal statistics:

num_allocs_failed_limit: 0.
num_arena_births: 344.
num_arena_deaths: 0.
num_vsnodes_births: 4.
num_vsnodes_deaths: 0.
num_space_committed: 330.
num_space_uncommitted: 0.
num_chunks_returned_to_freelist: 0.
num_chunks_taken_from_freelist: 1208.
num_chunk_merges: 0.
num_chunk_splits: 746.
num_chunks_enlarged: 469.
num_purges: 0.
num_inconsistent_stats: 0.

CodeHeap 'non-profiled nmethods': size=120000Kb used=3095Kb max_used=3095Kb free=116904Kb
 bounds [0x0000018e54bb0000, 0x0000018e54ec0000, 0x0000018e5c0e0000]
CodeHeap 'profiled nmethods': size=120000Kb used=11045Kb max_used=11045Kb free=108954Kb
 bounds [0x0000018e4d680000, 0x0000018e4e150000, 0x0000018e54bb0000]
CodeHeap 'non-nmethods': size=5760Kb used=1205Kb max_used=1293Kb free=4555Kb
 bounds [0x0000018e4d0e0000, 0x0000018e4d350000, 0x0000018e4d680000]
 total_blobs=5453 nmethods=4953 adapters=412
 compilation: enabled
              stopped_count=0, restarted_count=0
 full_count=0

Compilation events (20 events):
Event: 5.914 Thread 0x0000018e67d7df50 4946       3       sun.nio.fs.WindowsPath::checkRead (17 bytes)
Event: 5.915 Thread 0x0000018e67d7df50 nmethod 4946 0x0000018e4e13b010 code [0x0000018e4e13b1e0, 0x0000018e4e13b528]
Event: 5.915 Thread 0x0000018e67d7df50 4947   !   3       sun.nio.fs.WindowsFileAttributes::get (236 bytes)
Event: 5.916 Thread 0x0000018e67d7df50 nmethod 4947 0x0000018e4e13b610 code [0x0000018e4e13ba60, 0x0000018e4e13d3c8]
Event: 5.916 Thread 0x0000018e67d7df50 4948       3       sun.nio.fs.NativeBuffers::getNativeBuffer (21 bytes)
Event: 5.917 Thread 0x0000018e67d7df50 nmethod 4948 0x0000018e4e13e210 code [0x0000018e4e13e3e0, 0x0000018e4e13e6f8]
Event: 5.917 Thread 0x0000018e67d7df50 4949   !   3       sun.nio.fs.WindowsNativeDispatcher::GetFileAttributesEx (30 bytes)
Event: 5.917 Thread 0x0000018e67d7df50 nmethod 4949 0x0000018e4e13e810 code [0x0000018e4e13ea00, 0x0000018e4e13ecf8]
Event: 5.917 Thread 0x0000018e67d7df50 4950       3       java.util.zip.ZipFile$Source$Key::<init> (23 bytes)
Event: 5.917 Thread 0x0000018e67d7df50 nmethod 4950 0x0000018e4e13ef10 code [0x0000018e4e13f0c0, 0x0000018e4e13f3c8]
Event: 5.917 Thread 0x0000018e67d7df50 4951       3       jdk.internal.perf.PerfCounter::getZipFileCount (4 bytes)
Event: 5.917 Thread 0x0000018e67d7df50 nmethod 4951 0x0000018e4e13f510 code [0x0000018e4e13f6a0, 0x0000018e4e13f798]
Event: 5.918 Thread 0x0000018e67d7df50 4952       3       java.util.jar.Manifest$FastInputStream::fill (38 bytes)
Event: 5.918 Thread 0x0000018e67d7df50 nmethod 4952 0x0000018e4e13f810 code [0x0000018e4e13f9c0, 0x0000018e4e13fc08]
Event: 5.921 Thread 0x0000018e67d7df50 4953       3       java.util.jar.Manifest::getAttributes (14 bytes)
Event: 5.921 Thread 0x0000018e67d7df50 nmethod 4953 0x0000018e4e13fd10 code [0x0000018e4e13fec0, 0x0000018e4e140228]
Event: 5.926 Thread 0x0000018e690ad050 4954 %     4       org.codehaus.plexus.util.InterpolationFilterReader::read @ 3 (48 bytes)
Event: 5.928 Thread 0x0000018e67d7df50 4955       3       java.net.URLClassLoader::definePackage (274 bytes)
Event: 5.928 Thread 0x0000018e690ad050 nmethod 4954% 0x0000018e54eb5210 code [0x0000018e54eb53a0, 0x0000018e54eb5568]
Event: 5.929 Thread 0x0000018e690ad050 4956       4       java.util.WeakHashMap::remove (131 bytes)

GC Heap History (8 events):
Event: 0.552 GC heap before
{Heap before GC invocations=0 (full 0):
 garbage-first heap   total 262144K, used 14336K [0x0000000700c00000, 0x0000000800000000)
  region size 2048K, 6 young (12288K), 0 survivors (0K)
 Metaspace       used 3958K, committed 4224K, reserved 1056768K
  class space    used 424K, committed 576K, reserved 1048576K
}
Event: 0.555 GC heap after
{Heap after GC invocations=1 (full 0):
 garbage-first heap   total 262144K, used 7153K [0x0000000700c00000, 0x0000000800000000)
  region size 2048K, 1 young (2048K), 1 survivors (2048K)
 Metaspace       used 3958K, committed 4224K, reserved 1056768K
  class space    used 424K, committed 576K, reserved 1048576K
}
Event: 0.919 GC heap before
{Heap before GC invocations=1 (full 0):
 garbage-first heap   total 262144K, used 17393K [0x0000000700c00000, 0x0000000800000000)
  region size 2048K, 6 young (12288K), 1 survivors (2048K)
 Metaspace       used 5153K, committed 5440K, reserved 1056768K
  class space    used 515K, committed 640K, reserved 1048576K
}
Event: 0.921 GC heap after
{Heap after GC invocations=2 (full 0):
 garbage-first heap   total 262144K, used 7679K [0x0000000700c00000, 0x0000000800000000)
  region size 2048K, 1 young (2048K), 1 survivors (2048K)
 Metaspace       used 5153K, committed 5440K, reserved 1056768K
  class space    used 515K, committed 640K, reserved 1048576K
}
Event: 1.548 GC heap before
{Heap before GC invocations=2 (full 0):
 garbage-first heap   total 262144K, used 38399K [0x0000000700c00000, 0x0000000800000000)
  region size 2048K, 16 young (32768K), 1 survivors (2048K)
 Metaspace       used 9575K, committed 9856K, reserved 1064960K
  class space    used 1074K, committed 1216K, reserved 1048576K
}
Event: 1.551 GC heap after
{Heap after GC invocations=3 (full 0):
 garbage-first heap   total 262144K, used 9567K [0x0000000700c00000, 0x0000000800000000)
  region size 2048K, 2 young (4096K), 2 survivors (4096K)
 Metaspace       used 9575K, committed 9856K, reserved 1064960K
  class space    used 1074K, committed 1216K, reserved 1048576K
}
Event: 4.317 GC heap before
{Heap before GC invocations=3 (full 0):
 garbage-first heap   total 262144K, used 161119K [0x0000000700c00000, 0x0000000800000000)
  region size 2048K, 76 young (155648K), 2 survivors (4096K)
 Metaspace       used 18488K, committed 18816K, reserved 1073152K
  class space    used 2028K, committed 2176K, reserved 1048576K
}
Event: 4.329 GC heap after
{Heap after GC invocations=4 (full 0):
 garbage-first heap   total 262144K, used 18034K [0x0000000700c00000, 0x0000000800000000)
  region size 2048K, 6 young (12288K), 6 survivors (12288K)
 Metaspace       used 18488K, committed 18816K, reserved 1073152K
  class space    used 2028K, committed 2176K, reserved 1048576K
}

Deoptimization events (20 events):
Event: 5.381 Thread 0x0000018e68904e60 Uncommon trap: trap_request=0xffffffd6 fr.pc=0x0000018e54e99458 relative=0x0000000000000938
Event: 5.381 Thread 0x0000018e68904e60 Uncommon trap: reason=array_check action=maybe_recompile pc=0x0000018e54e99458 method=java.util.TimSort.binarySort([Ljava/lang/Object;IIILjava/util/Comparator;)V @ 183 c2
Event: 5.381 Thread 0x0000018e68904e60 DEOPT PACKING pc=0x0000018e54e99458 sp=0x0000001d47afbf90
Event: 5.381 Thread 0x0000018e68904e60 DEOPT UNPACKING pc=0x0000018e4d1323a3 sp=0x0000001d47afbf38 mode 2
Event: 5.381 Thread 0x0000018e68904e60 Uncommon trap: trap_request=0xffffffd6 fr.pc=0x0000018e54e99458 relative=0x0000000000000938
Event: 5.381 Thread 0x0000018e68904e60 Uncommon trap: reason=array_check action=maybe_recompile pc=0x0000018e54e99458 method=java.util.TimSort.binarySort([Ljava/lang/Object;IIILjava/util/Comparator;)V @ 183 c2
Event: 5.381 Thread 0x0000018e68904e60 DEOPT PACKING pc=0x0000018e54e99458 sp=0x0000001d47afbf90
Event: 5.381 Thread 0x0000018e68904e60 DEOPT UNPACKING pc=0x0000018e4d1323a3 sp=0x0000001d47afbf38 mode 2
Event: 5.796 Thread 0x0000018e68904e60 DEOPT PACKING pc=0x0000018e4e08390b sp=0x0000001d47afb400
Event: 5.796 Thread 0x0000018e68904e60 DEOPT UNPACKING pc=0x0000018e4d132b43 sp=0x0000001d47afa8e0 mode 0
Event: 5.897 Thread 0x0000018e68904e60 DEOPT PACKING pc=0x0000018e4e08390b sp=0x0000001d47afc2d0
Event: 5.897 Thread 0x0000018e68904e60 DEOPT UNPACKING pc=0x0000018e4d132b43 sp=0x0000001d47afb7b0 mode 0
Event: 5.924 Thread 0x0000018e68904e60 Uncommon trap: trap_request=0xffffff45 fr.pc=0x0000018e54c1f3ac relative=0x000000000000026c
Event: 5.924 Thread 0x0000018e68904e60 Uncommon trap: reason=unstable_if action=reinterpret pc=0x0000018e54c1f3ac method=java.util.jar.JarFile.checkForSpecialAttributes()V @ 89 c2
Event: 5.924 Thread 0x0000018e68904e60 DEOPT PACKING pc=0x0000018e54c1f3ac sp=0x0000001d47afbed0
Event: 5.924 Thread 0x0000018e68904e60 DEOPT UNPACKING pc=0x0000018e4d1323a3 sp=0x0000001d47afbe58 mode 2
Event: 5.927 Thread 0x0000018e68904e60 Uncommon trap: trap_request=0xffffff45 fr.pc=0x0000018e54c267b0 relative=0x0000000000001510
Event: 5.927 Thread 0x0000018e68904e60 Uncommon trap: reason=unstable_if action=reinterpret pc=0x0000018e54c267b0 method=java.util.jar.JarFile.checkForSpecialAttributes()V @ 89 c2
Event: 5.927 Thread 0x0000018e68904e60 DEOPT PACKING pc=0x0000018e54c267b0 sp=0x0000001d47afb610
Event: 5.927 Thread 0x0000018e68904e60 DEOPT UNPACKING pc=0x0000018e4d1323a3 sp=0x0000001d47afb4f0 mode 2

Classes unloaded (0 events):
No events

Classes redefined (0 events):
No events

Internal exceptions (20 events):
Event: 2.072 Thread 0x0000018e68904e60 Exception <a 'java/lang/NoSuchMethodError'{0x000000070f3ccd48}: 'java.lang.Object java.lang.invoke.DirectMethodHandle$Holder.invokeStaticInit(java.lang.Object, int, int, int, int)'> (0x000000070f3ccd48) 
thrown [s\open\src\hotspot\share\interpreter\linkResolver.cpp, line 759]
Event: 2.096 Thread 0x0000018e68904e60 Exception <a 'java/lang/NullPointerException'{0x000000070f0ff508}> (0x000000070f0ff508) 
thrown [s\open\src\hotspot\share\interpreter\linkResolver.cpp, line 1350]
Event: 2.118 Thread 0x0000018e68904e60 Exception <a 'java/lang/NullPointerException'{0x000000070f13d708}> (0x000000070f13d708) 
thrown [s\open\src\hotspot\share\interpreter\linkResolver.cpp, line 1350]
Event: 2.118 Thread 0x0000018e68904e60 Exception <a 'java/lang/NullPointerException'{0x000000070f13d9e0}> (0x000000070f13d9e0) 
thrown [s\open\src\hotspot\share\interpreter\linkResolver.cpp, line 1350]
Event: 2.118 Thread 0x0000018e68904e60 Exception <a 'java/lang/NullPointerException'{0x000000070f13dcb8}> (0x000000070f13dcb8) 
thrown [s\open\src\hotspot\share\interpreter\linkResolver.cpp, line 1350]
Event: 2.119 Thread 0x0000018e68904e60 Exception <a 'java/lang/NullPointerException'{0x000000070f144620}> (0x000000070f144620) 
thrown [s\open\src\hotspot\share\interpreter\linkResolver.cpp, line 1350]
Event: 2.121 Thread 0x0000018e68904e60 Exception <a 'java/lang/NullPointerException'{0x000000070f15a8b0}> (0x000000070f15a8b0) 
thrown [s\open\src\hotspot\share\interpreter\linkResolver.cpp, line 1350]
Event: 2.121 Thread 0x0000018e68904e60 Exception <a 'java/lang/NullPointerException'{0x000000070f15ab88}> (0x000000070f15ab88) 
thrown [s\open\src\hotspot\share\interpreter\linkResolver.cpp, line 1350]
Event: 2.121 Thread 0x0000018e68904e60 Exception <a 'java/lang/NullPointerException'{0x000000070f15ae60}> (0x000000070f15ae60) 
thrown [s\open\src\hotspot\share\interpreter\linkResolver.cpp, line 1350]
Event: 2.121 Thread 0x0000018e68904e60 Exception <a 'java/lang/NullPointerException'{0x000000070f15b138}> (0x000000070f15b138) 
thrown [s\open\src\hotspot\share\interpreter\linkResolver.cpp, line 1350]
Event: 2.403 Thread 0x0000018e68904990 Exception <a 'java/lang/NoSuchMethodError'{0x000000070e311fc0}: static Lhudson/maven/SplittableBuildListener$SendMark;.<clinit>()V> (0x000000070e311fc0) 
thrown [s\open\src\hotspot\share\prims\jni.cpp, line 1107]
Event: 3.516 Thread 0x0000018e68904e60 Implicit null exception at 0x0000018e54c8b66d to 0x0000018e54c8b838
Event: 3.516 Thread 0x0000018e68904e60 Implicit null exception at 0x0000018e54ca6bed to 0x0000018e54ca6db0
Event: 3.517 Thread 0x0000018e68904e60 Implicit null exception at 0x0000018e54c52b8f to 0x0000018e54c52c09
Event: 3.994 Thread 0x0000018e68904e60 Exception <a 'java/lang/NoSuchMethodError'{0x0000000708635f90}: 'int java.lang.invoke.DirectMethodHandle$Holder.invokeStatic(java.lang.Object, java.lang.Object, java.lang.Object, java.lang.Object)'> (0x0000000708635f90) 
thrown [s\open\src\hotspot\share\interpreter\linkResolver.cpp, line 759]
Event: 3.994 Thread 0x0000018e68904e60 Exception <a 'java/lang/NoSuchMethodError'{0x0000000708639db0}: 'java.lang.Object java.lang.invoke.Invokers$Holder.invokeExact_MT(java.lang.Object, java.lang.Object, java.lang.Object, java.lang.Object, java.lang.Object, java.lang.Object)'> (0x0000000708639db0) 
thrown [s\open\src\hotspot\share\interpreter\linkResolver.cpp, line 759]
Event: 4.330 Thread 0x0000018e68904e60 Implicit null exception at 0x0000018e54de3952 to 0x0000018e54de8594
Event: 4.330 Thread 0x0000018e68904e60 Implicit null exception at 0x0000018e54dd89a5 to 0x0000018e54ddc914
Event: 4.914 Thread 0x0000018e68904e60 Exception <a 'java/lang/NoSuchMethodError'{0x00000007101d3a68}: 'int java.lang.invoke.DirectMethodHandle$Holder.invokeStaticInit(java.lang.Object, java.lang.Object)'> (0x00000007101d3a68) 
thrown [s\open\src\hotspot\share\interpreter\linkResolver.cpp, line 759]
Event: 5.131 Thread 0x0000018e68904e60 Exception <a 'java/lang/NoSuchMethodError'{0x000000070f13c2c8}: 'java.lang.String org.apache.maven.execution.MavenExecutionRequest.getFailureBehavior()'> (0x000000070f13c2c8) 
thrown [s\open\src\hotspot\share\interpreter\linkResolver.cpp, line 855]

VM Operations (20 events):
Event: 2.225 Executing VM operation: HandshakeAllThreads
Event: 2.225 Executing VM operation: HandshakeAllThreads done
Event: 2.523 Executing VM operation: ICBufferFull
Event: 2.524 Executing VM operation: ICBufferFull done
Event: 2.629 Executing VM operation: HandshakeAllThreads
Event: 2.629 Executing VM operation: HandshakeAllThreads done
Event: 3.060 Executing VM operation: ICBufferFull
Event: 3.060 Executing VM operation: ICBufferFull done
Event: 3.630 Executing VM operation: HandshakeAllThreads
Event: 3.630 Executing VM operation: HandshakeAllThreads done
Event: 3.694 Executing VM operation: ICBufferFull
Event: 3.694 Executing VM operation: ICBufferFull done
Event: 4.145 Executing VM operation: ICBufferFull
Event: 4.146 Executing VM operation: ICBufferFull done
Event: 4.317 Executing VM operation: G1CollectForAllocation
Event: 4.329 Executing VM operation: G1CollectForAllocation done
Event: 5.124 Executing VM operation: ICBufferFull
Event: 5.124 Executing VM operation: ICBufferFull done
Event: 5.347 Executing VM operation: HandshakeAllThreads
Event: 5.347 Executing VM operation: HandshakeAllThreads done

Events (20 events):
Event: 4.470 loading class java/io/FileWriter
Event: 4.470 loading class java/io/FileWriter done
Event: 4.481 loading class jdk/internal/reflect/UnsafeIntegerFieldAccessorImpl
Event: 4.481 loading class jdk/internal/reflect/UnsafeIntegerFieldAccessorImpl done
Event: 4.789 loading class jdk/internal/misc/ScopedMemoryAccess$Scope$Handle
Event: 4.789 loading class jdk/internal/misc/ScopedMemoryAccess$Scope$Handle done
Event: 5.132 loading class java/util/jar/JarOutputStream
Event: 5.133 loading class java/util/zip/ZipOutputStream
Event: 5.133 loading class java/util/zip/DeflaterOutputStream
Event: 5.135 loading class java/util/zip/DeflaterOutputStream done
Event: 5.135 loading class java/util/zip/ZipOutputStream done
Event: 5.135 loading class java/util/jar/JarOutputStream done
Event: 5.170 loading class sun/util/PropertyResourceBundleCharset
Event: 5.171 loading class sun/util/PropertyResourceBundleCharset done
Event: 5.171 loading class sun/util/PropertyResourceBundleCharset$PropertiesFileDecoder
Event: 5.171 loading class sun/util/PropertyResourceBundleCharset$PropertiesFileDecoder done
Event: 5.408 loading class java/util/Vector$Itr
Event: 5.408 loading class java/util/Vector$Itr done
Event: 5.759 Thread 0x0000018e690ad050 Thread exited: 0x0000018e690ad050
Event: 5.796 Thread 0x0000018e690ad050 Thread added: 0x0000018e690ad050


Dynamic libraries:
0x00007ff6cda20000 - 0x00007ff6cda30000 	C:\Program Files\Java\jdk-17.0.4.1\bin\java.exe
0x00007fffd5530000 - 0x00007fffd5728000 	C:\Windows\SYSTEM32\ntdll.dll
0x00007fffd5430000 - 0x00007fffd54ef000 	C:\Windows\System32\KERNEL32.DLL
0x00007fffd2c30000 - 0x00007fffd2f02000 	C:\Windows\System32\KERNELBASE.dll
0x00007fffd32e0000 - 0x00007fffd33e0000 	C:\Windows\System32\ucrtbase.dll
0x00007fffbbb60000 - 0x00007fffbbb78000 	C:\Program Files\Java\jdk-17.0.4.1\bin\jli.dll
0x00007fffbba70000 - 0x00007fffbba8a000 	C:\Program Files\Java\jdk-17.0.4.1\bin\VCRUNTIME140.dll
0x00007fffd3780000 - 0x00007fffd382e000 	C:\Windows\System32\ADVAPI32.dll
0x00007fffd4100000 - 0x00007fffd419e000 	C:\Windows\System32\msvcrt.dll
0x00007fffd3580000 - 0x00007fffd361c000 	C:\Windows\System32\sechost.dll
0x00007fffd3620000 - 0x00007fffd3745000 	C:\Windows\System32\RPCRT4.dll
0x00007fffd4490000 - 0x00007fffd462d000 	C:\Windows\System32\USER32.dll
0x00007fffd30f0000 - 0x00007fffd3112000 	C:\Windows\System32\win32u.dll
0x00007fffd3750000 - 0x00007fffd377b000 	C:\Windows\System32\GDI32.dll
0x00007fffd3120000 - 0x00007fffd322f000 	C:\Windows\System32\gdi32full.dll
0x00007fffd3470000 - 0x00007fffd350d000 	C:\Windows\System32\msvcp_win.dll
0x00007fffbb7d0000 - 0x00007fffbba6a000 	C:\Windows\WinSxS\amd64_microsoft.windows.common-controls_6595b64144ccf1df_6.0.19041.1110_none_60b5254171f9507e\COMCTL32.dll
0x00007fffca040000 - 0x00007fffca04a000 	C:\Windows\SYSTEM32\VERSION.dll
0x00007fffbbb50000 - 0x00007fffbbb5c000 	C:\Program Files\Java\jdk-17.0.4.1\bin\vcruntime140_1.dll
0x00007fffbb570000 - 0x00007fffbb5fd000 	C:\Program Files\Java\jdk-17.0.4.1\bin\msvcp140.dll
0x00007fffba980000 - 0x00007fffbb542000 	C:\Program Files\Java\jdk-17.0.4.1\bin\server\jvm.dll
0x00007fffd5310000 - 0x00007fffd5318000 	C:\Windows\System32\PSAPI.DLL
0x00007fffba830000 - 0x00007fffba839000 	C:\Windows\SYSTEM32\WSOCK32.dll
0x00007fffc7fb0000 - 0x00007fffc7fd7000 	C:\Windows\SYSTEM32\WINMM.dll
0x00007fffd3c70000 - 0x00007fffd3cdb000 	C:\Windows\System32\WS2_32.dll
0x00007fffd0a00000 - 0x00007fffd0a12000 	C:\Windows\SYSTEM32\kernel.appcore.dll
0x00007fffba4e0000 - 0x00007fffba4ea000 	C:\Program Files\Java\jdk-17.0.4.1\bin\jimage.dll
0x00007fffcd210000 - 0x00007fffcd3f4000 	C:\Windows\SYSTEM32\DBGHELP.DLL
0x00007fffcd1e0000 - 0x00007fffcd20c000 	C:\Windows\SYSTEM32\dbgcore.DLL
0x00007fffd33e0000 - 0x00007fffd3462000 	C:\Windows\System32\bcryptPrimitives.dll
0x00007fffba250000 - 0x00007fffba275000 	C:\Program Files\Java\jdk-17.0.4.1\bin\java.dll
0x00007fffb97d0000 - 0x00007fffb98a6000 	C:\Program Files\Java\jdk-17.0.4.1\bin\jsvml.dll
0x00007fffd4630000 - 0x00007fffd4d73000 	C:\Windows\System32\SHELL32.dll
0x00007fffd0c00000 - 0x00007fffd1392000 	C:\Windows\SYSTEM32\windows.storage.dll
0x00007fffd3830000 - 0x00007fffd3b84000 	C:\Windows\System32\combase.dll
0x00007fffd25b0000 - 0x00007fffd25e0000 	C:\Windows\SYSTEM32\Wldp.dll
0x00007fffd5380000 - 0x00007fffd542d000 	C:\Windows\System32\SHCORE.dll
0x00007fffd4420000 - 0x00007fffd4475000 	C:\Windows\System32\shlwapi.dll
0x00007fffd2b70000 - 0x00007fffd2b8f000 	C:\Windows\SYSTEM32\profapi.dll
0x00007fffb9690000 - 0x00007fffb96a9000 	C:\Program Files\Java\jdk-17.0.4.1\bin\net.dll
0x00007fffd1bb0000 - 0x00007fffd1cbc000 	C:\Windows\SYSTEM32\WINHTTP.dll
0x00007fffd2310000 - 0x00007fffd237a000 	C:\Windows\system32\mswsock.dll
0x00007fffb9620000 - 0x00007fffb9636000 	C:\Program Files\Java\jdk-17.0.4.1\bin\nio.dll
0x00007fffb9600000 - 0x00007fffb9618000 	C:\Program Files\Java\jdk-17.0.4.1\bin\zip.dll
0x00007fffd2000000 - 0x00007fffd203b000 	C:\Windows\SYSTEM32\IPHLPAPI.DLL
0x00007fffd4480000 - 0x00007fffd4488000 	C:\Windows\System32\NSI.dll
0x00007fffcb8d0000 - 0x00007fffcb8e7000 	C:\Windows\SYSTEM32\dhcpcsvc6.DLL
0x00007fffcb520000 - 0x00007fffcb53d000 	C:\Windows\SYSTEM32\dhcpcsvc.DLL
0x00007fffd2040000 - 0x00007fffd210a000 	C:\Windows\SYSTEM32\DNSAPI.dll
0x00007fffb4220000 - 0x00007fffb43af000 	C:\Program Files\Java\jdk-17.0.4.1\bin\awt.dll
0x00007fffd3ce0000 - 0x00007fffd3dad000 	C:\Windows\System32\OLEAUT32.dll
0x00007fffd01d0000 - 0x00007fffd0261000 	C:\Windows\SYSTEM32\apphelp.dll
0x00007fffb8b00000 - 0x00007fffb8b10000 	C:\Program Files\Java\jdk-17.0.4.1\bin\verify.dll
0x0000000069ac0000 - 0x0000000069ae4000 	C:\Windows\Temp\jansi-2.4.0-3bf7069984f21be4-jansi.dll

dbghelp: loaded successfully - version: 4.0.5 - missing functions: none
symbol engine: initialized successfully - sym options: 0x614 - pdb path: .;C:\Program Files\Java\jdk-17.0.4.1\bin;C:\Windows\SYSTEM32;C:\Windows\WinSxS\amd64_microsoft.windows.common-controls_6595b64144ccf1df_6.0.19041.1110_none_60b5254171f9507e;C:\Program Files\Java\jdk-17.0.4.1\bin\server;C:\Windows\Temp

VM Arguments:
java_command: jenkins.maven3.agent.Maven35Main C:\ProgramData\Jenkins\.jenkins\tools\hudson.tasks.Maven_MavenInstallation\MAVEN_HOME C:\ProgramData\Jenkins\war\WEB-INF\lib\remoting-3044.vb_940a_a_e4f72e.jar C:\ProgramData\Jenkins\.jenkins\plugins\maven-plugin\WEB-INF\lib\maven35-interceptor-1.14.jar C:\ProgramData\Jenkins\.jenkins\plugins\maven-plugin\WEB-INF\lib\maven3-interceptor-commons-1.14.jar 63694
java_class_path (initial): C:\ProgramData\Jenkins\.jenkins\plugins\maven-plugin\WEB-INF\lib\maven35-agent-1.14.jar;C:\ProgramData\Jenkins\.jenkins\tools\hudson.tasks.Maven_MavenInstallation\MAVEN_HOME\boot\plexus-classworlds-2.6.0.jar;C:\ProgramData\Jenkins\.jenkins\tools\hudson.tasks.Maven_MavenInstallation\MAVEN_HOME/conf/logging
Launcher Type: SUN_STANDARD

[Global flags]
     intx CICompilerCount                          = 3                                         {product} {ergonomic}
     uint ConcGCThreads                            = 1                                         {product} {ergonomic}
     uint G1ConcRefinementThreads                  = 4                                         {product} {ergonomic}
   size_t G1HeapRegionSize                         = 2097152                                   {product} {ergonomic}
    uintx GCDrainStackTargetSize                   = 64                                        {product} {ergonomic}
   size_t InitialHeapSize                          = 268435456                                 {product} {ergonomic}
   size_t MarkStackSize                            = 4194304                                   {product} {ergonomic}
   size_t MaxHeapSize                              = 4282384384                                {product} {ergonomic}
   size_t MaxNewSize                               = 2569011200                                {product} {ergonomic}
   size_t MinHeapDeltaBytes                        = 2097152                                   {product} {ergonomic}
   size_t MinHeapSize                              = 8388608                                   {product} {ergonomic}
    uintx NonNMethodCodeHeapSize                   = 5832780                                {pd product} {ergonomic}
    uintx NonProfiledCodeHeapSize                  = 122912730                              {pd product} {ergonomic}
    uintx ProfiledCodeHeapSize                     = 122912730                              {pd product} {ergonomic}
    uintx ReservedCodeCacheSize                    = 251658240                              {pd product} {ergonomic}
     bool SegmentedCodeCache                       = true                                      {product} {ergonomic}
   size_t SoftMaxHeapSize                          = 4282384384                             {manageable} {ergonomic}
     bool UseCompressedClassPointers               = true                           {product lp64_product} {ergonomic}
     bool UseCompressedOops                        = true                           {product lp64_product} {ergonomic}
     bool UseG1GC                                  = true                                      {product} {ergonomic}
     bool UseLargePagesIndividualAllocation        = false                                  {pd product} {ergonomic}

Logging:
Log output configuration:
 #0: stdout all=warning uptime,level,tags
 #1: stderr all=off uptime,level,tags

Environment Variables:
JAVA_HOME=C:\Program Files\Java\jdk-17.0.4.1
PATH=C:\ProgramData\Jenkins\.jenkins\tools\hudson.tasks.Maven_MavenInstallation\MAVEN_HOME/bin;C:\Program Files\Java\jdk-17.0.4.1/bin;C:\Program Files\Java\jdk-17.0.4.1/bin;C:\Program Files\Common Files\Oracle\Java\javapath;C:\Windows\system32;C:\Windows;C:\Windows\System32\Wbem;C:\Windows\System32\WindowsPowerShell\v1.0\;C:\Windows\System32\OpenSSH\;C:\Program Files\dotnet\;C:\Program Files (x86)\Microsoft SQL Server\150\DTS\Binn\;C:\Program Files\Azure Data Studio\bin;C:\Program Files\Java\jdk-19\bin;C:\Program Files\Microsoft SQL Server\Client SDK\ODBC\170\Tools\Binn\;D:\Automation Files\apache-maven-3.8.6\bin;C:\Gopi\Apache Maven\apache-maven-3.8.6\bin;C:\Program Files\Git\cmd;C:\Windows\system32\config\systemprofile\AppData\Local\Microsoft\WindowsApps
USERNAME=HRG-CORP-BEERIM$
OS=Windows_NT
PROCESSOR_IDENTIFIER=AMD64 Family 25 Model 1 Stepping 1, AuthenticAMD



---------------  S Y S T E M  ---------------

OS:
 Windows 10 , 64 bit Build 19041 (10.0.19041.2251)
OS uptime: 3 days 7:37 hours
Hyper-V virtualization detected

CPU: total 4 (initial active 4) (4 cores per cpu, 2 threads per core) family 25 model 1 stepping 1 microcode 0x0, cx8, cmov, fxsr, ht, mmx, 3dnowpref, sse, sse2, sse3, ssse3, sse4a, sse4.1, sse4.2, popcnt, lzcnt, tsc, avx, avx2, aes, clmul, bmi1, bmi2, adx, sha, fma, vzeroupper, clflush, clflushopt, hv

Memory: 4k page, system-wide physical 16332M (2679M free)
TotalPageFile size 17738M (AvailPageFile size 3M)
current process WorkingSet (physical memory assigned to process): 309M, peak: 309M
current process commit charge ("private bytes"): 439M, peak: 439M

vm_info: Java HotSpot(TM) 64-Bit Server VM (17.0.4.1+1-LTS-2) for windows-amd64 JRE (17.0.4.1+1-LTS-2), built on Aug 16 2022 18:32:06 by "mach5one" with MS VC++ 16.8 / 16.9 (VS2019)

END.
