#
# There is insufficient memory for the Java Runtime Environment to continue.
# Native memory allocation (mmap) failed to map 763363328 bytes for G1 virtual space
# Possible reasons:
#   The system is out of physical RAM or swap space
#   The process is running with CompressedOops enabled, and the Java Heap may be blocking the growth of the native heap
# Possible solutions:
#   Reduce memory load on the system
#   Increase physical memory or swap space
#   Check if swap backing store is full
#   Decrease Java heap size (-Xmx/-Xms)
#   Decrease number of Java threads
#   Decrease Java thread stack sizes (-Xss)
#   Set larger code cache with -XX:ReservedCodeCacheSize=
#   JVM is running with Zero Based Compressed Oops mode in which the Java heap is
#     placed in the first 32GB address space. The Java Heap base address is the
#     maximum limit for the native heap growth. Please use -XX:HeapBaseMinAddress
#     to set the Java Heap base and to place the Java Heap above 32GB virtual address.
# This output file may be truncated or incomplete.
#
#  Out of Memory Error (os_windows.cpp:3527), pid=5032, tid=9708
#
# JRE version: Java(TM) SE Runtime Environment (19.0+36) (build 19+36-2238)
# Java VM: Java HotSpot(TM) 64-Bit Server VM (19+36-2238, mixed mode, sharing, tiered, compressed oops, compressed class ptrs, g1 gc, windows-amd64)
# No core dump will be written. Minidumps are not enabled by default on client versions of Windows
#

---------------  S U M M A R Y ------------

Command Line: -XX:+ShowCodeDetailsInExceptionMessages -agentlib:jdwp=transport=dt_socket,suspend=y,address=localhost:60930 -javaagent:C:\Users\AzureSQLDB\eclipse\java-2022-093\eclipse\configuration\org.eclipse.osgi\228\0\.cp\lib\javaagent-shaded.jar -Dfile.encoding=UTF-8 mainPackage.RunnerClass

Host: AMD EPYC 7763 64-Core Processor                , 4 cores, 15G,  Windows 10 , 64 bit Build 19041 (10.0.19041.2251)
Time: Thu Dec  1 04:31:29 2022 Eastern Standard Time elapsed time: 132.178052 seconds (0d 0h 2m 12s)

---------------  T H R E A D  ---------------

Current thread (0x00000204abd8a890):  VMThread "VM Thread" [stack: 0x000000afce200000,0x000000afce300000] [id=9708]

Stack: [0x000000afce200000,0x000000afce300000]
Native frames: (J=compiled Java code, j=interpreted, Vv=VM code, C=native code)
V  [jvm.dll+0x6ee8fa]
V  [jvm.dll+0x857a1e]
V  [jvm.dll+0x85940e]
V  [jvm.dll+0x859ac3]
V  [jvm.dll+0x28291f]
V  [jvm.dll+0x6eb6e9]
V  [jvm.dll+0x6e028a]
V  [jvm.dll+0x357136]
V  [jvm.dll+0x35eb96]
V  [jvm.dll+0x3b555e]
V  [jvm.dll+0x3b578f]
V  [jvm.dll+0x32c6ea]
V  [jvm.dll+0x32c797]
V  [jvm.dll+0x374b52]
V  [jvm.dll+0x37328f]
V  [jvm.dll+0x32bf10]
V  [jvm.dll+0x37282b]
V  [jvm.dll+0x85ef83]
V  [jvm.dll+0x85fd49]
V  [jvm.dll+0x86027d]
V  [jvm.dll+0x86070b]
V  [jvm.dll+0x8607c7]
V  [jvm.dll+0x8015fa]
V  [jvm.dll+0x6ed5eb]
C  [ucrtbase.dll+0x21bb2]
C  [KERNEL32.DLL+0x174b4]
C  [ntdll.dll+0x526a1]

VM_Operation (0x000000afcdcfe2b0): G1CollectForAllocation, mode: safepoint, requested by thread 0x000002048727bed0


---------------  P R O C E S S  ---------------

Threads class SMR info:
_java_thread_list=0x00000204b00b48a0, length=27, elements={
0x000002048727bed0, 0x00000204abda8a80, 0x00000204abdabb50, 0x00000204abdadc30,
0x00000204abdae560, 0x00000204abdaee90, 0x00000204abdaf900, 0x00000204abdb9580,
0x00000204abdea280, 0x00000204abdfcbe0, 0x00000204abd7b150, 0x00000204b01ce3e0,
0x00000204b0225e90, 0x00000204b019c2b0, 0x00000204b0a49c20, 0x00000204b2c15df0,
0x00000204b2c16340, 0x00000204b2c15350, 0x00000204b2c18320, 0x00000204b2c158a0,
0x00000204b2c16de0, 0x00000204b2c17880, 0x00000204b2c17dd0, 0x00000204b22f0f40,
0x00000204b22f19e0, 0x00000204b22eff50, 0x00000204b2e17b90
}

Java Threads: ( => current thread )
  0x000002048727bed0 JavaThread "main" [_thread_blocked, id=7928, stack(0x000000afcdc00000,0x000000afcdd00000)]
  0x00000204abda8a80 JavaThread "Reference Handler" daemon [_thread_blocked, id=4000, stack(0x000000afce300000,0x000000afce400000)]
  0x00000204abdabb50 JavaThread "Finalizer" daemon [_thread_blocked, id=11912, stack(0x000000afce400000,0x000000afce500000)]
  0x00000204abdadc30 JavaThread "Signal Dispatcher" daemon [_thread_blocked, id=17628, stack(0x000000afce500000,0x000000afce600000)]
  0x00000204abdae560 JavaThread "Attach Listener" daemon [_thread_blocked, id=18720, stack(0x000000afce600000,0x000000afce700000)]
  0x00000204abdaee90 JavaThread "Service Thread" daemon [_thread_blocked, id=15000, stack(0x000000afce700000,0x000000afce800000)]
  0x00000204abdaf900 JavaThread "Monitor Deflation Thread" daemon [_thread_blocked, id=11284, stack(0x000000afce800000,0x000000afce900000)]
  0x00000204abdb9580 JavaThread "C2 CompilerThread0" daemon [_thread_blocked, id=2584, stack(0x000000afce900000,0x000000afcea00000)]
  0x00000204abdea280 JavaThread "C1 CompilerThread0" daemon [_thread_blocked, id=20912, stack(0x000000afcea00000,0x000000afceb00000)]
  0x00000204abdfcbe0 JavaThread "Sweeper thread" daemon [_thread_blocked, id=14964, stack(0x000000afceb00000,0x000000afcec00000)]
  0x00000204abd7b150 JavaThread "Common-Cleaner" daemon [_thread_blocked, id=2884, stack(0x000000afcec00000,0x000000afced00000)]
  0x00000204b01ce3e0 JavaThread "JDWP Transport Listener: dt_socket" daemon [_thread_blocked, id=2700, stack(0x000000afced00000,0x000000afcee00000)]
  0x00000204b0225e90 JavaThread "JDWP Event Helper Thread" daemon [_thread_blocked, id=2092, stack(0x000000afcee00000,0x000000afcef00000)]
  0x00000204b019c2b0 JavaThread "JDWP Command Reader" daemon [_thread_in_native, id=3240, stack(0x000000afcef00000,0x000000afcf000000)]
  0x00000204b0a49c20 JavaThread "Notification Thread" daemon [_thread_blocked, id=648, stack(0x000000afcf000000,0x000000afcf100000)]
  0x00000204b2c15df0 JavaThread "AsyncHttpClient-1-1" daemon [_thread_blocked, id=11428, stack(0x000000afcf800000,0x000000afcf900000)]
  0x00000204b2c16340 JavaThread "Exec Default Executor" daemon [_thread_in_native, id=6288, stack(0x000000afcf900000,0x000000afcfa00000)]
  0x00000204b2c15350 JavaThread "Driver Service Executor" daemon [_thread_blocked, id=11952, stack(0x000000afcfa00000,0x000000afcfb00000)]
  0x00000204b2c18320 JavaThread "Driver Service Executor" daemon [_thread_blocked, id=19752, stack(0x000000afcfb00000,0x000000afcfc00000)]
  0x00000204b2c158a0 JavaThread "Exec Stream Pumper" daemon [_thread_in_native, id=18204, stack(0x000000afcfd00000,0x000000afcfe00000)]
  0x00000204b2c16de0 JavaThread "Exec Stream Pumper" daemon [_thread_in_native, id=16840, stack(0x000000afcfe00000,0x000000afcff00000)]
  0x00000204b2c17880 JavaThread "AsyncHttpClient-1-2" daemon [_thread_in_native, id=3752, stack(0x000000afd0000000,0x000000afd0100000)]
  0x00000204b2c17dd0 JavaThread "AsyncHttpClient-1-3" daemon [_thread_in_native, id=21456, stack(0x000000afcf200000,0x000000afcf300000)]
  0x00000204b22f0f40 JavaThread "AsyncHttpClient-1-4" daemon [_thread_in_native, id=21196, stack(0x000000afd0100000,0x000000afd0200000)]
  0x00000204b22f19e0 JavaThread "Java2D Disposer" daemon [_thread_blocked, id=1636, stack(0x000000afd0200000,0x000000afd0300000)]
  0x00000204b22eff50 JavaThread "AWT-Windows" daemon [_thread_in_native, id=12208, stack(0x000000afd0400000,0x000000afd0500000)]
  0x00000204b2e17b90 JavaThread "C2 CompilerThread1" daemon [_thread_in_native, id=9420, stack(0x000000afcd900000,0x000000afcda00000)]

Other Threads:
=>0x00000204abd8a890 VMThread "VM Thread" [stack: 0x000000afce200000,0x000000afce300000] [id=9708]
  0x00000204b0a4a160 WatcherThread "VM Periodic Task Thread" [stack: 0x000000afcf100000,0x000000afcf200000] [id=12392]
  0x00000204872ec6a0 WorkerThread "GC Thread#0" [stack: 0x000000afcdd00000,0x000000afcde00000] [id=21184]
  0x00000204abd8c4b0 WorkerThread "GC Thread#1" [stack: 0x000000afcf300000,0x000000afcf400000] [id=18336]
  0x00000204abd8bf10 WorkerThread "GC Thread#2" [stack: 0x000000afcf400000,0x000000afcf500000] [id=11616]
  0x00000204abd8bc40 WorkerThread "GC Thread#3" [stack: 0x000000afcf500000,0x000000afcf600000] [id=13608]
  0x00000204872fdd90 ConcurrentGCThread "G1 Main Marker" [stack: 0x000000afcde00000,0x000000afcdf00000] [id=19944]
  0x0000020487303890 WorkerThread "G1 Conc#0" [stack: 0x000000afcdf00000,0x000000afce000000] [id=12640]
  0x000002048733e700 ConcurrentGCThread "G1 Refine#0" [stack: 0x000000afce000000,0x000000afce100000] [id=20348]
  0x00000204abc48370 ConcurrentGCThread "G1 Service" [stack: 0x000000afce100000,0x000000afce200000] [id=4304]

Threads with active compile tasks:
C2 CompilerThread0   132205 5743       4       org.apache.pdfbox.text.PDFTextStripper::normalizeWord (200 bytes)
C2 CompilerThread1   132205 5735       4       org.apache.pdfbox.text.PDFTextStripper::normalize (95 bytes)

VM state: at safepoint (normal execution)

VM Mutex/Monitor currently owned by a thread:  ([mutex/lock_event])
[0x0000020487278be0] Threads_lock - owner thread: 0x00000204abd8a890
[0x0000020487279600] Heap_lock - owner thread: 0x000002048727bed0

Heap address: 0x0000000700c00000, size: 4084 MB, Compressed Oops mode: Zero based, Oop shift amount: 3

CDS archive(s) mapped at: [0x0000000800000000-0x0000000800c40000-0x0000000800c40000), size 12845056, SharedBaseAddress: 0x0000000800000000, ArchiveRelocationMode: 0.
Compressed class space mapped at: 0x0000000801000000-0x0000000841000000, reserved size: 1073741824
Narrow klass base: 0x0000000800000000, Narrow klass shift: 0, Narrow klass range: 0x100000000

GC Precious Log:
 CardTable entry size: 512
 Card Set container configuration: InlinePtr #cards 4 size 8 Array Of Cards #cards 8 size 32 Howl #buckets 8 coarsen threshold 3686 Howl Bitmap #cards 512 size 80 coarsen threshold 460 Card regions per heap region 1 cards per card region 4096
 CPUs: 4 total, 4 available
 Memory: 16332M
 Large Page Support: Disabled
 NUMA Support: Disabled
 Compressed Oops: Enabled (Zero based)
 Heap Region Size: 2M
 Heap Min Capacity: 8M
 Heap Initial Capacity: 256M
 Heap Max Capacity: 4084M
 Pre-touch: Disabled
 Parallel Workers: 4
 Concurrent Workers: 1
 Concurrent Refinement Workers: 4
 Periodic GC: Disabled

Heap:
 garbage-first heap   total 372736K, used 216179K [0x0000000700c00000, 0x0000000800000000)
  region size 2048K, 5 young (10240K), 5 survivors (10240K)
 Metaspace       used 32861K, committed 33088K, reserved 1114112K
  class space    used 3458K, committed 3584K, reserved 1048576K

Heap Regions: E=young(eden), S=young(survivor), O=old, HS=humongous(starts), HC=humongous(continues), CS=collection set, F=free, OA=open archive, CA=closed archive, TAMS=top-at-mark-start (previous, next)
|   0|0x0000000700c00000, 0x0000000700e00000, 0x0000000700e00000|100%| O|  |TAMS 0x0000000700e00000, 0x0000000700e00000| Untracked 
|   1|0x0000000700e00000, 0x0000000701000000, 0x0000000701000000|100%| O|  |TAMS 0x0000000701000000, 0x0000000701000000| Untracked 
|   2|0x0000000701000000, 0x0000000701200000, 0x0000000701200000|100%| O|  |TAMS 0x0000000701200000, 0x0000000701200000| Untracked 
|   3|0x0000000701200000, 0x0000000701400000, 0x0000000701400000|100%| O|  |TAMS 0x0000000701400000, 0x0000000701400000| Untracked 
|   4|0x0000000701400000, 0x0000000701600000, 0x0000000701600000|100%| O|  |TAMS 0x0000000701600000, 0x0000000701600000| Untracked 
|   5|0x0000000701600000, 0x0000000701800000, 0x0000000701800000|100%| O|  |TAMS 0x0000000701800000, 0x0000000701800000| Untracked 
|   6|0x0000000701800000, 0x0000000701a00000, 0x0000000701a00000|100%| O|  |TAMS 0x0000000701a00000, 0x0000000701a00000| Untracked 
|   7|0x0000000701a00000, 0x0000000701c00000, 0x0000000701c00000|100%| O|  |TAMS 0x0000000701c00000, 0x0000000701c00000| Untracked 
|   8|0x0000000701c00000, 0x0000000701d1cc00, 0x0000000701e00000| 55%| O|  |TAMS 0x0000000701c00000, 0x0000000701c00000| Untracked 
|   9|0x0000000701e00000, 0x0000000702000000, 0x0000000702000000|100%|HS|  |TAMS 0x0000000702000000, 0x0000000702000000| Complete 
|  10|0x0000000702000000, 0x0000000702200000, 0x0000000702200000|100%|HC|  |TAMS 0x0000000702200000, 0x0000000702200000| Complete 
|  11|0x0000000702200000, 0x0000000702400000, 0x0000000702400000|100%|HC|  |TAMS 0x0000000702400000, 0x0000000702400000| Complete 
|  12|0x0000000702400000, 0x0000000702600000, 0x0000000702600000|100%| O|  |TAMS 0x0000000702600000, 0x0000000702600000| Untracked 
|  13|0x0000000702600000, 0x0000000702800000, 0x0000000702800000|100%| O|  |TAMS 0x0000000702800000, 0x0000000702800000| Untracked 
|  14|0x0000000702800000, 0x0000000702a00000, 0x0000000702a00000|100%| O|  |TAMS 0x0000000702a00000, 0x0000000702a00000| Untracked 
|  15|0x0000000702a00000, 0x0000000702c00000, 0x0000000702c00000|100%| O|  |TAMS 0x0000000702c00000, 0x0000000702c00000| Untracked 
|  16|0x0000000702c00000, 0x0000000702e00000, 0x0000000702e00000|100%| O|  |TAMS 0x0000000702e00000, 0x0000000702e00000| Untracked 
|  17|0x0000000702e00000, 0x0000000703000000, 0x0000000703000000|100%| O|  |TAMS 0x0000000703000000, 0x0000000703000000| Untracked 
|  18|0x0000000703000000, 0x0000000703200000, 0x0000000703200000|100%| O|  |TAMS 0x0000000703200000, 0x0000000703200000| Untracked 
|  19|0x0000000703200000, 0x0000000703400000, 0x0000000703400000|100%| O|  |TAMS 0x0000000703400000, 0x0000000703400000| Untracked 
|  20|0x0000000703400000, 0x0000000703600000, 0x0000000703600000|100%| O|  |TAMS 0x0000000703600000, 0x0000000703600000| Untracked 
|  21|0x0000000703600000, 0x0000000703800000, 0x0000000703800000|100%| O|  |TAMS 0x0000000703800000, 0x0000000703800000| Untracked 
|  22|0x0000000703800000, 0x0000000703a00000, 0x0000000703a00000|100%| O|  |TAMS 0x0000000703800000, 0x0000000703a00000| Untracked 
|  23|0x0000000703a00000, 0x0000000703c00000, 0x0000000703c00000|100%| O|  |TAMS 0x0000000703c00000, 0x0000000703c00000| Untracked 
|  24|0x0000000703c00000, 0x0000000703e00000, 0x0000000703e00000|100%| O|  |TAMS 0x0000000703e00000, 0x0000000703e00000| Untracked 
|  25|0x0000000703e00000, 0x0000000704000000, 0x0000000704000000|100%| O|  |TAMS 0x0000000704000000, 0x0000000704000000| Untracked 
|  26|0x0000000704000000, 0x0000000704200000, 0x0000000704200000|100%| O|  |TAMS 0x0000000704200000, 0x0000000704200000| Untracked 
|  27|0x0000000704200000, 0x0000000704400000, 0x0000000704400000|100%| O|  |TAMS 0x0000000704400000, 0x0000000704400000| Untracked 
|  28|0x0000000704400000, 0x0000000704600000, 0x0000000704600000|100%| O|  |TAMS 0x0000000704600000, 0x0000000704600000| Untracked 
|  29|0x0000000704600000, 0x0000000704800000, 0x0000000704800000|100%| O|  |TAMS 0x0000000704800000, 0x0000000704800000| Untracked 
|  30|0x0000000704800000, 0x0000000704a00000, 0x0000000704a00000|100%| O|  |TAMS 0x0000000704a00000, 0x0000000704a00000| Untracked 
|  31|0x0000000704a00000, 0x0000000704c00000, 0x0000000704c00000|100%| O|  |TAMS 0x0000000704c00000, 0x0000000704c00000| Untracked 
|  32|0x0000000704c00000, 0x0000000704e00000, 0x0000000704e00000|100%| O|  |TAMS 0x0000000704e00000, 0x0000000704e00000| Untracked 
|  33|0x0000000704e00000, 0x0000000705000000, 0x0000000705000000|100%| O|  |TAMS 0x0000000705000000, 0x0000000705000000| Untracked 
|  34|0x0000000705000000, 0x0000000705200000, 0x0000000705200000|100%| O|  |TAMS 0x0000000705200000, 0x0000000705200000| Untracked 
|  35|0x0000000705200000, 0x0000000705400000, 0x0000000705400000|100%| O|  |TAMS 0x0000000705400000, 0x0000000705400000| Untracked 
|  36|0x0000000705400000, 0x0000000705600000, 0x0000000705600000|100%| O|  |TAMS 0x0000000705600000, 0x0000000705600000| Untracked 
|  37|0x0000000705600000, 0x0000000705800000, 0x0000000705800000|100%| O|  |TAMS 0x0000000705800000, 0x0000000705800000| Untracked 
|  38|0x0000000705800000, 0x0000000705a00000, 0x0000000705a00000|100%| O|  |TAMS 0x0000000705a00000, 0x0000000705a00000| Untracked 
|  39|0x0000000705a00000, 0x0000000705c00000, 0x0000000705c00000|100%| O|  |TAMS 0x0000000705c00000, 0x0000000705c00000| Untracked 
|  40|0x0000000705c00000, 0x0000000705e00000, 0x0000000705e00000|100%| O|  |TAMS 0x0000000705e00000, 0x0000000705e00000| Untracked 
|  41|0x0000000705e00000, 0x0000000706000000, 0x0000000706000000|100%| O|  |TAMS 0x0000000706000000, 0x0000000706000000| Untracked 
|  42|0x0000000706000000, 0x0000000706200000, 0x0000000706200000|100%| O|  |TAMS 0x0000000706200000, 0x0000000706200000| Untracked 
|  43|0x0000000706200000, 0x0000000706400000, 0x0000000706400000|100%| O|  |TAMS 0x0000000706400000, 0x0000000706400000| Untracked 
|  44|0x0000000706400000, 0x0000000706600000, 0x0000000706600000|100%| O|  |TAMS 0x0000000706600000, 0x0000000706600000| Untracked 
|  45|0x0000000706600000, 0x0000000706800000, 0x0000000706800000|100%| O|  |TAMS 0x0000000706800000, 0x0000000706800000| Untracked 
|  46|0x0000000706800000, 0x0000000706a00000, 0x0000000706a00000|100%| O|  |TAMS 0x0000000706a00000, 0x0000000706a00000| Untracked 
|  47|0x0000000706a00000, 0x0000000706c00000, 0x0000000706c00000|100%| O|  |TAMS 0x0000000706c00000, 0x0000000706c00000| Untracked 
|  48|0x0000000706c00000, 0x0000000706e00000, 0x0000000706e00000|100%| O|  |TAMS 0x0000000706e00000, 0x0000000706e00000| Untracked 
|  49|0x0000000706e00000, 0x0000000707000000, 0x0000000707000000|100%| O|  |TAMS 0x0000000707000000, 0x0000000707000000| Untracked 
|  50|0x0000000707000000, 0x0000000707200000, 0x0000000707200000|100%| O|  |TAMS 0x0000000707200000, 0x0000000707200000| Untracked 
|  51|0x0000000707200000, 0x0000000707400000, 0x0000000707400000|100%| O|  |TAMS 0x0000000707400000, 0x0000000707400000| Untracked 
|  52|0x0000000707400000, 0x0000000707600000, 0x0000000707600000|100%| O|  |TAMS 0x0000000707600000, 0x0000000707600000| Untracked 
|  53|0x0000000707600000, 0x0000000707800000, 0x0000000707800000|100%| O|  |TAMS 0x0000000707800000, 0x0000000707800000| Untracked 
|  54|0x0000000707800000, 0x0000000707a00000, 0x0000000707a00000|100%| O|  |TAMS 0x0000000707a00000, 0x0000000707a00000| Untracked 
|  55|0x0000000707a00000, 0x0000000707c00000, 0x0000000707c00000|100%| O|  |TAMS 0x0000000707c00000, 0x0000000707c00000| Untracked 
|  56|0x0000000707c00000, 0x0000000707e00000, 0x0000000707e00000|100%| O|  |TAMS 0x0000000707e00000, 0x0000000707e00000| Untracked 
|  57|0x0000000707e00000, 0x0000000708000000, 0x0000000708000000|100%| O|  |TAMS 0x0000000708000000, 0x0000000708000000| Untracked 
|  58|0x0000000708000000, 0x0000000708200000, 0x0000000708200000|100%| O|  |TAMS 0x0000000708200000, 0x0000000708200000| Untracked 
|  59|0x0000000708200000, 0x0000000708400000, 0x0000000708400000|100%| O|  |TAMS 0x0000000708400000, 0x0000000708400000| Untracked 
|  60|0x0000000708400000, 0x0000000708600000, 0x0000000708600000|100%| O|  |TAMS 0x0000000708600000, 0x0000000708600000| Untracked 
|  61|0x0000000708600000, 0x0000000708800000, 0x0000000708800000|100%| O|  |TAMS 0x0000000708800000, 0x0000000708800000| Untracked 
|  62|0x0000000708800000, 0x0000000708a00000, 0x0000000708a00000|100%| O|  |TAMS 0x0000000708a00000, 0x0000000708a00000| Untracked 
|  63|0x0000000708a00000, 0x0000000708c00000, 0x0000000708c00000|100%| O|  |TAMS 0x0000000708c00000, 0x0000000708c00000| Untracked 
|  64|0x0000000708c00000, 0x0000000708e00000, 0x0000000708e00000|100%| O|  |TAMS 0x0000000708e00000, 0x0000000708e00000| Untracked 
|  65|0x0000000708e00000, 0x0000000709000000, 0x0000000709000000|100%| O|  |TAMS 0x0000000709000000, 0x0000000709000000| Untracked 
|  66|0x0000000709000000, 0x0000000709200000, 0x0000000709200000|100%| O|  |TAMS 0x0000000709200000, 0x0000000709200000| Untracked 
|  67|0x0000000709200000, 0x0000000709400000, 0x0000000709400000|100%| O|  |TAMS 0x0000000709400000, 0x0000000709400000| Untracked 
|  68|0x0000000709400000, 0x0000000709600000, 0x0000000709600000|100%| O|  |TAMS 0x0000000709600000, 0x0000000709600000| Untracked 
|  69|0x0000000709600000, 0x0000000709800000, 0x0000000709800000|100%| O|  |TAMS 0x0000000709800000, 0x0000000709800000| Untracked 
|  70|0x0000000709800000, 0x0000000709a00000, 0x0000000709a00000|100%| O|  |TAMS 0x0000000709a00000, 0x0000000709a00000| Untracked 
|  71|0x0000000709a00000, 0x0000000709c00000, 0x0000000709c00000|100%| O|  |TAMS 0x0000000709c00000, 0x0000000709c00000| Untracked 
|  72|0x0000000709c00000, 0x0000000709c00000, 0x0000000709e00000|  0%| F|  |TAMS 0x0000000709c00000, 0x0000000709c00000| Untracked 
|  73|0x0000000709e00000, 0x000000070a000000, 0x000000070a000000|100%| O|  |TAMS 0x0000000709e00000, 0x000000070a000000| Untracked 
|  74|0x000000070a000000, 0x000000070a200000, 0x000000070a200000|100%| O|  |TAMS 0x000000070a000000, 0x000000070a200000| Untracked 
|  75|0x000000070a200000, 0x000000070a400000, 0x000000070a400000|100%| O|  |TAMS 0x000000070a200000, 0x000000070a400000| Untracked 
|  76|0x000000070a400000, 0x000000070a600000, 0x000000070a600000|100%| O|  |TAMS 0x000000070a400000, 0x000000070a600000| Untracked 
|  77|0x000000070a600000, 0x000000070a800000, 0x000000070a800000|100%| O|  |TAMS 0x000000070a600000, 0x000000070a800000| Untracked 
|  78|0x000000070a800000, 0x000000070aa00000, 0x000000070aa00000|100%| O|  |TAMS 0x000000070a800000, 0x000000070aa00000| Untracked 
|  79|0x000000070aa00000, 0x000000070ac00000, 0x000000070ac00000|100%| O|  |TAMS 0x000000070aa00000, 0x000000070ac00000| Untracked 
|  80|0x000000070ac00000, 0x000000070ae00000, 0x000000070ae00000|100%| O|  |TAMS 0x000000070ac00000, 0x000000070ae00000| Untracked 
|  81|0x000000070ae00000, 0x000000070b000000, 0x000000070b000000|100%| O|  |TAMS 0x000000070ae00000, 0x000000070b000000| Untracked 
|  82|0x000000070b000000, 0x000000070b200000, 0x000000070b200000|100%| O|  |TAMS 0x000000070b000000, 0x000000070b200000| Untracked 
|  83|0x000000070b200000, 0x000000070b400000, 0x000000070b400000|100%| O|  |TAMS 0x000000070b200000, 0x000000070b400000| Untracked 
|  84|0x000000070b400000, 0x000000070b600000, 0x000000070b600000|100%| O|  |TAMS 0x000000070b400000, 0x000000070b600000| Untracked 
|  85|0x000000070b600000, 0x000000070b800000, 0x000000070b800000|100%| O|  |TAMS 0x000000070b600000, 0x000000070b800000| Untracked 
|  86|0x000000070b800000, 0x000000070ba00000, 0x000000070ba00000|100%| O|  |TAMS 0x000000070b800000, 0x000000070ba00000| Untracked 
|  87|0x000000070ba00000, 0x000000070bc00000, 0x000000070bc00000|100%| O|  |TAMS 0x000000070ba00000, 0x000000070bc00000| Untracked 
|  88|0x000000070bc00000, 0x000000070be00000, 0x000000070be00000|100%| O|  |TAMS 0x000000070bc00000, 0x000000070be00000| Untracked 
|  89|0x000000070be00000, 0x000000070c000000, 0x000000070c000000|100%| O|  |TAMS 0x000000070be00000, 0x000000070c000000| Untracked 
|  90|0x000000070c000000, 0x000000070c200000, 0x000000070c200000|100%| O|  |TAMS 0x000000070c000000, 0x000000070c200000| Untracked 
|  91|0x000000070c200000, 0x000000070c400000, 0x000000070c400000|100%| O|  |TAMS 0x000000070c200000, 0x000000070c400000| Untracked 
|  92|0x000000070c400000, 0x000000070c600000, 0x000000070c600000|100%| O|  |TAMS 0x000000070c400000, 0x000000070c600000| Untracked 
|  93|0x000000070c600000, 0x000000070c800000, 0x000000070c800000|100%| O|  |TAMS 0x000000070c600000, 0x000000070c800000| Untracked 
|  94|0x000000070c800000, 0x000000070ca00000, 0x000000070ca00000|100%| O|  |TAMS 0x000000070c800000, 0x000000070ca00000| Untracked 
|  95|0x000000070ca00000, 0x000000070cc00000, 0x000000070cc00000|100%| O|  |TAMS 0x000000070ca00000, 0x000000070cc00000| Untracked 
|  96|0x000000070cc00000, 0x000000070ce00000, 0x000000070ce00000|100%| O|  |TAMS 0x000000070cc00000, 0x000000070ce00000| Untracked 
|  97|0x000000070ce00000, 0x000000070d000000, 0x000000070d000000|100%| O|  |TAMS 0x000000070ce00000, 0x000000070d000000| Untracked 
|  98|0x000000070d000000, 0x000000070d200000, 0x000000070d200000|100%| O|  |TAMS 0x000000070d000000, 0x000000070d200000| Untracked 
|  99|0x000000070d200000, 0x000000070d400000, 0x000000070d400000|100%| O|  |TAMS 0x000000070d200000, 0x000000070d400000| Untracked 
| 100|0x000000070d400000, 0x000000070d600000, 0x000000070d600000|100%| O|  |TAMS 0x000000070d400000, 0x000000070d600000| Untracked 
| 101|0x000000070d600000, 0x000000070d800000, 0x000000070d800000|100%| O|  |TAMS 0x000000070d600000, 0x000000070d68d600| Untracked 
| 102|0x000000070d800000, 0x000000070d800000, 0x000000070da00000|  0%| F|  |TAMS 0x000000070d800000, 0x000000070d800000| Untracked 
| 103|0x000000070da00000, 0x000000070da00000, 0x000000070dc00000|  0%| F|  |TAMS 0x000000070da00000, 0x000000070da00000| Untracked 
| 104|0x000000070dc00000, 0x000000070dc00000, 0x000000070de00000|  0%| F|  |TAMS 0x000000070dc00000, 0x000000070dc00000| Untracked 
| 105|0x000000070de00000, 0x000000070de00000, 0x000000070e000000|  0%| F|  |TAMS 0x000000070de00000, 0x000000070de00000| Untracked 
| 106|0x000000070e000000, 0x000000070e000000, 0x000000070e200000|  0%| F|  |TAMS 0x000000070e000000, 0x000000070e000000| Untracked 
| 107|0x000000070e200000, 0x000000070e200000, 0x000000070e400000|  0%| F|  |TAMS 0x000000070e200000, 0x000000070e200000| Untracked 
| 108|0x000000070e400000, 0x000000070e400000, 0x000000070e600000|  0%| F|  |TAMS 0x000000070e400000, 0x000000070e400000| Untracked 
| 109|0x000000070e600000, 0x000000070e600000, 0x000000070e800000|  0%| F|  |TAMS 0x000000070e600000, 0x000000070e600000| Untracked 
| 110|0x000000070e800000, 0x000000070e800000, 0x000000070ea00000|  0%| F|  |TAMS 0x000000070e800000, 0x000000070e800000| Untracked 
| 111|0x000000070ea00000, 0x000000070ea00000, 0x000000070ec00000|  0%| F|  |TAMS 0x000000070ea00000, 0x000000070ea00000| Untracked 
| 112|0x000000070ec00000, 0x000000070ec00000, 0x000000070ee00000|  0%| F|  |TAMS 0x000000070ec00000, 0x000000070ec00000| Untracked 
| 113|0x000000070ee00000, 0x000000070ee00000, 0x000000070f000000|  0%| F|  |TAMS 0x000000070ee00000, 0x000000070ee00000| Untracked 
| 114|0x000000070f000000, 0x000000070f000000, 0x000000070f200000|  0%| F|  |TAMS 0x000000070f000000, 0x000000070f000000| Untracked 
| 115|0x000000070f200000, 0x000000070f200000, 0x000000070f400000|  0%| F|  |TAMS 0x000000070f200000, 0x000000070f200000| Untracked 
| 116|0x000000070f400000, 0x000000070f400000, 0x000000070f600000|  0%| F|  |TAMS 0x000000070f400000, 0x000000070f400000| Untracked 
| 117|0x000000070f600000, 0x000000070f600000, 0x000000070f800000|  0%| F|  |TAMS 0x000000070f600000, 0x000000070f600000| Untracked 
| 118|0x000000070f800000, 0x000000070f800000, 0x000000070fa00000|  0%| F|  |TAMS 0x000000070f800000, 0x000000070f800000| Untracked 
| 119|0x000000070fa00000, 0x000000070fa00000, 0x000000070fc00000|  0%| F|  |TAMS 0x000000070fa00000, 0x000000070fa00000| Untracked 
| 120|0x000000070fc00000, 0x000000070fc00000, 0x000000070fe00000|  0%| F|  |TAMS 0x000000070fc00000, 0x000000070fc00000| Untracked 
| 121|0x000000070fe00000, 0x000000070fe00000, 0x0000000710000000|  0%| F|  |TAMS 0x000000070fe00000, 0x000000070fe00000| Untracked 
| 122|0x0000000710000000, 0x0000000710000000, 0x0000000710200000|  0%| F|  |TAMS 0x0000000710000000, 0x0000000710000000| Untracked 
| 123|0x0000000710200000, 0x0000000710200000, 0x0000000710400000|  0%| F|  |TAMS 0x0000000710200000, 0x0000000710200000| Untracked 
| 124|0x0000000710400000, 0x0000000710400000, 0x0000000710600000|  0%| F|  |TAMS 0x0000000710400000, 0x0000000710400000| Untracked 
| 125|0x0000000710600000, 0x0000000710600000, 0x0000000710800000|  0%| F|  |TAMS 0x0000000710600000, 0x0000000710600000| Untracked 
| 126|0x0000000710800000, 0x0000000710800000, 0x0000000710a00000|  0%| F|  |TAMS 0x0000000710800000, 0x0000000710800000| Untracked 
| 127|0x0000000710a00000, 0x0000000710a00000, 0x0000000710c00000|  0%| F|  |TAMS 0x0000000710a00000, 0x0000000710a00000| Untracked 
| 128|0x0000000710c00000, 0x0000000710c00000, 0x0000000710e00000|  0%| F|  |TAMS 0x0000000710c00000, 0x0000000710c00000| Untracked 
| 129|0x0000000710e00000, 0x0000000710e00000, 0x0000000711000000|  0%| F|  |TAMS 0x0000000710e00000, 0x0000000710e00000| Untracked 
| 130|0x0000000711000000, 0x0000000711000000, 0x0000000711200000|  0%| F|  |TAMS 0x0000000711000000, 0x0000000711000000| Untracked 
| 131|0x0000000711200000, 0x0000000711200000, 0x0000000711400000|  0%| F|  |TAMS 0x0000000711200000, 0x0000000711200000| Untracked 
| 132|0x0000000711400000, 0x0000000711400000, 0x0000000711600000|  0%| F|  |TAMS 0x0000000711400000, 0x0000000711400000| Untracked 
| 133|0x0000000711600000, 0x0000000711600000, 0x0000000711800000|  0%| F|  |TAMS 0x0000000711600000, 0x0000000711600000| Untracked 
| 134|0x0000000711800000, 0x0000000711800000, 0x0000000711a00000|  0%| F|  |TAMS 0x0000000711800000, 0x0000000711800000| Untracked 
| 135|0x0000000711a00000, 0x0000000711a00000, 0x0000000711c00000|  0%| F|  |TAMS 0x0000000711a00000, 0x0000000711a00000| Untracked 
| 136|0x0000000711c00000, 0x0000000711c00000, 0x0000000711e00000|  0%| F|  |TAMS 0x0000000711c00000, 0x0000000711c00000| Untracked 
| 137|0x0000000711e00000, 0x0000000711e00000, 0x0000000712000000|  0%| F|  |TAMS 0x0000000711e00000, 0x0000000711e00000| Untracked 
| 138|0x0000000712000000, 0x0000000712000000, 0x0000000712200000|  0%| F|  |TAMS 0x0000000712000000, 0x0000000712000000| Untracked 
| 139|0x0000000712200000, 0x0000000712200000, 0x0000000712400000|  0%| F|  |TAMS 0x0000000712200000, 0x0000000712200000| Untracked 
| 140|0x0000000712400000, 0x0000000712400000, 0x0000000712600000|  0%| F|  |TAMS 0x0000000712400000, 0x0000000712400000| Untracked 
| 141|0x0000000712600000, 0x0000000712600000, 0x0000000712800000|  0%| F|  |TAMS 0x0000000712600000, 0x0000000712600000| Untracked 
| 142|0x0000000712800000, 0x0000000712a00000, 0x0000000712a00000|100%| S|CS|TAMS 0x0000000712800000, 0x0000000712800000| Complete 
| 143|0x0000000712a00000, 0x0000000712c00000, 0x0000000712c00000|100%| S|CS|TAMS 0x0000000712a00000, 0x0000000712a00000| Complete 
| 144|0x0000000712c00000, 0x0000000712e00000, 0x0000000712e00000|100%| S|CS|TAMS 0x0000000712c00000, 0x0000000712c00000| Complete 
| 145|0x0000000712e00000, 0x0000000713000000, 0x0000000713000000|100%| S|CS|TAMS 0x0000000712e00000, 0x0000000712e00000| Complete 
| 146|0x0000000713000000, 0x0000000713200000, 0x0000000713200000|100%| S|CS|TAMS 0x0000000713000000, 0x0000000713000000| Complete 
| 147|0x0000000713200000, 0x0000000713200000, 0x0000000713400000|  0%| F|  |TAMS 0x0000000713200000, 0x0000000713200000| Untracked 
| 148|0x0000000713400000, 0x0000000713400000, 0x0000000713600000|  0%| F|  |TAMS 0x0000000713400000, 0x0000000713400000| Untracked 
| 149|0x0000000713600000, 0x0000000713600000, 0x0000000713800000|  0%| F|  |TAMS 0x0000000713600000, 0x0000000713600000| Untracked 
| 150|0x0000000713800000, 0x0000000713800000, 0x0000000713a00000|  0%| F|  |TAMS 0x0000000713800000, 0x0000000713800000| Untracked 
| 151|0x0000000713a00000, 0x0000000713a00000, 0x0000000713c00000|  0%| F|  |TAMS 0x0000000713a00000, 0x0000000713a00000| Untracked 
| 152|0x0000000713c00000, 0x0000000713c00000, 0x0000000713e00000|  0%| F|  |TAMS 0x0000000713c00000, 0x0000000713c00000| Untracked 
| 153|0x0000000713e00000, 0x0000000713e00000, 0x0000000714000000|  0%| F|  |TAMS 0x0000000713e00000, 0x0000000713e00000| Untracked 
| 154|0x0000000714000000, 0x0000000714000000, 0x0000000714200000|  0%| F|  |TAMS 0x0000000714000000, 0x0000000714000000| Untracked 
| 155|0x0000000714200000, 0x0000000714200000, 0x0000000714400000|  0%| F|  |TAMS 0x0000000714200000, 0x0000000714200000| Untracked 
| 156|0x0000000714400000, 0x0000000714400000, 0x0000000714600000|  0%| F|  |TAMS 0x0000000714400000, 0x0000000714400000| Untracked 
| 157|0x0000000714600000, 0x0000000714600000, 0x0000000714800000|  0%| F|  |TAMS 0x0000000714600000, 0x0000000714600000| Untracked 
| 158|0x0000000714800000, 0x0000000714800000, 0x0000000714a00000|  0%| F|  |TAMS 0x0000000714800000, 0x0000000714800000| Untracked 
| 159|0x0000000714a00000, 0x0000000714a00000, 0x0000000714c00000|  0%| F|  |TAMS 0x0000000714a00000, 0x0000000714a00000| Untracked 
| 160|0x0000000714c00000, 0x0000000714c00000, 0x0000000714e00000|  0%| F|  |TAMS 0x0000000714c00000, 0x0000000714c00000| Untracked 
| 161|0x0000000714e00000, 0x0000000714e00000, 0x0000000715000000|  0%| F|  |TAMS 0x0000000714e00000, 0x0000000714e00000| Untracked 
| 162|0x0000000715000000, 0x0000000715000000, 0x0000000715200000|  0%| F|  |TAMS 0x0000000715000000, 0x0000000715000000| Untracked 
| 163|0x0000000715200000, 0x0000000715200000, 0x0000000715400000|  0%| F|  |TAMS 0x0000000715200000, 0x0000000715200000| Untracked 
| 164|0x0000000715400000, 0x0000000715400000, 0x0000000715600000|  0%| F|  |TAMS 0x0000000715400000, 0x0000000715400000| Untracked 
| 165|0x0000000715600000, 0x0000000715600000, 0x0000000715800000|  0%| F|  |TAMS 0x0000000715600000, 0x0000000715600000| Untracked 
| 166|0x0000000715800000, 0x0000000715800000, 0x0000000715a00000|  0%| F|  |TAMS 0x0000000715800000, 0x0000000715800000| Untracked 
| 167|0x0000000715a00000, 0x0000000715a00000, 0x0000000715c00000|  0%| F|  |TAMS 0x0000000715a00000, 0x0000000715a00000| Untracked 
| 168|0x0000000715c00000, 0x0000000715c00000, 0x0000000715e00000|  0%| F|  |TAMS 0x0000000715c00000, 0x0000000715c00000| Untracked 
| 169|0x0000000715e00000, 0x0000000715e00000, 0x0000000716000000|  0%| F|  |TAMS 0x0000000715e00000, 0x0000000715e00000| Untracked 
| 170|0x0000000716000000, 0x0000000716000000, 0x0000000716200000|  0%| F|  |TAMS 0x0000000716000000, 0x0000000716000000| Untracked 
| 171|0x0000000716200000, 0x0000000716200000, 0x0000000716400000|  0%| F|  |TAMS 0x0000000716200000, 0x0000000716200000| Untracked 
| 172|0x0000000716400000, 0x0000000716400000, 0x0000000716600000|  0%| F|  |TAMS 0x0000000716400000, 0x0000000716400000| Untracked 
| 173|0x0000000716600000, 0x0000000716600000, 0x0000000716800000|  0%| F|  |TAMS 0x0000000716600000, 0x0000000716600000| Untracked 
| 174|0x0000000716800000, 0x0000000716800000, 0x0000000716a00000|  0%| F|  |TAMS 0x0000000716800000, 0x0000000716800000| Untracked 
| 175|0x0000000716a00000, 0x0000000716a00000, 0x0000000716c00000|  0%| F|  |TAMS 0x0000000716a00000, 0x0000000716a00000| Untracked 
| 176|0x0000000716c00000, 0x0000000716c00000, 0x0000000716e00000|  0%| F|  |TAMS 0x0000000716c00000, 0x0000000716c00000| Untracked 
| 177|0x0000000716e00000, 0x0000000716e00000, 0x0000000717000000|  0%| F|  |TAMS 0x0000000716e00000, 0x0000000716e00000| Untracked 
| 178|0x0000000717000000, 0x0000000717000000, 0x0000000717200000|  0%| F|  |TAMS 0x0000000717000000, 0x0000000717000000| Untracked 
| 179|0x0000000717200000, 0x0000000717200000, 0x0000000717400000|  0%| F|  |TAMS 0x0000000717200000, 0x0000000717200000| Untracked 
| 180|0x0000000717400000, 0x0000000717400000, 0x0000000717600000|  0%| F|  |TAMS 0x0000000717400000, 0x0000000717400000| Untracked 
| 181|0x0000000717600000, 0x0000000717600000, 0x0000000717800000|  0%| F|  |TAMS 0x0000000717600000, 0x0000000717600000| Untracked 

Card table byte_map: [0x00000204a07d0000,0x00000204a0fd0000] _byte_map_base: 0x000002049cfca000

Marking Bits (Prev, Next): (CMBitMap*) 0x00000204872ecc20, (CMBitMap*) 0x00000204872ecbe0
 Prev Bits: [0x00000204a57a0000, 0x00000204a9770000)
 Next Bits: [0x00000204a17d0000, 0x00000204a57a0000)

Polling page: 0x0000020490980000

Metaspace:

Usage:
  Non-class:     28.71 MB used.
      Class:      3.38 MB used.
       Both:     32.09 MB used.

Virtual space:
  Non-class space:       64.00 MB reserved,      28.81 MB ( 45%) committed,  1 nodes.
      Class space:        1.00 GB reserved,       3.50 MB ( <1%) committed,  1 nodes.
             Both:        1.06 GB reserved,      32.31 MB (  3%) committed. 

Chunk freelists:
   Non-Class:  2.81 MB
       Class:  336.00 KB
        Both:  3.14 MB

MaxMetaspaceSize: unlimited
CompressedClassSpaceSize: 1.00 GB
Initial GC threshold: 21.00 MB
Current GC threshold: 53.88 MB
CDS: on
MetaspaceReclaimPolicy: balanced
 - commit_granule_bytes: 65536.
 - commit_granule_words: 8192.
 - virtual_space_node_default_size: 8388608.
 - enlarge_chunks_in_place: 1.
 - new_chunks_are_fully_committed: 0.
 - uncommit_free_chunks: 1.
 - use_allocation_guard: 0.


Internal statistics:

num_allocs_failed_limit: 3.
num_arena_births: 228.
num_arena_deaths: 0.
num_vsnodes_births: 2.
num_vsnodes_deaths: 0.
num_space_committed: 517.
num_space_uncommitted: 0.
num_chunks_returned_to_freelist: 3.
num_chunks_taken_from_freelist: 959.
num_chunk_merges: 0.
num_chunk_splits: 728.
num_chunks_enlarged: 619.
num_inconsistent_stats: 0.

CodeHeap 'non-profiled nmethods': size=120000Kb used=3255Kb max_used=3255Kb free=116744Kb
 bounds [0x0000020498470000, 0x00000204987a0000, 0x000002049f9a0000]
CodeHeap 'profiled nmethods': size=120000Kb used=9644Kb max_used=10965Kb free=110356Kb
 bounds [0x00000204909a0000, 0x0000020491460000, 0x0000020497ed0000]
CodeHeap 'non-nmethods': size=5760Kb used=1517Kb max_used=1576Kb free=4242Kb
 bounds [0x0000020497ed0000, 0x0000020498140000, 0x0000020498470000]
 total_blobs=5538 nmethods=4836 adapters=612
 compilation: enabled
              stopped_count=0, restarted_count=0
 full_count=0

Compilation events (20 events):
Event: 132.136 Thread 0x00000204abdea280 5744       2       org.apache.pdfbox.filter.Filter::decode (10 bytes)
Event: 132.136 Thread 0x00000204abdb9580 nmethod 5739% 0x000002049879da10 code [0x000002049879dba0, 0x000002049879dd98]
Event: 132.136 Thread 0x00000204abdb9580 5743       4       org.apache.pdfbox.text.PDFTextStripper::normalizeWord (200 bytes)
Event: 132.136 Thread 0x00000204abdea280 nmethod 5744 0x0000020490ae4e90 code [0x0000020490ae5040, 0x0000020490ae51a8]
Event: 132.136 Thread 0x00000204abdea280 5745   !   2       org.apache.pdfbox.filter.FlateFilter::decode (54 bytes)
Event: 132.136 Thread 0x00000204abdea280 nmethod 5745 0x00000204912bf210 code [0x00000204912bf400, 0x00000204912bf798]
Event: 132.145 Thread 0x00000204abdea280 5747       2       jdk.internal.math.FDBigInteger::big5pow (37 bytes)
Event: 132.145 Thread 0x00000204abdea280 nmethod 5747 0x0000020490ae4890 code [0x0000020490ae4a40, 0x0000020490ae4ba8]
Event: 132.145 Thread 0x00000204abdea280 5748       2       jdk.internal.math.FDBigInteger::<init> (194 bytes)
Event: 132.146 Thread 0x00000204abdea280 nmethod 5748 0x00000204909c8690 code [0x00000204909c8880, 0x00000204909c8de8]
Event: 132.146 Thread 0x00000204abdea280 5749       2       jdk.internal.math.FDBigInteger::multByPow52 (154 bytes)
Event: 132.146 Thread 0x00000204abdea280 nmethod 5749 0x0000020490a79290 code [0x0000020490a794a0, 0x0000020490a79ab8]
Event: 132.151 Thread 0x00000204abdea280 5750       2       java.awt.geom.Path2D$Double::<init> (108 bytes)
Event: 132.151 Thread 0x00000204abdea280 nmethod 5750 0x0000020490ac4110 code [0x0000020490ac4340, 0x0000020490ac4aa8]
Event: 132.159 Thread 0x00000204abdea280 5752       3       jdk.internal.math.FloatToDecimal::toDecimalString (70 bytes)
Event: 132.159 Thread 0x00000204abdea280 nmethod 5752 0x00000204912bec10 code [0x00000204912bede0, 0x00000204912bf0d8]
Event: 132.161 Thread 0x00000204abdea280 5753       3       java.math.BigDecimal::getValueString (160 bytes)
Event: 132.161 Thread 0x00000204abdea280 nmethod 5753 0x000002049133e510 code [0x000002049133e840, 0x000002049133f858]
Event: 132.163 Thread 0x00000204abdea280 5754       3       java.math.BigDecimal$StringBuilderHelper::putIntCompact (197 bytes)
Event: 132.163 Thread 0x00000204abdea280 nmethod 5754 0x0000020490ba4110 code [0x0000020490ba4300, 0x0000020490ba4818]

GC Heap History (20 events):
Event: 130.768 GC heap after
{Heap after GC invocations=12 (full 0):
 garbage-first heap   total 161792K, used 63828K [0x0000000700c00000, 0x0000000800000000)
  region size 2048K, 5 young (10240K), 5 survivors (10240K)
 Metaspace       used 32462K, committed 32768K, reserved 1114112K
  class space    used 3429K, committed 3584K, reserved 1048576K
}
Event: 130.951 GC heap before
{Heap before GC invocations=12 (full 0):
 garbage-first heap   total 161792K, used 119124K [0x0000000700c00000, 0x0000000800000000)
  region size 2048K, 32 young (65536K), 5 survivors (10240K)
 Metaspace       used 32492K, committed 32832K, reserved 1114112K
  class space    used 3429K, committed 3584K, reserved 1048576K
}
Event: 130.963 GC heap after
{Heap after GC invocations=13 (full 0):
 garbage-first heap   total 161792K, used 73725K [0x0000000700c00000, 0x0000000800000000)
  region size 2048K, 4 young (8192K), 4 survivors (8192K)
 Metaspace       used 32492K, committed 32832K, reserved 1114112K
  class space    used 3429K, committed 3584K, reserved 1048576K
}
Event: 131.016 GC heap before
{Heap before GC invocations=13 (full 0):
 garbage-first heap   total 161792K, used 122877K [0x0000000700c00000, 0x0000000800000000)
  region size 2048K, 28 young (57344K), 4 survivors (8192K)
 Metaspace       used 32500K, committed 32832K, reserved 1114112K
  class space    used 3429K, committed 3584K, reserved 1048576K
}
Event: 131.035 GC heap after
{Heap after GC invocations=14 (full 0):
 garbage-first heap   total 161792K, used 92160K [0x0000000700c00000, 0x0000000800000000)
  region size 2048K, 4 young (8192K), 4 survivors (8192K)
 Metaspace       used 32500K, committed 32832K, reserved 1114112K
  class space    used 3429K, committed 3584K, reserved 1048576K
}
Event: 131.079 GC heap before
{Heap before GC invocations=14 (full 0):
 garbage-first heap   total 161792K, used 122880K [0x0000000700c00000, 0x0000000800000000)
  region size 2048K, 19 young (38912K), 4 survivors (8192K)
 Metaspace       used 32508K, committed 32832K, reserved 1114112K
  class space    used 3429K, committed 3584K, reserved 1048576K
}
Event: 131.093 GC heap after
{Heap after GC invocations=15 (full 0):
 garbage-first heap   total 323584K, used 104448K [0x0000000700c00000, 0x0000000800000000)
  region size 2048K, 3 young (6144K), 3 survivors (6144K)
 Metaspace       used 32508K, committed 32832K, reserved 1114112K
  class space    used 3429K, committed 3584K, reserved 1048576K
}
Event: 131.302 GC heap before
{Heap before GC invocations=16 (full 0):
 garbage-first heap   total 323584K, used 202752K [0x0000000700c00000, 0x0000000800000000)
  region size 2048K, 52 young (106496K), 3 survivors (6144K)
 Metaspace       used 32513K, committed 32832K, reserved 1114112K
  class space    used 3429K, committed 3584K, reserved 1048576K
}
Event: 131.332 GC heap after
{Heap after GC invocations=17 (full 0):
 garbage-first heap   total 323584K, used 146095K [0x0000000700c00000, 0x0000000800000000)
  region size 2048K, 7 young (14336K), 7 survivors (14336K)
 Metaspace       used 32513K, committed 32832K, reserved 1114112K
  class space    used 3429K, committed 3584K, reserved 1048576K
}
Event: 131.334 GC heap before
{Heap before GC invocations=17 (full 0):
 garbage-first heap   total 323584K, used 148143K [0x0000000700c00000, 0x0000000800000000)
  region size 2048K, 8 young (16384K), 7 survivors (14336K)
 Metaspace       used 32513K, committed 32832K, reserved 1114112K
  class space    used 3429K, committed 3584K, reserved 1048576K
}
Event: 131.344 GC heap after
{Heap after GC invocations=18 (full 0):
 garbage-first heap   total 323584K, used 148951K [0x0000000700c00000, 0x0000000800000000)
  region size 2048K, 1 young (2048K), 1 survivors (2048K)
 Metaspace       used 32513K, committed 32832K, reserved 1114112K
  class space    used 3429K, committed 3584K, reserved 1048576K
}
Event: 131.477 GC heap before
{Heap before GC invocations=18 (full 0):
 garbage-first heap   total 323584K, used 220631K [0x0000000700c00000, 0x0000000800000000)
  region size 2048K, 37 young (75776K), 1 survivors (2048K)
 Metaspace       used 32750K, committed 33024K, reserved 1114112K
  class space    used 3454K, committed 3584K, reserved 1048576K
}
Event: 131.495 GC heap after
{Heap after GC invocations=19 (full 0):
 garbage-first heap   total 323584K, used 176128K [0x0000000700c00000, 0x0000000800000000)
  region size 2048K, 5 young (10240K), 5 survivors (10240K)
 Metaspace       used 32750K, committed 33024K, reserved 1114112K
  class space    used 3454K, committed 3584K, reserved 1048576K
}
Event: 131.774 GC heap before
{Heap before GC invocations=19 (full 0):
 garbage-first heap   total 372736K, used 235520K [0x0000000700c00000, 0x0000000800000000)
  region size 2048K, 34 young (69632K), 5 survivors (10240K)
 Metaspace       used 32828K, committed 33088K, reserved 1114112K
  class space    used 3458K, committed 3584K, reserved 1048576K
}
Event: 131.785 GC heap after
{Heap after GC invocations=20 (full 0):
 garbage-first heap   total 372736K, used 191287K [0x0000000700c00000, 0x0000000800000000)
  region size 2048K, 5 young (10240K), 5 survivors (10240K)
 Metaspace       used 32828K, committed 33088K, reserved 1114112K
  class space    used 3458K, committed 3584K, reserved 1048576K
}
Event: 132.013 GC heap before
{Heap before GC invocations=21 (full 0):
 garbage-first heap   total 372736K, used 262967K [0x0000000700c00000, 0x0000000800000000)
  region size 2048K, 41 young (83968K), 5 survivors (10240K)
 Metaspace       used 32844K, committed 33088K, reserved 1114112K
  class space    used 3458K, committed 3584K, reserved 1048576K
}
Event: 132.023 GC heap after
{Heap after GC invocations=22 (full 0):
 garbage-first heap   total 372736K, used 205661K [0x0000000700c00000, 0x0000000800000000)
  region size 2048K, 6 young (12288K), 6 survivors (12288K)
 Metaspace       used 32844K, committed 33088K, reserved 1114112K
  class space    used 3458K, committed 3584K, reserved 1048576K
}
Event: 132.039 GC heap before
{Heap before GC invocations=22 (full 0):
 garbage-first heap   total 372736K, used 211805K [0x0000000700c00000, 0x0000000800000000)
  region size 2048K, 9 young (18432K), 6 survivors (12288K)
 Metaspace       used 32844K, committed 33088K, reserved 1114112K
  class space    used 3458K, committed 3584K, reserved 1048576K
}
Event: 132.049 GC heap after
{Heap after GC invocations=23 (full 0):
 garbage-first heap   total 372736K, used 205876K [0x0000000700c00000, 0x0000000800000000)
  region size 2048K, 2 young (4096K), 2 survivors (4096K)
 Metaspace       used 32844K, committed 33088K, reserved 1114112K
  class space    used 3458K, committed 3584K, reserved 1048576K
}
Event: 132.165 GC heap before
{Heap before GC invocations=23 (full 0):
 garbage-first heap   total 372736K, used 273460K [0x0000000700c00000, 0x0000000800000000)
  region size 2048K, 35 young (71680K), 2 survivors (4096K)
 Metaspace       used 32861K, committed 33088K, reserved 1114112K
  class space    used 3458K, committed 3584K, reserved 1048576K
}

Dll operation events (14 events):
Event: 0.012 Loaded shared library C:\Program Files\Java\jdk-19\bin\java.dll
Event: 0.035 Loaded shared library C:\Program Files\Java\jdk-19\bin\jsvml.dll
Event: 0.296 Loaded shared library C:\Program Files\Java\jdk-19\bin\zip.dll
Event: 0.299 Loaded shared library C:\Program Files\Java\jdk-19\bin\instrument.dll
Event: 0.307 Loaded shared library C:\Program Files\Java\jdk-19\bin\net.dll
Event: 0.308 Loaded shared library C:\Program Files\Java\jdk-19\bin\nio.dll
Event: 0.312 Loaded shared library C:\Program Files\Java\jdk-19\bin\zip.dll
Event: 0.505 Loaded shared library C:\Program Files\Java\jdk-19\bin\jimage.dll
Event: 0.561 Loaded shared library C:\Program Files\Java\jdk-19\bin\verify.dll
Event: 0.835 Loaded shared library C:\Program Files\Java\jdk-19\bin\extnet.dll
Event: 1.060 Loaded shared library C:\Program Files\Java\jdk-19\bin\sunmscapi.dll
Event: 2.862 Loaded shared library C:\Program Files\Java\jdk-19\bin\management.dll
Event: 2.868 Loaded shared library C:\Program Files\Java\jdk-19\bin\management_ext.dll
Event: 6.700 Loaded shared library C:\Program Files\Java\jdk-19\bin\awt.dll

Deoptimization events (20 events):
Event: 132.127 Thread 0x000002048727bed0 DEOPT PACKING pc=0x0000020491313225 sp=0x000000afcdcfe9e0
Event: 132.127 Thread 0x000002048727bed0 DEOPT UNPACKING pc=0x0000020497f37543 sp=0x000000afcdcfdf00 mode 0
Event: 132.134 Thread 0x000002048727bed0 Uncommon trap: trap_request=0xffffffbe fr.pc=0x000002049879c460 relative=0x0000000000001d20
Event: 132.134 Thread 0x000002048727bed0 Uncommon trap: reason=profile_predicate action=maybe_recompile pc=0x000002049879c460 method=org.apache.pdfbox.text.PDFTextStripper.normalizeWord(Ljava/lang/String;)Ljava/lang/String; @ 17 c2
Event: 132.134 Thread 0x000002048727bed0 DEOPT PACKING pc=0x000002049879c460 sp=0x000000afcdcfe910
Event: 132.134 Thread 0x000002048727bed0 DEOPT UNPACKING pc=0x0000020497f36da3 sp=0x000000afcdcfe910 mode 2
Event: 132.134 Thread 0x000002048727bed0 Uncommon trap: trap_request=0xffffffbe fr.pc=0x000002049879c460 relative=0x0000000000001d20
Event: 132.134 Thread 0x000002048727bed0 Uncommon trap: reason=profile_predicate action=maybe_recompile pc=0x000002049879c460 method=org.apache.pdfbox.text.PDFTextStripper.normalizeWord(Ljava/lang/String;)Ljava/lang/String; @ 17 c2
Event: 132.134 Thread 0x000002048727bed0 DEOPT PACKING pc=0x000002049879c460 sp=0x000000afcdcfe910
Event: 132.134 Thread 0x000002048727bed0 DEOPT UNPACKING pc=0x0000020497f36da3 sp=0x000000afcdcfe910 mode 2
Event: 132.134 Thread 0x000002048727bed0 Uncommon trap: trap_request=0xffffffbe fr.pc=0x000002049879c460 relative=0x0000000000001d20
Event: 132.134 Thread 0x000002048727bed0 Uncommon trap: reason=profile_predicate action=maybe_recompile pc=0x000002049879c460 method=org.apache.pdfbox.text.PDFTextStripper.normalizeWord(Ljava/lang/String;)Ljava/lang/String; @ 17 c2
Event: 132.134 Thread 0x000002048727bed0 DEOPT PACKING pc=0x000002049879c460 sp=0x000000afcdcfe910
Event: 132.134 Thread 0x000002048727bed0 DEOPT UNPACKING pc=0x0000020497f36da3 sp=0x000000afcdcfe910 mode 2
Event: 132.134 Thread 0x000002048727bed0 Uncommon trap: trap_request=0xffffffbe fr.pc=0x000002049879c460 relative=0x0000000000001d20
Event: 132.134 Thread 0x000002048727bed0 Uncommon trap: reason=profile_predicate action=maybe_recompile pc=0x000002049879c460 method=org.apache.pdfbox.text.PDFTextStripper.normalizeWord(Ljava/lang/String;)Ljava/lang/String; @ 17 c2
Event: 132.134 Thread 0x000002048727bed0 DEOPT PACKING pc=0x000002049879c460 sp=0x000000afcdcfe910
Event: 132.134 Thread 0x000002048727bed0 DEOPT UNPACKING pc=0x0000020497f36da3 sp=0x000000afcdcfe910 mode 2
Event: 132.152 Thread 0x000002048727bed0 DEOPT PACKING pc=0x0000020491313225 sp=0x000000afcdcfe9e0
Event: 132.152 Thread 0x000002048727bed0 DEOPT UNPACKING pc=0x0000020497f37543 sp=0x000000afcdcfdf00 mode 0

Classes loaded (20 events):
Event: 130.063 Loading class jdk/internal/math/FDBigInteger
Event: 130.063 Loading class jdk/internal/math/FDBigInteger done
Event: 130.067 Loading class java/text/Bidi
Event: 130.068 Loading class java/text/Bidi done
Event: 130.068 Loading class jdk/internal/icu/text/BidiBase
Event: 130.069 Loading class jdk/internal/icu/text/BidiBase done
Event: 130.069 Loading class jdk/internal/icu/text/BidiBase$ImpTabPair
Event: 130.069 Loading class jdk/internal/icu/text/BidiBase$ImpTabPair done
Event: 130.069 Loading class jdk/internal/icu/text/BidiRun
Event: 130.069 Loading class jdk/internal/icu/text/BidiRun done
Event: 130.069 Loading class jdk/internal/icu/text/BidiBase$InsertPoints
Event: 130.070 Loading class jdk/internal/icu/text/BidiBase$InsertPoints done
Event: 130.070 Loading class jdk/internal/icu/text/BidiBase$Point
Event: 130.070 Loading class jdk/internal/icu/text/BidiBase$Point done
Event: 130.070 Loading class jdk/internal/icu/impl/UBiDiProps
Event: 130.070 Loading class jdk/internal/icu/impl/UBiDiProps done
Event: 130.070 Loading class jdk/internal/icu/impl/UBiDiProps$IsAcceptable
Event: 130.070 Loading class jdk/internal/icu/impl/UBiDiProps$IsAcceptable done
Event: 130.071 Loading class jdk/internal/icu/text/UTF16
Event: 130.071 Loading class jdk/internal/icu/text/UTF16 done

Classes unloaded (0 events):
No events

Classes redefined (0 events):
No events

Internal exceptions (20 events):
Event: 3.159 Thread 0x000002048727bed0 Exception <a 'java/lang/NoSuchMethodError'{0x000000070b9c5c10}: 'int java.lang.invoke.DirectMethodHandle$Holder.invokeSpecialIFC(java.lang.Object, java.lang.Object, java.lang.Object, java.lang.Object)'> (0x000000070b9c5c10) 
thrown [s\open\src\hotspot\share\interpreter\linkResolver.cpp, line 774]
Event: 3.213 Thread 0x00000204b2c16890 Exception <a 'java/net/ConnectException'{0x0000000710a79ec8}: Connection refused: no further information> (0x0000000710a79ec8) 
thrown [s\open\src\hotspot\share\prims\jni.cpp, line 536]
Event: 3.239 Thread 0x00000204b2c16890 Exception <a 'java/net/ConnectException'{0x0000000710a7b960}: Connection refused: no further information> (0x0000000710a7b960) 
thrown [s\open\src\hotspot\share\prims\jni.cpp, line 536]
Event: 3.271 Thread 0x00000204b2c16890 Exception <a 'java/net/ConnectException'{0x0000000710a7c900}: Connection refused: no further information> (0x0000000710a7c900) 
thrown [s\open\src\hotspot\share\prims\jni.cpp, line 536]
Event: 3.320 Thread 0x00000204b2c16890 Exception <a 'java/net/ConnectException'{0x0000000710a7d8a0}: Connection refused: no further information> (0x0000000710a7d8a0) 
thrown [s\open\src\hotspot\share\prims\jni.cpp, line 536]
Event: 3.436 Thread 0x000002048727bed0 Exception <a 'java/lang/NoSuchMethodError'{0x0000000703b9a598}: 'int java.lang.invoke.DirectMethodHandle$Holder.invokeVirtual(java.lang.Object, java.lang.Object)'> (0x0000000703b9a598) 
thrown [s\open\src\hotspot\share\interpreter\linkResolver.cpp, line 774]
Event: 3.437 Thread 0x000002048727bed0 Exception <a 'java/lang/NoSuchMethodError'{0x0000000703ba0b98}: 'double java.lang.invoke.DirectMethodHandle$Holder.invokeVirtual(java.lang.Object, java.lang.Object)'> (0x0000000703ba0b98) 
thrown [s\open\src\hotspot\share\interpreter\linkResolver.cpp, line 774]
Event: 3.438 Thread 0x000002048727bed0 Exception <a 'java/lang/NoSuchMethodError'{0x0000000703ba7428}: 'float java.lang.invoke.DirectMethodHandle$Holder.invokeVirtual(java.lang.Object, java.lang.Object)'> (0x0000000703ba7428) 
thrown [s\open\src\hotspot\share\interpreter\linkResolver.cpp, line 774]
Event: 3.439 Thread 0x000002048727bed0 Exception <a 'java/lang/NoSuchMethodError'{0x0000000703bb0600}: 'long java.lang.invoke.DirectMethodHandle$Holder.invokeVirtual(java.lang.Object, java.lang.Object)'> (0x0000000703bb0600) 
thrown [s\open\src\hotspot\share\interpreter\linkResolver.cpp, line 774]
Event: 3.475 Thread 0x000002048727bed0 Exception <a 'java/lang/NoSuchMethodError'{0x0000000703636e40}: 'void java.lang.invoke.DirectMethodHandle$Holder.invokeStatic(java.lang.Object, java.lang.Object, int)'> (0x0000000703636e40) 
thrown [s\open\src\hotspot\share\interpreter\linkResolver.cpp, line 774]
Event: 3.496 Thread 0x000002048727bed0 Exception <a 'java/lang/NoSuchMethodError'{0x00000007037c4520}: 'java.lang.Object java.lang.invoke.DirectMethodHandle$Holder.newInvokeSpecial(java.lang.Object, java.lang.Object, java.lang.Object, java.lang.Object, java.lang.Object)'> (0x00000007037c4520) 
thrown [s\open\src\hotspot\share\interpreter\linkResolver.cpp, line 774]
Event: 3.532 Thread 0x000002048727bed0 Exception <a 'java/lang/NoSuchMethodError'{0x00000007033458b0}: 'int java.lang.invoke.DirectMethodHandle$Holder.invokeSpecialIFC(java.lang.Object, java.lang.Object, java.lang.Object)'> (0x00000007033458b0) 
thrown [s\open\src\hotspot\share\interpreter\linkResolver.cpp, line 774]
Event: 3.581 Thread 0x000002048727bed0 Exception <a 'java/lang/NoSuchMethodError'{0x0000000702e40960}: 'void java.lang.invoke.DirectMethodHandle$Holder.invokeStatic(java.lang.Object, java.lang.Object, java.lang.Object, java.lang.Object)'> (0x0000000702e40960) 
thrown [s\open\src\hotspot\share\interpreter\linkResolver.cpp, line 774]
Event: 3.627 Thread 0x000002048727bed0 Exception <a 'java/lang/NoSuchMethodError'{0x0000000702b4e6e0}: 'void java.lang.invoke.DirectMethodHandle$Holder.invokeSpecial(java.lang.Object, java.lang.Object, java.lang.Object, java.lang.Object, java.lang.Object, java.lang.Object)'> (0x0000000702b4e6e0) 
thrown [s\open\src\hotspot\share\interpreter\linkResolver.cpp, line 774]
Event: 4.939 Thread 0x000002048727bed0 Exception <a 'java/lang/NoSuchMethodError'{0x0000000703a40170}: 'java.lang.Object java.lang.invoke.DirectMethodHandle$Holder.invokeSpecialIFC(java.lang.Object, java.lang.Object, java.lang.Object)'> (0x0000000703a40170) 
thrown [s\open\src\hotspot\share\interpreter\linkResolver.cpp, line 774]
Event: 4.959 Thread 0x000002048727bed0 Exception <a 'java/lang/ClassNotFoundException'{0x0000000703b0e3b8}: sun/util/logging/resources/spi/loggingProvider> (0x0000000703b0e3b8) 
thrown [s\open\src\hotspot\share\classfile\systemDictionary.cpp, line 255]
Event: 6.695 Thread 0x000002048727bed0 Exception <a 'java/lang/ClassNotFoundException'{0x0000000702e57b00}: sun/awt/resources/spi/awtProvider> (0x0000000702e57b00) 
thrown [s\open\src\hotspot\share\classfile\systemDictionary.cpp, line 255]
Event: 6.701 Thread 0x000002048727bed0 Exception <a 'java/io/FileNotFoundException'{0x0000000702e5df58}> (0x0000000702e5df58) 
thrown [s\open\src\hotspot\share\prims\jni.cpp, line 517]
Event: 6.707 Thread 0x000002048727bed0 Exception <a 'java/io/FileNotFoundException'{0x0000000702e8bb88}> (0x0000000702e8bb88) 
thrown [s\open\src\hotspot\share\prims\jni.cpp, line 517]
Event: 131.614 Thread 0x000002048727bed0 Implicit null exception at 0x00000204986abdcd to 0x00000204986ac4d0

VM Operations (20 events):
Event: 131.293 Executing VM operation: G1PauseCleanup done
Event: 131.302 Executing VM operation: G1CollectForAllocation
Event: 131.333 Executing VM operation: G1CollectForAllocation done
Event: 131.334 Executing VM operation: G1CollectForAllocation
Event: 131.344 Executing VM operation: G1CollectForAllocation done
Event: 131.477 Executing VM operation: G1CollectForAllocation
Event: 131.495 Executing VM operation: G1CollectForAllocation done
Event: 131.610 Executing VM operation: HandshakeAllThreads
Event: 131.610 Executing VM operation: HandshakeAllThreads done
Event: 131.720 Executing VM operation: G1PauseRemark
Event: 131.722 Executing VM operation: G1PauseRemark done
Event: 131.774 Executing VM operation: G1CollectForAllocation
Event: 131.786 Executing VM operation: G1CollectForAllocation done
Event: 131.840 Executing VM operation: G1PauseCleanup
Event: 131.840 Executing VM operation: G1PauseCleanup done
Event: 132.013 Executing VM operation: G1CollectForAllocation
Event: 132.023 Executing VM operation: G1CollectForAllocation done
Event: 132.039 Executing VM operation: G1CollectForAllocation
Event: 132.049 Executing VM operation: G1CollectForAllocation done
Event: 132.165 Executing VM operation: G1CollectForAllocation

Events (20 events):
Event: 130.263 Thread 0x00000204abdfcbe0 flushing nmethod 0x00000204913d3f90
Event: 130.263 Thread 0x00000204abdfcbe0 flushing nmethod 0x00000204913d4b10
Event: 130.263 Thread 0x00000204abdfcbe0 flushing nmethod 0x00000204913d6b90
Event: 130.263 Thread 0x00000204abdfcbe0 flushing nmethod 0x00000204913d7010
Event: 130.263 Thread 0x00000204abdfcbe0 flushing nmethod 0x00000204913d9610
Event: 130.263 Thread 0x00000204abdfcbe0 flushing nmethod 0x00000204913d9a90
Event: 130.263 Thread 0x00000204abdfcbe0 flushing nmethod 0x00000204913e0910
Event: 130.263 Thread 0x00000204abdfcbe0 flushing nmethod 0x00000204913e5e90
Event: 130.263 Thread 0x00000204abdfcbe0 flushing nmethod 0x00000204913e7e10
Event: 130.263 Thread 0x00000204abdfcbe0 flushing nmethod 0x00000204913e8590
Event: 130.263 Thread 0x00000204abdfcbe0 flushing nmethod 0x00000204913e9710
Event: 130.263 Thread 0x00000204abdfcbe0 flushing nmethod 0x00000204913e9a90
Event: 130.263 Thread 0x00000204abdfcbe0 flushing nmethod 0x00000204913e9f90
Event: 130.263 Thread 0x00000204abdfcbe0 flushing nmethod 0x00000204913ea790
Event: 130.263 Thread 0x00000204abdfcbe0 flushing nmethod 0x00000204913eb610
Event: 130.263 Thread 0x00000204abdfcbe0 flushing nmethod 0x00000204913eb990
Event: 130.263 Thread 0x00000204abdfcbe0 flushing nmethod 0x00000204913ec190
Event: 130.263 Thread 0x00000204abdfcbe0 flushing nmethod 0x00000204913efd10
Event: 130.263 Thread 0x00000204abdfcbe0 flushing nmethod 0x00000204913f0e90
Event: 130.263 Thread 0x00000204abdfcbe0 flushing nmethod 0x00000204913f1690


Dynamic libraries:
0x00007ff68df90000 - 0x00007ff68dfa0000 	C:\Program Files\Java\jdk-19\bin\javaw.exe
0x00007ffd55570000 - 0x00007ffd55768000 	C:\Windows\SYSTEM32\ntdll.dll
0x00007ffd551f0000 - 0x00007ffd552af000 	C:\Windows\System32\KERNEL32.DLL
0x00007ffd52da0000 - 0x00007ffd53072000 	C:\Windows\System32\KERNELBASE.dll
0x00007ffd531e0000 - 0x00007ffd532e0000 	C:\Windows\System32\ucrtbase.dll
0x00007ffd48a80000 - 0x00007ffd48a9b000 	C:\Program Files\Java\jdk-19\bin\VCRUNTIME140.dll
0x00007ffd23640000 - 0x00007ffd23658000 	C:\Program Files\Java\jdk-19\bin\jli.dll
0x00007ffd54be0000 - 0x00007ffd54c8e000 	C:\Windows\System32\ADVAPI32.dll
0x00007ffd55360000 - 0x00007ffd553fe000 	C:\Windows\System32\msvcrt.dll
0x00007ffd54f60000 - 0x00007ffd54ffc000 	C:\Windows\System32\sechost.dll
0x00007ffd55400000 - 0x00007ffd55525000 	C:\Windows\System32\RPCRT4.dll
0x00007ffd54c90000 - 0x00007ffd54e2d000 	C:\Windows\System32\USER32.dll
0x00007ffd41220000 - 0x00007ffd414ba000 	C:\Windows\WinSxS\amd64_microsoft.windows.common-controls_6595b64144ccf1df_6.0.19041.1110_none_60b5254171f9507e\COMCTL32.dll
0x00007ffd52ce0000 - 0x00007ffd52d02000 	C:\Windows\System32\win32u.dll
0x00007ffd53c00000 - 0x00007ffd53c2b000 	C:\Windows\System32\GDI32.dll
0x00007ffd53330000 - 0x00007ffd5343f000 	C:\Windows\System32\gdi32full.dll
0x00007ffd53440000 - 0x00007ffd534dd000 	C:\Windows\System32\msvcp_win.dll
0x00007ffd4a920000 - 0x00007ffd4a92a000 	C:\Windows\SYSTEM32\VERSION.dll
0x00007ffd55130000 - 0x00007ffd55162000 	C:\Windows\System32\IMM32.DLL
0x00007ffcee0b0000 - 0x00007ffcee0bc000 	C:\Program Files\Java\jdk-19\bin\vcruntime140_1.dll
0x00007ffcee020000 - 0x00007ffcee0ae000 	C:\Program Files\Java\jdk-19\bin\msvcp140.dll
0x00007ffce6ad0000 - 0x00007ffce7790000 	C:\Program Files\Java\jdk-19\bin\server\jvm.dll
0x00007ffd398d0000 - 0x00007ffd398d9000 	C:\Windows\SYSTEM32\WSOCK32.dll
0x00007ffd46af0000 - 0x00007ffd46b17000 	C:\Windows\SYSTEM32\WINMM.dll
0x00007ffd53ee0000 - 0x00007ffd53f4b000 	C:\Windows\System32\WS2_32.dll
0x00007ffd50a40000 - 0x00007ffd50a52000 	C:\Windows\SYSTEM32\kernel.appcore.dll
0x00007ffcee010000 - 0x00007ffcee01a000 	C:\Program Files\Java\jdk-19\bin\jimage.dll
0x00007ffd4c990000 - 0x00007ffd4cb74000 	C:\Windows\SYSTEM32\DBGHELP.DLL
0x00007ffd4c740000 - 0x00007ffd4c76c000 	C:\Windows\SYSTEM32\dbgcore.DLL
0x00007ffd52d10000 - 0x00007ffd52d92000 	C:\Windows\System32\bcryptPrimitives.dll
0x00007ffd1d2a0000 - 0x00007ffd1d2dc000 	C:\Program Files\Java\jdk-19\bin\jdwp.dll
0x00007ffd36de0000 - 0x00007ffd36dee000 	C:\Program Files\Java\jdk-19\bin\instrument.dll
0x00007ffced6f0000 - 0x00007ffced716000 	C:\Program Files\Java\jdk-19\bin\java.dll
0x00007ffce69f0000 - 0x00007ffce6ac7000 	C:\Program Files\Java\jdk-19\bin\jsvml.dll
0x00007ffd54490000 - 0x00007ffd54bd3000 	C:\Windows\System32\SHELL32.dll
0x00007ffd50c40000 - 0x00007ffd513d2000 	C:\Windows\SYSTEM32\windows.storage.dll
0x00007ffd535d0000 - 0x00007ffd53924000 	C:\Windows\System32\combase.dll
0x00007ffd525f0000 - 0x00007ffd52620000 	C:\Windows\SYSTEM32\Wldp.dll
0x00007ffd552b0000 - 0x00007ffd5535d000 	C:\Windows\System32\SHCORE.dll
0x00007ffd53c30000 - 0x00007ffd53c85000 	C:\Windows\System32\shlwapi.dll
0x00007ffd52bb0000 - 0x00007ffd52bcf000 	C:\Windows\SYSTEM32\profapi.dll
0x00007ffd36b50000 - 0x00007ffd36b5c000 	C:\Program Files\Java\jdk-19\bin\dt_socket.dll
0x00007ffd52040000 - 0x00007ffd5207b000 	C:\Windows\SYSTEM32\IPHLPAPI.DLL
0x00007ffd52350000 - 0x00007ffd523ba000 	C:\Windows\system32\mswsock.dll
0x00007ffd52080000 - 0x00007ffd5214a000 	C:\Windows\SYSTEM32\DNSAPI.dll
0x00007ffd535c0000 - 0x00007ffd535c8000 	C:\Windows\System32\NSI.dll
0x00007ffd492e0000 - 0x00007ffd492ea000 	C:\Windows\System32\rasadhlp.dll
0x00007ffd4ad70000 - 0x00007ffd4adf0000 	C:\Windows\System32\fwpuclnt.dll
0x00007ffd53590000 - 0x00007ffd535b7000 	C:\Windows\System32\bcrypt.dll
0x00007ffcec010000 - 0x00007ffcec028000 	C:\Program Files\Java\jdk-19\bin\zip.dll
0x00007ffcedff0000 - 0x00007ffcee003000 	C:\Program Files\Java\jdk-19\bin\net.dll
0x00007ffd51bf0000 - 0x00007ffd51cfc000 	C:\Windows\SYSTEM32\WINHTTP.dll
0x00007ffced6d0000 - 0x00007ffced6e6000 	C:\Program Files\Java\jdk-19\bin\nio.dll
0x00007ffced6c0000 - 0x00007ffced6d0000 	C:\Program Files\Java\jdk-19\bin\verify.dll
0x00007ffd2cba0000 - 0x00007ffd2cbb7000 	C:\Windows\system32\napinsp.dll
0x00007ffd2cb80000 - 0x00007ffd2cb9b000 	C:\Windows\system32\pnrpnsp.dll
0x00007ffd2cb60000 - 0x00007ffd2cb75000 	C:\Windows\system32\wshbth.dll
0x00007ffd4d800000 - 0x00007ffd4d81d000 	C:\Windows\system32\NLAapi.dll
0x00007ffd2cb40000 - 0x00007ffd2cb52000 	C:\Windows\System32\winrnr.dll
0x00007ffd30320000 - 0x00007ffd30328000 	C:\Program Files\Java\jdk-19\bin\extnet.dll
0x00007ffd52540000 - 0x00007ffd52558000 	C:\Windows\SYSTEM32\CRYPTSP.dll
0x00007ffd51b60000 - 0x00007ffd51b94000 	C:\Windows\system32\rsaenh.dll
0x00007ffd52b30000 - 0x00007ffd52b5e000 	C:\Windows\SYSTEM32\USERENV.dll
0x00007ffd52560000 - 0x00007ffd5256c000 	C:\Windows\SYSTEM32\CRYPTBASE.dll
0x00007ffd4b7e0000 - 0x00007ffd4b7f7000 	C:\Windows\SYSTEM32\dhcpcsvc6.DLL
0x00007ffd4b7c0000 - 0x00007ffd4b7dd000 	C:\Windows\SYSTEM32\dhcpcsvc.DLL
0x00007ffcebf80000 - 0x00007ffcebf8e000 	C:\Program Files\Java\jdk-19\bin\sunmscapi.dll
0x00007ffd53080000 - 0x00007ffd531d6000 	C:\Windows\System32\CRYPT32.dll
0x00007ffd52660000 - 0x00007ffd52687000 	C:\Windows\SYSTEM32\ncrypt.dll
0x00007ffd52620000 - 0x00007ffd5265b000 	C:\Windows\SYSTEM32\NTASN1.dll
0x00007ffd36530000 - 0x00007ffd3653a000 	C:\Program Files\Java\jdk-19\bin\management.dll
0x00007ffd36520000 - 0x00007ffd3652b000 	C:\Program Files\Java\jdk-19\bin\management_ext.dll
0x00007ffd54010000 - 0x00007ffd54018000 	C:\Windows\System32\PSAPI.DLL
0x00007ffd380a0000 - 0x00007ffd380a7000 	C:\Windows\system32\wshunix.dll
0x00007ffd1aaf0000 - 0x00007ffd1ac81000 	C:\Program Files\Java\jdk-19\bin\awt.dll
0x00007ffd55060000 - 0x00007ffd5512d000 	C:\Windows\System32\OLEAUT32.dll
0x00007ffd4f430000 - 0x00007ffd4f4c1000 	C:\Windows\SYSTEM32\apphelp.dll
0x00007ffd50670000 - 0x00007ffd5069f000 	C:\Windows\system32\DWMAPI.DLL
0x00007ffd504f0000 - 0x00007ffd5058e000 	C:\Windows\system32\uxtheme.dll
0x00007ffd1a9c0000 - 0x00007ffd1aae5000 	C:\Windows\system32\opengl32.dll
0x00007ffd1d310000 - 0x00007ffd1d33c000 	C:\Windows\SYSTEM32\GLU32.dll
0x00007ffd53930000 - 0x00007ffd53a45000 	C:\Windows\System32\MSCTF.dll
0x00007ffd54e30000 - 0x00007ffd54f5a000 	C:\Windows\System32\ole32.dll
0x00007ffd4f040000 - 0x00007ffd4f07b000 	C:\Windows\SYSTEM32\dxcore.dll
0x00007ffd532e0000 - 0x00007ffd5332e000 	C:\Windows\System32\cfgmgr32.dll

dbghelp: loaded successfully - version: 4.0.5 - missing functions: none
symbol engine: initialized successfully - sym options: 0x614 - pdb path: .;C:\Program Files\Java\jdk-19\bin;C:\Windows\SYSTEM32;C:\Windows\WinSxS\amd64_microsoft.windows.common-controls_6595b64144ccf1df_6.0.19041.1110_none_60b5254171f9507e;C:\Program Files\Java\jdk-19\bin\server

VM Arguments:
jvm_args: -XX:+ShowCodeDetailsInExceptionMessages -agentlib:jdwp=transport=dt_socket,suspend=y,address=localhost:60930 -javaagent:C:\Users\AzureSQLDB\eclipse\java-2022-093\eclipse\configuration\org.eclipse.osgi\228\0\.cp\lib\javaagent-shaded.jar -Dfile.encoding=UTF-8 
java_command: mainPackage.RunnerClass
java_class_path (initial): C:\Gopi\HomeRiver_Leasing\target\classes;C:\Users\AzureSQLDB\.m2\repository\io\github\bonigarcia\webdrivermanager\5.2.3\webdrivermanager-5.2.3.jar;C:\Users\AzureSQLDB\.m2\repository\org\slf4j\slf4j-api\1.7.36\slf4j-api-1.7.36.jar;C:\Users\AzureSQLDB\.m2\repository\com\google\code\gson\gson\2.9.1\gson-2.9.1.jar;C:\Users\AzureSQLDB\.m2\repository\com\github\docker-java\docker-java\3.2.13\docker-java-3.2.13.jar;C:\Users\AzureSQLDB\.m2\repository\com\github\docker-java\docker-java-core\3.2.13\docker-java-core-3.2.13.jar;C:\Users\AzureSQLDB\.m2\repository\com\github\docker-java\docker-java-api\3.2.13\docker-java-api-3.2.13.jar;C:\Users\AzureSQLDB\.m2\repository\com\fasterxml\jackson\core\jackson-annotations\2.10.3\jackson-annotations-2.10.3.jar;C:\Users\AzureSQLDB\.m2\repository\org\apache\commons\commons-compress\1.21\commons-compress-1.21.jar;C:\Users\AzureSQLDB\.m2\repository\com\fasterxml\jackson\core\jackson-databind\2.10.3\jackson-databind-2.10.3.jar;C:\Users\AzureSQLDB\.m2\repository\com\fasterxml\jackson\core\jackson-core\2.10.3\jackson-core-2.10.3.jar;C:\Users\AzureSQLDB\.m2\repository\org\bouncycastle\bcpkix-jdk15on\1.64\bcpkix-jdk15on-1.64.jar;C:\Users\AzureSQLDB\.m2\repository\org\bouncycastle\bcprov-jdk15on\1.64\bcprov-jdk15on-1.64.jar;C:\Users\AzureSQLDB\.m2\repository\org\slf4j\jcl-over-slf4j\1.7.30\jcl-over-slf4j-1.7.30.jar;C:\Users\AzureSQLDB\.m2\repository\com\github\docker-java\docker-java-transport-httpclient5\3.2.13\docker-java-transport-httpclient5-3.2.13.jar;C:\Users\AzureSQLDB\.m2\repository\com\github\docker-java\docker-java-transport\3.2.13\docker-java-transport-3.2.13.jar;C:\Users\AzureSQLDB\.m2\repository\net\java\dev\jna\jna\5.8.0\jna-5.8.0.jar;C:\Users\AzureSQLDB\.m2\repository\org\brotli\dec\0.1.2\dec-0.1.2.jar;C:\Users\AzureSQLDB\.m2\repository\org\apache\commons\commons-lang3\3.12.0\commons-lang3-3.12.0.jar;C:\Users\AzureSQLDB\.m2\repository\org\apache\httpcomponents\client5\httpclient5\5.1.3\httpclient5-5.1.3.jar;C:\Users\AzureSQLDB\.m2\repository\org\apache\httpcomponents\core5\httpcore5\5.1.3\httpcore5-5.1.3.jar;C:\Users\AzureSQLDB\.m2\repository\org\apache\httpcomponents\core5\httpcore5-h2\5.1.3\httpcore5-h2-5.1.3.jar;C:\Users\AzureSQLDB\.m2\repository\org\seleniumhq\selenium\selenium-java\4.4.0\selenium-java-4.4.0.jar;C:\Users\AzureSQLDB\.m2\repository\org\seleniumhq\selenium\selenium-api\4.4.0\selenium-api-4.4.0.jar;C:\Users\AzureSQLDB\.m2\repository\org\seleniumhq\selenium\selenium-chrome-driver\4.4.0\selenium-chrome-driver-4.4.0.jar;C:\Users\AzureSQLDB\.m2\repository\com\google\auto\service\auto-service-annotations\1.0.1\auto-service-annotations-1.0.1.jar;C:\Users\AzureSQLDB\.m2\repository\com\google\auto\service\auto-service\1.0.1\auto-service-1.0.1.jar;C:\Users\AzureSQLDB\.m2\repository\com\google\auto\auto-common\1.2\auto-common-1.2.jar;C:\Users\AzureSQLDB\.m2\repository\org\seleniumhq\selenium\selenium-chromium-driver\4.4.0\selenium-chromium-driver-4.4.0.jar;C:\Users\AzureSQLDB\.m2\repository\org\seleniumhq\selenium\selenium-json\4.4.0\selenium-json-4.4.0.jar;C:\Users\AzureSQLDB\.m2\repository\org\seleniumhq\selenium\selenium-devtools-v102\4.4.0\selenium-devtools-v102-4.4.0.jar;C:\Users\AzureSQLDB\.m2\repository\org\seleniumhq\selenium\selenium-devtools-v103\4.4.0\selenium-devtools-v103-4.4.0.jar;C:\Users\AzureSQLDB\.m2\repository\org\seleniumhq\selenium\selenium-devtools-v104\4.4.0\selenium-devtools-v104-4.4.0.jar;C:\Users\AzureSQLDB\.m2\repository\org\seleniumhq\selenium\selenium-devtools-v85\4.4.0\selenium-devtools-v85-4.4.0.jar;C:\Users\AzureSQLDB\.m2\repository\org\seleniumhq\selenium\selenium-edge-driver\4.4.0\selenium-edge-driver-4.4.0.jar;C:\Users\AzureSQLDB\.m2\repository\org\seleniumhq\selenium\selenium-firefox-driver\4.4.0\selenium-firefox-driver-4.4.0.jar;C:\Users\AzureSQLDB\.m2\repository\org\seleniumhq\selenium\selenium-ie-driver\4.4.0\selenium-ie-driver-4.4.0.jar;C:\Users\AzureSQLDB\.m2\repository\org\seleniumhq\selenium\selenium-opera-driver\4.4.0\selenium-opera-driver-4.4.0.jar;C:\Users\AzureSQLDB\.m2\repository\org\seleniumhq\selenium\selenium-remote-driver\4.4.0\selenium-remote-driver-4.4.0.jar;C:\Users\AzureSQLDB\.m2\repository\com\beust\jcommander\1.82\jcommander-1.82.jar;C:\Users\AzureSQLDB\.m2\repository\io\netty\netty-buffer\4.1.78.Final\netty-buffer-4.1.78.Final.jar;C:\Users\AzureSQLDB\.m2\repository\io\netty\netty-codec-http\4.1.78.Final\netty-codec-http-4.1.78.Final.jar;C:\Users\AzureSQLDB\.m2\repository\io\netty\netty-codec\4.1.78.Final\netty-codec-4.1.78.Final.jar;C:\Users\AzureSQLDB\.m2\repository\io\netty\netty-handler\4.1.78.Final\netty-handler-4.1.78.Final.jar;C:\Users\AzureSQLDB\.m2\repository\io\netty\netty-common\4.1.78.Final\netty-common-4.1.78.Final.jar;C:\Users\AzureSQLDB\.m2\repository\io\netty\netty-transport-classes-epoll\4.1.78.Final\netty-transport-classes-epoll-4.1.78.Final.jar;C:\Users\AzureSQLDB\.m2\repository\io\netty\netty-transport-classes-kqueue\4.1.78.Final\netty-transport-classes-kqueue-4.1.78.Final.jar;C:\Users\AzureSQLDB\.m2\repository\io\netty\netty-transport-native-epoll\4.1.78.Final\netty-transport-native-epoll-4.1.78.Final.jar;C:\Users\AzureSQLDB\.m2\repository\io\netty\netty-transport-native-kqueue\4.1.78.Final\netty-transport-native-kqueue-4.1.78.Final.jar;C:\Users\AzureSQLDB\.m2\repository\io\netty\netty-transport-native-unix-common\4.1.78.Final\netty-transport-native-unix-common-4.1.78.Final.jar;C:\Users\AzureSQLDB\.m2\repository\io\netty\netty-transport\4.1.78.Final\netty-transport-4.1.78.Final.jar;C:\Users\AzureSQLDB\.m2\repository\io\netty\netty-resolver\4.1.78.Final\netty-resolver-4.1.78.Final.jar;C:\Users\AzureSQLDB\.m2\repository\io\opentelemetry\opentelemetry-api\1.16.0\opentelemetry-api-1.16.0.jar;C:\Users\AzureSQLDB\.m2\repository\io\opentelemetry\opentelemetry-context\1.16.0\opentelemetry-context-1.16.0.jar;C:\Users\AzureSQLDB\.m2\repository\io\opentelemetry\opentelemetry-exporter-logging\1.16.0\opentelemetry-exporter-logging-1.16.0.jar;C:\Users\AzureSQLDB\.m2\repository\io\opentelemetry\opentelemetry-sdk-metrics\1.16.0\opentelemetry-sdk-metrics-1.16.0.jar;C:\Users\AzureSQLDB\.m2\repository\io\opentelemetry\opentelemetry-sdk-logs\1.16.0-alpha\opentelemetry-sdk-logs-1.16.0-alpha.jar;C:\Users\AzureSQLDB\.m2\repository\io\opentelemetry\opentelemetry-sdk-common\1.16.0\opentelemetry-sdk-common-1.16.0.jar;C:\Users\AzureSQLDB\.m2\repository\io\opentelemetry\opentelemetry-sdk-extension-autoconfigure-spi\1.16.0\opentelemetry-sdk-extension-autoconfigure-spi-1.16.0.jar;C:\Users\AzureSQLDB\.m2\repository\io\opentelemetry\opentelemetry-sdk-extension-autoconfigure\1.16.0-alpha\opentelemetry-sdk-extension-autoconfigure-1.16.0-alpha.jar;C:\Users\AzureSQLDB\.m2\repository\io\opentelemetry\opentelemetry-sdk-trace\1.16.0\opentelemetry-sdk-trace-1.16.0.jar;C:\Users\AzureSQLDB\.m2\repository\io\opentelemetry\opentelemetry-sdk\1.16.0\opentelemetry-sdk-1.16.0.jar;C:\Users\AzureSQLDB\.m2\repository\io\opentelemetry\opentelemetry-semconv\1.16.0-alpha\opentelemetry-semconv-1.16.0-alpha.jar;C:\Users\AzureSQLDB\.m2\repository\io\ous\jtoml\2.0.0\jtoml-2.0.0.jar;C:\Users\AzureSQLDB\.m2\repository\net\bytebuddy\byte-buddy\1.12.10\byte-buddy-1.12.10.jar;C:\Users\AzureSQLDB\.m2\repository\org\apache\commons\commons-exec\1.3\commons-exec-1.3.jar;C:\Users\AzureSQLDB\.m2\repository\org\asynchttpclient\async-http-client\2.12.3\async-http-client-2.12.3.jar;C:\Users\AzureSQLDB\.m2\repository\org\asynchttpclient\async-http-client-netty-utils\2.12.3\async-http-client-netty-utils-2.12.3.jar;C:\Users\AzureSQLDB\.m2\repository\io\netty\netty-codec-socks\4.1.60.Final\netty-codec-socks-4.1.60.Final.jar;C:\Users\AzureSQLDB\.m2\repository\io\netty\netty-handler-proxy\4.1.60.Final\netty-handler-proxy-4.1.60.Final.jar;C:\Users\AzureSQLDB\.m2\repository\io\netty\netty-transport-native-epoll\4.1.60.Final\netty-transport-native-epoll-4.1.60.Final-linux-x86_64.jar;C:\Users\AzureSQLDB\.m2\repository\io\netty\netty-transport-native-kqueue\4.1.60.Final\netty-transport-native-kqueue-4.1.60.Final-osx-x86_64.jar;C:\Users\AzureSQLDB\.m2\repository\org\reactivestreams\reactive-streams\1.0.3\reactive-streams-1.0.3.jar;C:\Users\AzureSQLDB\.m2\repository\com\typesafe\netty\netty-reactive-streams\2.0.4\netty-reactive-streams-2.0.4.jar;C:\Users\AzureSQLDB\.m2\repository\com\sun\activation\jakarta.activation\1.2.2\jakarta.activation-1.2.2.jar;C:\Users\AzureSQLDB\.m2\repository\org\seleniumhq\selenium\selenium-http\4.4.0\selenium-http-4.4.0.jar;C:\Users\AzureSQLDB\.m2\repository\dev\failsafe\failsafe\3.2.4\failsafe-3.2.4.jar;C:\Users\AzureSQLDB\.m2\repository\org\seleniumhq\selenium\selenium-safari-driver\4.4.0\selenium-safari-driver-4.4.0.jar;C:\Users\AzureSQLDB\.m2\repository\org\seleniumhq\selenium\selenium-support\4.4.0\selenium-support-4.4.0.jar;C:\Users\AzureSQLDB\.m2\repository\org\apache\poi\poi\5.2.2\poi-5.2.2.jar;C:\Users\AzureSQLDB\.m2\repository\commons-codec\commons-codec\1.15\commons-codec-1.15.jar;C:\Users\AzureSQLDB\.m2\repository\org\apache\commons\commons-collections4\4.4\commons-collections4-4.4.jar;C:\Users\AzureSQLDB\.m2\repository\org\apache\commons\commons-math3\3.6.1\commons-math3-3.6.1.jar;C:\Users\AzureSQLDB\.m2\repository\commons-io\commons-io\2.11.0\commons-io-2.11.0.jar;C:\Users\AzureSQLDB\.m2\repository\com\zaxxer\SparseBitSet\1.2\SparseBitSet-1.2.jar;C:\Users\AzureSQLDB\.m2\repository\org\apache\logging\log4j\log4j-api\2.17.2\log4j-api-2.17.2.jar;C:\Users\AzureSQLDB\.m2\repository\com\google\guava\guava\31.1-jre\guava-31.1-jre.jar;C:\Users\AzureSQLDB\.m2\repository\com\google\guava\failureaccess\1.0.1\failureaccess-1.0.1.jar;C:\Users\AzureSQLDB\.m2\repository\com\google\guava\listenablefuture\9999.0-empty-to-avoid-conflict-with-guava\listenablefuture-9999.0-empty-to-avoid-conflict-with-guava.jar;C:\Users\AzureSQLDB\.m2\repository\com\google\code\findbugs\jsr305\3.0.2\jsr305-3.0.2.jar;C:\Users\AzureSQLDB\.m2\repository\org\checkerframework\checker-qual\3.12.0\checker-qual-3.12.0.jar;C:\Users\AzureSQLDB\.m2\repository\com\google\errorprone\error_prone_annotations\2.11.0\error_prone_annotations-2.11.0.jar;C:\Users\AzureSQLDB\.m2\repository\com\google\j2objc\j2objc-annotations\1.3\j2objc-annotations-1.3.jar;C:\Users\AzureSQLDB\.m2\repository\org\apache\pdfbox\pdfbox\2.0.26\pdfbox-2.0.26.jar;C:\Users\AzureSQLDB\.m2\repository\org\apache\pdfbox\fontbox\2.0.26\fontbox-2.0.26.jar;C:\Users\AzureSQLDB\.m2\repository\commons-logging\commons-logging\1.2\commons-logging-1.2.jar;C:\Users\AzureSQLDB\.m2\repository\com\microsoft\sqlserver\mssql-jdbc\11.2.1.jre8\mssql-jdbc-11.2.1.jre8.jar
Launcher Type: SUN_STANDARD

[Global flags]
     intx CICompilerCount                          = 3                                         {product} {ergonomic}
     uint ConcGCThreads                            = 1                                         {product} {ergonomic}
     uint G1ConcRefinementThreads                  = 4                                         {product} {ergonomic}
   size_t G1HeapRegionSize                         = 2097152                                   {product} {ergonomic}
    uintx GCDrainStackTargetSize                   = 64                                        {product} {ergonomic}
   size_t InitialHeapSize                          = 268435456                                 {product} {ergonomic}
   size_t MarkStackSize                            = 4194304                                   {product} {ergonomic}
   size_t MaxHeapSize                              = 4282384384                                {product} {ergonomic}
   size_t MaxNewSize                               = 2569011200                                {product} {ergonomic}
   size_t MinHeapDeltaBytes                        = 2097152                                   {product} {ergonomic}
   size_t MinHeapSize                              = 8388608                                   {product} {ergonomic}
    uintx NonNMethodCodeHeapSize                   = 5832780                                {pd product} {ergonomic}
    uintx NonProfiledCodeHeapSize                  = 122912730                              {pd product} {ergonomic}
    uintx ProfiledCodeHeapSize                     = 122912730                              {pd product} {ergonomic}
    uintx ReservedCodeCacheSize                    = 251658240                              {pd product} {ergonomic}
     bool SegmentedCodeCache                       = true                                      {product} {ergonomic}
     bool ShowCodeDetailsInExceptionMessages       = true                                   {manageable} {command line}
   size_t SoftMaxHeapSize                          = 4282384384                             {manageable} {ergonomic}
     bool UseCompressedClassPointers               = true                           {product lp64_product} {ergonomic}
     bool UseCompressedOops                        = true                           {product lp64_product} {ergonomic}
     bool UseG1GC                                  = true                                      {product} {ergonomic}
     bool UseLargePagesIndividualAllocation        = false                                  {pd product} {ergonomic}

Logging:
Log output configuration:
 #0: stdout all=warning uptime,level,tags foldmultilines=false
 #1: stderr all=off uptime,level,tags foldmultilines=false

Environment Variables:
JAVA_HOME=C:\Program Files\Java\jdk-19
PATH=C:\Program Files\Common Files\Oracle\Java\javapath;C:\Windows\system32;C:\Windows;C:\Windows\System32\Wbem;C:\Windows\System32\WindowsPowerShell\v1.0\;C:\Windows\System32\OpenSSH\;C:\Program Files\dotnet\;C:\Program Files (x86)\Microsoft SQL Server\150\DTS\Binn\;C:\Program Files\Azure Data Studio\bin;C:\Program Files\Java\jdk-19\bin;C:\Program Files\Microsoft SQL Server\Client SDK\ODBC\170\Tools\Binn\;D:\Automation Files\apache-maven-3.8.6\bin;C:\Gopi\Apache Maven\apache-maven-3.8.6\bin;C:\Program Files\Git\cmd;C:\Users\AzureSQLDB\AppData\Local\Microsoft\WindowsApps;C:\Users\AzureSQLDB\.dotnet\tools;C:\Program Files\Azure Data Studio\bin;C:\Users\AzureSQLDB\AppData\Local\Programs\Microsoft VS Code\bin
USERNAME=AzureSQLDB
OS=Windows_NT
PROCESSOR_IDENTIFIER=AMD64 Family 25 Model 1 Stepping 1, AuthenticAMD
TMP=C:\Users\AZURES~1\AppData\Local\Temp
TEMP=C:\Users\AZURES~1\AppData\Local\Temp



---------------  S Y S T E M  ---------------

OS:
 Windows 10 , 64 bit Build 19041 (10.0.19041.2251)
OS uptime: 6 days 9:35 hours
Hyper-V virtualization detected

CPU: total 4 (initial active 4) (4 cores per cpu, 2 threads per core) family 25 model 1 stepping 1 microcode 0x0, cx8, cmov, fxsr, ht, mmx, 3dnowpref, sse, sse2, sse3, ssse3, sse4a, sse4.1, sse4.2, popcnt, lzcnt, tsc, avx, avx2, aes, clmul, bmi1, bmi2, adx, sha, fma, vzeroupper, clflush, clflushopt, hv, rdtscp, rdpid

Memory: 4k page, system-wide physical 16332M (3797M free)
TotalPageFile size 17738M (AvailPageFile size 549M)
current process WorkingSet (physical memory assigned to process): 526M, peak: 526M
current process commit charge ("private bytes"): 560M, peak: 1288M

vm_info: Java HotSpot(TM) 64-Bit Server VM (19+36-2238) for windows-amd64 JRE (19+36-2238), built on 2022-08-12T20:29:01Z by "mach5one" with MS VC++ 17.1 (VS2022)

END.
