#
# There is insufficient memory for the Java Runtime Environment to continue.
# Native memory allocation (malloc) failed to allocate 1810528 bytes for Chunk::new
# Possible reasons:
#   The system is out of physical RAM or swap space
#   The process is running with CompressedOops enabled, and the Java Heap may be blocking the growth of the native heap
# Possible solutions:
#   Reduce memory load on the system
#   Increase physical memory or swap space
#   Check if swap backing store is full
#   Decrease Java heap size (-Xmx/-Xms)
#   Decrease number of Java threads
#   Decrease Java thread stack sizes (-Xss)
#   Set larger code cache with -XX:ReservedCodeCacheSize=
#   JVM is running with Zero Based Compressed Oops mode in which the Java heap is
#     placed in the first 32GB address space. The Java Heap base address is the
#     maximum limit for the native heap growth. Please use -XX:HeapBaseMinAddress
#     to set the Java Heap base and to place the Java Heap above 32GB virtual address.
# This output file may be truncated or incomplete.
#
#  Out of Memory Error (arena.cpp:189), pid=14596, tid=13500
#
# JRE version: Java(TM) SE Runtime Environment (17.0.4.1+1) (build 17.0.4.1+1-LTS-2)
# Java VM: Java HotSpot(TM) 64-Bit Server VM (17.0.4.1+1-LTS-2, mixed mode, sharing, tiered, compressed oops, compressed class ptrs, g1 gc, windows-amd64)
# No core dump will be written. Minidumps are not enabled by default on client versions of Windows
#

---------------  S U M M A R Y ------------

Command Line: jenkins.maven3.agent.Maven35Main C:\ProgramData\Jenkins\.jenkins\tools\hudson.tasks.Maven_MavenInstallation\MAVEN_HOME C:\ProgramData\Jenkins\war\WEB-INF\lib\remoting-3044.vb_940a_a_e4f72e.jar C:\ProgramData\Jenkins\.jenkins\plugins\maven-plugin\WEB-INF\lib\maven35-interceptor-1.14.jar C:\ProgramData\Jenkins\.jenkins\plugins\maven-plugin\WEB-INF\lib\maven3-interceptor-commons-1.14.jar 63787

Host: AMD EPYC 7763 64-Core Processor                , 4 cores, 15G,  Windows 10 , 64 bit Build 19041 (10.0.19041.2251)
Time: Mon Dec 12 02:39:20 2022 Eastern Standard Time elapsed time: 3.879567 seconds (0d 0h 0m 3s)

---------------  T H R E A D  ---------------

Current thread (0x0000020c44186f70):  JavaThread "C2 CompilerThread1" daemon [_thread_in_native, id=13500, stack(0x000000fbabc00000,0x000000fbabd00000)]


Current CompileTask:
C2:   3879 4542       4       java.io.ObjectOutputStream::writeClassDesc (60 bytes)

Stack: [0x000000fbabc00000,0x000000fbabd00000]
Native frames: (J=compiled Java code, j=interpreted, Vv=VM code, C=native code)
V  [jvm.dll+0x6723ba]
V  [jvm.dll+0x7d1e34]
V  [jvm.dll+0x7d35de]
V  [jvm.dll+0x7d3c43]
V  [jvm.dll+0x243065]
V  [jvm.dll+0xaa57b]
V  [jvm.dll+0xaab0c]
V  [jvm.dll+0x360467]
V  [jvm.dll+0x32a971]
V  [jvm.dll+0x329e1a]
V  [jvm.dll+0x2161a1]
V  [jvm.dll+0x2155c1]
V  [jvm.dll+0x1a1fcd]
V  [jvm.dll+0x224e08]
V  [jvm.dll+0x222f75]
V  [jvm.dll+0x787a0b]
V  [jvm.dll+0x781fca]
V  [jvm.dll+0x671245]
C  [ucrtbase.dll+0x21bb2]
C  [KERNEL32.DLL+0x174b4]
C  [ntdll.dll+0x526a1]


---------------  P R O C E S S  ---------------

Threads class SMR info:
_java_thread_list=0x0000020c444cc0a0, length=19, elements={
0x0000020c1fccb1d0, 0x0000020c42f87c90, 0x0000020c42f8b300, 0x0000020c42f9ffe0,
0x0000020c42fa29b0, 0x0000020c42fa5a50, 0x0000020c42faa320, 0x0000020c42fada70,
0x0000020c42fae370, 0x0000020c42fb9450, 0x0000020c439fb2c0, 0x0000020c43a02e90,
0x0000020c43c56560, 0x0000020c43c58780, 0x0000020c43c5c000, 0x0000020c43c5e4e0,
0x0000020c43c62a00, 0x0000020c44186f70, 0x0000020c4479f000
}

Java Threads: ( => current thread )
  0x0000020c1fccb1d0 JavaThread "main" [_thread_blocked, id=10512, stack(0x000000fbaa400000,0x000000fbaa500000)]
  0x0000020c42f87c90 JavaThread "Reference Handler" daemon [_thread_blocked, id=11084, stack(0x000000fbaab00000,0x000000fbaac00000)]
  0x0000020c42f8b300 JavaThread "Finalizer" daemon [_thread_blocked, id=8748, stack(0x000000fbaac00000,0x000000fbaad00000)]
  0x0000020c42f9ffe0 JavaThread "Signal Dispatcher" daemon [_thread_blocked, id=18104, stack(0x000000fbaad00000,0x000000fbaae00000)]
  0x0000020c42fa29b0 JavaThread "Attach Listener" daemon [_thread_blocked, id=19652, stack(0x000000fbaae00000,0x000000fbaaf00000)]
  0x0000020c42fa5a50 JavaThread "Service Thread" daemon [_thread_blocked, id=7660, stack(0x000000fbaaf00000,0x000000fbab000000)]
  0x0000020c42faa320 JavaThread "Monitor Deflation Thread" daemon [_thread_blocked, id=640, stack(0x000000fbab000000,0x000000fbab100000)]
  0x0000020c42fada70 JavaThread "C2 CompilerThread0" daemon [_thread_in_native, id=12240, stack(0x000000fbab100000,0x000000fbab200000)]
  0x0000020c42fae370 JavaThread "C1 CompilerThread0" daemon [_thread_blocked, id=12388, stack(0x000000fbab200000,0x000000fbab300000)]
  0x0000020c42fb9450 JavaThread "Sweeper thread" daemon [_thread_blocked, id=18268, stack(0x000000fbab300000,0x000000fbab400000)]
  0x0000020c439fb2c0 JavaThread "Notification Thread" daemon [_thread_blocked, id=8392, stack(0x000000fbab400000,0x000000fbab500000)]
  0x0000020c43a02e90 JavaThread "Common-Cleaner" daemon [_thread_blocked, id=14580, stack(0x000000fbab600000,0x000000fbab700000)]
  0x0000020c43c56560 JavaThread "RemoteInvocationHandler [#1]" daemon [_thread_blocked, id=12364, stack(0x000000fbab700000,0x000000fbab800000)]
  0x0000020c43c58780 JavaThread "Channel reader thread: channel" [_thread_in_native, id=7620, stack(0x000000fbab800000,0x000000fbab900000)]
  0x0000020c43c5c000 JavaThread "pool-1-thread-1" [_thread_blocked, id=19756, stack(0x000000fbab900000,0x000000fbaba00000)]
  0x0000020c43c5e4e0 JavaThread "pool-1-thread-2 for channel id=5036" [_thread_in_Java, id=5944, stack(0x000000fbaba00000,0x000000fbabb00000)]
  0x0000020c43c62a00 JavaThread "pool-1-thread-3" [_thread_blocked, id=15852, stack(0x000000fbabb00000,0x000000fbabc00000)]
=>0x0000020c44186f70 JavaThread "C2 CompilerThread1" daemon [_thread_in_native, id=13500, stack(0x000000fbabc00000,0x000000fbabd00000)]
  0x0000020c4479f000 JavaThread "pool-1-thread-4" [_thread_blocked, id=10232, stack(0x000000fbac100000,0x000000fbac200000)]

Other Threads:
  0x0000020c42f82120 VMThread "VM Thread" [stack: 0x000000fbaaa00000,0x000000fbaab00000] [id=12840]
  0x0000020c43a023e0 WatcherThread [stack: 0x000000fbab500000,0x000000fbab600000] [id=9012]
  0x0000020c20af5040 GCTaskThread "GC Thread#0" [stack: 0x000000fbaa500000,0x000000fbaa600000] [id=3328]
  0x0000020c44186160 GCTaskThread "GC Thread#1" [stack: 0x000000fbabd00000,0x000000fbabe00000] [id=19132]
  0x0000020c44186410 GCTaskThread "GC Thread#2" [stack: 0x000000fbabe00000,0x000000fbabf00000] [id=2312]
  0x0000020c441866c0 GCTaskThread "GC Thread#3" [stack: 0x000000fbabf00000,0x000000fbac000000] [id=4652]
  0x0000020c20b05dd0 ConcurrentGCThread "G1 Main Marker" [stack: 0x000000fbaa600000,0x000000fbaa700000] [id=7984]
  0x0000020c20b07ea0 ConcurrentGCThread "G1 Conc#0" [stack: 0x000000fbaa700000,0x000000fbaa800000] [id=10436]
  0x0000020c42e420c0 ConcurrentGCThread "G1 Refine#0" [stack: 0x000000fbaa800000,0x000000fbaa900000] [id=19320]
  0x0000020c441843a0 ConcurrentGCThread "G1 Refine#1" [stack: 0x000000fbac000000,0x000000fbac100000] [id=18676]
  0x0000020c42e429f0 ConcurrentGCThread "G1 Service" [stack: 0x000000fbaa900000,0x000000fbaaa00000] [id=9092]

Threads with active compile tasks:
C2 CompilerThread0     3895 4544   !   4       java.io.ObjectInputStream::readSerialData (549 bytes)
C2 CompilerThread1     3895 4542       4       java.io.ObjectOutputStream::writeClassDesc (60 bytes)

VM state: not at safepoint (normal execution)

VM Mutex/Monitor currently owned by a thread: None

Heap address: 0x0000000700c00000, size: 4084 MB, Compressed Oops mode: Zero based, Oop shift amount: 3

CDS archive(s) mapped at: [0x0000000800000000-0x0000000800bc0000-0x0000000800bc0000), size 12320768, SharedBaseAddress: 0x0000000800000000, ArchiveRelocationMode: 0.
Compressed class space mapped at: 0x0000000800c00000-0x0000000840c00000, reserved size: 1073741824
Narrow klass base: 0x0000000800000000, Narrow klass shift: 0, Narrow klass range: 0x100000000

GC Precious Log:
 CPUs: 4 total, 4 available
 Memory: 16332M
 Large Page Support: Disabled
 NUMA Support: Disabled
 Compressed Oops: Enabled (Zero based)
 Heap Region Size: 2M
 Heap Min Capacity: 8M
 Heap Initial Capacity: 256M
 Heap Max Capacity: 4084M
 Pre-touch: Disabled
 Parallel Workers: 4
 Concurrent Workers: 1
 Concurrent Refinement Workers: 4
 Periodic GC: Disabled

Heap:
 garbage-first heap   total 262144K, used 36483K [0x0000000700c00000, 0x0000000800000000)
  region size 2048K, 16 young (32768K), 6 survivors (12288K)
 Metaspace       used 19355K, committed 19776K, reserved 1073152K
  class space    used 2090K, committed 2304K, reserved 1048576K

Heap Regions: E=young(eden), S=young(survivor), O=old, HS=humongous(starts), HC=humongous(continues), CS=collection set, F=free, OA=open archive, CA=closed archive, TAMS=top-at-mark-start (previous, next)
|   0|0x0000000700c00000, 0x0000000700e00000, 0x0000000700e00000|100%|HS|  |TAMS 0x0000000700c00000, 0x0000000700c00000| Complete 
|   1|0x0000000700e00000, 0x0000000701000000, 0x0000000701000000|100%|HS|  |TAMS 0x0000000700e00000, 0x0000000700e00000| Complete 
|   2|0x0000000701000000, 0x0000000701200000, 0x0000000701200000|100%| O|  |TAMS 0x0000000701000000, 0x0000000701000000| Untracked 
|   3|0x0000000701200000, 0x0000000701301800, 0x0000000701400000| 50%| O|  |TAMS 0x0000000701200000, 0x0000000701200000| Untracked 
|   4|0x0000000701400000, 0x0000000701400000, 0x0000000701600000|  0%| F|  |TAMS 0x0000000701400000, 0x0000000701400000| Untracked 
|   5|0x0000000701600000, 0x0000000701600000, 0x0000000701800000|  0%| F|  |TAMS 0x0000000701600000, 0x0000000701600000| Untracked 
|   6|0x0000000701800000, 0x0000000701800000, 0x0000000701a00000|  0%| F|  |TAMS 0x0000000701800000, 0x0000000701800000| Untracked 
|   7|0x0000000701a00000, 0x0000000701a00000, 0x0000000701c00000|  0%| F|  |TAMS 0x0000000701a00000, 0x0000000701a00000| Untracked 
|   8|0x0000000701c00000, 0x0000000701c00000, 0x0000000701e00000|  0%| F|  |TAMS 0x0000000701c00000, 0x0000000701c00000| Untracked 
|   9|0x0000000701e00000, 0x0000000701e00000, 0x0000000702000000|  0%| F|  |TAMS 0x0000000701e00000, 0x0000000701e00000| Untracked 
|  10|0x0000000702000000, 0x0000000702000000, 0x0000000702200000|  0%| F|  |TAMS 0x0000000702000000, 0x0000000702000000| Untracked 
|  11|0x0000000702200000, 0x0000000702200000, 0x0000000702400000|  0%| F|  |TAMS 0x0000000702200000, 0x0000000702200000| Untracked 
|  12|0x0000000702400000, 0x0000000702400000, 0x0000000702600000|  0%| F|  |TAMS 0x0000000702400000, 0x0000000702400000| Untracked 
|  13|0x0000000702600000, 0x0000000702600000, 0x0000000702800000|  0%| F|  |TAMS 0x0000000702600000, 0x0000000702600000| Untracked 
|  14|0x0000000702800000, 0x0000000702800000, 0x0000000702a00000|  0%| F|  |TAMS 0x0000000702800000, 0x0000000702800000| Untracked 
|  15|0x0000000702a00000, 0x0000000702a00000, 0x0000000702c00000|  0%| F|  |TAMS 0x0000000702a00000, 0x0000000702a00000| Untracked 
|  16|0x0000000702c00000, 0x0000000702c00000, 0x0000000702e00000|  0%| F|  |TAMS 0x0000000702c00000, 0x0000000702c00000| Untracked 
|  17|0x0000000702e00000, 0x0000000702e00000, 0x0000000703000000|  0%| F|  |TAMS 0x0000000702e00000, 0x0000000702e00000| Untracked 
|  18|0x0000000703000000, 0x0000000703000000, 0x0000000703200000|  0%| F|  |TAMS 0x0000000703000000, 0x0000000703000000| Untracked 
|  19|0x0000000703200000, 0x0000000703200000, 0x0000000703400000|  0%| F|  |TAMS 0x0000000703200000, 0x0000000703200000| Untracked 
|  20|0x0000000703400000, 0x0000000703400000, 0x0000000703600000|  0%| F|  |TAMS 0x0000000703400000, 0x0000000703400000| Untracked 
|  21|0x0000000703600000, 0x0000000703600000, 0x0000000703800000|  0%| F|  |TAMS 0x0000000703600000, 0x0000000703600000| Untracked 
|  22|0x0000000703800000, 0x0000000703800000, 0x0000000703a00000|  0%| F|  |TAMS 0x0000000703800000, 0x0000000703800000| Untracked 
|  23|0x0000000703a00000, 0x0000000703a00000, 0x0000000703c00000|  0%| F|  |TAMS 0x0000000703a00000, 0x0000000703a00000| Untracked 
|  24|0x0000000703c00000, 0x0000000703c00000, 0x0000000703e00000|  0%| F|  |TAMS 0x0000000703c00000, 0x0000000703c00000| Untracked 
|  25|0x0000000703e00000, 0x0000000703e00000, 0x0000000704000000|  0%| F|  |TAMS 0x0000000703e00000, 0x0000000703e00000| Untracked 
|  26|0x0000000704000000, 0x0000000704000000, 0x0000000704200000|  0%| F|  |TAMS 0x0000000704000000, 0x0000000704000000| Untracked 
|  27|0x0000000704200000, 0x0000000704200000, 0x0000000704400000|  0%| F|  |TAMS 0x0000000704200000, 0x0000000704200000| Untracked 
|  28|0x0000000704400000, 0x0000000704400000, 0x0000000704600000|  0%| F|  |TAMS 0x0000000704400000, 0x0000000704400000| Untracked 
|  29|0x0000000704600000, 0x0000000704600000, 0x0000000704800000|  0%| F|  |TAMS 0x0000000704600000, 0x0000000704600000| Untracked 
|  30|0x0000000704800000, 0x0000000704800000, 0x0000000704a00000|  0%| F|  |TAMS 0x0000000704800000, 0x0000000704800000| Untracked 
|  31|0x0000000704a00000, 0x0000000704a00000, 0x0000000704c00000|  0%| F|  |TAMS 0x0000000704a00000, 0x0000000704a00000| Untracked 
|  32|0x0000000704c00000, 0x0000000704c00000, 0x0000000704e00000|  0%| F|  |TAMS 0x0000000704c00000, 0x0000000704c00000| Untracked 
|  33|0x0000000704e00000, 0x0000000704e00000, 0x0000000705000000|  0%| F|  |TAMS 0x0000000704e00000, 0x0000000704e00000| Untracked 
|  34|0x0000000705000000, 0x0000000705000000, 0x0000000705200000|  0%| F|  |TAMS 0x0000000705000000, 0x0000000705000000| Untracked 
|  35|0x0000000705200000, 0x0000000705200000, 0x0000000705400000|  0%| F|  |TAMS 0x0000000705200000, 0x0000000705200000| Untracked 
|  36|0x0000000705400000, 0x0000000705400000, 0x0000000705600000|  0%| F|  |TAMS 0x0000000705400000, 0x0000000705400000| Untracked 
|  37|0x0000000705600000, 0x0000000705600000, 0x0000000705800000|  0%| F|  |TAMS 0x0000000705600000, 0x0000000705600000| Untracked 
|  38|0x0000000705800000, 0x0000000705800000, 0x0000000705a00000|  0%| F|  |TAMS 0x0000000705800000, 0x0000000705800000| Untracked 
|  39|0x0000000705a00000, 0x0000000705a00000, 0x0000000705c00000|  0%| F|  |TAMS 0x0000000705a00000, 0x0000000705a00000| Untracked 
|  40|0x0000000705c00000, 0x0000000705c00000, 0x0000000705e00000|  0%| F|  |TAMS 0x0000000705c00000, 0x0000000705c00000| Untracked 
|  41|0x0000000705e00000, 0x0000000705e00000, 0x0000000706000000|  0%| F|  |TAMS 0x0000000705e00000, 0x0000000705e00000| Untracked 
|  42|0x0000000706000000, 0x0000000706000000, 0x0000000706200000|  0%| F|  |TAMS 0x0000000706000000, 0x0000000706000000| Untracked 
|  43|0x0000000706200000, 0x0000000706200000, 0x0000000706400000|  0%| F|  |TAMS 0x0000000706200000, 0x0000000706200000| Untracked 
|  44|0x0000000706400000, 0x0000000706400000, 0x0000000706600000|  0%| F|  |TAMS 0x0000000706400000, 0x0000000706400000| Untracked 
|  45|0x0000000706600000, 0x0000000706600000, 0x0000000706800000|  0%| F|  |TAMS 0x0000000706600000, 0x0000000706600000| Untracked 
|  46|0x0000000706800000, 0x000000070689f7b8, 0x0000000706a00000| 31%| S|CS|TAMS 0x0000000706800000, 0x0000000706800000| Complete 
|  47|0x0000000706a00000, 0x0000000706c00000, 0x0000000706c00000|100%| S|CS|TAMS 0x0000000706a00000, 0x0000000706a00000| Complete 
|  48|0x0000000706c00000, 0x0000000706e00000, 0x0000000706e00000|100%| S|CS|TAMS 0x0000000706c00000, 0x0000000706c00000| Complete 
|  49|0x0000000706e00000, 0x0000000707000000, 0x0000000707000000|100%| S|CS|TAMS 0x0000000706e00000, 0x0000000706e00000| Complete 
|  50|0x0000000707000000, 0x0000000707200000, 0x0000000707200000|100%| S|CS|TAMS 0x0000000707000000, 0x0000000707000000| Complete 
|  51|0x0000000707200000, 0x0000000707400000, 0x0000000707400000|100%| S|CS|TAMS 0x0000000707200000, 0x0000000707200000| Complete 
|  52|0x0000000707400000, 0x0000000707400000, 0x0000000707600000|  0%| F|  |TAMS 0x0000000707400000, 0x0000000707400000| Untracked 
|  53|0x0000000707600000, 0x0000000707600000, 0x0000000707800000|  0%| F|  |TAMS 0x0000000707600000, 0x0000000707600000| Untracked 
|  54|0x0000000707800000, 0x0000000707800000, 0x0000000707a00000|  0%| F|  |TAMS 0x0000000707800000, 0x0000000707800000| Untracked 
|  55|0x0000000707a00000, 0x0000000707a00000, 0x0000000707c00000|  0%| F|  |TAMS 0x0000000707a00000, 0x0000000707a00000| Untracked 
|  56|0x0000000707c00000, 0x0000000707c00000, 0x0000000707e00000|  0%| F|  |TAMS 0x0000000707c00000, 0x0000000707c00000| Untracked 
|  57|0x0000000707e00000, 0x0000000707e00000, 0x0000000708000000|  0%| F|  |TAMS 0x0000000707e00000, 0x0000000707e00000| Untracked 
|  58|0x0000000708000000, 0x0000000708000000, 0x0000000708200000|  0%| F|  |TAMS 0x0000000708000000, 0x0000000708000000| Untracked 
|  59|0x0000000708200000, 0x0000000708200000, 0x0000000708400000|  0%| F|  |TAMS 0x0000000708200000, 0x0000000708200000| Untracked 
|  60|0x0000000708400000, 0x0000000708400000, 0x0000000708600000|  0%| F|  |TAMS 0x0000000708400000, 0x0000000708400000| Untracked 
|  61|0x0000000708600000, 0x0000000708600000, 0x0000000708800000|  0%| F|  |TAMS 0x0000000708600000, 0x0000000708600000| Untracked 
|  62|0x0000000708800000, 0x0000000708800000, 0x0000000708a00000|  0%| F|  |TAMS 0x0000000708800000, 0x0000000708800000| Untracked 
|  63|0x0000000708a00000, 0x0000000708a00000, 0x0000000708c00000|  0%| F|  |TAMS 0x0000000708a00000, 0x0000000708a00000| Untracked 
|  64|0x0000000708c00000, 0x0000000708c00000, 0x0000000708e00000|  0%| F|  |TAMS 0x0000000708c00000, 0x0000000708c00000| Untracked 
|  65|0x0000000708e00000, 0x0000000708e00000, 0x0000000709000000|  0%| F|  |TAMS 0x0000000708e00000, 0x0000000708e00000| Untracked 
|  66|0x0000000709000000, 0x0000000709000000, 0x0000000709200000|  0%| F|  |TAMS 0x0000000709000000, 0x0000000709000000| Untracked 
|  67|0x0000000709200000, 0x0000000709200000, 0x0000000709400000|  0%| F|  |TAMS 0x0000000709200000, 0x0000000709200000| Untracked 
|  68|0x0000000709400000, 0x0000000709400000, 0x0000000709600000|  0%| F|  |TAMS 0x0000000709400000, 0x0000000709400000| Untracked 
|  69|0x0000000709600000, 0x0000000709600000, 0x0000000709800000|  0%| F|  |TAMS 0x0000000709600000, 0x0000000709600000| Untracked 
|  70|0x0000000709800000, 0x0000000709800000, 0x0000000709a00000|  0%| F|  |TAMS 0x0000000709800000, 0x0000000709800000| Untracked 
|  71|0x0000000709a00000, 0x0000000709a00000, 0x0000000709c00000|  0%| F|  |TAMS 0x0000000709a00000, 0x0000000709a00000| Untracked 
|  72|0x0000000709c00000, 0x0000000709c00000, 0x0000000709e00000|  0%| F|  |TAMS 0x0000000709c00000, 0x0000000709c00000| Untracked 
|  73|0x0000000709e00000, 0x0000000709e00000, 0x000000070a000000|  0%| F|  |TAMS 0x0000000709e00000, 0x0000000709e00000| Untracked 
|  74|0x000000070a000000, 0x000000070a000000, 0x000000070a200000|  0%| F|  |TAMS 0x000000070a000000, 0x000000070a000000| Untracked 
|  75|0x000000070a200000, 0x000000070a200000, 0x000000070a400000|  0%| F|  |TAMS 0x000000070a200000, 0x000000070a200000| Untracked 
|  76|0x000000070a400000, 0x000000070a400000, 0x000000070a600000|  0%| F|  |TAMS 0x000000070a400000, 0x000000070a400000| Untracked 
|  77|0x000000070a600000, 0x000000070a600000, 0x000000070a800000|  0%| F|  |TAMS 0x000000070a600000, 0x000000070a600000| Untracked 
|  78|0x000000070a800000, 0x000000070a800000, 0x000000070aa00000|  0%| F|  |TAMS 0x000000070a800000, 0x000000070a800000| Untracked 
|  79|0x000000070aa00000, 0x000000070aa00000, 0x000000070ac00000|  0%| F|  |TAMS 0x000000070aa00000, 0x000000070aa00000| Untracked 
|  80|0x000000070ac00000, 0x000000070ac00000, 0x000000070ae00000|  0%| F|  |TAMS 0x000000070ac00000, 0x000000070ac00000| Untracked 
|  81|0x000000070ae00000, 0x000000070ae00000, 0x000000070b000000|  0%| F|  |TAMS 0x000000070ae00000, 0x000000070ae00000| Untracked 
|  82|0x000000070b000000, 0x000000070b000000, 0x000000070b200000|  0%| F|  |TAMS 0x000000070b000000, 0x000000070b000000| Untracked 
|  83|0x000000070b200000, 0x000000070b200000, 0x000000070b400000|  0%| F|  |TAMS 0x000000070b200000, 0x000000070b200000| Untracked 
|  84|0x000000070b400000, 0x000000070b400000, 0x000000070b600000|  0%| F|  |TAMS 0x000000070b400000, 0x000000070b400000| Untracked 
|  85|0x000000070b600000, 0x000000070b600000, 0x000000070b800000|  0%| F|  |TAMS 0x000000070b600000, 0x000000070b600000| Untracked 
|  86|0x000000070b800000, 0x000000070b800000, 0x000000070ba00000|  0%| F|  |TAMS 0x000000070b800000, 0x000000070b800000| Untracked 
|  87|0x000000070ba00000, 0x000000070ba00000, 0x000000070bc00000|  0%| F|  |TAMS 0x000000070ba00000, 0x000000070ba00000| Untracked 
|  88|0x000000070bc00000, 0x000000070bc00000, 0x000000070be00000|  0%| F|  |TAMS 0x000000070bc00000, 0x000000070bc00000| Untracked 
|  89|0x000000070be00000, 0x000000070be00000, 0x000000070c000000|  0%| F|  |TAMS 0x000000070be00000, 0x000000070be00000| Untracked 
|  90|0x000000070c000000, 0x000000070c000000, 0x000000070c200000|  0%| F|  |TAMS 0x000000070c000000, 0x000000070c000000| Untracked 
|  91|0x000000070c200000, 0x000000070c200000, 0x000000070c400000|  0%| F|  |TAMS 0x000000070c200000, 0x000000070c200000| Untracked 
|  92|0x000000070c400000, 0x000000070c400000, 0x000000070c600000|  0%| F|  |TAMS 0x000000070c400000, 0x000000070c400000| Untracked 
|  93|0x000000070c600000, 0x000000070c600000, 0x000000070c800000|  0%| F|  |TAMS 0x000000070c600000, 0x000000070c600000| Untracked 
|  94|0x000000070c800000, 0x000000070c800000, 0x000000070ca00000|  0%| F|  |TAMS 0x000000070c800000, 0x000000070c800000| Untracked 
|  95|0x000000070ca00000, 0x000000070ca00000, 0x000000070cc00000|  0%| F|  |TAMS 0x000000070ca00000, 0x000000070ca00000| Untracked 
|  96|0x000000070cc00000, 0x000000070cc00000, 0x000000070ce00000|  0%| F|  |TAMS 0x000000070cc00000, 0x000000070cc00000| Untracked 
|  97|0x000000070ce00000, 0x000000070ce00000, 0x000000070d000000|  0%| F|  |TAMS 0x000000070ce00000, 0x000000070ce00000| Untracked 
|  98|0x000000070d000000, 0x000000070d000000, 0x000000070d200000|  0%| F|  |TAMS 0x000000070d000000, 0x000000070d000000| Untracked 
|  99|0x000000070d200000, 0x000000070d200000, 0x000000070d400000|  0%| F|  |TAMS 0x000000070d200000, 0x000000070d200000| Untracked 
| 100|0x000000070d400000, 0x000000070d400000, 0x000000070d600000|  0%| F|  |TAMS 0x000000070d400000, 0x000000070d400000| Untracked 
| 101|0x000000070d600000, 0x000000070d600000, 0x000000070d800000|  0%| F|  |TAMS 0x000000070d600000, 0x000000070d600000| Untracked 
| 102|0x000000070d800000, 0x000000070d800000, 0x000000070da00000|  0%| F|  |TAMS 0x000000070d800000, 0x000000070d800000| Untracked 
| 103|0x000000070da00000, 0x000000070da00000, 0x000000070dc00000|  0%| F|  |TAMS 0x000000070da00000, 0x000000070da00000| Untracked 
| 104|0x000000070dc00000, 0x000000070dc00000, 0x000000070de00000|  0%| F|  |TAMS 0x000000070dc00000, 0x000000070dc00000| Untracked 
| 105|0x000000070de00000, 0x000000070de00000, 0x000000070e000000|  0%| F|  |TAMS 0x000000070de00000, 0x000000070de00000| Untracked 
| 106|0x000000070e000000, 0x000000070e000000, 0x000000070e200000|  0%| F|  |TAMS 0x000000070e000000, 0x000000070e000000| Untracked 
| 107|0x000000070e200000, 0x000000070e200000, 0x000000070e400000|  0%| F|  |TAMS 0x000000070e200000, 0x000000070e200000| Untracked 
| 108|0x000000070e400000, 0x000000070e400000, 0x000000070e600000|  0%| F|  |TAMS 0x000000070e400000, 0x000000070e400000| Untracked 
| 109|0x000000070e600000, 0x000000070e600000, 0x000000070e800000|  0%| F|  |TAMS 0x000000070e600000, 0x000000070e600000| Untracked 
| 110|0x000000070e800000, 0x000000070e800000, 0x000000070ea00000|  0%| F|  |TAMS 0x000000070e800000, 0x000000070e800000| Untracked 
| 111|0x000000070ea00000, 0x000000070ea00000, 0x000000070ec00000|  0%| F|  |TAMS 0x000000070ea00000, 0x000000070ea00000| Untracked 
| 112|0x000000070ec00000, 0x000000070ec00000, 0x000000070ee00000|  0%| F|  |TAMS 0x000000070ec00000, 0x000000070ec00000| Untracked 
| 113|0x000000070ee00000, 0x000000070ee00000, 0x000000070f000000|  0%| F|  |TAMS 0x000000070ee00000, 0x000000070ee00000| Untracked 
| 114|0x000000070f000000, 0x000000070f000000, 0x000000070f200000|  0%| F|  |TAMS 0x000000070f000000, 0x000000070f000000| Untracked 
| 115|0x000000070f200000, 0x000000070f200000, 0x000000070f400000|  0%| F|  |TAMS 0x000000070f200000, 0x000000070f200000| Untracked 
| 116|0x000000070f400000, 0x000000070f400000, 0x000000070f600000|  0%| F|  |TAMS 0x000000070f400000, 0x000000070f400000| Untracked 
| 117|0x000000070f600000, 0x000000070f600000, 0x000000070f800000|  0%| F|  |TAMS 0x000000070f600000, 0x000000070f600000| Untracked 
| 118|0x000000070f800000, 0x000000070fa00000, 0x000000070fa00000|100%| E|  |TAMS 0x000000070f800000, 0x000000070f800000| Complete 
| 119|0x000000070fa00000, 0x000000070fc00000, 0x000000070fc00000|100%| E|CS|TAMS 0x000000070fa00000, 0x000000070fa00000| Complete 
| 120|0x000000070fc00000, 0x000000070fe00000, 0x000000070fe00000|100%| E|CS|TAMS 0x000000070fc00000, 0x000000070fc00000| Complete 
| 121|0x000000070fe00000, 0x0000000710000000, 0x0000000710000000|100%| E|CS|TAMS 0x000000070fe00000, 0x000000070fe00000| Complete 
| 122|0x0000000710000000, 0x0000000710200000, 0x0000000710200000|100%| E|CS|TAMS 0x0000000710000000, 0x0000000710000000| Complete 
| 123|0x0000000710200000, 0x0000000710400000, 0x0000000710400000|100%| E|CS|TAMS 0x0000000710200000, 0x0000000710200000| Complete 
| 124|0x0000000710400000, 0x0000000710600000, 0x0000000710600000|100%| E|CS|TAMS 0x0000000710400000, 0x0000000710400000| Complete 
| 125|0x0000000710600000, 0x0000000710800000, 0x0000000710800000|100%| E|CS|TAMS 0x0000000710600000, 0x0000000710600000| Complete 
| 126|0x0000000710800000, 0x0000000710a00000, 0x0000000710a00000|100%| E|CS|TAMS 0x0000000710800000, 0x0000000710800000| Complete 
| 127|0x0000000710a00000, 0x0000000710c00000, 0x0000000710c00000|100%| E|CS|TAMS 0x0000000710a00000, 0x0000000710a00000| Complete 

Card table byte_map: [0x0000020c37b10000,0x0000020c38310000] _byte_map_base: 0x0000020c3430a000

Marking Bits (Prev, Next): (CMBitMap*) 0x0000020c20af5560, (CMBitMap*) 0x0000020c20af55a0
 Prev Bits: [0x0000020c38b10000, 0x0000020c3cae0000)
 Next Bits: [0x0000020c3cae0000, 0x0000020c40ab0000)

Polling page: 0x0000020c1fba0000

Metaspace:

Usage:
  Non-class:     16.86 MB used.
      Class:      2.04 MB used.
       Both:     18.91 MB used.

Virtual space:
  Non-class space:       24.00 MB reserved,      17.06 MB ( 71%) committed,  3 nodes.
      Class space:        1.00 GB reserved,       2.25 MB ( <1%) committed,  1 nodes.
             Both:        1.02 GB reserved,      19.31 MB (  2%) committed. 

Chunk freelists:
   Non-Class:  2.42 MB
       Class:  1.62 MB
        Both:  4.04 MB

MaxMetaspaceSize: unlimited
CompressedClassSpaceSize: 1.00 GB
Initial GC threshold: 21.00 MB
Current GC threshold: 21.00 MB
CDS: on
MetaspaceReclaimPolicy: balanced
 - commit_granule_bytes: 65536.
 - commit_granule_words: 8192.
 - virtual_space_node_default_size: 1048576.
 - enlarge_chunks_in_place: 1.
 - new_chunks_are_fully_committed: 0.
 - uncommit_free_chunks: 1.
 - use_allocation_guard: 0.
 - handle_deallocations: 1.


Internal statistics:

num_allocs_failed_limit: 0.
num_arena_births: 328.
num_arena_deaths: 0.
num_vsnodes_births: 4.
num_vsnodes_deaths: 0.
num_space_committed: 309.
num_space_uncommitted: 0.
num_chunks_returned_to_freelist: 0.
num_chunks_taken_from_freelist: 1110.
num_chunk_merges: 0.
num_chunk_splits: 697.
num_chunks_enlarged: 436.
num_purges: 0.
num_inconsistent_stats: 0.

CodeHeap 'non-profiled nmethods': size=120000Kb used=2498Kb max_used=2498Kb free=117501Kb
 bounds [0x0000020c2fde0000, 0x0000020c30060000, 0x0000020c37310000]
CodeHeap 'profiled nmethods': size=120000Kb used=9998Kb max_used=9998Kb free=110001Kb
 bounds [0x0000020c288b0000, 0x0000020c29280000, 0x0000020c2fde0000]
CodeHeap 'non-nmethods': size=5760Kb used=1198Kb max_used=1274Kb free=4561Kb
 bounds [0x0000020c28310000, 0x0000020c28580000, 0x0000020c288b0000]
 total_blobs=5113 nmethods=4617 adapters=408
 compilation: enabled
              stopped_count=0, restarted_count=0
 full_count=0

Compilation events (20 events):
Event: 3.869 Thread 0x0000020c42fae370 nmethod 4611 0x0000020c2925f190 code [0x0000020c2925f380, 0x0000020c2925fa98]
Event: 3.869 Thread 0x0000020c42fae370 4613       3       org.eclipse.aether.util.graph.transformer.ConflictResolver$ConflictItem::getDependency (10 bytes)
Event: 3.869 Thread 0x0000020c42fae370 nmethod 4613 0x0000020c2925fc10 code [0x0000020c2925fda0, 0x0000020c2925ff18]
Event: 3.869 Thread 0x0000020c42fae370 4615       3       org.eclipse.aether.resolution.ArtifactRequest::setRequestContext (16 bytes)
Event: 3.869 Thread 0x0000020c42fae370 nmethod 4615 0x0000020c29260010 code [0x0000020c292601a0, 0x0000020c29260358]
Event: 3.869 Thread 0x0000020c42fae370 4614       3       org.eclipse.aether.util.filter.ScopeDependencyFilter::accept (82 bytes)
Event: 3.870 Thread 0x0000020c42fae370 nmethod 4614 0x0000020c29260410 code [0x0000020c29260620, 0x0000020c29260cf8]
Event: 3.874 Thread 0x0000020c42fae370 4616       3       org.apache.maven.ReactorReader::findArtifact (77 bytes)
Event: 3.875 Thread 0x0000020c42fae370 nmethod 4616 0x0000020c29260f10 code [0x0000020c29261120, 0x0000020c29261878]
Event: 3.875 Thread 0x0000020c42fae370 4617       3       org.eclipse.aether.repository.LocalArtifactRequest::<init> (36 bytes)
Event: 3.875 Thread 0x0000020c42fae370 nmethod 4617 0x0000020c29261b10 code [0x0000020c29261d00, 0x0000020c29262398]
Event: 3.875 Thread 0x0000020c42fae370 4618       3       org.eclipse.aether.repository.LocalArtifactRequest::setArtifact (7 bytes)
Event: 3.875 Thread 0x0000020c42fae370 nmethod 4618 0x0000020c29262510 code [0x0000020c292626a0, 0x0000020c292627f8]
Event: 3.875 Thread 0x0000020c42fae370 4619       3       org.eclipse.aether.repository.LocalArtifactRequest::setRepositories (21 bytes)
Event: 3.875 Thread 0x0000020c42fae370 nmethod 4619 0x0000020c29262890 code [0x0000020c29262a40, 0x0000020c29262cd8]
Event: 3.875 Thread 0x0000020c42fae370 4620       3       org.eclipse.aether.repository.LocalArtifactRequest::setContext (16 bytes)
Event: 3.875 Thread 0x0000020c42fae370 nmethod 4620 0x0000020c29262d90 code [0x0000020c29262f20, 0x0000020c292630d8]
Event: 3.875 Thread 0x0000020c42fae370 4621       3       org.eclipse.aether.internal.impl.EnhancedLocalRepositoryManager::find (198 bytes)
Event: 3.877 Thread 0x0000020c42fae370 nmethod 4621 0x0000020c29263190 code [0x0000020c29263620, 0x0000020c292657e8]
Event: 3.877 Thread 0x0000020c42fae370 4622       3       org.eclipse.aether.internal.impl.SimpleLocalRepositoryManager::getPathForArtifact (172 bytes)

GC Heap History (8 events):
Event: 0.441 GC heap before
{Heap before GC invocations=0 (full 0):
 garbage-first heap   total 262144K, used 14336K [0x0000000700c00000, 0x0000000800000000)
  region size 2048K, 6 young (12288K), 0 survivors (0K)
 Metaspace       used 3959K, committed 4224K, reserved 1056768K
  class space    used 424K, committed 576K, reserved 1048576K
}
Event: 0.445 GC heap after
{Heap after GC invocations=1 (full 0):
 garbage-first heap   total 262144K, used 7067K [0x0000000700c00000, 0x0000000800000000)
  region size 2048K, 1 young (2048K), 1 survivors (2048K)
 Metaspace       used 3959K, committed 4224K, reserved 1056768K
  class space    used 424K, committed 576K, reserved 1048576K
}
Event: 0.786 GC heap before
{Heap before GC invocations=1 (full 0):
 garbage-first heap   total 262144K, used 17307K [0x0000000700c00000, 0x0000000800000000)
  region size 2048K, 7 young (14336K), 1 survivors (2048K)
 Metaspace       used 5368K, committed 5632K, reserved 1056768K
  class space    used 540K, committed 640K, reserved 1048576K
}
Event: 0.788 GC heap after
{Heap after GC invocations=2 (full 0):
 garbage-first heap   total 262144K, used 7730K [0x0000000700c00000, 0x0000000800000000)
  region size 2048K, 1 young (2048K), 1 survivors (2048K)
 Metaspace       used 5368K, committed 5632K, reserved 1056768K
  class space    used 540K, committed 640K, reserved 1048576K
}
Event: 1.332 GC heap before
{Heap before GC invocations=2 (full 0):
 garbage-first heap   total 262144K, used 38450K [0x0000000700c00000, 0x0000000800000000)
  region size 2048K, 16 young (32768K), 1 survivors (2048K)
 Metaspace       used 9779K, committed 10048K, reserved 1064960K
  class space    used 1096K, committed 1216K, reserved 1048576K
}
Event: 1.335 GC heap after
{Heap after GC invocations=3 (full 0):
 garbage-first heap   total 262144K, used 9882K [0x0000000700c00000, 0x0000000800000000)
  region size 2048K, 2 young (4096K), 2 survivors (4096K)
 Metaspace       used 9779K, committed 10048K, reserved 1064960K
  class space    used 1096K, committed 1216K, reserved 1048576K
}
Event: 3.330 GC heap before
{Heap before GC invocations=3 (full 0):
 garbage-first heap   total 262144K, used 161434K [0x0000000700c00000, 0x0000000800000000)
  region size 2048K, 76 young (155648K), 2 survivors (4096K)
 Metaspace       used 18483K, committed 18880K, reserved 1073152K
  class space    used 2032K, committed 2240K, reserved 1048576K
}
Event: 3.343 GC heap after
{Heap after GC invocations=4 (full 0):
 garbage-first heap   total 262144K, used 18051K [0x0000000700c00000, 0x0000000800000000)
  region size 2048K, 6 young (12288K), 6 survivors (12288K)
 Metaspace       used 18483K, committed 18880K, reserved 1073152K
  class space    used 2032K, committed 2240K, reserved 1048576K
}

Deoptimization events (20 events):
Event: 3.488 Thread 0x0000020c43c5e4e0 DEOPT PACKING pc=0x0000020c2fe3e19c sp=0x000000fbabafc480
Event: 3.488 Thread 0x0000020c43c5e4e0 DEOPT UNPACKING pc=0x0000020c283623a3 sp=0x000000fbabafc2b8 mode 2
Event: 3.523 Thread 0x0000020c43c5e4e0 DEOPT PACKING pc=0x0000020c2920348f sp=0x000000fbabafc450
Event: 3.523 Thread 0x0000020c43c5e4e0 DEOPT UNPACKING pc=0x0000020c28362b43 sp=0x000000fbabafb870 mode 0
Event: 3.525 Thread 0x0000020c43c5e4e0 DEOPT PACKING pc=0x0000020c29202152 sp=0x000000fbabafc420
Event: 3.525 Thread 0x0000020c43c5e4e0 DEOPT UNPACKING pc=0x0000020c28362b43 sp=0x000000fbabafb8b8 mode 0
Event: 3.719 Thread 0x0000020c43c5e4e0 Uncommon trap: trap_request=0xffffffde fr.pc=0x0000020c2fe69458 relative=0x0000000000000f38
Event: 3.719 Thread 0x0000020c43c5e4e0 Uncommon trap: reason=class_check action=maybe_recompile pc=0x0000020c2fe69458 method=java.util.concurrent.ConcurrentHashMap.putVal(Ljava/lang/Object;Ljava/lang/Object;Z)Ljava/lang/Object; @ 242 c2
Event: 3.719 Thread 0x0000020c43c5e4e0 DEOPT PACKING pc=0x0000020c2fe69458 sp=0x000000fbabafcbb0
Event: 3.719 Thread 0x0000020c43c5e4e0 DEOPT UNPACKING pc=0x0000020c283623a3 sp=0x000000fbabafcb20 mode 2
Event: 3.724 Thread 0x0000020c43c5e4e0 Uncommon trap: trap_request=0xffffffde fr.pc=0x0000020c2fe69458 relative=0x0000000000000f38
Event: 3.724 Thread 0x0000020c43c5e4e0 Uncommon trap: reason=class_check action=maybe_recompile pc=0x0000020c2fe69458 method=java.util.concurrent.ConcurrentHashMap.putVal(Ljava/lang/Object;Ljava/lang/Object;Z)Ljava/lang/Object; @ 242 c2
Event: 3.724 Thread 0x0000020c43c5e4e0 DEOPT PACKING pc=0x0000020c2fe69458 sp=0x000000fbabafcbb0
Event: 3.724 Thread 0x0000020c43c5e4e0 DEOPT UNPACKING pc=0x0000020c283623a3 sp=0x000000fbabafcb20 mode 2
Event: 3.742 Thread 0x0000020c43c5e4e0 DEOPT PACKING pc=0x0000020c28a901fc sp=0x000000fbabafc690
Event: 3.742 Thread 0x0000020c43c5e4e0 DEOPT UNPACKING pc=0x0000020c28362b43 sp=0x000000fbabafbc10 mode 0
Event: 3.744 Thread 0x0000020c43c5e4e0 Uncommon trap: trap_request=0xffffffde fr.pc=0x0000020c2fe69458 relative=0x0000000000000f38
Event: 3.744 Thread 0x0000020c43c5e4e0 Uncommon trap: reason=class_check action=maybe_recompile pc=0x0000020c2fe69458 method=java.util.concurrent.ConcurrentHashMap.putVal(Ljava/lang/Object;Ljava/lang/Object;Z)Ljava/lang/Object; @ 242 c2
Event: 3.744 Thread 0x0000020c43c5e4e0 DEOPT PACKING pc=0x0000020c2fe69458 sp=0x000000fbabafcbb0
Event: 3.744 Thread 0x0000020c43c5e4e0 DEOPT UNPACKING pc=0x0000020c283623a3 sp=0x000000fbabafcb20 mode 2

Classes unloaded (0 events):
No events

Classes redefined (0 events):
No events

Internal exceptions (20 events):
Event: 1.123 Thread 0x0000020c43c5e4e0 Exception <a 'java/lang/NoClassDefFoundError'{0x000000070f8999e8}: javax/enterprise/inject/Typed> (0x000000070f8999e8) 
thrown [s\open\src\hotspot\share\classfile\systemDictionary.cpp, line 245]
Event: 1.730 Thread 0x0000020c43c5e4e0 Exception <a 'java/lang/NoClassDefFoundError'{0x000000070f552c70}: com/google/inject/servlet/ServletModuleTargetVisitor> (0x000000070f552c70) 
thrown [s\open\src\hotspot\share\classfile\systemDictionary.cpp, line 245]
Event: 1.741 Thread 0x0000020c43c5e4e0 Exception <a 'java/lang/NoSuchMethodError'{0x000000070f597698}: 'java.lang.Object java.lang.invoke.DirectMethodHandle$Holder.invokeStaticInit(java.lang.Object, int, int, int, int)'> (0x000000070f597698) 
thrown [s\open\src\hotspot\share\interpreter\linkResolver.cpp, line 759]
Event: 1.768 Thread 0x0000020c43c5e4e0 Exception <a 'java/lang/NullPointerException'{0x000000070f2cc760}> (0x000000070f2cc760) 
thrown [s\open\src\hotspot\share\interpreter\linkResolver.cpp, line 1350]
Event: 1.789 Thread 0x0000020c43c5e4e0 Exception <a 'java/lang/NullPointerException'{0x000000070f30aab8}> (0x000000070f30aab8) 
thrown [s\open\src\hotspot\share\interpreter\linkResolver.cpp, line 1350]
Event: 1.789 Thread 0x0000020c43c5e4e0 Exception <a 'java/lang/NullPointerException'{0x000000070f30ad90}> (0x000000070f30ad90) 
thrown [s\open\src\hotspot\share\interpreter\linkResolver.cpp, line 1350]
Event: 1.789 Thread 0x0000020c43c5e4e0 Exception <a 'java/lang/NullPointerException'{0x000000070f30b068}> (0x000000070f30b068) 
thrown [s\open\src\hotspot\share\interpreter\linkResolver.cpp, line 1350]
Event: 1.790 Thread 0x0000020c43c5e4e0 Exception <a 'java/lang/NullPointerException'{0x000000070f3119d0}> (0x000000070f3119d0) 
thrown [s\open\src\hotspot\share\interpreter\linkResolver.cpp, line 1350]
Event: 1.791 Thread 0x0000020c43c5e4e0 Exception <a 'java/lang/NullPointerException'{0x000000070f327c60}> (0x000000070f327c60) 
thrown [s\open\src\hotspot\share\interpreter\linkResolver.cpp, line 1350]
Event: 1.791 Thread 0x0000020c43c5e4e0 Exception <a 'java/lang/NullPointerException'{0x000000070f327f38}> (0x000000070f327f38) 
thrown [s\open\src\hotspot\share\interpreter\linkResolver.cpp, line 1350]
Event: 1.791 Thread 0x0000020c43c5e4e0 Exception <a 'java/lang/NullPointerException'{0x000000070f328210}> (0x000000070f328210) 
thrown [s\open\src\hotspot\share\interpreter\linkResolver.cpp, line 1350]
Event: 1.791 Thread 0x0000020c43c5e4e0 Exception <a 'java/lang/NullPointerException'{0x000000070f3284e8}> (0x000000070f3284e8) 
thrown [s\open\src\hotspot\share\interpreter\linkResolver.cpp, line 1350]
Event: 2.003 Thread 0x0000020c4479f000 Exception <a 'java/lang/NoSuchMethodError'{0x000000070e409028}: static Lhudson/maven/SplittableBuildListener$SendMark;.<clinit>()V> (0x000000070e409028) 
thrown [s\open\src\hotspot\share\prims\jni.cpp, line 1107]
Event: 2.773 Thread 0x0000020c43c5e4e0 Implicit null exception at 0x0000020c2fed2c6d to 0x0000020c2fed2e38
Event: 2.774 Thread 0x0000020c43c5e4e0 Implicit null exception at 0x0000020c2fecf3ed to 0x0000020c2fecf5b0
Event: 2.774 Thread 0x0000020c43c5e4e0 Implicit null exception at 0x0000020c2fe3800f to 0x0000020c2fe38089
Event: 3.060 Thread 0x0000020c43c5e4e0 Implicit null exception at 0x0000020c2ffbf422 to 0x0000020c2ffbfd7c
Event: 3.137 Thread 0x0000020c43c5e4e0 Exception <a 'java/lang/NoSuchMethodError'{0x0000000708b1b638}: 'int java.lang.invoke.DirectMethodHandle$Holder.invokeStatic(java.lang.Object, java.lang.Object, java.lang.Object, java.lang.Object)'> (0x0000000708b1b638) 
thrown [s\open\src\hotspot\share\interpreter\linkResolver.cpp, line 759]
Event: 3.137 Thread 0x0000020c43c5e4e0 Exception <a 'java/lang/NoSuchMethodError'{0x0000000708b1f458}: 'java.lang.Object java.lang.invoke.Invokers$Holder.invokeExact_MT(java.lang.Object, java.lang.Object, java.lang.Object, java.lang.Object, java.lang.Object, java.lang.Object)'> (0x0000000708b1f458) 
thrown [s\open\src\hotspot\share\interpreter\linkResolver.cpp, line 759]
Event: 3.761 Thread 0x0000020c43c5e4e0 Exception <a 'java/lang/NoSuchMethodError'{0x00000007102eb100}: 'int java.lang.invoke.DirectMethodHandle$Holder.invokeStaticInit(java.lang.Object, java.lang.Object)'> (0x00000007102eb100) 
thrown [s\open\src\hotspot\share\interpreter\linkResolver.cpp, line 759]

VM Operations (20 events):
Event: 1.815 Executing VM operation: HandshakeAllThreads
Event: 1.815 Executing VM operation: HandshakeAllThreads done
Event: 1.869 Executing VM operation: HandshakeAllThreads
Event: 1.869 Executing VM operation: HandshakeAllThreads done
Event: 1.870 Executing VM operation: HandshakeAllThreads
Event: 1.870 Executing VM operation: HandshakeAllThreads done
Event: 2.095 Executing VM operation: ICBufferFull
Event: 2.095 Executing VM operation: ICBufferFull done
Event: 2.525 Executing VM operation: ICBufferFull
Event: 2.526 Executing VM operation: ICBufferFull done
Event: 2.527 Executing VM operation: HandshakeAllThreads
Event: 2.527 Executing VM operation: HandshakeAllThreads done
Event: 2.839 Executing VM operation: HandshakeAllThreads
Event: 2.839 Executing VM operation: HandshakeAllThreads done
Event: 2.864 Executing VM operation: ICBufferFull
Event: 2.864 Executing VM operation: ICBufferFull done
Event: 3.155 Executing VM operation: ICBufferFull
Event: 3.156 Executing VM operation: ICBufferFull done
Event: 3.330 Executing VM operation: G1CollectForAllocation
Event: 3.343 Executing VM operation: G1CollectForAllocation done

Events (20 events):
Event: 3.097 loading class java/nio/channels/SelectableChannel
Event: 3.098 loading class java/nio/channels/SelectableChannel done
Event: 3.098 loading class sun/security/provider/ByteArrayAccess$LE
Event: 3.098 loading class sun/security/provider/ByteArrayAccess$LE done
Event: 3.109 loading class java/io/FileFilter
Event: 3.109 loading class java/io/FileFilter done
Event: 3.129 loading class java/util/zip/GZIPInputStream
Event: 3.129 loading class java/util/zip/GZIPInputStream done
Event: 3.364 loading class org/w3c/dom/Node
Event: 3.364 loading class org/w3c/dom/Node done
Event: 3.365 loading class org/w3c/dom/Document
Event: 3.365 loading class org/w3c/dom/Document done
Event: 3.365 loading class org/w3c/dom/Element
Event: 3.365 loading class org/w3c/dom/Element done
Event: 3.381 loading class java/io/FileWriter
Event: 3.381 loading class java/io/FileWriter done
Event: 3.388 loading class jdk/internal/reflect/UnsafeIntegerFieldAccessorImpl
Event: 3.388 loading class jdk/internal/reflect/UnsafeIntegerFieldAccessorImpl done
Event: 3.670 loading class jdk/internal/misc/ScopedMemoryAccess$Scope$Handle
Event: 3.670 loading class jdk/internal/misc/ScopedMemoryAccess$Scope$Handle done


Dynamic libraries:
0x00007ff6cda20000 - 0x00007ff6cda30000 	C:\Program Files\Java\jdk-17.0.4.1\bin\java.exe
0x00007fffd5530000 - 0x00007fffd5728000 	C:\Windows\SYSTEM32\ntdll.dll
0x00007fffd5430000 - 0x00007fffd54ef000 	C:\Windows\System32\KERNEL32.DLL
0x00007fffd2c30000 - 0x00007fffd2f02000 	C:\Windows\System32\KERNELBASE.dll
0x00007fffd32e0000 - 0x00007fffd33e0000 	C:\Windows\System32\ucrtbase.dll
0x00007fffbbb60000 - 0x00007fffbbb78000 	C:\Program Files\Java\jdk-17.0.4.1\bin\jli.dll
0x00007fffbba70000 - 0x00007fffbba8a000 	C:\Program Files\Java\jdk-17.0.4.1\bin\VCRUNTIME140.dll
0x00007fffd3780000 - 0x00007fffd382e000 	C:\Windows\System32\ADVAPI32.dll
0x00007fffd4100000 - 0x00007fffd419e000 	C:\Windows\System32\msvcrt.dll
0x00007fffd3580000 - 0x00007fffd361c000 	C:\Windows\System32\sechost.dll
0x00007fffd3620000 - 0x00007fffd3745000 	C:\Windows\System32\RPCRT4.dll
0x00007fffd4490000 - 0x00007fffd462d000 	C:\Windows\System32\USER32.dll
0x00007fffbb7d0000 - 0x00007fffbba6a000 	C:\Windows\WinSxS\amd64_microsoft.windows.common-controls_6595b64144ccf1df_6.0.19041.1110_none_60b5254171f9507e\COMCTL32.dll
0x00007fffd30f0000 - 0x00007fffd3112000 	C:\Windows\System32\win32u.dll
0x00007fffd3750000 - 0x00007fffd377b000 	C:\Windows\System32\GDI32.dll
0x00007fffd3120000 - 0x00007fffd322f000 	C:\Windows\System32\gdi32full.dll
0x00007fffca040000 - 0x00007fffca04a000 	C:\Windows\SYSTEM32\VERSION.dll
0x00007fffd3470000 - 0x00007fffd350d000 	C:\Windows\System32\msvcp_win.dll
0x00007fffbbb50000 - 0x00007fffbbb5c000 	C:\Program Files\Java\jdk-17.0.4.1\bin\vcruntime140_1.dll
0x00007fffbb570000 - 0x00007fffbb5fd000 	C:\Program Files\Java\jdk-17.0.4.1\bin\msvcp140.dll
0x00007fffba980000 - 0x00007fffbb542000 	C:\Program Files\Java\jdk-17.0.4.1\bin\server\jvm.dll
0x00007fffd5310000 - 0x00007fffd5318000 	C:\Windows\System32\PSAPI.DLL
0x00007fffba830000 - 0x00007fffba839000 	C:\Windows\SYSTEM32\WSOCK32.dll
0x00007fffc7fb0000 - 0x00007fffc7fd7000 	C:\Windows\SYSTEM32\WINMM.dll
0x00007fffd3c70000 - 0x00007fffd3cdb000 	C:\Windows\System32\WS2_32.dll
0x00007fffd0a00000 - 0x00007fffd0a12000 	C:\Windows\SYSTEM32\kernel.appcore.dll
0x00007fffba4e0000 - 0x00007fffba4ea000 	C:\Program Files\Java\jdk-17.0.4.1\bin\jimage.dll
0x00007fffcd210000 - 0x00007fffcd3f4000 	C:\Windows\SYSTEM32\DBGHELP.DLL
0x00007fffcd1e0000 - 0x00007fffcd20c000 	C:\Windows\SYSTEM32\dbgcore.DLL
0x00007fffd33e0000 - 0x00007fffd3462000 	C:\Windows\System32\bcryptPrimitives.dll
0x00007fffba250000 - 0x00007fffba275000 	C:\Program Files\Java\jdk-17.0.4.1\bin\java.dll
0x00007fffb97d0000 - 0x00007fffb98a6000 	C:\Program Files\Java\jdk-17.0.4.1\bin\jsvml.dll
0x00007fffd4630000 - 0x00007fffd4d73000 	C:\Windows\System32\SHELL32.dll
0x00007fffd0c00000 - 0x00007fffd1392000 	C:\Windows\SYSTEM32\windows.storage.dll
0x00007fffd3830000 - 0x00007fffd3b84000 	C:\Windows\System32\combase.dll
0x00007fffd25b0000 - 0x00007fffd25e0000 	C:\Windows\SYSTEM32\Wldp.dll
0x00007fffd5380000 - 0x00007fffd542d000 	C:\Windows\System32\SHCORE.dll
0x00007fffd4420000 - 0x00007fffd4475000 	C:\Windows\System32\shlwapi.dll
0x00007fffd2b70000 - 0x00007fffd2b8f000 	C:\Windows\SYSTEM32\profapi.dll
0x00007fffb9690000 - 0x00007fffb96a9000 	C:\Program Files\Java\jdk-17.0.4.1\bin\net.dll
0x00007fffd1bb0000 - 0x00007fffd1cbc000 	C:\Windows\SYSTEM32\WINHTTP.dll
0x00007fffd2310000 - 0x00007fffd237a000 	C:\Windows\system32\mswsock.dll
0x00007fffb9620000 - 0x00007fffb9636000 	C:\Program Files\Java\jdk-17.0.4.1\bin\nio.dll
0x00007fffb9600000 - 0x00007fffb9618000 	C:\Program Files\Java\jdk-17.0.4.1\bin\zip.dll
0x00007fffd2000000 - 0x00007fffd203b000 	C:\Windows\SYSTEM32\IPHLPAPI.DLL
0x00007fffd4480000 - 0x00007fffd4488000 	C:\Windows\System32\NSI.dll
0x00007fffcb8d0000 - 0x00007fffcb8e7000 	C:\Windows\SYSTEM32\dhcpcsvc6.DLL
0x00007fffcb520000 - 0x00007fffcb53d000 	C:\Windows\SYSTEM32\dhcpcsvc.DLL
0x00007fffd2040000 - 0x00007fffd210a000 	C:\Windows\SYSTEM32\DNSAPI.dll
0x00007fffb4220000 - 0x00007fffb43af000 	C:\Program Files\Java\jdk-17.0.4.1\bin\awt.dll
0x00007fffd3ce0000 - 0x00007fffd3dad000 	C:\Windows\System32\OLEAUT32.dll
0x00007fffd01d0000 - 0x00007fffd0261000 	C:\Windows\SYSTEM32\apphelp.dll
0x00007fffb8b00000 - 0x00007fffb8b10000 	C:\Program Files\Java\jdk-17.0.4.1\bin\verify.dll
0x0000000069ac0000 - 0x0000000069ae4000 	C:\Windows\Temp\jansi-2.4.0-8d8a55724d9779fb-jansi.dll

dbghelp: loaded successfully - version: 4.0.5 - missing functions: none
symbol engine: initialized successfully - sym options: 0x614 - pdb path: .;C:\Program Files\Java\jdk-17.0.4.1\bin;C:\Windows\SYSTEM32;C:\Windows\WinSxS\amd64_microsoft.windows.common-controls_6595b64144ccf1df_6.0.19041.1110_none_60b5254171f9507e;C:\Program Files\Java\jdk-17.0.4.1\bin\server;C:\Windows\Temp

VM Arguments:
java_command: jenkins.maven3.agent.Maven35Main C:\ProgramData\Jenkins\.jenkins\tools\hudson.tasks.Maven_MavenInstallation\MAVEN_HOME C:\ProgramData\Jenkins\war\WEB-INF\lib\remoting-3044.vb_940a_a_e4f72e.jar C:\ProgramData\Jenkins\.jenkins\plugins\maven-plugin\WEB-INF\lib\maven35-interceptor-1.14.jar C:\ProgramData\Jenkins\.jenkins\plugins\maven-plugin\WEB-INF\lib\maven3-interceptor-commons-1.14.jar 63787
java_class_path (initial): C:\ProgramData\Jenkins\.jenkins\plugins\maven-plugin\WEB-INF\lib\maven35-agent-1.14.jar;C:\ProgramData\Jenkins\.jenkins\tools\hudson.tasks.Maven_MavenInstallation\MAVEN_HOME\boot\plexus-classworlds-2.6.0.jar;C:\ProgramData\Jenkins\.jenkins\tools\hudson.tasks.Maven_MavenInstallation\MAVEN_HOME/conf/logging
Launcher Type: SUN_STANDARD

[Global flags]
     intx CICompilerCount                          = 3                                         {product} {ergonomic}
     uint ConcGCThreads                            = 1                                         {product} {ergonomic}
     uint G1ConcRefinementThreads                  = 4                                         {product} {ergonomic}
   size_t G1HeapRegionSize                         = 2097152                                   {product} {ergonomic}
    uintx GCDrainStackTargetSize                   = 64                                        {product} {ergonomic}
   size_t InitialHeapSize                          = 268435456                                 {product} {ergonomic}
   size_t MarkStackSize                            = 4194304                                   {product} {ergonomic}
   size_t MaxHeapSize                              = 4282384384                                {product} {ergonomic}
   size_t MaxNewSize                               = 2569011200                                {product} {ergonomic}
   size_t MinHeapDeltaBytes                        = 2097152                                   {product} {ergonomic}
   size_t MinHeapSize                              = 8388608                                   {product} {ergonomic}
    uintx NonNMethodCodeHeapSize                   = 5832780                                {pd product} {ergonomic}
    uintx NonProfiledCodeHeapSize                  = 122912730                              {pd product} {ergonomic}
    uintx ProfiledCodeHeapSize                     = 122912730                              {pd product} {ergonomic}
    uintx ReservedCodeCacheSize                    = 251658240                              {pd product} {ergonomic}
     bool SegmentedCodeCache                       = true                                      {product} {ergonomic}
   size_t SoftMaxHeapSize                          = 4282384384                             {manageable} {ergonomic}
     bool UseCompressedClassPointers               = true                           {product lp64_product} {ergonomic}
     bool UseCompressedOops                        = true                           {product lp64_product} {ergonomic}
     bool UseG1GC                                  = true                                      {product} {ergonomic}
     bool UseLargePagesIndividualAllocation        = false                                  {pd product} {ergonomic}

Logging:
Log output configuration:
 #0: stdout all=warning uptime,level,tags
 #1: stderr all=off uptime,level,tags

Environment Variables:
JAVA_HOME=C:\Program Files\Java\jdk-17.0.4.1
PATH=C:\ProgramData\Jenkins\.jenkins\tools\hudson.tasks.Maven_MavenInstallation\MAVEN_HOME/bin;C:\Program Files\Java\jdk-17.0.4.1/bin;C:\Program Files\Java\jdk-17.0.4.1/bin;C:\Program Files\Common Files\Oracle\Java\javapath;C:\Windows\system32;C:\Windows;C:\Windows\System32\Wbem;C:\Windows\System32\WindowsPowerShell\v1.0\;C:\Windows\System32\OpenSSH\;C:\Program Files\dotnet\;C:\Program Files (x86)\Microsoft SQL Server\150\DTS\Binn\;C:\Program Files\Azure Data Studio\bin;C:\Program Files\Java\jdk-19\bin;C:\Program Files\Microsoft SQL Server\Client SDK\ODBC\170\Tools\Binn\;D:\Automation Files\apache-maven-3.8.6\bin;C:\Gopi\Apache Maven\apache-maven-3.8.6\bin;C:\Program Files\Git\cmd;C:\Windows\system32\config\systemprofile\AppData\Local\Microsoft\WindowsApps
USERNAME=HRG-CORP-BEERIM$
OS=Windows_NT
PROCESSOR_IDENTIFIER=AMD64 Family 25 Model 1 Stepping 1, AuthenticAMD



---------------  S Y S T E M  ---------------

OS:
 Windows 10 , 64 bit Build 19041 (10.0.19041.2251)
OS uptime: 3 days 7:38 hours
Hyper-V virtualization detected

CPU: total 4 (initial active 4) (4 cores per cpu, 2 threads per core) family 25 model 1 stepping 1 microcode 0x0, cx8, cmov, fxsr, ht, mmx, 3dnowpref, sse, sse2, sse3, ssse3, sse4a, sse4.1, sse4.2, popcnt, lzcnt, tsc, avx, avx2, aes, clmul, bmi1, bmi2, adx, sha, fma, vzeroupper, clflush, clflushopt, hv

Memory: 4k page, system-wide physical 16332M (3096M free)
TotalPageFile size 17738M (AvailPageFile size 5M)
current process WorkingSet (physical memory assigned to process): 278M, peak: 279M
current process commit charge ("private bytes"): 409M, peak: 411M

vm_info: Java HotSpot(TM) 64-Bit Server VM (17.0.4.1+1-LTS-2) for windows-amd64 JRE (17.0.4.1+1-LTS-2), built on Aug 16 2022 18:32:06 by "mach5one" with MS VC++ 16.8 / 16.9 (VS2019)

END.
