#
# There is insufficient memory for the Java Runtime Environment to continue.
# Native memory allocation (malloc) failed to allocate 168624 bytes for Chunk::new
# Possible reasons:
#   The system is out of physical RAM or swap space
#   The process is running with CompressedOops enabled, and the Java Heap may be blocking the growth of the native heap
# Possible solutions:
#   Reduce memory load on the system
#   Increase physical memory or swap space
#   Check if swap backing store is full
#   Decrease Java heap size (-Xmx/-Xms)
#   Decrease number of Java threads
#   Decrease Java thread stack sizes (-Xss)
#   Set larger code cache with -XX:ReservedCodeCacheSize=
#   JVM is running with Zero Based Compressed Oops mode in which the Java heap is
#     placed in the first 32GB address space. The Java Heap base address is the
#     maximum limit for the native heap growth. Please use -XX:HeapBaseMinAddress
#     to set the Java Heap base and to place the Java Heap above 32GB virtual address.
# This output file may be truncated or incomplete.
#
#  Out of Memory Error (arena.cpp:189), pid=10960, tid=14800
#
# JRE version: Java(TM) SE Runtime Environment (17.0.4.1+1) (build 17.0.4.1+1-LTS-2)
# Java VM: Java HotSpot(TM) 64-Bit Server VM (17.0.4.1+1-LTS-2, mixed mode, sharing, tiered, compressed oops, compressed class ptrs, g1 gc, windows-amd64)
# No core dump will be written. Minidumps are not enabled by default on client versions of Windows
#

---------------  S U M M A R Y ------------

Command Line: -Dclassworlds.conf=C:\ProgramData\Jenkins\.jenkins\tools\hudson.tasks.Maven_MavenInstallation\MAVEN_HOME\bin\m2.conf -Dmaven.home=C:\ProgramData\Jenkins\.jenkins\tools\hudson.tasks.Maven_MavenInstallation\MAVEN_HOME -Dlibrary.jansi.path=C:\ProgramData\Jenkins\.jenkins\tools\hudson.tasks.Maven_MavenInstallation\MAVEN_HOME\lib\jansi-native -Dmaven.multiModuleProjectDirectory=C:\Gopi\HomeRiver_Leasing org.codehaus.plexus.classworlds.launcher.Launcher clean install

Host: AMD EPYC 7763 64-Core Processor                , 4 cores, 15G,  Windows 10 , 64 bit Build 19041 (10.0.19041.2251)
Time: Mon Dec 12 02:27:04 2022 Eastern Standard Time elapsed time: 1.042256 seconds (0d 0h 0m 1s)

---------------  T H R E A D  ---------------

Current thread (0x000002b37f72a3c0):  JavaThread "C2 CompilerThread1" daemon [_thread_in_native, id=14800, stack(0x000000bd4af00000,0x000000bd4b000000)]


Current CompileTask:
C2:   1042 1360   !   4       java.lang.reflect.Executable::declaredAnnotations (85 bytes)

Stack: [0x000000bd4af00000,0x000000bd4b000000]
Native frames: (J=compiled Java code, j=interpreted, Vv=VM code, C=native code)
V  [jvm.dll+0x6723ba]
V  [jvm.dll+0x7d1e34]
V  [jvm.dll+0x7d35de]
V  [jvm.dll+0x7d3c43]
V  [jvm.dll+0x243065]
V  [jvm.dll+0xaa57b]
V  [jvm.dll+0xaab0c]
V  [jvm.dll+0x360467]
V  [jvm.dll+0x32a971]
V  [jvm.dll+0x329e1a]
V  [jvm.dll+0x2161a1]
V  [jvm.dll+0x2155c1]
V  [jvm.dll+0x1a1fcd]
V  [jvm.dll+0x224e08]
V  [jvm.dll+0x222f75]
V  [jvm.dll+0x787a0b]
V  [jvm.dll+0x781fca]
V  [jvm.dll+0x671245]
C  [ucrtbase.dll+0x21bb2]
C  [KERNEL32.DLL+0x174b4]
C  [ntdll.dll+0x526a1]


---------------  P R O C E S S  ---------------

Threads class SMR info:
_java_thread_list=0x000002b37f98b120, length=13, elements={
0x000002b36419b350, 0x000002b37e7010d0, 0x000002b37e7026e0, 0x000002b37e716360,
0x000002b37e718e20, 0x000002b37e719f70, 0x000002b37e71c930, 0x000002b37e71d610,
0x000002b37e71e850, 0x000002b37e726300, 0x000002b37f2025a0, 0x000002b37f210160,
0x000002b37f72a3c0
}

Java Threads: ( => current thread )
  0x000002b36419b350 JavaThread "main" [_thread_in_vm, id=2408, stack(0x000000bd49900000,0x000000bd49a00000)]
  0x000002b37e7010d0 JavaThread "Reference Handler" daemon [_thread_blocked, id=18828, stack(0x000000bd4a000000,0x000000bd4a100000)]
  0x000002b37e7026e0 JavaThread "Finalizer" daemon [_thread_blocked, id=20180, stack(0x000000bd4a100000,0x000000bd4a200000)]
  0x000002b37e716360 JavaThread "Signal Dispatcher" daemon [_thread_blocked, id=7844, stack(0x000000bd4a200000,0x000000bd4a300000)]
  0x000002b37e718e20 JavaThread "Attach Listener" daemon [_thread_blocked, id=12592, stack(0x000000bd4a300000,0x000000bd4a400000)]
  0x000002b37e719f70 JavaThread "Service Thread" daemon [_thread_blocked, id=12260, stack(0x000000bd4a400000,0x000000bd4a500000)]
  0x000002b37e71c930 JavaThread "Monitor Deflation Thread" daemon [_thread_blocked, id=18636, stack(0x000000bd4a500000,0x000000bd4a600000)]
  0x000002b37e71d610 JavaThread "C2 CompilerThread0" daemon [_thread_blocked, id=1708, stack(0x000000bd4a600000,0x000000bd4a700000)]
  0x000002b37e71e850 JavaThread "C1 CompilerThread0" daemon [_thread_in_native, id=12684, stack(0x000000bd4a700000,0x000000bd4a800000)]
  0x000002b37e726300 JavaThread "Sweeper thread" daemon [_thread_blocked, id=17120, stack(0x000000bd4a800000,0x000000bd4a900000)]
  0x000002b37f2025a0 JavaThread "Notification Thread" daemon [_thread_blocked, id=4552, stack(0x000000bd4a900000,0x000000bd4aa00000)]
  0x000002b37f210160 JavaThread "Common-Cleaner" daemon [_thread_blocked, id=14108, stack(0x000000bd4ab00000,0x000000bd4ac00000)]
=>0x000002b37f72a3c0 JavaThread "C2 CompilerThread1" daemon [_thread_in_native, id=14800, stack(0x000000bd4af00000,0x000000bd4b000000)]

Other Threads:
  0x000002b37e6fa920 VMThread "VM Thread" [stack: 0x000000bd49f00000,0x000000bd4a000000] [id=18064]
  0x000002b37f20fed0 WatcherThread [stack: 0x000000bd4aa00000,0x000000bd4ab00000] [id=17820]
  0x000002b364207370 GCTaskThread "GC Thread#0" [stack: 0x000000bd49a00000,0x000000bd49b00000] [id=11052]
  0x000002b37f9484b0 GCTaskThread "GC Thread#1" [stack: 0x000000bd4ac00000,0x000000bd4ad00000] [id=10232]
  0x000002b37f948760 GCTaskThread "GC Thread#2" [stack: 0x000000bd4ad00000,0x000000bd4ae00000] [id=14836]
  0x000002b37f948a10 GCTaskThread "GC Thread#3" [stack: 0x000000bd4ae00000,0x000000bd4af00000] [id=2872]
  0x000002b3642181f0 ConcurrentGCThread "G1 Main Marker" [stack: 0x000000bd49b00000,0x000000bd49c00000] [id=19928]
  0x000002b3642193a0 ConcurrentGCThread "G1 Conc#0" [stack: 0x000000bd49c00000,0x000000bd49d00000] [id=12504]
  0x000002b37e5b20c0 ConcurrentGCThread "G1 Refine#0" [stack: 0x000000bd49d00000,0x000000bd49e00000] [id=13868]
  0x000002b37e5b2ae0 ConcurrentGCThread "G1 Service" [stack: 0x000000bd49e00000,0x000000bd49f00000] [id=12188]

Threads with active compile tasks:
C2 CompilerThread0     1062 1380       4       jdk.internal.loader.URLClassPath::getResource (74 bytes)
C2 CompilerThread1     1062 1360   !   4       java.lang.reflect.Executable::declaredAnnotations (85 bytes)

VM state: not at safepoint (normal execution)

VM Mutex/Monitor currently owned by a thread: None

Heap address: 0x0000000700c00000, size: 4084 MB, Compressed Oops mode: Zero based, Oop shift amount: 3

CDS archive(s) mapped at: [0x0000000800000000-0x0000000800bc0000-0x0000000800bc0000), size 12320768, SharedBaseAddress: 0x0000000800000000, ArchiveRelocationMode: 0.
Compressed class space mapped at: 0x0000000800c00000-0x0000000840c00000, reserved size: 1073741824
Narrow klass base: 0x0000000800000000, Narrow klass shift: 0, Narrow klass range: 0x100000000

GC Precious Log:
 CPUs: 4 total, 4 available
 Memory: 16332M
 Large Page Support: Disabled
 NUMA Support: Disabled
 Compressed Oops: Enabled (Zero based)
 Heap Region Size: 2M
 Heap Min Capacity: 8M
 Heap Initial Capacity: 256M
 Heap Max Capacity: 4084M
 Pre-touch: Disabled
 Parallel Workers: 4
 Concurrent Workers: 1
 Concurrent Refinement Workers: 4
 Periodic GC: Disabled

Heap:
 garbage-first heap   total 262144K, used 18126K [0x0000000700c00000, 0x0000000800000000)
  region size 2048K, 9 young (18432K), 1 survivors (2048K)
 Metaspace       used 7209K, committed 7360K, reserved 1064960K
  class space    used 861K, committed 960K, reserved 1048576K

Heap Regions: E=young(eden), S=young(survivor), O=old, HS=humongous(starts), HC=humongous(continues), CS=collection set, F=free, OA=open archive, CA=closed archive, TAMS=top-at-mark-start (previous, next)
|   0|0x0000000700c00000, 0x0000000700e00000, 0x0000000700e00000|100%| O|  |TAMS 0x0000000700c00000, 0x0000000700c00000| Untracked 
|   1|0x0000000700e00000, 0x0000000700f13200, 0x0000000701000000| 53%| O|  |TAMS 0x0000000700e00000, 0x0000000700e00000| Untracked 
|   2|0x0000000701000000, 0x0000000701000000, 0x0000000701200000|  0%| F|  |TAMS 0x0000000701000000, 0x0000000701000000| Untracked 
|   3|0x0000000701200000, 0x0000000701200000, 0x0000000701400000|  0%| F|  |TAMS 0x0000000701200000, 0x0000000701200000| Untracked 
|   4|0x0000000701400000, 0x0000000701400000, 0x0000000701600000|  0%| F|  |TAMS 0x0000000701400000, 0x0000000701400000| Untracked 
|   5|0x0000000701600000, 0x0000000701600000, 0x0000000701800000|  0%| F|  |TAMS 0x0000000701600000, 0x0000000701600000| Untracked 
|   6|0x0000000701800000, 0x0000000701800000, 0x0000000701a00000|  0%| F|  |TAMS 0x0000000701800000, 0x0000000701800000| Untracked 
|   7|0x0000000701a00000, 0x0000000701a00000, 0x0000000701c00000|  0%| F|  |TAMS 0x0000000701a00000, 0x0000000701a00000| Untracked 
|   8|0x0000000701c00000, 0x0000000701c00000, 0x0000000701e00000|  0%| F|  |TAMS 0x0000000701c00000, 0x0000000701c00000| Untracked 
|   9|0x0000000701e00000, 0x0000000701e00000, 0x0000000702000000|  0%| F|  |TAMS 0x0000000701e00000, 0x0000000701e00000| Untracked 
|  10|0x0000000702000000, 0x0000000702000000, 0x0000000702200000|  0%| F|  |TAMS 0x0000000702000000, 0x0000000702000000| Untracked 
|  11|0x0000000702200000, 0x0000000702200000, 0x0000000702400000|  0%| F|  |TAMS 0x0000000702200000, 0x0000000702200000| Untracked 
|  12|0x0000000702400000, 0x0000000702400000, 0x0000000702600000|  0%| F|  |TAMS 0x0000000702400000, 0x0000000702400000| Untracked 
|  13|0x0000000702600000, 0x0000000702600000, 0x0000000702800000|  0%| F|  |TAMS 0x0000000702600000, 0x0000000702600000| Untracked 
|  14|0x0000000702800000, 0x0000000702800000, 0x0000000702a00000|  0%| F|  |TAMS 0x0000000702800000, 0x0000000702800000| Untracked 
|  15|0x0000000702a00000, 0x0000000702a00000, 0x0000000702c00000|  0%| F|  |TAMS 0x0000000702a00000, 0x0000000702a00000| Untracked 
|  16|0x0000000702c00000, 0x0000000702c00000, 0x0000000702e00000|  0%| F|  |TAMS 0x0000000702c00000, 0x0000000702c00000| Untracked 
|  17|0x0000000702e00000, 0x0000000702e00000, 0x0000000703000000|  0%| F|  |TAMS 0x0000000702e00000, 0x0000000702e00000| Untracked 
|  18|0x0000000703000000, 0x0000000703000000, 0x0000000703200000|  0%| F|  |TAMS 0x0000000703000000, 0x0000000703000000| Untracked 
|  19|0x0000000703200000, 0x0000000703200000, 0x0000000703400000|  0%| F|  |TAMS 0x0000000703200000, 0x0000000703200000| Untracked 
|  20|0x0000000703400000, 0x0000000703400000, 0x0000000703600000|  0%| F|  |TAMS 0x0000000703400000, 0x0000000703400000| Untracked 
|  21|0x0000000703600000, 0x0000000703600000, 0x0000000703800000|  0%| F|  |TAMS 0x0000000703600000, 0x0000000703600000| Untracked 
|  22|0x0000000703800000, 0x0000000703800000, 0x0000000703a00000|  0%| F|  |TAMS 0x0000000703800000, 0x0000000703800000| Untracked 
|  23|0x0000000703a00000, 0x0000000703a00000, 0x0000000703c00000|  0%| F|  |TAMS 0x0000000703a00000, 0x0000000703a00000| Untracked 
|  24|0x0000000703c00000, 0x0000000703c00000, 0x0000000703e00000|  0%| F|  |TAMS 0x0000000703c00000, 0x0000000703c00000| Untracked 
|  25|0x0000000703e00000, 0x0000000703e00000, 0x0000000704000000|  0%| F|  |TAMS 0x0000000703e00000, 0x0000000703e00000| Untracked 
|  26|0x0000000704000000, 0x0000000704000000, 0x0000000704200000|  0%| F|  |TAMS 0x0000000704000000, 0x0000000704000000| Untracked 
|  27|0x0000000704200000, 0x0000000704200000, 0x0000000704400000|  0%| F|  |TAMS 0x0000000704200000, 0x0000000704200000| Untracked 
|  28|0x0000000704400000, 0x0000000704400000, 0x0000000704600000|  0%| F|  |TAMS 0x0000000704400000, 0x0000000704400000| Untracked 
|  29|0x0000000704600000, 0x0000000704600000, 0x0000000704800000|  0%| F|  |TAMS 0x0000000704600000, 0x0000000704600000| Untracked 
|  30|0x0000000704800000, 0x0000000704800000, 0x0000000704a00000|  0%| F|  |TAMS 0x0000000704800000, 0x0000000704800000| Untracked 
|  31|0x0000000704a00000, 0x0000000704a00000, 0x0000000704c00000|  0%| F|  |TAMS 0x0000000704a00000, 0x0000000704a00000| Untracked 
|  32|0x0000000704c00000, 0x0000000704c00000, 0x0000000704e00000|  0%| F|  |TAMS 0x0000000704c00000, 0x0000000704c00000| Untracked 
|  33|0x0000000704e00000, 0x0000000704e00000, 0x0000000705000000|  0%| F|  |TAMS 0x0000000704e00000, 0x0000000704e00000| Untracked 
|  34|0x0000000705000000, 0x0000000705000000, 0x0000000705200000|  0%| F|  |TAMS 0x0000000705000000, 0x0000000705000000| Untracked 
|  35|0x0000000705200000, 0x0000000705200000, 0x0000000705400000|  0%| F|  |TAMS 0x0000000705200000, 0x0000000705200000| Untracked 
|  36|0x0000000705400000, 0x0000000705400000, 0x0000000705600000|  0%| F|  |TAMS 0x0000000705400000, 0x0000000705400000| Untracked 
|  37|0x0000000705600000, 0x0000000705600000, 0x0000000705800000|  0%| F|  |TAMS 0x0000000705600000, 0x0000000705600000| Untracked 
|  38|0x0000000705800000, 0x0000000705800000, 0x0000000705a00000|  0%| F|  |TAMS 0x0000000705800000, 0x0000000705800000| Untracked 
|  39|0x0000000705a00000, 0x0000000705a00000, 0x0000000705c00000|  0%| F|  |TAMS 0x0000000705a00000, 0x0000000705a00000| Untracked 
|  40|0x0000000705c00000, 0x0000000705c00000, 0x0000000705e00000|  0%| F|  |TAMS 0x0000000705c00000, 0x0000000705c00000| Untracked 
|  41|0x0000000705e00000, 0x0000000705e00000, 0x0000000706000000|  0%| F|  |TAMS 0x0000000705e00000, 0x0000000705e00000| Untracked 
|  42|0x0000000706000000, 0x0000000706000000, 0x0000000706200000|  0%| F|  |TAMS 0x0000000706000000, 0x0000000706000000| Untracked 
|  43|0x0000000706200000, 0x0000000706200000, 0x0000000706400000|  0%| F|  |TAMS 0x0000000706200000, 0x0000000706200000| Untracked 
|  44|0x0000000706400000, 0x0000000706400000, 0x0000000706600000|  0%| F|  |TAMS 0x0000000706400000, 0x0000000706400000| Untracked 
|  45|0x0000000706600000, 0x0000000706600000, 0x0000000706800000|  0%| F|  |TAMS 0x0000000706600000, 0x0000000706600000| Untracked 
|  46|0x0000000706800000, 0x0000000706800000, 0x0000000706a00000|  0%| F|  |TAMS 0x0000000706800000, 0x0000000706800000| Untracked 
|  47|0x0000000706a00000, 0x0000000706a00000, 0x0000000706c00000|  0%| F|  |TAMS 0x0000000706a00000, 0x0000000706a00000| Untracked 
|  48|0x0000000706c00000, 0x0000000706c00000, 0x0000000706e00000|  0%| F|  |TAMS 0x0000000706c00000, 0x0000000706c00000| Untracked 
|  49|0x0000000706e00000, 0x0000000706e00000, 0x0000000707000000|  0%| F|  |TAMS 0x0000000706e00000, 0x0000000706e00000| Untracked 
|  50|0x0000000707000000, 0x0000000707000000, 0x0000000707200000|  0%| F|  |TAMS 0x0000000707000000, 0x0000000707000000| Untracked 
|  51|0x0000000707200000, 0x0000000707200000, 0x0000000707400000|  0%| F|  |TAMS 0x0000000707200000, 0x0000000707200000| Untracked 
|  52|0x0000000707400000, 0x0000000707400000, 0x0000000707600000|  0%| F|  |TAMS 0x0000000707400000, 0x0000000707400000| Untracked 
|  53|0x0000000707600000, 0x0000000707600000, 0x0000000707800000|  0%| F|  |TAMS 0x0000000707600000, 0x0000000707600000| Untracked 
|  54|0x0000000707800000, 0x0000000707800000, 0x0000000707a00000|  0%| F|  |TAMS 0x0000000707800000, 0x0000000707800000| Untracked 
|  55|0x0000000707a00000, 0x0000000707a00000, 0x0000000707c00000|  0%| F|  |TAMS 0x0000000707a00000, 0x0000000707a00000| Untracked 
|  56|0x0000000707c00000, 0x0000000707c00000, 0x0000000707e00000|  0%| F|  |TAMS 0x0000000707c00000, 0x0000000707c00000| Untracked 
|  57|0x0000000707e00000, 0x0000000707e00000, 0x0000000708000000|  0%| F|  |TAMS 0x0000000707e00000, 0x0000000707e00000| Untracked 
|  58|0x0000000708000000, 0x0000000708000000, 0x0000000708200000|  0%| F|  |TAMS 0x0000000708000000, 0x0000000708000000| Untracked 
|  59|0x0000000708200000, 0x0000000708200000, 0x0000000708400000|  0%| F|  |TAMS 0x0000000708200000, 0x0000000708200000| Untracked 
|  60|0x0000000708400000, 0x0000000708400000, 0x0000000708600000|  0%| F|  |TAMS 0x0000000708400000, 0x0000000708400000| Untracked 
|  61|0x0000000708600000, 0x0000000708600000, 0x0000000708800000|  0%| F|  |TAMS 0x0000000708600000, 0x0000000708600000| Untracked 
|  62|0x0000000708800000, 0x0000000708800000, 0x0000000708a00000|  0%| F|  |TAMS 0x0000000708800000, 0x0000000708800000| Untracked 
|  63|0x0000000708a00000, 0x0000000708a00000, 0x0000000708c00000|  0%| F|  |TAMS 0x0000000708a00000, 0x0000000708a00000| Untracked 
|  64|0x0000000708c00000, 0x0000000708c00000, 0x0000000708e00000|  0%| F|  |TAMS 0x0000000708c00000, 0x0000000708c00000| Untracked 
|  65|0x0000000708e00000, 0x0000000708e00000, 0x0000000709000000|  0%| F|  |TAMS 0x0000000708e00000, 0x0000000708e00000| Untracked 
|  66|0x0000000709000000, 0x0000000709000000, 0x0000000709200000|  0%| F|  |TAMS 0x0000000709000000, 0x0000000709000000| Untracked 
|  67|0x0000000709200000, 0x0000000709200000, 0x0000000709400000|  0%| F|  |TAMS 0x0000000709200000, 0x0000000709200000| Untracked 
|  68|0x0000000709400000, 0x0000000709400000, 0x0000000709600000|  0%| F|  |TAMS 0x0000000709400000, 0x0000000709400000| Untracked 
|  69|0x0000000709600000, 0x0000000709600000, 0x0000000709800000|  0%| F|  |TAMS 0x0000000709600000, 0x0000000709600000| Untracked 
|  70|0x0000000709800000, 0x0000000709800000, 0x0000000709a00000|  0%| F|  |TAMS 0x0000000709800000, 0x0000000709800000| Untracked 
|  71|0x0000000709a00000, 0x0000000709a00000, 0x0000000709c00000|  0%| F|  |TAMS 0x0000000709a00000, 0x0000000709a00000| Untracked 
|  72|0x0000000709c00000, 0x0000000709c00000, 0x0000000709e00000|  0%| F|  |TAMS 0x0000000709c00000, 0x0000000709c00000| Untracked 
|  73|0x0000000709e00000, 0x0000000709e00000, 0x000000070a000000|  0%| F|  |TAMS 0x0000000709e00000, 0x0000000709e00000| Untracked 
|  74|0x000000070a000000, 0x000000070a000000, 0x000000070a200000|  0%| F|  |TAMS 0x000000070a000000, 0x000000070a000000| Untracked 
|  75|0x000000070a200000, 0x000000070a200000, 0x000000070a400000|  0%| F|  |TAMS 0x000000070a200000, 0x000000070a200000| Untracked 
|  76|0x000000070a400000, 0x000000070a400000, 0x000000070a600000|  0%| F|  |TAMS 0x000000070a400000, 0x000000070a400000| Untracked 
|  77|0x000000070a600000, 0x000000070a600000, 0x000000070a800000|  0%| F|  |TAMS 0x000000070a600000, 0x000000070a600000| Untracked 
|  78|0x000000070a800000, 0x000000070a800000, 0x000000070aa00000|  0%| F|  |TAMS 0x000000070a800000, 0x000000070a800000| Untracked 
|  79|0x000000070aa00000, 0x000000070aa00000, 0x000000070ac00000|  0%| F|  |TAMS 0x000000070aa00000, 0x000000070aa00000| Untracked 
|  80|0x000000070ac00000, 0x000000070ac00000, 0x000000070ae00000|  0%| F|  |TAMS 0x000000070ac00000, 0x000000070ac00000| Untracked 
|  81|0x000000070ae00000, 0x000000070ae00000, 0x000000070b000000|  0%| F|  |TAMS 0x000000070ae00000, 0x000000070ae00000| Untracked 
|  82|0x000000070b000000, 0x000000070b000000, 0x000000070b200000|  0%| F|  |TAMS 0x000000070b000000, 0x000000070b000000| Untracked 
|  83|0x000000070b200000, 0x000000070b200000, 0x000000070b400000|  0%| F|  |TAMS 0x000000070b200000, 0x000000070b200000| Untracked 
|  84|0x000000070b400000, 0x000000070b400000, 0x000000070b600000|  0%| F|  |TAMS 0x000000070b400000, 0x000000070b400000| Untracked 
|  85|0x000000070b600000, 0x000000070b600000, 0x000000070b800000|  0%| F|  |TAMS 0x000000070b600000, 0x000000070b600000| Untracked 
|  86|0x000000070b800000, 0x000000070b800000, 0x000000070ba00000|  0%| F|  |TAMS 0x000000070b800000, 0x000000070b800000| Untracked 
|  87|0x000000070ba00000, 0x000000070ba00000, 0x000000070bc00000|  0%| F|  |TAMS 0x000000070ba00000, 0x000000070ba00000| Untracked 
|  88|0x000000070bc00000, 0x000000070bc00000, 0x000000070be00000|  0%| F|  |TAMS 0x000000070bc00000, 0x000000070bc00000| Untracked 
|  89|0x000000070be00000, 0x000000070be00000, 0x000000070c000000|  0%| F|  |TAMS 0x000000070be00000, 0x000000070be00000| Untracked 
|  90|0x000000070c000000, 0x000000070c000000, 0x000000070c200000|  0%| F|  |TAMS 0x000000070c000000, 0x000000070c000000| Untracked 
|  91|0x000000070c200000, 0x000000070c200000, 0x000000070c400000|  0%| F|  |TAMS 0x000000070c200000, 0x000000070c200000| Untracked 
|  92|0x000000070c400000, 0x000000070c400000, 0x000000070c600000|  0%| F|  |TAMS 0x000000070c400000, 0x000000070c400000| Untracked 
|  93|0x000000070c600000, 0x000000070c600000, 0x000000070c800000|  0%| F|  |TAMS 0x000000070c600000, 0x000000070c600000| Untracked 
|  94|0x000000070c800000, 0x000000070c800000, 0x000000070ca00000|  0%| F|  |TAMS 0x000000070c800000, 0x000000070c800000| Untracked 
|  95|0x000000070ca00000, 0x000000070ca00000, 0x000000070cc00000|  0%| F|  |TAMS 0x000000070ca00000, 0x000000070ca00000| Untracked 
|  96|0x000000070cc00000, 0x000000070cc00000, 0x000000070ce00000|  0%| F|  |TAMS 0x000000070cc00000, 0x000000070cc00000| Untracked 
|  97|0x000000070ce00000, 0x000000070ce00000, 0x000000070d000000|  0%| F|  |TAMS 0x000000070ce00000, 0x000000070ce00000| Untracked 
|  98|0x000000070d000000, 0x000000070d000000, 0x000000070d200000|  0%| F|  |TAMS 0x000000070d000000, 0x000000070d000000| Untracked 
|  99|0x000000070d200000, 0x000000070d200000, 0x000000070d400000|  0%| F|  |TAMS 0x000000070d200000, 0x000000070d200000| Untracked 
| 100|0x000000070d400000, 0x000000070d400000, 0x000000070d600000|  0%| F|  |TAMS 0x000000070d400000, 0x000000070d400000| Untracked 
| 101|0x000000070d600000, 0x000000070d600000, 0x000000070d800000|  0%| F|  |TAMS 0x000000070d600000, 0x000000070d600000| Untracked 
| 102|0x000000070d800000, 0x000000070d800000, 0x000000070da00000|  0%| F|  |TAMS 0x000000070d800000, 0x000000070d800000| Untracked 
| 103|0x000000070da00000, 0x000000070da00000, 0x000000070dc00000|  0%| F|  |TAMS 0x000000070da00000, 0x000000070da00000| Untracked 
| 104|0x000000070dc00000, 0x000000070dc00000, 0x000000070de00000|  0%| F|  |TAMS 0x000000070dc00000, 0x000000070dc00000| Untracked 
| 105|0x000000070de00000, 0x000000070de00000, 0x000000070e000000|  0%| F|  |TAMS 0x000000070de00000, 0x000000070de00000| Untracked 
| 106|0x000000070e000000, 0x000000070e000000, 0x000000070e200000|  0%| F|  |TAMS 0x000000070e000000, 0x000000070e000000| Untracked 
| 107|0x000000070e200000, 0x000000070e200000, 0x000000070e400000|  0%| F|  |TAMS 0x000000070e200000, 0x000000070e200000| Untracked 
| 108|0x000000070e400000, 0x000000070e400000, 0x000000070e600000|  0%| F|  |TAMS 0x000000070e400000, 0x000000070e400000| Untracked 
| 109|0x000000070e600000, 0x000000070e600000, 0x000000070e800000|  0%| F|  |TAMS 0x000000070e600000, 0x000000070e600000| Untracked 
| 110|0x000000070e800000, 0x000000070e800000, 0x000000070ea00000|  0%| F|  |TAMS 0x000000070e800000, 0x000000070e800000| Untracked 
| 111|0x000000070ea00000, 0x000000070ea00000, 0x000000070ec00000|  0%| F|  |TAMS 0x000000070ea00000, 0x000000070ea00000| Untracked 
| 112|0x000000070ec00000, 0x000000070ec00000, 0x000000070ee00000|  0%| F|  |TAMS 0x000000070ec00000, 0x000000070ec00000| Untracked 
| 113|0x000000070ee00000, 0x000000070ee00000, 0x000000070f000000|  0%| F|  |TAMS 0x000000070ee00000, 0x000000070ee00000| Untracked 
| 114|0x000000070f000000, 0x000000070f000000, 0x000000070f200000|  0%| F|  |TAMS 0x000000070f000000, 0x000000070f000000| Untracked 
| 115|0x000000070f200000, 0x000000070f200000, 0x000000070f400000|  0%| F|  |TAMS 0x000000070f200000, 0x000000070f200000| Untracked 
| 116|0x000000070f400000, 0x000000070f400000, 0x000000070f600000|  0%| F|  |TAMS 0x000000070f400000, 0x000000070f400000| Untracked 
| 117|0x000000070f600000, 0x000000070f600000, 0x000000070f800000|  0%| F|  |TAMS 0x000000070f600000, 0x000000070f600000| Untracked 
| 118|0x000000070f800000, 0x000000070f800000, 0x000000070fa00000|  0%| F|  |TAMS 0x000000070f800000, 0x000000070f800000| Untracked 
| 119|0x000000070fa00000, 0x000000070fc00000, 0x000000070fc00000|100%| E|  |TAMS 0x000000070fa00000, 0x000000070fa00000| Complete 
| 120|0x000000070fc00000, 0x000000070fe00000, 0x000000070fe00000|100%| E|CS|TAMS 0x000000070fc00000, 0x000000070fc00000| Complete 
| 121|0x000000070fe00000, 0x0000000710000000, 0x0000000710000000|100%| E|CS|TAMS 0x000000070fe00000, 0x000000070fe00000| Complete 
| 122|0x0000000710000000, 0x00000007100a0820, 0x0000000710200000| 31%| S|CS|TAMS 0x0000000710000000, 0x0000000710000000| Complete 
| 123|0x0000000710200000, 0x0000000710400000, 0x0000000710400000|100%| E|CS|TAMS 0x0000000710200000, 0x0000000710200000| Complete 
| 124|0x0000000710400000, 0x0000000710600000, 0x0000000710600000|100%| E|CS|TAMS 0x0000000710400000, 0x0000000710400000| Complete 
| 125|0x0000000710600000, 0x0000000710800000, 0x0000000710800000|100%| E|CS|TAMS 0x0000000710600000, 0x0000000710600000| Complete 
| 126|0x0000000710800000, 0x0000000710a00000, 0x0000000710a00000|100%| E|CS|TAMS 0x0000000710800000, 0x0000000710800000| Complete 
| 127|0x0000000710a00000, 0x0000000710c00000, 0x0000000710c00000|100%| E|CS|TAMS 0x0000000710a00000, 0x0000000710a00000| Complete 

Card table byte_map: [0x000002b37b220000,0x000002b37ba20000] _byte_map_base: 0x000002b377a1a000

Marking Bits (Prev, Next): (CMBitMap*) 0x000002b364207980, (CMBitMap*) 0x000002b3642079c0
 Prev Bits: [0x000002b300000000, 0x000002b303fd0000)
 Next Bits: [0x000002b303fd0000, 0x000002b307fa0000)

Polling page: 0x000002b363260000

Metaspace:

Usage:
  Non-class:      6.22 MB used.
      Class:    865.79 KB used.
       Both:      7.07 MB used.

Virtual space:
  Non-class space:       16.00 MB reserved,       6.25 MB ( 39%) committed,  2 nodes.
      Class space:        1.00 GB reserved,     960.00 KB ( <1%) committed,  1 nodes.
             Both:        1.02 GB reserved,       7.19 MB ( <1%) committed. 

Chunk freelists:
   Non-Class:  3.62 MB
       Class:  3.05 MB
        Both:  6.67 MB

MaxMetaspaceSize: unlimited
CompressedClassSpaceSize: 1.00 GB
Initial GC threshold: 21.00 MB
Current GC threshold: 21.00 MB
CDS: on
MetaspaceReclaimPolicy: balanced
 - commit_granule_bytes: 65536.
 - commit_granule_words: 8192.
 - virtual_space_node_default_size: 1048576.
 - enlarge_chunks_in_place: 1.
 - new_chunks_are_fully_committed: 0.
 - uncommit_free_chunks: 1.
 - use_allocation_guard: 0.
 - handle_deallocations: 1.


Internal statistics:

num_allocs_failed_limit: 0.
num_arena_births: 24.
num_arena_deaths: 0.
num_vsnodes_births: 3.
num_vsnodes_deaths: 0.
num_space_committed: 115.
num_space_uncommitted: 0.
num_chunks_returned_to_freelist: 0.
num_chunks_taken_from_freelist: 255.
num_chunk_merges: 0.
num_chunk_splits: 186.
num_chunks_enlarged: 151.
num_purges: 0.
num_inconsistent_stats: 0.

CodeHeap 'non-profiled nmethods': size=120000Kb used=554Kb max_used=554Kb free=119445Kb
 bounds [0x000002b3734f0000, 0x000002b373760000, 0x000002b37aa20000]
CodeHeap 'profiled nmethods': size=120000Kb used=2774Kb max_used=2774Kb free=117225Kb
 bounds [0x000002b36bfc0000, 0x000002b36c280000, 0x000002b3734f0000]
CodeHeap 'non-nmethods': size=5760Kb used=1147Kb max_used=1192Kb free=4612Kb
 bounds [0x000002b36ba20000, 0x000002b36bc90000, 0x000002b36bfc0000]
 total_blobs=1809 nmethods=1375 adapters=347
 compilation: enabled
              stopped_count=0, restarted_count=0
 full_count=0

Compilation events (20 events):
Event: 1.027 Thread 0x000002b37e71e850 1355       1       java.lang.reflect.Field::getGenericSignature (5 bytes)
Event: 1.027 Thread 0x000002b37e71e850 nmethod 1355 0x000002b37357a710 code [0x000002b37357a8a0, 0x000002b37357a978]
Event: 1.031 Thread 0x000002b37e71e850 1356       3       com.google.inject.internal.Annotations::isBindingAnnotation (8 bytes)
Event: 1.031 Thread 0x000002b37e71e850 nmethod 1356 0x000002b36c25d210 code [0x000002b36c25d420, 0x000002b36c25da88]
Event: 1.031 Thread 0x000002b37e71e850 1357       3       com.google.inject.internal.Annotations$AnnotationChecker::hasAnnotations (17 bytes)
Event: 1.031 Thread 0x000002b37e71e850 nmethod 1357 0x000002b36c25dd90 code [0x000002b36c25df80, 0x000002b36c25e548]
Event: 1.031 Thread 0x000002b37e71e850 1358       3       com.google.common.cache.LocalCache::segmentFor (17 bytes)
Event: 1.032 Thread 0x000002b37e71e850 nmethod 1358 0x000002b36c25e810 code [0x000002b36c25e9a0, 0x000002b36c25eaf8]
Event: 1.034 Thread 0x000002b37e71e850 1359       3       jdk.internal.reflect.DelegatingConstructorAccessorImpl::newInstance (9 bytes)
Event: 1.034 Thread 0x000002b37e71e850 nmethod 1359 0x000002b36c25ec10 code [0x000002b36c25edc0, 0x000002b36c25efa8]
Event: 1.034 Thread 0x000002b37f72a3c0 1360   !   4       java.lang.reflect.Executable::declaredAnnotations (85 bytes)
Event: 1.035 Thread 0x000002b37e71e850 1361       3       java.nio.ByteBuffer::limit (8 bytes)
Event: 1.035 Thread 0x000002b37e71e850 nmethod 1361 0x000002b36c25f090 code [0x000002b36c25f220, 0x000002b36c25f368]
Event: 1.035 Thread 0x000002b37e71e850 1362       3       jdk.internal.loader.AbstractClassLoaderValue::extractValue (17 bytes)
Event: 1.035 Thread 0x000002b37e71e850 nmethod 1362 0x000002b36c25f410 code [0x000002b36c25f5c0, 0x000002b36c25f968]
Event: 1.035 Thread 0x000002b37e71e850 1363       3       java.lang.reflect.Constructor::newInstance (34 bytes)
Event: 1.035 Thread 0x000002b37e71e850 nmethod 1363 0x000002b36c25fa90 code [0x000002b36c25fc40, 0x000002b36c25fe78]
Event: 1.037 Thread 0x000002b37e71e850 1364   !   3       sun.reflect.annotation.AnnotationParser::parseAnnotation2 (271 bytes)
Event: 1.039 Thread 0x000002b37e71e850 nmethod 1364 0x000002b36c25ff90 code [0x000002b36c2603a0, 0x000002b36c2620c8]
Event: 1.039 Thread 0x000002b37e71e850 1365       3       jdk.internal.loader.AbstractClassLoaderValue::<init> (5 bytes)

GC Heap History (4 events):
Event: 0.462 GC heap before
{Heap before GC invocations=0 (full 0):
 garbage-first heap   total 262144K, used 12288K [0x0000000700c00000, 0x0000000800000000)
  region size 2048K, 6 young (12288K), 0 survivors (0K)
 Metaspace       used 3231K, committed 3392K, reserved 1056768K
  class space    used 340K, committed 448K, reserved 1048576K
}
Event: 0.466 GC heap after
{Heap after GC invocations=1 (full 0):
 garbage-first heap   total 262144K, used 3093K [0x0000000700c00000, 0x0000000800000000)
  region size 2048K, 1 young (2048K), 1 survivors (2048K)
 Metaspace       used 3231K, committed 3392K, reserved 1056768K
  class space    used 340K, committed 448K, reserved 1048576K
}
Event: 0.667 GC heap before
{Heap before GC invocations=1 (full 0):
 garbage-first heap   total 262144K, used 11285K [0x0000000700c00000, 0x0000000800000000)
  region size 2048K, 6 young (12288K), 1 survivors (2048K)
 Metaspace       used 4758K, committed 4928K, reserved 1056768K
  class space    used 558K, committed 640K, reserved 1048576K
}
Event: 0.670 GC heap after
{Heap after GC invocations=2 (full 0):
 garbage-first heap   total 262144K, used 3790K [0x0000000700c00000, 0x0000000800000000)
  region size 2048K, 1 young (2048K), 1 survivors (2048K)
 Metaspace       used 4758K, committed 4928K, reserved 1056768K
  class space    used 558K, committed 640K, reserved 1048576K
}

Deoptimization events (20 events):
Event: 0.830 Thread 0x000002b36419b350 Uncommon trap: trap_request=0xffffffde fr.pc=0x000002b37356112c relative=0x000000000000010c
Event: 0.830 Thread 0x000002b36419b350 Uncommon trap: reason=class_check action=maybe_recompile pc=0x000002b37356112c method=jdk.internal.misc.Unsafe.allocateUninitializedArray(Ljava/lang/Class;I)Ljava/lang/Object; @ 51 c2
Event: 0.830 Thread 0x000002b36419b350 DEOPT PACKING pc=0x000002b37356112c sp=0x000000bd499fb490
Event: 0.830 Thread 0x000002b36419b350 DEOPT UNPACKING pc=0x000002b36ba723a3 sp=0x000000bd499fb418 mode 2
Event: 0.851 Thread 0x000002b36419b350 Uncommon trap: trap_request=0xffffff45 fr.pc=0x000002b37355df98 relative=0x0000000000000478
Event: 0.851 Thread 0x000002b36419b350 Uncommon trap: reason=unstable_if action=reinterpret pc=0x000002b37355df98 method=java.lang.String.<init>([CIILjava/lang/Void;)V @ 5 c2
Event: 0.851 Thread 0x000002b36419b350 DEOPT PACKING pc=0x000002b37355df98 sp=0x000000bd499fd7f0
Event: 0.851 Thread 0x000002b36419b350 DEOPT UNPACKING pc=0x000002b36ba723a3 sp=0x000000bd499fd688 mode 2
Event: 0.881 Thread 0x000002b36419b350 DEOPT PACKING pc=0x000002b36c1ccb73 sp=0x000000bd499fd980
Event: 0.881 Thread 0x000002b36419b350 DEOPT UNPACKING pc=0x000002b36ba72b43 sp=0x000000bd499fcdf0 mode 0
Event: 0.898 Thread 0x000002b36419b350 Uncommon trap: trap_request=0xffffff45 fr.pc=0x000002b37355cc34 relative=0x0000000000000314
Event: 0.898 Thread 0x000002b36419b350 Uncommon trap: reason=unstable_if action=reinterpret pc=0x000002b37355cc34 method=java.lang.String.<init>([CIILjava/lang/Void;)V @ 5 c2
Event: 0.898 Thread 0x000002b36419b350 DEOPT PACKING pc=0x000002b37355cc34 sp=0x000000bd499fd710
Event: 0.898 Thread 0x000002b36419b350 DEOPT UNPACKING pc=0x000002b36ba723a3 sp=0x000000bd499fd6d0 mode 2
Event: 0.907 Thread 0x000002b36419b350 DEOPT PACKING pc=0x000002b36c1fed19 sp=0x000000bd499fd7c0
Event: 0.907 Thread 0x000002b36419b350 DEOPT UNPACKING pc=0x000002b36ba72b43 sp=0x000000bd499fcc18 mode 0
Event: 0.910 Thread 0x000002b36419b350 DEOPT PACKING pc=0x000002b36c1fed19 sp=0x000000bd499fd7c0
Event: 0.910 Thread 0x000002b36419b350 DEOPT UNPACKING pc=0x000002b36ba72b43 sp=0x000000bd499fcc18 mode 0
Event: 0.918 Thread 0x000002b36419b350 DEOPT PACKING pc=0x000002b36bffd568 sp=0x000000bd499fceb0
Event: 0.918 Thread 0x000002b36419b350 DEOPT UNPACKING pc=0x000002b36ba72b43 sp=0x000000bd499fc340 mode 0

Classes unloaded (0 events):
No events

Classes redefined (0 events):
No events

Internal exceptions (11 events):
Event: 0.181 Thread 0x000002b36419b350 Exception <a 'java/lang/NullPointerException'{0x00000007109778d8}> (0x00000007109778d8) 
thrown [s\open\src\hotspot\share\interpreter\linkResolver.cpp, line 1350]
Event: 0.197 Thread 0x000002b36419b350 Exception <a 'java/lang/NullPointerException'{0x00000007109a3fb0}> (0x00000007109a3fb0) 
thrown [s\open\src\hotspot\share\interpreter\linkResolver.cpp, line 1350]
Event: 0.197 Thread 0x000002b36419b350 Exception <a 'java/lang/NullPointerException'{0x00000007109a4288}> (0x00000007109a4288) 
thrown [s\open\src\hotspot\share\interpreter\linkResolver.cpp, line 1350]
Event: 0.197 Thread 0x000002b36419b350 Exception <a 'java/lang/NullPointerException'{0x00000007109a4560}> (0x00000007109a4560) 
thrown [s\open\src\hotspot\share\interpreter\linkResolver.cpp, line 1350]
Event: 0.198 Thread 0x000002b36419b350 Exception <a 'java/lang/NullPointerException'{0x00000007109aa458}> (0x00000007109aa458) 
thrown [s\open\src\hotspot\share\interpreter\linkResolver.cpp, line 1350]
Event: 0.200 Thread 0x000002b36419b350 Exception <a 'java/lang/NullPointerException'{0x00000007109bfda8}> (0x00000007109bfda8) 
thrown [s\open\src\hotspot\share\interpreter\linkResolver.cpp, line 1350]
Event: 0.200 Thread 0x000002b36419b350 Exception <a 'java/lang/NullPointerException'{0x00000007109c0080}> (0x00000007109c0080) 
thrown [s\open\src\hotspot\share\interpreter\linkResolver.cpp, line 1350]
Event: 0.200 Thread 0x000002b36419b350 Exception <a 'java/lang/NullPointerException'{0x00000007109c0358}> (0x00000007109c0358) 
thrown [s\open\src\hotspot\share\interpreter\linkResolver.cpp, line 1350]
Event: 0.200 Thread 0x000002b36419b350 Exception <a 'java/lang/NullPointerException'{0x00000007109c0630}> (0x00000007109c0630) 
thrown [s\open\src\hotspot\share\interpreter\linkResolver.cpp, line 1350]
Event: 0.544 Thread 0x000002b36419b350 Exception <a 'java/lang/NoSuchMethodError'{0x0000000710853760}: 'java.lang.Object java.lang.invoke.DirectMethodHandle$Holder.newInvokeSpecial(java.lang.Object, java.lang.Object, java.lang.Object, java.lang.Object, java.lang.Object)'> (0x0000000710853760) 
thrown [s\open\src\hotspot\share\interpreter\linkResolver.cpp, line 759]
Event: 0.586 Thread 0x000002b36419b350 Exception <a 'java/lang/NoClassDefFoundError'{0x00000007109c4940}: javax/enterprise/inject/Typed> (0x00000007109c4940) 
thrown [s\open\src\hotspot\share\classfile\systemDictionary.cpp, line 245]

VM Operations (16 events):
Event: 0.071 Executing VM operation: HandshakeAllThreads
Event: 0.071 Executing VM operation: HandshakeAllThreads done
Event: 0.179 Executing VM operation: HandshakeAllThreads
Event: 0.179 Executing VM operation: HandshakeAllThreads done
Event: 0.190 Executing VM operation: HandshakeAllThreads
Event: 0.190 Executing VM operation: HandshakeAllThreads done
Event: 0.292 Executing VM operation: HandshakeAllThreads
Event: 0.292 Executing VM operation: HandshakeAllThreads done
Event: 0.462 Executing VM operation: G1CollectForAllocation
Event: 0.466 Executing VM operation: G1CollectForAllocation done
Event: 0.667 Executing VM operation: G1CollectForAllocation
Event: 0.670 Executing VM operation: G1CollectForAllocation done
Event: 0.962 Executing VM operation: HandshakeAllThreads
Event: 0.962 Executing VM operation: HandshakeAllThreads done
Event: 0.997 Executing VM operation: HandshakeAllThreads
Event: 0.997 Executing VM operation: HandshakeAllThreads done

Events (20 events):
Event: 0.797 loading class jdk/internal/reflect/Label$PatchInfo
Event: 0.797 loading class jdk/internal/reflect/Label$PatchInfo done
Event: 0.797 loading class jdk/internal/reflect/MethodAccessorGenerator$1
Event: 0.797 loading class jdk/internal/reflect/MethodAccessorGenerator$1 done
Event: 0.797 loading class jdk/internal/reflect/ClassDefiner
Event: 0.797 loading class jdk/internal/reflect/ClassDefiner done
Event: 0.797 loading class jdk/internal/reflect/ClassDefiner$1
Event: 0.797 loading class jdk/internal/reflect/ClassDefiner$1 done
Event: 0.798 loading class jdk/internal/reflect/BootstrapConstructorAccessorImpl
Event: 0.798 loading class jdk/internal/reflect/BootstrapConstructorAccessorImpl done
Event: 0.973 loading class java/lang/Deprecated
Event: 0.973 loading class java/lang/Deprecated done
Event: 0.985 loading class java/util/EventObject
Event: 0.985 loading class java/util/EventObject done
Event: 0.991 loading class java/lang/NumberFormatException
Event: 0.991 loading class java/lang/NumberFormatException done
Event: 1.004 loading class java/util/concurrent/locks/ReentrantReadWriteLock
Event: 1.004 loading class java/util/concurrent/locks/ReadWriteLock
Event: 1.004 loading class java/util/concurrent/locks/ReadWriteLock done
Event: 1.004 loading class java/util/concurrent/locks/ReentrantReadWriteLock done


Dynamic libraries:
0x00007ff6cda20000 - 0x00007ff6cda30000 	C:\Program Files\Java\jdk-17.0.4.1\bin\java.exe
0x00007fffd5530000 - 0x00007fffd5728000 	C:\Windows\SYSTEM32\ntdll.dll
0x00007fffd5430000 - 0x00007fffd54ef000 	C:\Windows\System32\KERNEL32.DLL
0x00007fffd2c30000 - 0x00007fffd2f02000 	C:\Windows\System32\KERNELBASE.dll
0x00007fffd32e0000 - 0x00007fffd33e0000 	C:\Windows\System32\ucrtbase.dll
0x00007fffbbb60000 - 0x00007fffbbb78000 	C:\Program Files\Java\jdk-17.0.4.1\bin\jli.dll
0x00007fffbba70000 - 0x00007fffbba8a000 	C:\Program Files\Java\jdk-17.0.4.1\bin\VCRUNTIME140.dll
0x00007fffd3780000 - 0x00007fffd382e000 	C:\Windows\System32\ADVAPI32.dll
0x00007fffd4100000 - 0x00007fffd419e000 	C:\Windows\System32\msvcrt.dll
0x00007fffd3580000 - 0x00007fffd361c000 	C:\Windows\System32\sechost.dll
0x00007fffd3620000 - 0x00007fffd3745000 	C:\Windows\System32\RPCRT4.dll
0x00007fffd4490000 - 0x00007fffd462d000 	C:\Windows\System32\USER32.dll
0x00007fffbb7d0000 - 0x00007fffbba6a000 	C:\Windows\WinSxS\amd64_microsoft.windows.common-controls_6595b64144ccf1df_6.0.19041.1110_none_60b5254171f9507e\COMCTL32.dll
0x00007fffd30f0000 - 0x00007fffd3112000 	C:\Windows\System32\win32u.dll
0x00007fffd3750000 - 0x00007fffd377b000 	C:\Windows\System32\GDI32.dll
0x00007fffd3120000 - 0x00007fffd322f000 	C:\Windows\System32\gdi32full.dll
0x00007fffca040000 - 0x00007fffca04a000 	C:\Windows\SYSTEM32\VERSION.dll
0x00007fffd3470000 - 0x00007fffd350d000 	C:\Windows\System32\msvcp_win.dll
0x00007fffbbb50000 - 0x00007fffbbb5c000 	C:\Program Files\Java\jdk-17.0.4.1\bin\vcruntime140_1.dll
0x00007fffbb570000 - 0x00007fffbb5fd000 	C:\Program Files\Java\jdk-17.0.4.1\bin\msvcp140.dll
0x00007fffba980000 - 0x00007fffbb542000 	C:\Program Files\Java\jdk-17.0.4.1\bin\server\jvm.dll
0x00007fffd5310000 - 0x00007fffd5318000 	C:\Windows\System32\PSAPI.DLL
0x00007fffc7fb0000 - 0x00007fffc7fd7000 	C:\Windows\SYSTEM32\WINMM.dll
0x00007fffba830000 - 0x00007fffba839000 	C:\Windows\SYSTEM32\WSOCK32.dll
0x00007fffd3c70000 - 0x00007fffd3cdb000 	C:\Windows\System32\WS2_32.dll
0x00007fffd0a00000 - 0x00007fffd0a12000 	C:\Windows\SYSTEM32\kernel.appcore.dll
0x00007fffba4e0000 - 0x00007fffba4ea000 	C:\Program Files\Java\jdk-17.0.4.1\bin\jimage.dll
0x00007fffcd210000 - 0x00007fffcd3f4000 	C:\Windows\SYSTEM32\DBGHELP.DLL
0x00007fffcd1e0000 - 0x00007fffcd20c000 	C:\Windows\SYSTEM32\dbgcore.DLL
0x00007fffd33e0000 - 0x00007fffd3462000 	C:\Windows\System32\bcryptPrimitives.dll
0x00007fffba250000 - 0x00007fffba275000 	C:\Program Files\Java\jdk-17.0.4.1\bin\java.dll
0x00007fffb97d0000 - 0x00007fffb98a6000 	C:\Program Files\Java\jdk-17.0.4.1\bin\jsvml.dll
0x00007fffd4630000 - 0x00007fffd4d73000 	C:\Windows\System32\SHELL32.dll
0x00007fffd0c00000 - 0x00007fffd1392000 	C:\Windows\SYSTEM32\windows.storage.dll
0x00007fffd3830000 - 0x00007fffd3b84000 	C:\Windows\System32\combase.dll
0x00007fffd25b0000 - 0x00007fffd25e0000 	C:\Windows\SYSTEM32\Wldp.dll
0x00007fffd5380000 - 0x00007fffd542d000 	C:\Windows\System32\SHCORE.dll
0x00007fffd4420000 - 0x00007fffd4475000 	C:\Windows\System32\shlwapi.dll
0x00007fffd2b70000 - 0x00007fffd2b8f000 	C:\Windows\SYSTEM32\profapi.dll
0x00007fffb9690000 - 0x00007fffb96a9000 	C:\Program Files\Java\jdk-17.0.4.1\bin\net.dll
0x00007fffd1bb0000 - 0x00007fffd1cbc000 	C:\Windows\SYSTEM32\WINHTTP.dll
0x00007fffd2310000 - 0x00007fffd237a000 	C:\Windows\system32\mswsock.dll
0x00007fffb9620000 - 0x00007fffb9636000 	C:\Program Files\Java\jdk-17.0.4.1\bin\nio.dll
0x00007fffb9600000 - 0x00007fffb9618000 	C:\Program Files\Java\jdk-17.0.4.1\bin\zip.dll
0x0000000069ac0000 - 0x0000000069ae4000 	C:\ProgramData\Jenkins\.jenkins\tools\hudson.tasks.Maven_MavenInstallation\MAVEN_HOME\lib\jansi-native\Windows\x86_64\jansi.dll
0x00007fffb8b00000 - 0x00007fffb8b10000 	C:\Program Files\Java\jdk-17.0.4.1\bin\verify.dll

dbghelp: loaded successfully - version: 4.0.5 - missing functions: none
symbol engine: initialized successfully - sym options: 0x614 - pdb path: .;C:\Program Files\Java\jdk-17.0.4.1\bin;C:\Windows\SYSTEM32;C:\Windows\WinSxS\amd64_microsoft.windows.common-controls_6595b64144ccf1df_6.0.19041.1110_none_60b5254171f9507e;C:\Program Files\Java\jdk-17.0.4.1\bin\server;C:\ProgramData\Jenkins\.jenkins\tools\hudson.tasks.Maven_MavenInstallation\MAVEN_HOME\lib\jansi-native\Windows\x86_64

VM Arguments:
jvm_args: -Dclassworlds.conf=C:\ProgramData\Jenkins\.jenkins\tools\hudson.tasks.Maven_MavenInstallation\MAVEN_HOME\bin\m2.conf -Dmaven.home=C:\ProgramData\Jenkins\.jenkins\tools\hudson.tasks.Maven_MavenInstallation\MAVEN_HOME -Dlibrary.jansi.path=C:\ProgramData\Jenkins\.jenkins\tools\hudson.tasks.Maven_MavenInstallation\MAVEN_HOME\lib\jansi-native -Dmaven.multiModuleProjectDirectory=C:\Gopi\HomeRiver_Leasing 
java_command: org.codehaus.plexus.classworlds.launcher.Launcher clean install
java_class_path (initial): C:\ProgramData\Jenkins\.jenkins\tools\hudson.tasks.Maven_MavenInstallation\MAVEN_HOME\boot\plexus-classworlds-2.6.0.jar
Launcher Type: SUN_STANDARD

[Global flags]
     intx CICompilerCount                          = 3                                         {product} {ergonomic}
     uint ConcGCThreads                            = 1                                         {product} {ergonomic}
     uint G1ConcRefinementThreads                  = 4                                         {product} {ergonomic}
   size_t G1HeapRegionSize                         = 2097152                                   {product} {ergonomic}
    uintx GCDrainStackTargetSize                   = 64                                        {product} {ergonomic}
   size_t InitialHeapSize                          = 268435456                                 {product} {ergonomic}
   size_t MarkStackSize                            = 4194304                                   {product} {ergonomic}
   size_t MaxHeapSize                              = 4282384384                                {product} {ergonomic}
   size_t MaxNewSize                               = 2569011200                                {product} {ergonomic}
   size_t MinHeapDeltaBytes                        = 2097152                                   {product} {ergonomic}
   size_t MinHeapSize                              = 8388608                                   {product} {ergonomic}
    uintx NonNMethodCodeHeapSize                   = 5832780                                {pd product} {ergonomic}
    uintx NonProfiledCodeHeapSize                  = 122912730                              {pd product} {ergonomic}
    uintx ProfiledCodeHeapSize                     = 122912730                              {pd product} {ergonomic}
    uintx ReservedCodeCacheSize                    = 251658240                              {pd product} {ergonomic}
     bool SegmentedCodeCache                       = true                                      {product} {ergonomic}
   size_t SoftMaxHeapSize                          = 4282384384                             {manageable} {ergonomic}
     bool UseCompressedClassPointers               = true                           {product lp64_product} {ergonomic}
     bool UseCompressedOops                        = true                           {product lp64_product} {ergonomic}
     bool UseG1GC                                  = true                                      {product} {ergonomic}
     bool UseLargePagesIndividualAllocation        = false                                  {pd product} {ergonomic}

Logging:
Log output configuration:
 #0: stdout all=warning uptime,level,tags
 #1: stderr all=off uptime,level,tags

Environment Variables:
JAVA_HOME=C:\Program Files\Java\jdk-17.0.4.1
PATH=C:\ProgramData\Jenkins\.jenkins\tools\hudson.tasks.Maven_MavenInstallation\MAVEN_HOME/bin;C:\Program Files\Java\jdk-17.0.4.1/bin;C:\Program Files\Java\jdk-17.0.4.1/bin;C:\Program Files\Common Files\Oracle\Java\javapath;C:\Windows\system32;C:\Windows;C:\Windows\System32\Wbem;C:\Windows\System32\WindowsPowerShell\v1.0\;C:\Windows\System32\OpenSSH\;C:\Program Files\dotnet\;C:\Program Files (x86)\Microsoft SQL Server\150\DTS\Binn\;C:\Program Files\Azure Data Studio\bin;C:\Program Files\Java\jdk-19\bin;C:\Program Files\Microsoft SQL Server\Client SDK\ODBC\170\Tools\Binn\;D:\Automation Files\apache-maven-3.8.6\bin;C:\Gopi\Apache Maven\apache-maven-3.8.6\bin;C:\Program Files\Git\cmd;C:\Windows\system32\config\systemprofile\AppData\Local\Microsoft\WindowsApps
USERNAME=HRG-CORP-BEERIM$
OS=Windows_NT
PROCESSOR_IDENTIFIER=AMD64 Family 25 Model 1 Stepping 1, AuthenticAMD



---------------  S Y S T E M  ---------------

OS:
 Windows 10 , 64 bit Build 19041 (10.0.19041.2251)
OS uptime: 3 days 7:26 hours
Hyper-V virtualization detected

CPU: total 4 (initial active 4) (4 cores per cpu, 2 threads per core) family 25 model 1 stepping 1 microcode 0x0, cx8, cmov, fxsr, ht, mmx, 3dnowpref, sse, sse2, sse3, ssse3, sse4a, sse4.1, sse4.2, popcnt, lzcnt, tsc, avx, avx2, aes, clmul, bmi1, bmi2, adx, sha, fma, vzeroupper, clflush, clflushopt, hv

Memory: 4k page, system-wide physical 16332M (3112M free)
TotalPageFile size 17738M (AvailPageFile size 4M)
current process WorkingSet (physical memory assigned to process): 78M, peak: 78M
current process commit charge ("private bytes"): 355M, peak: 355M

vm_info: Java HotSpot(TM) 64-Bit Server VM (17.0.4.1+1-LTS-2) for windows-amd64 JRE (17.0.4.1+1-LTS-2), built on Aug 16 2022 18:32:06 by "mach5one" with MS VC++ 16.8 / 16.9 (VS2019)

END.
