#
# There is insufficient memory for the Java Runtime Environment to continue.
# Native memory allocation (mmap) failed to map 448790528 bytes for G1 virtual space
# Possible reasons:
#   The system is out of physical RAM or swap space
#   The process is running with CompressedOops enabled, and the Java Heap may be blocking the growth of the native heap
# Possible solutions:
#   Reduce memory load on the system
#   Increase physical memory or swap space
#   Check if swap backing store is full
#   Decrease Java heap size (-Xmx/-Xms)
#   Decrease number of Java threads
#   Decrease Java thread stack sizes (-Xss)
#   Set larger code cache with -XX:ReservedCodeCacheSize=
#   JVM is running with Zero Based Compressed Oops mode in which the Java heap is
#     placed in the first 32GB address space. The Java Heap base address is the
#     maximum limit for the native heap growth. Please use -XX:HeapBaseMinAddress
#     to set the Java Heap base and to place the Java Heap above 32GB virtual address.
# This output file may be truncated or incomplete.
#
#  Out of Memory Error (os_windows.cpp:3527), pid=26712, tid=1884
#
# JRE version: Java(TM) SE Runtime Environment (19.0+36) (build 19+36-2238)
# Java VM: Java HotSpot(TM) 64-Bit Server VM (19+36-2238, mixed mode, sharing, tiered, compressed oops, compressed class ptrs, g1 gc, windows-amd64)
# No core dump will be written. Minidumps are not enabled by default on client versions of Windows
#

---------------  S U M M A R Y ------------

Command Line: -XX:+ShowCodeDetailsInExceptionMessages -agentlib:jdwp=transport=dt_socket,suspend=y,address=localhost:51429 -javaagent:C:\Users\AzureSQLDB\eclipse\java-2022-093\eclipse\configuration\org.eclipse.osgi\228\0\.cp\lib\javaagent-shaded.jar -Dfile.encoding=UTF-8 mainPackage.RunnerClass

Host: AMD EPYC 7763 64-Core Processor                , 4 cores, 15G,  Windows 10 , 64 bit Build 19041 (10.0.19041.2364)
Time: Thu Jan 19 06:45:39 2023 Eastern Standard Time elapsed time: 79.325321 seconds (0d 0h 1m 19s)

---------------  T H R E A D  ---------------

Current thread (0x000001dbade569c0):  VMThread "VM Thread" [stack: 0x0000002d48700000,0x0000002d48800000] [id=1884]

Stack: [0x0000002d48700000,0x0000002d48800000]
Native frames: (J=compiled Java code, j=interpreted, Vv=VM code, C=native code)
V  [jvm.dll+0x6ee8fa]
V  [jvm.dll+0x857a1e]
V  [jvm.dll+0x85940e]
V  [jvm.dll+0x859ac3]
V  [jvm.dll+0x28291f]
V  [jvm.dll+0x6eb6e9]
V  [jvm.dll+0x6e028a]
V  [jvm.dll+0x357136]
V  [jvm.dll+0x35eb96]
V  [jvm.dll+0x3b555e]
V  [jvm.dll+0x3b578f]
V  [jvm.dll+0x32c6ea]
V  [jvm.dll+0x32c797]
V  [jvm.dll+0x374b52]
V  [jvm.dll+0x37328f]
V  [jvm.dll+0x32bf10]
V  [jvm.dll+0x37282b]
V  [jvm.dll+0x85ef83]
V  [jvm.dll+0x85fd49]
V  [jvm.dll+0x86027d]
V  [jvm.dll+0x86070b]
V  [jvm.dll+0x8607c7]
V  [jvm.dll+0x8015fa]
V  [jvm.dll+0x6ed5eb]
C  [ucrtbase.dll+0x21bb2]
C  [KERNEL32.DLL+0x17614]
C  [ntdll.dll+0x526a1]

VM_Operation (0x0000002d481fcdb0): G1CollectForAllocation, mode: safepoint, requested by thread 0x000001db8935df20


---------------  P R O C E S S  ---------------

Threads class SMR info:
_java_thread_list=0x000001dbb4d29b30, length=27, elements={
0x000001db8935df20, 0x000001dbade74fe0, 0x000001dbade76570, 0x000001dbade7bc90,
0x000001dbade7c7e0, 0x000001dbade7d8b0, 0x000001dbade81410, 0x000001dbade8b7c0,
0x000001dbade8bd40, 0x000001dbadea1820, 0x000001dbade9eda0, 0x000001dbb21df310,
0x000001dbb21df860, 0x000001dbb22494c0, 0x000001dbade9f2f0, 0x000001dbadea02e0,
0x000001dbade9fd90, 0x000001dbadea0830, 0x000001dbadea0d80, 0x000001dbb4161430,
0x000001dbb415b9e0, 0x000001dbb415df10, 0x000001dbb415d9c0, 0x000001dbb4163410,
0x000001dbb415bf30, 0x000001dbb4162420, 0x000001dbb2eeb750
}

Java Threads: ( => current thread )
  0x000001db8935df20 JavaThread "main" [_thread_blocked, id=13200, stack(0x0000002d48100000,0x0000002d48200000)]
  0x000001dbade74fe0 JavaThread "Reference Handler" daemon [_thread_blocked, id=26984, stack(0x0000002d48800000,0x0000002d48900000)]
  0x000001dbade76570 JavaThread "Finalizer" daemon [_thread_blocked, id=22568, stack(0x0000002d48900000,0x0000002d48a00000)]
  0x000001dbade7bc90 JavaThread "Signal Dispatcher" daemon [_thread_blocked, id=23244, stack(0x0000002d48a00000,0x0000002d48b00000)]
  0x000001dbade7c7e0 JavaThread "Attach Listener" daemon [_thread_blocked, id=10676, stack(0x0000002d48b00000,0x0000002d48c00000)]
  0x000001dbade7d8b0 JavaThread "Service Thread" daemon [_thread_blocked, id=25996, stack(0x0000002d48c00000,0x0000002d48d00000)]
  0x000001dbade81410 JavaThread "Monitor Deflation Thread" daemon [_thread_blocked, id=25044, stack(0x0000002d48d00000,0x0000002d48e00000)]
  0x000001dbade8b7c0 JavaThread "C2 CompilerThread0" daemon [_thread_blocked, id=19008, stack(0x0000002d48e00000,0x0000002d48f00000)]
  0x000001dbade8bd40 JavaThread "C1 CompilerThread0" daemon [_thread_blocked, id=24084, stack(0x0000002d48f00000,0x0000002d49000000)]
  0x000001dbadea1820 JavaThread "Sweeper thread" daemon [_thread_blocked, id=20112, stack(0x0000002d49000000,0x0000002d49100000)]
  0x000001dbade9eda0 JavaThread "Common-Cleaner" daemon [_thread_blocked, id=4400, stack(0x0000002d49100000,0x0000002d49200000)]
  0x000001dbb21df310 JavaThread "JDWP Transport Listener: dt_socket" daemon [_thread_blocked, id=21732, stack(0x0000002d49200000,0x0000002d49300000)]
  0x000001dbb21df860 JavaThread "JDWP Event Helper Thread" daemon [_thread_blocked, id=14088, stack(0x0000002d49300000,0x0000002d49400000)]
  0x000001dbb22494c0 JavaThread "JDWP Command Reader" daemon [_thread_in_native, id=6252, stack(0x0000002d49400000,0x0000002d49500000)]
  0x000001dbade9f2f0 JavaThread "Notification Thread" daemon [_thread_blocked, id=24352, stack(0x0000002d49600000,0x0000002d49700000)]
  0x000001dbadea02e0 JavaThread "AsyncHttpClient-1-1" daemon [_thread_blocked, id=16212, stack(0x0000002d49d00000,0x0000002d49e00000)]
  0x000001dbade9fd90 JavaThread "Exec Default Executor" daemon [_thread_in_native, id=25120, stack(0x0000002d49e00000,0x0000002d49f00000)]
  0x000001dbadea0830 JavaThread "Driver Service Executor" daemon [_thread_blocked, id=17544, stack(0x0000002d49f00000,0x0000002d4a000000)]
  0x000001dbadea0d80 JavaThread "Driver Service Executor" daemon [_thread_blocked, id=25544, stack(0x0000002d4a000000,0x0000002d4a100000)]
  0x000001dbb4161430 JavaThread "Exec Stream Pumper" daemon [_thread_in_native, id=14032, stack(0x0000002d4a200000,0x0000002d4a300000)]
  0x000001dbb415b9e0 JavaThread "Exec Stream Pumper" daemon [_thread_in_native, id=24840, stack(0x0000002d4a300000,0x0000002d4a400000)]
  0x000001dbb415df10 JavaThread "AsyncHttpClient-1-2" daemon [_thread_in_native, id=11276, stack(0x0000002d4a500000,0x0000002d4a600000)]
  0x000001dbb415d9c0 JavaThread "AsyncHttpClient-1-3" daemon [_thread_in_native, id=16064, stack(0x0000002d4a400000,0x0000002d4a500000)]
  0x000001dbb4163410 JavaThread "AsyncHttpClient-1-4" daemon [_thread_in_native, id=14988, stack(0x0000002d4a700000,0x0000002d4a800000)]
  0x000001dbb415bf30 JavaThread "Java2D Disposer" daemon [_thread_blocked, id=11624, stack(0x0000002d4a600000,0x0000002d4a700000)]
  0x000001dbb4162420 JavaThread "AWT-Windows" daemon [_thread_in_native, id=6232, stack(0x0000002d4a900000,0x0000002d4aa00000)]
  0x000001dbb2eeb750 JavaThread "C2 CompilerThread1" daemon [_thread_blocked, id=18208, stack(0x0000002d47e00000,0x0000002d47f00000)]

Other Threads:
=>0x000001dbade569c0 VMThread "VM Thread" [stack: 0x0000002d48700000,0x0000002d48800000] [id=1884]
  0x000001dbb29d4cf0 WatcherThread "VM Periodic Task Thread" [stack: 0x0000002d49700000,0x0000002d49800000] [id=18036]
  0x000001db893cba10 WorkerThread "GC Thread#0" [stack: 0x0000002d48200000,0x0000002d48300000] [id=11604]
  0x000001dbb29f7010 WorkerThread "GC Thread#1" [stack: 0x0000002d49800000,0x0000002d49900000] [id=21140]
  0x000001dbb29f72e0 WorkerThread "GC Thread#2" [stack: 0x0000002d49900000,0x0000002d49a00000] [id=23004]
  0x000001dbb2bb9140 WorkerThread "GC Thread#3" [stack: 0x0000002d49a00000,0x0000002d49b00000] [id=18192]
  0x000001db893de200 ConcurrentGCThread "G1 Main Marker" [stack: 0x0000002d48300000,0x0000002d48400000] [id=5160]
  0x000001db893dfc40 WorkerThread "G1 Conc#0" [stack: 0x0000002d48400000,0x0000002d48500000] [id=6392]
  0x000001db8941d7f0 ConcurrentGCThread "G1 Refine#0" [stack: 0x0000002d48500000,0x0000002d48600000] [id=23068]
  0x000001db8941e330 ConcurrentGCThread "G1 Service" [stack: 0x0000002d48600000,0x0000002d48700000] [id=26092]

Threads with active compile tasks:
C2 CompilerThread0    79342 4879       4       org.apache.pdfbox.cos.COSArray::add (12 bytes)
C2 CompilerThread1    79342 4871       4       org.apache.pdfbox.pdfparser.BaseParser::parseCOSHexString (163 bytes)

VM state: at safepoint (normal execution)

VM Mutex/Monitor currently owned by a thread:  ([mutex/lock_event])
[0x000001db89357520] Threads_lock - owner thread: 0x000001dbade569c0
[0x000001db89357130] Heap_lock - owner thread: 0x000001db8935df20

Heap address: 0x0000000700c00000, size: 4084 MB, Compressed Oops mode: Zero based, Oop shift amount: 3

CDS archive(s) mapped at: [0x0000000800000000-0x0000000800c40000-0x0000000800c40000), size 12845056, SharedBaseAddress: 0x0000000800000000, ArchiveRelocationMode: 0.
Compressed class space mapped at: 0x0000000801000000-0x0000000841000000, reserved size: 1073741824
Narrow klass base: 0x0000000800000000, Narrow klass shift: 0, Narrow klass range: 0x100000000

GC Precious Log:
 CardTable entry size: 512
 Card Set container configuration: InlinePtr #cards 4 size 8 Array Of Cards #cards 8 size 32 Howl #buckets 8 coarsen threshold 3686 Howl Bitmap #cards 512 size 80 coarsen threshold 460 Card regions per heap region 1 cards per card region 4096
 CPUs: 4 total, 4 available
 Memory: 16332M
 Large Page Support: Disabled
 NUMA Support: Disabled
 Compressed Oops: Enabled (Zero based)
 Heap Region Size: 2M
 Heap Min Capacity: 8M
 Heap Initial Capacity: 256M
 Heap Max Capacity: 4084M
 Pre-touch: Disabled
 Parallel Workers: 4
 Concurrent Workers: 1
 Concurrent Refinement Workers: 4
 Periodic GC: Disabled

Heap:
 garbage-first heap   total 262144K, used 143316K [0x0000000700c00000, 0x0000000800000000)
  region size 2048K, 4 young (8192K), 4 survivors (8192K)
 Metaspace       used 32200K, committed 32448K, reserved 1114112K
  class space    used 3440K, committed 3584K, reserved 1048576K

Heap Regions: E=young(eden), S=young(survivor), O=old, HS=humongous(starts), HC=humongous(continues), CS=collection set, F=free, OA=open archive, CA=closed archive, TAMS=top-at-mark-start (previous, next)
|   0|0x0000000700c00000, 0x0000000700e00000, 0x0000000700e00000|100%| O|  |TAMS 0x0000000700e00000, 0x0000000700c00000| Untracked 
|   1|0x0000000700e00000, 0x0000000701000000, 0x0000000701000000|100%| O|  |TAMS 0x0000000701000000, 0x0000000700e00000| Untracked 
|   2|0x0000000701000000, 0x0000000701200000, 0x0000000701200000|100%| O|  |TAMS 0x0000000701200000, 0x0000000701000000| Untracked 
|   3|0x0000000701200000, 0x0000000701400000, 0x0000000701400000|100%| O|  |TAMS 0x0000000701400000, 0x0000000701200000| Untracked 
|   4|0x0000000701400000, 0x0000000701600000, 0x0000000701600000|100%| O|  |TAMS 0x0000000701600000, 0x0000000701400000| Untracked 
|   5|0x0000000701600000, 0x0000000701800000, 0x0000000701800000|100%| O|  |TAMS 0x0000000701800000, 0x0000000701600000| Untracked 
|   6|0x0000000701800000, 0x0000000701a00000, 0x0000000701a00000|100%| O|  |TAMS 0x0000000701a00000, 0x0000000701800000| Untracked 
|   7|0x0000000701a00000, 0x0000000701c00000, 0x0000000701c00000|100%| O|  |TAMS 0x0000000701c00000, 0x0000000701a00000| Untracked 
|   8|0x0000000701c00000, 0x0000000701e00000, 0x0000000701e00000|100%| O|  |TAMS 0x0000000701e00000, 0x0000000701c00000| Untracked 
|   9|0x0000000701e00000, 0x0000000702000000, 0x0000000702000000|100%|HS|  |TAMS 0x0000000702000000, 0x0000000701e00000| Complete 
|  10|0x0000000702000000, 0x0000000702200000, 0x0000000702200000|100%|HC|  |TAMS 0x0000000702200000, 0x0000000702000000| Complete 
|  11|0x0000000702200000, 0x0000000702400000, 0x0000000702400000|100%|HC|  |TAMS 0x0000000702400000, 0x0000000702200000| Complete 
|  12|0x0000000702400000, 0x0000000702600000, 0x0000000702600000|100%| O|  |TAMS 0x0000000702600000, 0x0000000702400000| Untracked 
|  13|0x0000000702600000, 0x0000000702800000, 0x0000000702800000|100%| O|  |TAMS 0x0000000702800000, 0x0000000702600000| Untracked 
|  14|0x0000000702800000, 0x0000000702a00000, 0x0000000702a00000|100%| O|  |TAMS 0x0000000702a00000, 0x0000000702800000| Untracked 
|  15|0x0000000702a00000, 0x0000000702c00000, 0x0000000702c00000|100%| O|  |TAMS 0x0000000702c00000, 0x0000000702a00000| Untracked 
|  16|0x0000000702c00000, 0x0000000702e00000, 0x0000000702e00000|100%| O|  |TAMS 0x0000000702e00000, 0x0000000702c00000| Untracked 
|  17|0x0000000702e00000, 0x0000000703000000, 0x0000000703000000|100%| O|  |TAMS 0x0000000703000000, 0x0000000702e00000| Untracked 
|  18|0x0000000703000000, 0x0000000703200000, 0x0000000703200000|100%| O|  |TAMS 0x0000000703200000, 0x0000000703000000| Untracked 
|  19|0x0000000703200000, 0x0000000703400000, 0x0000000703400000|100%| O|  |TAMS 0x0000000703200000, 0x0000000703200000| Untracked 
|  20|0x0000000703400000, 0x0000000703600000, 0x0000000703600000|100%| O|  |TAMS 0x0000000703600000, 0x0000000703400000| Untracked 
|  21|0x0000000703600000, 0x0000000703800000, 0x0000000703800000|100%| O|  |TAMS 0x0000000703800000, 0x0000000703600000| Untracked 
|  22|0x0000000703800000, 0x0000000703a00000, 0x0000000703a00000|100%| O|  |TAMS 0x0000000703a00000, 0x0000000703800000| Untracked 
|  23|0x0000000703a00000, 0x0000000703c00000, 0x0000000703c00000|100%| O|  |TAMS 0x0000000703c00000, 0x0000000703a00000| Untracked 
|  24|0x0000000703c00000, 0x0000000703e00000, 0x0000000703e00000|100%| O|  |TAMS 0x0000000703e00000, 0x0000000703c00000| Untracked 
|  25|0x0000000703e00000, 0x0000000704000000, 0x0000000704000000|100%| O|  |TAMS 0x0000000704000000, 0x0000000703e00000| Untracked 
|  26|0x0000000704000000, 0x0000000704200000, 0x0000000704200000|100%| O|  |TAMS 0x0000000704200000, 0x0000000704000000| Untracked 
|  27|0x0000000704200000, 0x0000000704400000, 0x0000000704400000|100%| O|  |TAMS 0x0000000704200000, 0x0000000704200000| Untracked 
|  28|0x0000000704400000, 0x0000000704600000, 0x0000000704600000|100%| O|  |TAMS 0x0000000704504800, 0x0000000704400000| Untracked 
|  29|0x0000000704600000, 0x0000000704800000, 0x0000000704800000|100%| O|  |TAMS 0x0000000704600000, 0x0000000704600000| Untracked 
|  30|0x0000000704800000, 0x0000000704a00000, 0x0000000704a00000|100%| O|  |TAMS 0x0000000704800000, 0x0000000704800000| Untracked 
|  31|0x0000000704a00000, 0x0000000704c00000, 0x0000000704c00000|100%| O|  |TAMS 0x0000000704a00000, 0x0000000704a00000| Untracked 
|  32|0x0000000704c00000, 0x0000000704e00000, 0x0000000704e00000|100%| O|  |TAMS 0x0000000704c00000, 0x0000000704c00000| Untracked 
|  33|0x0000000704e00000, 0x0000000705000000, 0x0000000705000000|100%| O|  |TAMS 0x0000000704e00000, 0x0000000704e00000| Untracked 
|  34|0x0000000705000000, 0x0000000705200000, 0x0000000705200000|100%| O|  |TAMS 0x0000000705000000, 0x0000000705000000| Untracked 
|  35|0x0000000705200000, 0x0000000705400000, 0x0000000705400000|100%| O|  |TAMS 0x0000000705200000, 0x0000000705200000| Untracked 
|  36|0x0000000705400000, 0x0000000705600000, 0x0000000705600000|100%| O|  |TAMS 0x0000000705400000, 0x0000000705400000| Untracked 
|  37|0x0000000705600000, 0x0000000705800000, 0x0000000705800000|100%| O|  |TAMS 0x0000000705600000, 0x0000000705600000| Untracked 
|  38|0x0000000705800000, 0x0000000705a00000, 0x0000000705a00000|100%| O|  |TAMS 0x0000000705800000, 0x0000000705800000| Untracked 
|  39|0x0000000705a00000, 0x0000000705c00000, 0x0000000705c00000|100%| O|  |TAMS 0x0000000705a00000, 0x0000000705a00000| Untracked 
|  40|0x0000000705c00000, 0x0000000705e00000, 0x0000000705e00000|100%| O|  |TAMS 0x0000000705c00000, 0x0000000705c00000| Untracked 
|  41|0x0000000705e00000, 0x0000000706000000, 0x0000000706000000|100%| O|  |TAMS 0x0000000705e00000, 0x0000000705e00000| Untracked 
|  42|0x0000000706000000, 0x0000000706200000, 0x0000000706200000|100%| O|  |TAMS 0x0000000706000000, 0x0000000706000000| Untracked 
|  43|0x0000000706200000, 0x0000000706400000, 0x0000000706400000|100%| O|  |TAMS 0x0000000706200000, 0x0000000706200000| Untracked 
|  44|0x0000000706400000, 0x0000000706600000, 0x0000000706600000|100%| O|  |TAMS 0x0000000706400000, 0x0000000706400000| Untracked 
|  45|0x0000000706600000, 0x0000000706800000, 0x0000000706800000|100%| O|  |TAMS 0x0000000706600000, 0x0000000706600000| Untracked 
|  46|0x0000000706800000, 0x0000000706a00000, 0x0000000706a00000|100%| O|  |TAMS 0x0000000706800000, 0x0000000706800000| Untracked 
|  47|0x0000000706a00000, 0x0000000706c00000, 0x0000000706c00000|100%| O|  |TAMS 0x0000000706a00000, 0x0000000706a00000| Untracked 
|  48|0x0000000706c00000, 0x0000000706e00000, 0x0000000706e00000|100%| O|  |TAMS 0x0000000706c00000, 0x0000000706c00000| Untracked 
|  49|0x0000000706e00000, 0x0000000707000000, 0x0000000707000000|100%| O|  |TAMS 0x0000000706e00000, 0x0000000706e00000| Untracked 
|  50|0x0000000707000000, 0x0000000707200000, 0x0000000707200000|100%| O|  |TAMS 0x0000000707000000, 0x0000000707000000| Untracked 
|  51|0x0000000707200000, 0x0000000707400000, 0x0000000707400000|100%| O|  |TAMS 0x0000000707200000, 0x0000000707200000| Untracked 
|  52|0x0000000707400000, 0x0000000707600000, 0x0000000707600000|100%| O|  |TAMS 0x0000000707400000, 0x0000000707400000| Untracked 
|  53|0x0000000707600000, 0x0000000707800000, 0x0000000707800000|100%| O|  |TAMS 0x0000000707600000, 0x0000000707600000| Untracked 
|  54|0x0000000707800000, 0x0000000707a00000, 0x0000000707a00000|100%| O|  |TAMS 0x0000000707800000, 0x0000000707800000| Untracked 
|  55|0x0000000707a00000, 0x0000000707c00000, 0x0000000707c00000|100%| O|  |TAMS 0x0000000707a00000, 0x0000000707a00000| Untracked 
|  56|0x0000000707c00000, 0x0000000707e00000, 0x0000000707e00000|100%| O|  |TAMS 0x0000000707c00000, 0x0000000707c00000| Untracked 
|  57|0x0000000707e00000, 0x0000000708000000, 0x0000000708000000|100%| O|  |TAMS 0x0000000707e00000, 0x0000000707e00000| Untracked 
|  58|0x0000000708000000, 0x0000000708200000, 0x0000000708200000|100%| O|  |TAMS 0x0000000708000000, 0x0000000708000000| Untracked 
|  59|0x0000000708200000, 0x0000000708400000, 0x0000000708400000|100%| O|  |TAMS 0x0000000708200000, 0x0000000708200000| Untracked 
|  60|0x0000000708400000, 0x0000000708600000, 0x0000000708600000|100%| O|  |TAMS 0x0000000708400000, 0x0000000708400000| Untracked 
|  61|0x0000000708600000, 0x0000000708800000, 0x0000000708800000|100%| O|  |TAMS 0x0000000708600000, 0x0000000708600000| Untracked 
|  62|0x0000000708800000, 0x0000000708a00000, 0x0000000708a00000|100%| O|  |TAMS 0x0000000708800000, 0x0000000708800000| Untracked 
|  63|0x0000000708a00000, 0x0000000708c00000, 0x0000000708c00000|100%| O|  |TAMS 0x0000000708a00000, 0x0000000708a00000| Untracked 
|  64|0x0000000708c00000, 0x0000000708e00000, 0x0000000708e00000|100%| O|  |TAMS 0x0000000708c00000, 0x0000000708c00000| Untracked 
|  65|0x0000000708e00000, 0x0000000708ff5000, 0x0000000709000000| 97%| O|  |TAMS 0x0000000708e00000, 0x0000000708e00000| Untracked 
|  66|0x0000000709000000, 0x0000000709000000, 0x0000000709200000|  0%| F|  |TAMS 0x0000000709000000, 0x0000000709000000| Untracked 
|  67|0x0000000709200000, 0x0000000709200000, 0x0000000709400000|  0%| F|  |TAMS 0x0000000709200000, 0x0000000709200000| Untracked 
|  68|0x0000000709400000, 0x0000000709400000, 0x0000000709600000|  0%| F|  |TAMS 0x0000000709400000, 0x0000000709400000| Untracked 
|  69|0x0000000709600000, 0x0000000709600000, 0x0000000709800000|  0%| F|  |TAMS 0x0000000709600000, 0x0000000709600000| Untracked 
|  70|0x0000000709800000, 0x0000000709800000, 0x0000000709a00000|  0%| F|  |TAMS 0x0000000709800000, 0x0000000709800000| Untracked 
|  71|0x0000000709a00000, 0x0000000709a00000, 0x0000000709c00000|  0%| F|  |TAMS 0x0000000709a00000, 0x0000000709a00000| Untracked 
|  72|0x0000000709c00000, 0x0000000709c00000, 0x0000000709e00000|  0%| F|  |TAMS 0x0000000709c00000, 0x0000000709c00000| Untracked 
|  73|0x0000000709e00000, 0x0000000709e00000, 0x000000070a000000|  0%| F|  |TAMS 0x0000000709e00000, 0x0000000709e00000| Untracked 
|  74|0x000000070a000000, 0x000000070a000000, 0x000000070a200000|  0%| F|  |TAMS 0x000000070a000000, 0x000000070a000000| Untracked 
|  75|0x000000070a200000, 0x000000070a200000, 0x000000070a400000|  0%| F|  |TAMS 0x000000070a200000, 0x000000070a200000| Untracked 
|  76|0x000000070a400000, 0x000000070a400000, 0x000000070a600000|  0%| F|  |TAMS 0x000000070a400000, 0x000000070a400000| Untracked 
|  77|0x000000070a600000, 0x000000070a600000, 0x000000070a800000|  0%| F|  |TAMS 0x000000070a600000, 0x000000070a600000| Untracked 
|  78|0x000000070a800000, 0x000000070a800000, 0x000000070aa00000|  0%| F|  |TAMS 0x000000070a800000, 0x000000070a800000| Untracked 
|  79|0x000000070aa00000, 0x000000070aa00000, 0x000000070ac00000|  0%| F|  |TAMS 0x000000070aa00000, 0x000000070aa00000| Untracked 
|  80|0x000000070ac00000, 0x000000070ac00000, 0x000000070ae00000|  0%| F|  |TAMS 0x000000070ac00000, 0x000000070ac00000| Untracked 
|  81|0x000000070ae00000, 0x000000070ae00000, 0x000000070b000000|  0%| F|  |TAMS 0x000000070ae00000, 0x000000070ae00000| Untracked 
|  82|0x000000070b000000, 0x000000070b000000, 0x000000070b200000|  0%| F|  |TAMS 0x000000070b000000, 0x000000070b000000| Untracked 
|  83|0x000000070b200000, 0x000000070b200000, 0x000000070b400000|  0%| F|  |TAMS 0x000000070b200000, 0x000000070b200000| Untracked 
|  84|0x000000070b400000, 0x000000070b400000, 0x000000070b600000|  0%| F|  |TAMS 0x000000070b400000, 0x000000070b400000| Untracked 
|  85|0x000000070b600000, 0x000000070b600000, 0x000000070b800000|  0%| F|  |TAMS 0x000000070b600000, 0x000000070b600000| Untracked 
|  86|0x000000070b800000, 0x000000070b800000, 0x000000070ba00000|  0%| F|  |TAMS 0x000000070b800000, 0x000000070b800000| Untracked 
|  87|0x000000070ba00000, 0x000000070ba00000, 0x000000070bc00000|  0%| F|  |TAMS 0x000000070ba00000, 0x000000070ba00000| Untracked 
|  88|0x000000070bc00000, 0x000000070be00000, 0x000000070be00000|100%| S|CS|TAMS 0x000000070bc00000, 0x000000070bc00000| Complete 
|  89|0x000000070be00000, 0x000000070c000000, 0x000000070c000000|100%| S|CS|TAMS 0x000000070be00000, 0x000000070be00000| Complete 
|  90|0x000000070c000000, 0x000000070c200000, 0x000000070c200000|100%| S|CS|TAMS 0x000000070c000000, 0x000000070c000000| Complete 
|  91|0x000000070c200000, 0x000000070c400000, 0x000000070c400000|100%| S|CS|TAMS 0x000000070c200000, 0x000000070c200000| Complete 
|  92|0x000000070c400000, 0x000000070c400000, 0x000000070c600000|  0%| F|  |TAMS 0x000000070c400000, 0x000000070c400000| Untracked 
|  93|0x000000070c600000, 0x000000070c600000, 0x000000070c800000|  0%| F|  |TAMS 0x000000070c600000, 0x000000070c600000| Untracked 
|  94|0x000000070c800000, 0x000000070c800000, 0x000000070ca00000|  0%| F|  |TAMS 0x000000070c800000, 0x000000070c800000| Untracked 
|  95|0x000000070ca00000, 0x000000070ca00000, 0x000000070cc00000|  0%| F|  |TAMS 0x000000070ca00000, 0x000000070ca00000| Untracked 
|  96|0x000000070cc00000, 0x000000070cc00000, 0x000000070ce00000|  0%| F|  |TAMS 0x000000070cc00000, 0x000000070cc00000| Untracked 
|  97|0x000000070ce00000, 0x000000070ce00000, 0x000000070d000000|  0%| F|  |TAMS 0x000000070ce00000, 0x000000070ce00000| Untracked 
|  98|0x000000070d000000, 0x000000070d000000, 0x000000070d200000|  0%| F|  |TAMS 0x000000070d000000, 0x000000070d000000| Untracked 
|  99|0x000000070d200000, 0x000000070d200000, 0x000000070d400000|  0%| F|  |TAMS 0x000000070d200000, 0x000000070d200000| Untracked 
| 100|0x000000070d400000, 0x000000070d400000, 0x000000070d600000|  0%| F|  |TAMS 0x000000070d400000, 0x000000070d400000| Untracked 
| 101|0x000000070d600000, 0x000000070d600000, 0x000000070d800000|  0%| F|  |TAMS 0x000000070d600000, 0x000000070d600000| Untracked 
| 102|0x000000070d800000, 0x000000070d800000, 0x000000070da00000|  0%| F|  |TAMS 0x000000070d800000, 0x000000070d800000| Untracked 
| 103|0x000000070da00000, 0x000000070da00000, 0x000000070dc00000|  0%| F|  |TAMS 0x000000070da00000, 0x000000070da00000| Untracked 
| 104|0x000000070dc00000, 0x000000070dc00000, 0x000000070de00000|  0%| F|  |TAMS 0x000000070dc00000, 0x000000070dc00000| Untracked 
| 105|0x000000070de00000, 0x000000070de00000, 0x000000070e000000|  0%| F|  |TAMS 0x000000070de00000, 0x000000070de00000| Untracked 
| 106|0x000000070e000000, 0x000000070e000000, 0x000000070e200000|  0%| F|  |TAMS 0x000000070e000000, 0x000000070e000000| Untracked 
| 107|0x000000070e200000, 0x000000070e200000, 0x000000070e400000|  0%| F|  |TAMS 0x000000070e200000, 0x000000070e200000| Untracked 
| 108|0x000000070e400000, 0x000000070e400000, 0x000000070e600000|  0%| F|  |TAMS 0x000000070e400000, 0x000000070e400000| Untracked 
| 109|0x000000070e600000, 0x000000070e600000, 0x000000070e800000|  0%| F|  |TAMS 0x000000070e600000, 0x000000070e600000| Untracked 
| 110|0x000000070e800000, 0x000000070e800000, 0x000000070ea00000|  0%| F|  |TAMS 0x000000070e800000, 0x000000070e800000| Untracked 
| 111|0x000000070ea00000, 0x000000070ea00000, 0x000000070ec00000|  0%| F|  |TAMS 0x000000070ea00000, 0x000000070ea00000| Untracked 
| 112|0x000000070ec00000, 0x000000070ec00000, 0x000000070ee00000|  0%| F|  |TAMS 0x000000070ec00000, 0x000000070ec00000| Untracked 
| 113|0x000000070ee00000, 0x000000070ee00000, 0x000000070f000000|  0%| F|  |TAMS 0x000000070ee00000, 0x000000070ee00000| Untracked 
| 114|0x000000070f000000, 0x000000070f000000, 0x000000070f200000|  0%| F|  |TAMS 0x000000070f000000, 0x000000070f000000| Untracked 
| 115|0x000000070f200000, 0x000000070f200000, 0x000000070f400000|  0%| F|  |TAMS 0x000000070f200000, 0x000000070f200000| Untracked 
| 116|0x000000070f400000, 0x000000070f400000, 0x000000070f600000|  0%| F|  |TAMS 0x000000070f400000, 0x000000070f400000| Untracked 
| 117|0x000000070f600000, 0x000000070f600000, 0x000000070f800000|  0%| F|  |TAMS 0x000000070f600000, 0x000000070f600000| Untracked 
| 118|0x000000070f800000, 0x000000070f800000, 0x000000070fa00000|  0%| F|  |TAMS 0x000000070f800000, 0x000000070f800000| Untracked 
| 119|0x000000070fa00000, 0x000000070fa00000, 0x000000070fc00000|  0%| F|  |TAMS 0x000000070fa00000, 0x000000070fa00000| Untracked 
| 120|0x000000070fc00000, 0x000000070fc00000, 0x000000070fe00000|  0%| F|  |TAMS 0x000000070fc00000, 0x000000070fc00000| Untracked 
| 121|0x000000070fe00000, 0x000000070fe00000, 0x0000000710000000|  0%| F|  |TAMS 0x000000070fe00000, 0x000000070fe00000| Untracked 
| 122|0x0000000710000000, 0x0000000710000000, 0x0000000710200000|  0%| F|  |TAMS 0x0000000710000000, 0x0000000710000000| Untracked 
| 123|0x0000000710200000, 0x0000000710200000, 0x0000000710400000|  0%| F|  |TAMS 0x0000000710200000, 0x0000000710200000| Untracked 
| 124|0x0000000710400000, 0x0000000710400000, 0x0000000710600000|  0%| F|  |TAMS 0x0000000710400000, 0x0000000710400000| Untracked 
| 125|0x0000000710600000, 0x0000000710600000, 0x0000000710800000|  0%| F|  |TAMS 0x0000000710600000, 0x0000000710600000| Untracked 
| 126|0x0000000710800000, 0x0000000710800000, 0x0000000710a00000|  0%| F|  |TAMS 0x0000000710800000, 0x0000000710800000| Untracked 
| 127|0x0000000710a00000, 0x0000000710a00000, 0x0000000710c00000|  0%| F|  |TAMS 0x0000000710a00000, 0x0000000710a00000| Untracked 

Card table byte_map: [0x000001dba28a0000,0x000001dba30a0000] _byte_map_base: 0x000001db9f09a000

Marking Bits (Prev, Next): (CMBitMap*) 0x000001db893cd050, (CMBitMap*) 0x000001db893cd090
 Prev Bits: [0x000001dba38a0000, 0x000001dba7870000)
 Next Bits: [0x000001dba7870000, 0x000001dbab840000)

Polling page: 0x000001db89140000

Metaspace:

Usage:
  Non-class:     28.09 MB used.
      Class:      3.36 MB used.
       Both:     31.45 MB used.

Virtual space:
  Non-class space:       64.00 MB reserved,      28.19 MB ( 44%) committed,  1 nodes.
      Class space:        1.00 GB reserved,       3.50 MB ( <1%) committed,  1 nodes.
             Both:        1.06 GB reserved,      31.69 MB (  3%) committed. 

Chunk freelists:
   Non-Class:  3.19 MB
       Class:  368.00 KB
        Both:  3.55 MB

MaxMetaspaceSize: unlimited
CompressedClassSpaceSize: 1.00 GB
Initial GC threshold: 21.00 MB
Current GC threshold: 52.75 MB
CDS: on
MetaspaceReclaimPolicy: balanced
 - commit_granule_bytes: 65536.
 - commit_granule_words: 8192.
 - virtual_space_node_default_size: 8388608.
 - enlarge_chunks_in_place: 1.
 - new_chunks_are_fully_committed: 0.
 - uncommit_free_chunks: 1.
 - use_allocation_guard: 0.


Internal statistics:

num_allocs_failed_limit: 3.
num_arena_births: 224.
num_arena_deaths: 0.
num_vsnodes_births: 2.
num_vsnodes_deaths: 0.
num_space_committed: 507.
num_space_uncommitted: 0.
num_chunks_returned_to_freelist: 3.
num_chunks_taken_from_freelist: 947.
num_chunk_merges: 0.
num_chunk_splits: 707.
num_chunks_enlarged: 602.
num_inconsistent_stats: 0.

CodeHeap 'non-profiled nmethods': size=120000Kb used=2482Kb max_used=2820Kb free=117517Kb
 bounds [0x000001db9a540000, 0x000001db9a810000, 0x000001dba1a70000]
CodeHeap 'profiled nmethods': size=120000Kb used=7635Kb max_used=10022Kb free=112365Kb
 bounds [0x000001db92a70000, 0x000001db93440000, 0x000001db99fa0000]
CodeHeap 'non-nmethods': size=5760Kb used=1514Kb max_used=1570Kb free=4245Kb
 bounds [0x000001db99fa0000, 0x000001db9a210000, 0x000001db9a540000]
 total_blobs=4647 nmethods=3945 adapters=612
 compilation: enabled
              stopped_count=0, restarted_count=0
 full_count=0

Compilation events (20 events):
Event: 79.276 Thread 0x000001dbade8bd40 4892       2       jdk.internal.math.FDBigInteger::valueOfMulPow52 (449 bytes)
Event: 79.277 Thread 0x000001dbade8bd40 nmethod 4892 0x000001db9331a810 code [0x000001db9331aaa0, 0x000001db9331ba38]
Event: 79.277 Thread 0x000001dbade8bd40 4894       2       jdk.internal.math.FDBigInteger::<init> (194 bytes)
Event: 79.277 Thread 0x000001dbade8bd40 nmethod 4894 0x000001db92c6e690 code [0x000001db92c6e880, 0x000001db92c6ede8]
Event: 79.277 Thread 0x000001dbade8bd40 4893       2       jdk.internal.math.FDBigInteger::cmpPow52 (122 bytes)
Event: 79.277 Thread 0x000001dbade8bd40 nmethod 4893 0x000001db92c47a90 code [0x000001db92c47c80, 0x000001db92c48048]
Event: 79.279 Thread 0x000001dbade8bd40 4895       2       jdk.internal.math.FDBigInteger::big5pow (37 bytes)
Event: 79.279 Thread 0x000001dbade8bd40 nmethod 4895 0x000001db92acb610 code [0x000001db92acb7c0, 0x000001db92acb928]
Event: 79.279 Thread 0x000001dbade8bd40 4896       2       jdk.internal.math.FDBigInteger::rightInplaceSub (351 bytes)
Event: 79.280 Thread 0x000001dbade8bd40 nmethod 4896 0x000001db92d64a90 code [0x000001db92d64cc0, 0x000001db92d65668]
Event: 79.280 Thread 0x000001dbade8bd40 4897       2       org.apache.pdfbox.io.ScratchFileBuffer::close (59 bytes)
Event: 79.280 Thread 0x000001dbade8bd40 nmethod 4897 0x000001db92ae7c90 code [0x000001db92ae7e40, 0x000001db92ae8068]
Event: 79.283 Thread 0x000001dbade8b7c0 nmethod 4877 0x000001db9a54dc90 code [0x000001db9a54dea0, 0x000001db9a54e950]
Event: 79.283 Thread 0x000001dbade8b7c0 4888       4       org.apache.pdfbox.contentstream.PDFStreamEngine::showTextStrings (251 bytes)
Event: 79.285 Thread 0x000001dbb2eeb750 nmethod 4873 0x000001db9a5e8210 code [0x000001db9a5e8520, 0x000001db9a5eabb8]
Event: 79.286 Thread 0x000001dbb2eeb750 4871       4       org.apache.pdfbox.pdfparser.BaseParser::parseCOSHexString (163 bytes)
Event: 79.295 Thread 0x000001dbade8bd40 4898       2       jdk.internal.math.FDBigInteger::multByPow52 (154 bytes)
Event: 79.295 Thread 0x000001dbade8bd40 nmethod 4898 0x000001db92d53290 code [0x000001db92d534a0, 0x000001db92d53ab8]
Event: 79.306 Thread 0x000001dbade8b7c0 nmethod 4888 0x000001db9a6d0890 code [0x000001db9a6d0b60, 0x000001db9a6d1d90]
Event: 79.306 Thread 0x000001dbade8b7c0 4879       4       org.apache.pdfbox.cos.COSArray::add (12 bytes)

GC Heap History (20 events):
Event: 78.438 GC heap after
{Heap after GC invocations=13 (full 0):
 garbage-first heap   total 116736K, used 55756K [0x0000000700c00000, 0x0000000800000000)
  region size 2048K, 3 young (6144K), 3 survivors (6144K)
 Metaspace       used 31867K, committed 32192K, reserved 1114112K
  class space    used 3431K, committed 3584K, reserved 1048576K
}
Event: 78.452 GC heap before
{Heap before GC invocations=13 (full 0):
 garbage-first heap   total 116736K, used 57804K [0x0000000700c00000, 0x0000000800000000)
  region size 2048K, 4 young (8192K), 3 survivors (6144K)
 Metaspace       used 31988K, committed 32256K, reserved 1114112K
  class space    used 3439K, committed 3584K, reserved 1048576K
}
Event: 78.456 GC heap after
{Heap after GC invocations=14 (full 0):
 garbage-first heap   total 116736K, used 56157K [0x0000000700c00000, 0x0000000800000000)
  region size 2048K, 1 young (2048K), 1 survivors (2048K)
 Metaspace       used 31988K, committed 32256K, reserved 1114112K
  class space    used 3439K, committed 3584K, reserved 1048576K
}
Event: 78.580 GC heap before
{Heap before GC invocations=14 (full 0):
 garbage-first heap   total 116736K, used 80733K [0x0000000700c00000, 0x0000000800000000)
  region size 2048K, 13 young (26624K), 1 survivors (2048K)
 Metaspace       used 32054K, committed 32320K, reserved 1114112K
  class space    used 3440K, committed 3584K, reserved 1048576K
}
Event: 78.583 GC heap after
{Heap after GC invocations=15 (full 0):
 garbage-first heap   total 116736K, used 58298K [0x0000000700c00000, 0x0000000800000000)
  region size 2048K, 2 young (4096K), 2 survivors (4096K)
 Metaspace       used 32054K, committed 32320K, reserved 1114112K
  class space    used 3440K, committed 3584K, reserved 1048576K
}
Event: 78.702 GC heap before
{Heap before GC invocations=16 (full 0):
 garbage-first heap   total 116736K, used 82874K [0x0000000700c00000, 0x0000000800000000)
  region size 2048K, 14 young (28672K), 2 survivors (4096K)
 Metaspace       used 32113K, committed 32384K, reserved 1114112K
  class space    used 3440K, committed 3584K, reserved 1048576K
}
Event: 78.704 GC heap after
{Heap after GC invocations=17 (full 0):
 garbage-first heap   total 116736K, used 58225K [0x0000000700c00000, 0x0000000800000000)
  region size 2048K, 1 young (2048K), 1 survivors (2048K)
 Metaspace       used 32113K, committed 32384K, reserved 1114112K
  class space    used 3440K, committed 3584K, reserved 1048576K
}
Event: 78.713 GC heap before
{Heap before GC invocations=17 (full 0):
 garbage-first heap   total 116736K, used 60273K [0x0000000700c00000, 0x0000000800000000)
  region size 2048K, 2 young (4096K), 1 survivors (2048K)
 Metaspace       used 32115K, committed 32384K, reserved 1114112K
  class space    used 3440K, committed 3584K, reserved 1048576K
}
Event: 78.715 GC heap after
{Heap after GC invocations=18 (full 0):
 garbage-first heap   total 116736K, used 56604K [0x0000000700c00000, 0x0000000800000000)
  region size 2048K, 1 young (2048K), 1 survivors (2048K)
 Metaspace       used 32115K, committed 32384K, reserved 1114112K
  class space    used 3440K, committed 3584K, reserved 1048576K
}
Event: 78.790 GC heap before
{Heap before GC invocations=18 (full 0):
 garbage-first heap   total 116736K, used 83228K [0x0000000700c00000, 0x0000000800000000)
  region size 2048K, 14 young (28672K), 1 survivors (2048K)
 Metaspace       used 32130K, committed 32384K, reserved 1114112K
  class space    used 3440K, committed 3584K, reserved 1048576K
}
Event: 78.791 GC heap after
{Heap after GC invocations=19 (full 0):
 garbage-first heap   total 233472K, used 57128K [0x0000000700c00000, 0x0000000800000000)
  region size 2048K, 1 young (2048K), 1 survivors (2048K)
 Metaspace       used 32130K, committed 32384K, reserved 1114112K
  class space    used 3440K, committed 3584K, reserved 1048576K
}
Event: 79.036 GC heap before
{Heap before GC invocations=20 (full 0):
 garbage-first heap   total 233472K, used 155432K [0x0000000700c00000, 0x0000000800000000)
  region size 2048K, 50 young (102400K), 1 survivors (2048K)
 Metaspace       used 32157K, committed 32448K, reserved 1114112K
  class space    used 3440K, committed 3584K, reserved 1048576K
}
Event: 79.045 GC heap after
{Heap after GC invocations=21 (full 0):
 garbage-first heap   total 233472K, used 70350K [0x0000000700c00000, 0x0000000800000000)
  region size 2048K, 7 young (14336K), 7 survivors (14336K)
 Metaspace       used 32157K, committed 32448K, reserved 1114112K
  class space    used 3440K, committed 3584K, reserved 1048576K
}
Event: 79.049 GC heap before
{Heap before GC invocations=21 (full 0):
 garbage-first heap   total 233472K, used 72398K [0x0000000700c00000, 0x0000000800000000)
  region size 2048K, 8 young (16384K), 7 survivors (14336K)
 Metaspace       used 32157K, committed 32448K, reserved 1114112K
  class space    used 3440K, committed 3584K, reserved 1048576K
}
Event: 79.062 GC heap after
{Heap after GC invocations=22 (full 0):
 garbage-first heap   total 233472K, used 70932K [0x0000000700c00000, 0x0000000800000000)
  region size 2048K, 1 young (2048K), 1 survivors (2048K)
 Metaspace       used 32157K, committed 32448K, reserved 1114112K
  class space    used 3440K, committed 3584K, reserved 1048576K
}
Event: 79.177 GC heap before
{Heap before GC invocations=22 (full 0):
 garbage-first heap   total 233472K, used 163092K [0x0000000700c00000, 0x0000000800000000)
  region size 2048K, 47 young (96256K), 1 survivors (2048K)
 Metaspace       used 32185K, committed 32448K, reserved 1114112K
  class space    used 3440K, committed 3584K, reserved 1048576K
}
Event: 79.197 GC heap after
{Heap after GC invocations=23 (full 0):
 garbage-first heap   total 233472K, used 99280K [0x0000000700c00000, 0x0000000800000000)
  region size 2048K, 6 young (12288K), 6 survivors (12288K)
 Metaspace       used 32185K, committed 32448K, reserved 1114112K
  class space    used 3440K, committed 3584K, reserved 1048576K
}
Event: 79.256 GC heap before
{Heap before GC invocations=23 (full 0):
 garbage-first heap   total 233472K, used 160720K [0x0000000700c00000, 0x0000000800000000)
  region size 2048K, 37 young (75776K), 6 survivors (12288K)
 Metaspace       used 32192K, committed 32448K, reserved 1114112K
  class space    used 3440K, committed 3584K, reserved 1048576K
}
Event: 79.274 GC heap after
{Heap after GC invocations=24 (full 0):
 garbage-first heap   total 233472K, used 123566K [0x0000000700c00000, 0x0000000800000000)
  region size 2048K, 5 young (10240K), 5 survivors (10240K)
 Metaspace       used 32192K, committed 32448K, reserved 1114112K
  class space    used 3440K, committed 3584K, reserved 1048576K
}
Event: 79.307 GC heap before
{Heap before GC invocations=24 (full 0):
 garbage-first heap   total 233472K, used 168622K [0x0000000700c00000, 0x0000000800000000)
  region size 2048K, 27 young (55296K), 5 survivors (10240K)
 Metaspace       used 32200K, committed 32448K, reserved 1114112K
  class space    used 3440K, committed 3584K, reserved 1048576K
}

Dll operation events (14 events):
Event: 0.013 Loaded shared library C:\Program Files\Java\jdk-19\bin\java.dll
Event: 0.032 Loaded shared library C:\Program Files\Java\jdk-19\bin\jsvml.dll
Event: 0.305 Loaded shared library C:\Program Files\Java\jdk-19\bin\zip.dll
Event: 0.308 Loaded shared library C:\Program Files\Java\jdk-19\bin\instrument.dll
Event: 0.313 Loaded shared library C:\Program Files\Java\jdk-19\bin\net.dll
Event: 0.315 Loaded shared library C:\Program Files\Java\jdk-19\bin\nio.dll
Event: 0.317 Loaded shared library C:\Program Files\Java\jdk-19\bin\zip.dll
Event: 0.455 Loaded shared library C:\Program Files\Java\jdk-19\bin\jimage.dll
Event: 0.503 Loaded shared library C:\Program Files\Java\jdk-19\bin\verify.dll
Event: 0.721 Loaded shared library C:\Program Files\Java\jdk-19\bin\extnet.dll
Event: 0.887 Loaded shared library C:\Program Files\Java\jdk-19\bin\sunmscapi.dll
Event: 2.522 Loaded shared library C:\Program Files\Java\jdk-19\bin\management.dll
Event: 2.527 Loaded shared library C:\Program Files\Java\jdk-19\bin\management_ext.dll
Event: 5.687 Loaded shared library C:\Program Files\Java\jdk-19\bin\awt.dll

Deoptimization events (20 events):
Event: 79.242 Thread 0x000001db8935df20 Uncommon trap: trap_request=0xffffffde fr.pc=0x000001db9a58439c relative=0x0000000000000cfc
Event: 79.242 Thread 0x000001db8935df20 Uncommon trap: reason=class_check action=maybe_recompile pc=0x000001db9a58439c method=org.apache.pdfbox.contentstream.PDFStreamEngine.showTextStrings(Lorg/apache/pdfbox/cos/COSArray;)V @ 81 c2
Event: 79.242 Thread 0x000001db8935df20 DEOPT PACKING pc=0x000001db9a58439c sp=0x0000002d481fecd0
Event: 79.242 Thread 0x000001db8935df20 DEOPT UNPACKING pc=0x000001db9a006da3 sp=0x0000002d481feca0 mode 2
Event: 79.245 Thread 0x000001db8935df20 Uncommon trap: trap_request=0xffffffde fr.pc=0x000001db9a58439c relative=0x0000000000000cfc
Event: 79.245 Thread 0x000001db8935df20 Uncommon trap: reason=class_check action=maybe_recompile pc=0x000001db9a58439c method=org.apache.pdfbox.contentstream.PDFStreamEngine.showTextStrings(Lorg/apache/pdfbox/cos/COSArray;)V @ 81 c2
Event: 79.245 Thread 0x000001db8935df20 DEOPT PACKING pc=0x000001db9a58439c sp=0x0000002d481fecd0
Event: 79.245 Thread 0x000001db8935df20 DEOPT UNPACKING pc=0x000001db9a006da3 sp=0x0000002d481feca0 mode 2
Event: 79.245 Thread 0x000001db8935df20 Uncommon trap: trap_request=0xffffffde fr.pc=0x000001db9a58439c relative=0x0000000000000cfc
Event: 79.245 Thread 0x000001db8935df20 Uncommon trap: reason=class_check action=maybe_recompile pc=0x000001db9a58439c method=org.apache.pdfbox.contentstream.PDFStreamEngine.showTextStrings(Lorg/apache/pdfbox/cos/COSArray;)V @ 81 c2
Event: 79.245 Thread 0x000001db8935df20 DEOPT PACKING pc=0x000001db9a58439c sp=0x0000002d481fecd0
Event: 79.245 Thread 0x000001db8935df20 DEOPT UNPACKING pc=0x000001db9a006da3 sp=0x0000002d481feca0 mode 2
Event: 79.245 Thread 0x000001db8935df20 Uncommon trap: trap_request=0xffffffde fr.pc=0x000001db9a58439c relative=0x0000000000000cfc
Event: 79.245 Thread 0x000001db8935df20 Uncommon trap: reason=class_check action=maybe_recompile pc=0x000001db9a58439c method=org.apache.pdfbox.contentstream.PDFStreamEngine.showTextStrings(Lorg/apache/pdfbox/cos/COSArray;)V @ 81 c2
Event: 79.245 Thread 0x000001db8935df20 DEOPT PACKING pc=0x000001db9a58439c sp=0x0000002d481fecd0
Event: 79.245 Thread 0x000001db8935df20 DEOPT UNPACKING pc=0x000001db9a006da3 sp=0x0000002d481feca0 mode 2
Event: 79.247 Thread 0x000001db8935df20 Uncommon trap: trap_request=0xffffff45 fr.pc=0x000001db9a7cf6c0 relative=0x0000000000002780
Event: 79.247 Thread 0x000001db8935df20 Uncommon trap: reason=unstable_if action=reinterpret pc=0x000001db9a7cf6c0 method=org.apache.pdfbox.pdfparser.PDFStreamParser.parseNextToken()Ljava/lang/Object; @ 386 c2
Event: 79.247 Thread 0x000001db8935df20 DEOPT PACKING pc=0x000001db9a7cf6c0 sp=0x0000002d481fee10
Event: 79.247 Thread 0x000001db8935df20 DEOPT UNPACKING pc=0x000001db9a006da3 sp=0x0000002d481fedc0 mode 2

Classes loaded (20 events):
Event: 78.445 Loading class jdk/internal/math/FDBigInteger
Event: 78.445 Loading class jdk/internal/math/FDBigInteger done
Event: 78.448 Loading class java/text/Bidi
Event: 78.448 Loading class java/text/Bidi done
Event: 78.448 Loading class jdk/internal/icu/text/BidiBase
Event: 78.449 Loading class jdk/internal/icu/text/BidiBase done
Event: 78.450 Loading class jdk/internal/icu/text/BidiBase$ImpTabPair
Event: 78.450 Loading class jdk/internal/icu/text/BidiBase$ImpTabPair done
Event: 78.450 Loading class jdk/internal/icu/text/BidiRun
Event: 78.450 Loading class jdk/internal/icu/text/BidiRun done
Event: 78.450 Loading class jdk/internal/icu/text/BidiBase$InsertPoints
Event: 78.450 Loading class jdk/internal/icu/text/BidiBase$InsertPoints done
Event: 78.450 Loading class jdk/internal/icu/text/BidiBase$Point
Event: 78.451 Loading class jdk/internal/icu/text/BidiBase$Point done
Event: 78.451 Loading class jdk/internal/icu/impl/UBiDiProps
Event: 78.451 Loading class jdk/internal/icu/impl/UBiDiProps done
Event: 78.451 Loading class jdk/internal/icu/impl/UBiDiProps$IsAcceptable
Event: 78.451 Loading class jdk/internal/icu/impl/UBiDiProps$IsAcceptable done
Event: 78.457 Loading class jdk/internal/icu/text/UTF16
Event: 78.457 Loading class jdk/internal/icu/text/UTF16 done

Classes unloaded (0 events):
No events

Classes redefined (0 events):
No events

Internal exceptions (20 events):
Event: 2.771 Thread 0x000001db8935df20 Exception <a 'java/lang/NoSuchMethodError'{0x000000070b9b53f8}: 'int java.lang.invoke.DirectMethodHandle$Holder.invokeSpecialIFC(java.lang.Object, java.lang.Object, java.lang.Object, java.lang.Object)'> (0x000000070b9b53f8) 
thrown [s\open\src\hotspot\share\interpreter\linkResolver.cpp, line 774]
Event: 2.826 Thread 0x000001dbadea12d0 Exception <a 'java/net/ConnectException'{0x0000000710ae2460}: Connection refused: no further information> (0x0000000710ae2460) 
thrown [s\open\src\hotspot\share\prims\jni.cpp, line 536]
Event: 2.850 Thread 0x000001dbadea12d0 Exception <a 'java/net/ConnectException'{0x0000000710ae3ef8}: Connection refused: no further information> (0x0000000710ae3ef8) 
thrown [s\open\src\hotspot\share\prims\jni.cpp, line 536]
Event: 2.880 Thread 0x000001dbadea12d0 Exception <a 'java/net/ConnectException'{0x0000000710ae4e98}: Connection refused: no further information> (0x0000000710ae4e98) 
thrown [s\open\src\hotspot\share\prims\jni.cpp, line 536]
Event: 2.928 Thread 0x000001dbadea12d0 Exception <a 'java/net/ConnectException'{0x0000000710ae5e38}: Connection refused: no further information> (0x0000000710ae5e38) 
thrown [s\open\src\hotspot\share\prims\jni.cpp, line 536]
Event: 3.039 Thread 0x000001db8935df20 Exception <a 'java/lang/NoSuchMethodError'{0x0000000704121b70}: 'int java.lang.invoke.DirectMethodHandle$Holder.invokeVirtual(java.lang.Object, java.lang.Object)'> (0x0000000704121b70) 
thrown [s\open\src\hotspot\share\interpreter\linkResolver.cpp, line 774]
Event: 3.040 Thread 0x000001db8935df20 Exception <a 'java/lang/NoSuchMethodError'{0x0000000704128170}: 'double java.lang.invoke.DirectMethodHandle$Holder.invokeVirtual(java.lang.Object, java.lang.Object)'> (0x0000000704128170) 
thrown [s\open\src\hotspot\share\interpreter\linkResolver.cpp, line 774]
Event: 3.041 Thread 0x000001db8935df20 Exception <a 'java/lang/NoSuchMethodError'{0x000000070412ea00}: 'float java.lang.invoke.DirectMethodHandle$Holder.invokeVirtual(java.lang.Object, java.lang.Object)'> (0x000000070412ea00) 
thrown [s\open\src\hotspot\share\interpreter\linkResolver.cpp, line 774]
Event: 3.042 Thread 0x000001db8935df20 Exception <a 'java/lang/NoSuchMethodError'{0x0000000704137bd8}: 'long java.lang.invoke.DirectMethodHandle$Holder.invokeVirtual(java.lang.Object, java.lang.Object)'> (0x0000000704137bd8) 
thrown [s\open\src\hotspot\share\interpreter\linkResolver.cpp, line 774]
Event: 3.071 Thread 0x000001db8935df20 Exception <a 'java/lang/NoSuchMethodError'{0x0000000703fbe598}: 'void java.lang.invoke.DirectMethodHandle$Holder.invokeStatic(java.lang.Object, java.lang.Object, int)'> (0x0000000703fbe598) 
thrown [s\open\src\hotspot\share\interpreter\linkResolver.cpp, line 774]
Event: 3.088 Thread 0x000001db8935df20 Exception <a 'java/lang/NoSuchMethodError'{0x0000000703d4c3a8}: 'java.lang.Object java.lang.invoke.DirectMethodHandle$Holder.newInvokeSpecial(java.lang.Object, java.lang.Object, java.lang.Object, java.lang.Object, java.lang.Object)'> (0x0000000703d4c3a8) 
thrown [s\open\src\hotspot\share\interpreter\linkResolver.cpp, line 774]
Event: 3.114 Thread 0x000001db8935df20 Exception <a 'java/lang/NoSuchMethodError'{0x00000007038ce7b0}: 'int java.lang.invoke.DirectMethodHandle$Holder.invokeSpecialIFC(java.lang.Object, java.lang.Object, java.lang.Object)'> (0x00000007038ce7b0) 
thrown [s\open\src\hotspot\share\interpreter\linkResolver.cpp, line 774]
Event: 3.149 Thread 0x000001db8935df20 Exception <a 'java/lang/NoSuchMethodError'{0x00000007037cb4e8}: 'void java.lang.invoke.DirectMethodHandle$Holder.invokeStatic(java.lang.Object, java.lang.Object, java.lang.Object, java.lang.Object)'> (0x00000007037cb4e8) 
thrown [s\open\src\hotspot\share\interpreter\linkResolver.cpp, line 774]
Event: 3.198 Thread 0x000001db8935df20 Exception <a 'java/lang/NoSuchMethodError'{0x00000007030d9878}: 'void java.lang.invoke.DirectMethodHandle$Holder.invokeSpecial(java.lang.Object, java.lang.Object, java.lang.Object, java.lang.Object, java.lang.Object, java.lang.Object)'> (0x00000007030d9878) 
thrown [s\open\src\hotspot\share\interpreter\linkResolver.cpp, line 774]
Event: 4.192 Thread 0x000001db8935df20 Exception <a 'java/lang/NoSuchMethodError'{0x000000070ad17968}: 'java.lang.Object java.lang.invoke.DirectMethodHandle$Holder.invokeSpecialIFC(java.lang.Object, java.lang.Object, java.lang.Object)'> (0x000000070ad17968) 
thrown [s\open\src\hotspot\share\interpreter\linkResolver.cpp, line 774]
Event: 4.212 Thread 0x000001db8935df20 Exception <a 'java/lang/ClassNotFoundException'{0x000000070ade6ed0}: sun/util/logging/resources/spi/loggingProvider> (0x000000070ade6ed0) 
thrown [s\open\src\hotspot\share\classfile\systemDictionary.cpp, line 255]
Event: 5.678 Thread 0x000001db8935df20 Exception <a 'java/lang/ClassNotFoundException'{0x0000000703b0f590}: sun/awt/resources/spi/awtProvider> (0x0000000703b0f590) 
thrown [s\open\src\hotspot\share\classfile\systemDictionary.cpp, line 255]
Event: 5.688 Thread 0x000001db8935df20 Exception <a 'java/io/FileNotFoundException'{0x0000000703b15c48}> (0x0000000703b15c48) 
thrown [s\open\src\hotspot\share\prims\jni.cpp, line 517]
Event: 5.692 Thread 0x000001db8935df20 Exception <a 'java/io/FileNotFoundException'{0x0000000703b43728}> (0x0000000703b43728) 
thrown [s\open\src\hotspot\share\prims\jni.cpp, line 517]
Event: 13.324 Thread 0x000001db8935df20 Exception <a 'java/lang/ClassNotFoundException'{0x0000000710bc1da8}: sun/misc/SharedSecrets> (0x0000000710bc1da8) 
thrown [s\open\src\hotspot\share\classfile\systemDictionary.cpp, line 255]

VM Operations (20 events):
Event: 78.791 Executing VM operation: G1CollectForAllocation done
Event: 78.850 Executing VM operation: G1PauseRemark
Event: 78.854 Executing VM operation: G1PauseRemark done
Event: 78.879 Executing VM operation: G1PauseCleanup
Event: 78.879 Executing VM operation: G1PauseCleanup done
Event: 79.036 Executing VM operation: G1CollectForAllocation
Event: 79.045 Executing VM operation: G1CollectForAllocation done
Event: 79.049 Executing VM operation: G1CollectForAllocation
Event: 79.062 Executing VM operation: G1CollectForAllocation done
Event: 79.062 Executing VM operation: HandshakeAllThreads
Event: 79.062 Executing VM operation: HandshakeAllThreads done
Event: 79.076 Executing VM operation: HandshakeAllThreads
Event: 79.076 Executing VM operation: HandshakeAllThreads done
Event: 79.139 Executing VM operation: HandshakeAllThreads
Event: 79.139 Executing VM operation: HandshakeAllThreads done
Event: 79.176 Executing VM operation: G1CollectForAllocation
Event: 79.197 Executing VM operation: G1CollectForAllocation done
Event: 79.256 Executing VM operation: G1CollectForAllocation
Event: 79.274 Executing VM operation: G1CollectForAllocation done
Event: 79.307 Executing VM operation: G1CollectForAllocation

Events (20 events):
Event: 79.145 Thread 0x000001dbadea1820 flushing nmethod 0x000001db93370590
Event: 79.145 Thread 0x000001dbadea1820 flushing nmethod 0x000001db93372f90
Event: 79.145 Thread 0x000001dbadea1820 flushing nmethod 0x000001db93374810
Event: 79.145 Thread 0x000001dbadea1820 flushing nmethod 0x000001db93374e10
Event: 79.145 Thread 0x000001dbadea1820 flushing nmethod 0x000001db9337e590
Event: 79.145 Thread 0x000001dbadea1820 flushing nmethod 0x000001db9338b290
Event: 79.145 Thread 0x000001dbadea1820 flushing nmethod 0x000001db93392610
Event: 79.145 Thread 0x000001dbadea1820 flushing nmethod 0x000001db93393110
Event: 79.145 Thread 0x000001dbadea1820 flushing nmethod 0x000001db93394190
Event: 79.145 Thread 0x000001dbadea1820 flushing nmethod 0x000001db93399190
Event: 79.145 Thread 0x000001dbadea1820 flushing nmethod 0x000001db93399f10
Event: 79.145 Thread 0x000001dbadea1820 flushing nmethod 0x000001db933c8f10
Event: 79.145 Thread 0x000001dbadea1820 flushing nmethod 0x000001db933daf10
Event: 79.145 Thread 0x000001dbadea1820 flushing nmethod 0x000001db933dc410
Event: 79.145 Thread 0x000001dbadea1820 flushing nmethod 0x000001db933e0b90
Event: 79.145 Thread 0x000001dbadea1820 flushing nmethod 0x000001db933e2210
Event: 79.145 Thread 0x000001dbadea1820 flushing nmethod 0x000001db933e2f90
Event: 79.145 Thread 0x000001dbadea1820 flushing nmethod 0x000001db933e3490
Event: 79.145 Thread 0x000001dbadea1820 flushing nmethod 0x000001db933e6f10
Event: 79.145 Thread 0x000001dbadea1820 flushing nmethod 0x000001db9340cb90


Dynamic libraries:
0x00007ff6b1560000 - 0x00007ff6b1570000 	C:\Program Files\Java\jdk-19\bin\javaw.exe
0x00007ffd397f0000 - 0x00007ffd399e8000 	C:\Windows\SYSTEM32\ntdll.dll
0x00007ffd39060000 - 0x00007ffd3911f000 	C:\Windows\System32\KERNEL32.DLL
0x00007ffd371e0000 - 0x00007ffd374b2000 	C:\Windows\System32\KERNELBASE.dll
0x00007ffd37580000 - 0x00007ffd37680000 	C:\Windows\System32\ucrtbase.dll
0x00007ffcf2880000 - 0x00007ffcf2898000 	C:\Program Files\Java\jdk-19\bin\jli.dll
0x00007ffd37e30000 - 0x00007ffd37ede000 	C:\Windows\System32\ADVAPI32.dll
0x00007ffd39350000 - 0x00007ffd393ee000 	C:\Windows\System32\msvcrt.dll
0x00007ffd37ef0000 - 0x00007ffd37f8c000 	C:\Windows\System32\sechost.dll
0x00007ffd37ca0000 - 0x00007ffd37dc5000 	C:\Windows\System32\RPCRT4.dll
0x00007ffd39120000 - 0x00007ffd392c1000 	C:\Windows\System32\USER32.dll
0x00007ffcf28a0000 - 0x00007ffcf28bb000 	C:\Program Files\Java\jdk-19\bin\VCRUNTIME140.dll
0x00007ffd37550000 - 0x00007ffd37572000 	C:\Windows\System32\win32u.dll
0x00007ffd38f90000 - 0x00007ffd38fbb000 	C:\Windows\System32\GDI32.dll
0x00007ffd24300000 - 0x00007ffd2459a000 	C:\Windows\WinSxS\amd64_microsoft.windows.common-controls_6595b64144ccf1df_6.0.19041.1110_none_60b5254171f9507e\COMCTL32.dll
0x00007ffd37680000 - 0x00007ffd3778f000 	C:\Windows\System32\gdi32full.dll
0x00007ffd37790000 - 0x00007ffd3782d000 	C:\Windows\System32\msvcp_win.dll
0x00007ffd2f6a0000 - 0x00007ffd2f6aa000 	C:\Windows\SYSTEM32\VERSION.dll
0x00007ffd38fc0000 - 0x00007ffd38ff2000 	C:\Windows\System32\IMM32.DLL
0x00007ffcf34f0000 - 0x00007ffcf34fc000 	C:\Program Files\Java\jdk-19\bin\vcruntime140_1.dll
0x00007ffcdaec0000 - 0x00007ffcdaf4e000 	C:\Program Files\Java\jdk-19\bin\msvcp140.dll
0x00007ffcda200000 - 0x00007ffcdaec0000 	C:\Program Files\Java\jdk-19\bin\server\jvm.dll
0x00007ffd1c5a0000 - 0x00007ffd1c5a9000 	C:\Windows\SYSTEM32\WSOCK32.dll
0x00007ffd28ad0000 - 0x00007ffd28af7000 	C:\Windows\SYSTEM32\WINMM.dll
0x00007ffd392d0000 - 0x00007ffd3933b000 	C:\Windows\System32\WS2_32.dll
0x00007ffd34cb0000 - 0x00007ffd34cc2000 	C:\Windows\SYSTEM32\kernel.appcore.dll
0x00007ffcf3470000 - 0x00007ffcf347a000 	C:\Program Files\Java\jdk-19\bin\jimage.dll
0x00007ffd2feb0000 - 0x00007ffd30094000 	C:\Windows\SYSTEM32\DBGHELP.DLL
0x00007ffd2fe20000 - 0x00007ffd2fe55000 	C:\Windows\SYSTEM32\dbgcore.DLL
0x00007ffd374c0000 - 0x00007ffd37542000 	C:\Windows\System32\bcryptPrimitives.dll
0x00007ffcddd60000 - 0x00007ffcddd9c000 	C:\Program Files\Java\jdk-19\bin\jdwp.dll
0x00007ffd20a70000 - 0x00007ffd20a7e000 	C:\Program Files\Java\jdk-19\bin\instrument.dll
0x00007ffcf2850000 - 0x00007ffcf2876000 	C:\Program Files\Java\jdk-19\bin\java.dll
0x00007ffcdb350000 - 0x00007ffcdb427000 	C:\Program Files\Java\jdk-19\bin\jsvml.dll
0x00007ffd37f90000 - 0x00007ffd386d4000 	C:\Windows\System32\SHELL32.dll
0x00007ffd34eb0000 - 0x00007ffd35642000 	C:\Windows\SYSTEM32\windows.storage.dll
0x00007ffd38c30000 - 0x00007ffd38f85000 	C:\Windows\System32\combase.dll
0x00007ffd36860000 - 0x00007ffd36890000 	C:\Windows\SYSTEM32\Wldp.dll
0x00007ffd37b20000 - 0x00007ffd37bcd000 	C:\Windows\System32\SHCORE.dll
0x00007ffd39000000 - 0x00007ffd39055000 	C:\Windows\System32\shlwapi.dll
0x00007ffd36e20000 - 0x00007ffd36e3f000 	C:\Windows\SYSTEM32\profapi.dll
0x00007ffd19820000 - 0x00007ffd1982c000 	C:\Program Files\Java\jdk-19\bin\dt_socket.dll
0x00007ffd362b0000 - 0x00007ffd362eb000 	C:\Windows\SYSTEM32\IPHLPAPI.DLL
0x00007ffd365c0000 - 0x00007ffd3662a000 	C:\Windows\system32\mswsock.dll
0x00007ffd362f0000 - 0x00007ffd363ba000 	C:\Windows\SYSTEM32\DNSAPI.dll
0x00007ffd394e0000 - 0x00007ffd394e8000 	C:\Windows\System32\NSI.dll
0x00007ffd2d730000 - 0x00007ffd2d73a000 	C:\Windows\System32\rasadhlp.dll
0x00007ffd2dbb0000 - 0x00007ffd2dc30000 	C:\Windows\System32\fwpuclnt.dll
0x00007ffd371b0000 - 0x00007ffd371d7000 	C:\Windows\System32\bcrypt.dll
0x00007ffcdb330000 - 0x00007ffcdb348000 	C:\Program Files\Java\jdk-19\bin\zip.dll
0x00007ffcdc1e0000 - 0x00007ffcdc1f3000 	C:\Program Files\Java\jdk-19\bin\net.dll
0x00007ffd35e60000 - 0x00007ffd35f6c000 	C:\Windows\SYSTEM32\WINHTTP.dll
0x00007ffcdc1c0000 - 0x00007ffcdc1d6000 	C:\Program Files\Java\jdk-19\bin\nio.dll
0x00007ffd05910000 - 0x00007ffd05920000 	C:\Program Files\Java\jdk-19\bin\verify.dll
0x00007ffd14dd0000 - 0x00007ffd14de7000 	C:\Windows\system32\napinsp.dll
0x00007ffd14db0000 - 0x00007ffd14dcb000 	C:\Windows\system32\pnrpnsp.dll
0x00007ffd14d90000 - 0x00007ffd14da5000 	C:\Windows\system32\wshbth.dll
0x00007ffd30500000 - 0x00007ffd3051d000 	C:\Windows\system32\NLAapi.dll
0x00007ffd14d70000 - 0x00007ffd14d82000 	C:\Windows\System32\winrnr.dll
0x00007ffd058b0000 - 0x00007ffd058b8000 	C:\Program Files\Java\jdk-19\bin\extnet.dll
0x00007ffd367b0000 - 0x00007ffd367c8000 	C:\Windows\SYSTEM32\CRYPTSP.dll
0x00007ffd35dd0000 - 0x00007ffd35e04000 	C:\Windows\system32\rsaenh.dll
0x00007ffd36da0000 - 0x00007ffd36dce000 	C:\Windows\SYSTEM32\USERENV.dll
0x00007ffd367d0000 - 0x00007ffd367dc000 	C:\Windows\SYSTEM32\CRYPTBASE.dll
0x00007ffd30690000 - 0x00007ffd306a7000 	C:\Windows\SYSTEM32\dhcpcsvc6.DLL
0x00007ffd30670000 - 0x00007ffd3068d000 	C:\Windows\SYSTEM32\dhcpcsvc.DLL
0x00007ffcf62d0000 - 0x00007ffcf62de000 	C:\Program Files\Java\jdk-19\bin\sunmscapi.dll
0x00007ffd37050000 - 0x00007ffd371a6000 	C:\Windows\System32\CRYPT32.dll
0x00007ffd368d0000 - 0x00007ffd368f7000 	C:\Windows\SYSTEM32\ncrypt.dll
0x00007ffd36890000 - 0x00007ffd368cb000 	C:\Windows\SYSTEM32\NTASN1.dll
0x00007ffcebd10000 - 0x00007ffcebd1a000 	C:\Program Files\Java\jdk-19\bin\management.dll
0x00007ffcebd00000 - 0x00007ffcebd0b000 	C:\Program Files\Java\jdk-19\bin\management_ext.dll
0x00007ffd39340000 - 0x00007ffd39348000 	C:\Windows\System32\PSAPI.DLL
0x00007ffd19ba0000 - 0x00007ffd19ba7000 	C:\Windows\system32\wshunix.dll
0x00007ffcdd320000 - 0x00007ffcdd4b1000 	C:\Program Files\Java\jdk-19\bin\awt.dll
0x00007ffd37bd0000 - 0x00007ffd37c9d000 	C:\Windows\System32\OLEAUT32.dll
0x00007ffd34520000 - 0x00007ffd345b1000 	C:\Windows\SYSTEM32\apphelp.dll
0x00007ffd348e0000 - 0x00007ffd3490f000 	C:\Windows\system32\DWMAPI.DLL
0x00007ffd347a0000 - 0x00007ffd3483e000 	C:\Windows\system32\uxtheme.dll
0x00007ffcdd1f0000 - 0x00007ffcdd315000 	C:\Windows\system32\opengl32.dll
0x00007ffcddc10000 - 0x00007ffcddc3c000 	C:\Windows\SYSTEM32\GLU32.dll
0x00007ffd37850000 - 0x00007ffd37965000 	C:\Windows\System32\MSCTF.dll
0x00007ffd39680000 - 0x00007ffd397aa000 	C:\Windows\System32\ole32.dll
0x00007ffd31ed0000 - 0x00007ffd31f0b000 	C:\Windows\SYSTEM32\dxcore.dll
0x00007ffd36f50000 - 0x00007ffd36f9e000 	C:\Windows\System32\cfgmgr32.dll

dbghelp: loaded successfully - version: 4.0.5 - missing functions: none
symbol engine: initialized successfully - sym options: 0x614 - pdb path: .;C:\Program Files\Java\jdk-19\bin;C:\Windows\SYSTEM32;C:\Windows\WinSxS\amd64_microsoft.windows.common-controls_6595b64144ccf1df_6.0.19041.1110_none_60b5254171f9507e;C:\Program Files\Java\jdk-19\bin\server

VM Arguments:
jvm_args: -XX:+ShowCodeDetailsInExceptionMessages -agentlib:jdwp=transport=dt_socket,suspend=y,address=localhost:51429 -javaagent:C:\Users\AzureSQLDB\eclipse\java-2022-093\eclipse\configuration\org.eclipse.osgi\228\0\.cp\lib\javaagent-shaded.jar -Dfile.encoding=UTF-8 
java_command: mainPackage.RunnerClass
java_class_path (initial): C:\Gopi\LeaseCloseouts_1229\target\classes;C:\Users\AzureSQLDB\.m2\repository\io\github\bonigarcia\webdrivermanager\5.2.3\webdrivermanager-5.2.3.jar;C:\Users\AzureSQLDB\.m2\repository\org\slf4j\slf4j-api\1.7.36\slf4j-api-1.7.36.jar;C:\Users\AzureSQLDB\.m2\repository\com\google\code\gson\gson\2.9.1\gson-2.9.1.jar;C:\Users\AzureSQLDB\.m2\repository\com\github\docker-java\docker-java\3.2.13\docker-java-3.2.13.jar;C:\Users\AzureSQLDB\.m2\repository\com\github\docker-java\docker-java-core\3.2.13\docker-java-core-3.2.13.jar;C:\Users\AzureSQLDB\.m2\repository\com\github\docker-java\docker-java-api\3.2.13\docker-java-api-3.2.13.jar;C:\Users\AzureSQLDB\.m2\repository\com\fasterxml\jackson\core\jackson-annotations\2.10.3\jackson-annotations-2.10.3.jar;C:\Users\AzureSQLDB\.m2\repository\org\apache\commons\commons-compress\1.21\commons-compress-1.21.jar;C:\Users\AzureSQLDB\.m2\repository\com\fasterxml\jackson\core\jackson-databind\2.10.3\jackson-databind-2.10.3.jar;C:\Users\AzureSQLDB\.m2\repository\com\fasterxml\jackson\core\jackson-core\2.10.3\jackson-core-2.10.3.jar;C:\Users\AzureSQLDB\.m2\repository\org\bouncycastle\bcpkix-jdk15on\1.64\bcpkix-jdk15on-1.64.jar;C:\Users\AzureSQLDB\.m2\repository\org\bouncycastle\bcprov-jdk15on\1.64\bcprov-jdk15on-1.64.jar;C:\Users\AzureSQLDB\.m2\repository\org\slf4j\jcl-over-slf4j\1.7.30\jcl-over-slf4j-1.7.30.jar;C:\Users\AzureSQLDB\.m2\repository\com\github\docker-java\docker-java-transport-httpclient5\3.2.13\docker-java-transport-httpclient5-3.2.13.jar;C:\Users\AzureSQLDB\.m2\repository\com\github\docker-java\docker-java-transport\3.2.13\docker-java-transport-3.2.13.jar;C:\Users\AzureSQLDB\.m2\repository\net\java\dev\jna\jna\5.8.0\jna-5.8.0.jar;C:\Users\AzureSQLDB\.m2\repository\org\brotli\dec\0.1.2\dec-0.1.2.jar;C:\Users\AzureSQLDB\.m2\repository\org\apache\commons\commons-lang3\3.12.0\commons-lang3-3.12.0.jar;C:\Users\AzureSQLDB\.m2\repository\org\apache\httpcomponents\client5\httpclient5\5.1.3\httpclient5-5.1.3.jar;C:\Users\AzureSQLDB\.m2\repository\org\apache\httpcomponents\core5\httpcore5\5.1.3\httpcore5-5.1.3.jar;C:\Users\AzureSQLDB\.m2\repository\org\apache\httpcomponents\core5\httpcore5-h2\5.1.3\httpcore5-h2-5.1.3.jar;C:\Users\AzureSQLDB\.m2\repository\org\seleniumhq\selenium\selenium-java\4.4.0\selenium-java-4.4.0.jar;C:\Users\AzureSQLDB\.m2\repository\org\seleniumhq\selenium\selenium-api\4.4.0\selenium-api-4.4.0.jar;C:\Users\AzureSQLDB\.m2\repository\org\seleniumhq\selenium\selenium-chrome-driver\4.4.0\selenium-chrome-driver-4.4.0.jar;C:\Users\AzureSQLDB\.m2\repository\com\google\auto\service\auto-service-annotations\1.0.1\auto-service-annotations-1.0.1.jar;C:\Users\AzureSQLDB\.m2\repository\com\google\auto\service\auto-service\1.0.1\auto-service-1.0.1.jar;C:\Users\AzureSQLDB\.m2\repository\com\google\auto\auto-common\1.2\auto-common-1.2.jar;C:\Users\AzureSQLDB\.m2\repository\org\seleniumhq\selenium\selenium-chromium-driver\4.4.0\selenium-chromium-driver-4.4.0.jar;C:\Users\AzureSQLDB\.m2\repository\org\seleniumhq\selenium\selenium-json\4.4.0\selenium-json-4.4.0.jar;C:\Users\AzureSQLDB\.m2\repository\org\seleniumhq\selenium\selenium-devtools-v102\4.4.0\selenium-devtools-v102-4.4.0.jar;C:\Users\AzureSQLDB\.m2\repository\org\seleniumhq\selenium\selenium-devtools-v103\4.4.0\selenium-devtools-v103-4.4.0.jar;C:\Users\AzureSQLDB\.m2\repository\org\seleniumhq\selenium\selenium-devtools-v104\4.4.0\selenium-devtools-v104-4.4.0.jar;C:\Users\AzureSQLDB\.m2\repository\org\seleniumhq\selenium\selenium-devtools-v85\4.4.0\selenium-devtools-v85-4.4.0.jar;C:\Users\AzureSQLDB\.m2\repository\org\seleniumhq\selenium\selenium-edge-driver\4.4.0\selenium-edge-driver-4.4.0.jar;C:\Users\AzureSQLDB\.m2\repository\org\seleniumhq\selenium\selenium-firefox-driver\4.4.0\selenium-firefox-driver-4.4.0.jar;C:\Users\AzureSQLDB\.m2\repository\org\seleniumhq\selenium\selenium-ie-driver\4.4.0\selenium-ie-driver-4.4.0.jar;C:\Users\AzureSQLDB\.m2\repository\org\seleniumhq\selenium\selenium-opera-driver\4.4.0\selenium-opera-driver-4.4.0.jar;C:\Users\AzureSQLDB\.m2\repository\org\seleniumhq\selenium\selenium-remote-driver\4.4.0\selenium-remote-driver-4.4.0.jar;C:\Users\AzureSQLDB\.m2\repository\com\beust\jcommander\1.82\jcommander-1.82.jar;C:\Users\AzureSQLDB\.m2\repository\io\netty\netty-buffer\4.1.78.Final\netty-buffer-4.1.78.Final.jar;C:\Users\AzureSQLDB\.m2\repository\io\netty\netty-codec-http\4.1.78.Final\netty-codec-http-4.1.78.Final.jar;C:\Users\AzureSQLDB\.m2\repository\io\netty\netty-codec\4.1.78.Final\netty-codec-4.1.78.Final.jar;C:\Users\AzureSQLDB\.m2\repository\io\netty\netty-handler\4.1.78.Final\netty-handler-4.1.78.Final.jar;C:\Users\AzureSQLDB\.m2\repository\io\netty\netty-common\4.1.78.Final\netty-common-4.1.78.Final.jar;C:\Users\AzureSQLDB\.m2\repository\io\netty\netty-transport-classes-epoll\4.1.78.Final\netty-transport-classes-epoll-4.1.78.Final.jar;C:\Users\AzureSQLDB\.m2\repository\io\netty\netty-transport-classes-kqueue\4.1.78.Final\netty-transport-classes-kqueue-4.1.78.Final.jar;C:\Users\AzureSQLDB\.m2\repository\io\netty\netty-transport-native-epoll\4.1.78.Final\netty-transport-native-epoll-4.1.78.Final.jar;C:\Users\AzureSQLDB\.m2\repository\io\netty\netty-transport-native-kqueue\4.1.78.Final\netty-transport-native-kqueue-4.1.78.Final.jar;C:\Users\AzureSQLDB\.m2\repository\io\netty\netty-transport-native-unix-common\4.1.78.Final\netty-transport-native-unix-common-4.1.78.Final.jar;C:\Users\AzureSQLDB\.m2\repository\io\netty\netty-transport\4.1.78.Final\netty-transport-4.1.78.Final.jar;C:\Users\AzureSQLDB\.m2\repository\io\netty\netty-resolver\4.1.78.Final\netty-resolver-4.1.78.Final.jar;C:\Users\AzureSQLDB\.m2\repository\io\opentelemetry\opentelemetry-api\1.16.0\opentelemetry-api-1.16.0.jar;C:\Users\AzureSQLDB\.m2\repository\io\opentelemetry\opentelemetry-context\1.16.0\opentelemetry-context-1.16.0.jar;C:\Users\AzureSQLDB\.m2\repository\io\opentelemetry\opentelemetry-exporter-logging\1.16.0\opentelemetry-exporter-logging-1.16.0.jar;C:\Users\AzureSQLDB\.m2\repository\io\opentelemetry\opentelemetry-sdk-metrics\1.16.0\opentelemetry-sdk-metrics-1.16.0.jar;C:\Users\AzureSQLDB\.m2\repository\io\opentelemetry\opentelemetry-sdk-logs\1.16.0-alpha\opentelemetry-sdk-logs-1.16.0-alpha.jar;C:\Users\AzureSQLDB\.m2\repository\io\opentelemetry\opentelemetry-sdk-common\1.16.0\opentelemetry-sdk-common-1.16.0.jar;C:\Users\AzureSQLDB\.m2\repository\io\opentelemetry\opentelemetry-sdk-extension-autoconfigure-spi\1.16.0\opentelemetry-sdk-extension-autoconfigure-spi-1.16.0.jar;C:\Users\AzureSQLDB\.m2\repository\io\opentelemetry\opentelemetry-sdk-extension-autoconfigure\1.16.0-alpha\opentelemetry-sdk-extension-autoconfigure-1.16.0-alpha.jar;C:\Users\AzureSQLDB\.m2\repository\io\opentelemetry\opentelemetry-sdk-trace\1.16.0\opentelemetry-sdk-trace-1.16.0.jar;C:\Users\AzureSQLDB\.m2\repository\io\opentelemetry\opentelemetry-sdk\1.16.0\opentelemetry-sdk-1.16.0.jar;C:\Users\AzureSQLDB\.m2\repository\io\opentelemetry\opentelemetry-semconv\1.16.0-alpha\opentelemetry-semconv-1.16.0-alpha.jar;C:\Users\AzureSQLDB\.m2\repository\io\ous\jtoml\2.0.0\jtoml-2.0.0.jar;C:\Users\AzureSQLDB\.m2\repository\net\bytebuddy\byte-buddy\1.12.10\byte-buddy-1.12.10.jar;C:\Users\AzureSQLDB\.m2\repository\org\apache\commons\commons-exec\1.3\commons-exec-1.3.jar;C:\Users\AzureSQLDB\.m2\repository\org\asynchttpclient\async-http-client\2.12.3\async-http-client-2.12.3.jar;C:\Users\AzureSQLDB\.m2\repository\org\asynchttpclient\async-http-client-netty-utils\2.12.3\async-http-client-netty-utils-2.12.3.jar;C:\Users\AzureSQLDB\.m2\repository\io\netty\netty-codec-socks\4.1.60.Final\netty-codec-socks-4.1.60.Final.jar;C:\Users\AzureSQLDB\.m2\repository\io\netty\netty-handler-proxy\4.1.60.Final\netty-handler-proxy-4.1.60.Final.jar;C:\Users\AzureSQLDB\.m2\repository\io\netty\netty-transport-native-epoll\4.1.60.Final\netty-transport-native-epoll-4.1.60.Final-linux-x86_64.jar;C:\Users\AzureSQLDB\.m2\repository\io\netty\netty-transport-native-kqueue\4.1.60.Final\netty-transport-native-kqueue-4.1.60.Final-osx-x86_64.jar;C:\Users\AzureSQLDB\.m2\repository\org\reactivestreams\reactive-streams\1.0.3\reactive-streams-1.0.3.jar;C:\Users\AzureSQLDB\.m2\repository\com\typesafe\netty\netty-reactive-streams\2.0.4\netty-reactive-streams-2.0.4.jar;C:\Users\AzureSQLDB\.m2\repository\com\sun\activation\jakarta.activation\1.2.2\jakarta.activation-1.2.2.jar;C:\Users\AzureSQLDB\.m2\repository\org\seleniumhq\selenium\selenium-http\4.4.0\selenium-http-4.4.0.jar;C:\Users\AzureSQLDB\.m2\repository\dev\failsafe\failsafe\3.2.4\failsafe-3.2.4.jar;C:\Users\AzureSQLDB\.m2\repository\org\seleniumhq\selenium\selenium-safari-driver\4.4.0\selenium-safari-driver-4.4.0.jar;C:\Users\AzureSQLDB\.m2\repository\org\seleniumhq\selenium\selenium-support\4.4.0\selenium-support-4.4.0.jar;C:\Users\AzureSQLDB\.m2\repository\org\apache\poi\poi\5.2.2\poi-5.2.2.jar;C:\Users\AzureSQLDB\.m2\repository\commons-codec\commons-codec\1.15\commons-codec-1.15.jar;C:\Users\AzureSQLDB\.m2\repository\org\apache\commons\commons-collections4\4.4\commons-collections4-4.4.jar;C:\Users\AzureSQLDB\.m2\repository\org\apache\commons\commons-math3\3.6.1\commons-math3-3.6.1.jar;C:\Users\AzureSQLDB\.m2\repository\commons-io\commons-io\2.11.0\commons-io-2.11.0.jar;C:\Users\AzureSQLDB\.m2\repository\com\zaxxer\SparseBitSet\1.2\SparseBitSet-1.2.jar;C:\Users\AzureSQLDB\.m2\repository\org\apache\logging\log4j\log4j-api\2.17.2\log4j-api-2.17.2.jar;C:\Users\AzureSQLDB\.m2\repository\com\google\guava\guava\31.1-jre\guava-31.1-jre.jar;C:\Users\AzureSQLDB\.m2\repository\com\google\guava\failureaccess\1.0.1\failureaccess-1.0.1.jar;C:\Users\AzureSQLDB\.m2\repository\com\google\guava\listenablefuture\9999.0-empty-to-avoid-conflict-with-guava\listenablefuture-9999.0-empty-to-avoid-conflict-with-guava.jar;C:\Users\AzureSQLDB\.m2\repository\com\google\code\findbugs\jsr305\3.0.2\jsr305-3.0.2.jar;C:\Users\AzureSQLDB\.m2\repository\org\checkerframework\checker-qual\3.12.0\checker-qual-3.12.0.jar;C:\Users\AzureSQLDB\.m2\repository\com\google\errorprone\error_prone_annotations\2.11.0\error_prone_annotations-2.11.0.jar;C:\Users\AzureSQLDB\.m2\repository\com\google\j2objc\j2objc-annotations\1.3\j2objc-annotations-1.3.jar;C:\Users\AzureSQLDB\.m2\repository\org\apache\pdfbox\pdfbox\2.0.26\pdfbox-2.0.26.jar;C:\Users\AzureSQLDB\.m2\repository\org\apache\pdfbox\fontbox\2.0.26\fontbox-2.0.26.jar;C:\Users\AzureSQLDB\.m2\repository\commons-logging\commons-logging\1.2\commons-logging-1.2.jar;C:\Users\AzureSQLDB\.m2\repository\com\microsoft\sqlserver\mssql-jdbc\11.2.1.jre8\mssql-jdbc-11.2.1.jre8.jar
Launcher Type: SUN_STANDARD

[Global flags]
     intx CICompilerCount                          = 3                                         {product} {ergonomic}
     uint ConcGCThreads                            = 1                                         {product} {ergonomic}
     uint G1ConcRefinementThreads                  = 4                                         {product} {ergonomic}
   size_t G1HeapRegionSize                         = 2097152                                   {product} {ergonomic}
    uintx GCDrainStackTargetSize                   = 64                                        {product} {ergonomic}
   size_t InitialHeapSize                          = 268435456                                 {product} {ergonomic}
   size_t MarkStackSize                            = 4194304                                   {product} {ergonomic}
   size_t MaxHeapSize                              = 4282384384                                {product} {ergonomic}
   size_t MaxNewSize                               = 2569011200                                {product} {ergonomic}
   size_t MinHeapDeltaBytes                        = 2097152                                   {product} {ergonomic}
   size_t MinHeapSize                              = 8388608                                   {product} {ergonomic}
    uintx NonNMethodCodeHeapSize                   = 5832780                                {pd product} {ergonomic}
    uintx NonProfiledCodeHeapSize                  = 122912730                              {pd product} {ergonomic}
    uintx ProfiledCodeHeapSize                     = 122912730                              {pd product} {ergonomic}
    uintx ReservedCodeCacheSize                    = 251658240                              {pd product} {ergonomic}
     bool SegmentedCodeCache                       = true                                      {product} {ergonomic}
     bool ShowCodeDetailsInExceptionMessages       = true                                   {manageable} {command line}
   size_t SoftMaxHeapSize                          = 4282384384                             {manageable} {ergonomic}
     bool UseCompressedClassPointers               = true                           {product lp64_product} {ergonomic}
     bool UseCompressedOops                        = true                           {product lp64_product} {ergonomic}
     bool UseG1GC                                  = true                                      {product} {ergonomic}
     bool UseLargePagesIndividualAllocation        = false                                  {pd product} {ergonomic}

Logging:
Log output configuration:
 #0: stdout all=warning uptime,level,tags foldmultilines=false
 #1: stderr all=off uptime,level,tags foldmultilines=false

Environment Variables:
JAVA_HOME=C:\Program Files\Java\jdk-19
PATH=C:\Program Files\Common Files\Oracle\Java\javapath;C:\Windows\system32;C:\Windows;C:\Windows\System32\Wbem;C:\Windows\System32\WindowsPowerShell\v1.0\;C:\Windows\System32\OpenSSH\;C:\Program Files\dotnet\;C:\Program Files (x86)\Microsoft SQL Server\150\DTS\Binn\;C:\Program Files\Azure Data Studio\bin;C:\Program Files\Java\jdk-19\bin;C:\Program Files\Microsoft SQL Server\Client SDK\ODBC\170\Tools\Binn\;D:\Automation Files\apache-maven-3.8.6\bin;C:\Gopi\Apache Maven\apache-maven-3.8.6\bin;C:\Program Files\Git\cmd;C:\Users\AzureSQLDB\AppData\Local\Microsoft\WindowsApps;C:\Users\AzureSQLDB\.dotnet\tools;C:\Program Files\Azure Data Studio\bin;C:\Users\AzureSQLDB\AppData\Local\Programs\Microsoft VS Code\bin
USERNAME=AzureSQLDB
OS=Windows_NT
PROCESSOR_IDENTIFIER=AMD64 Family 25 Model 1 Stepping 1, AuthenticAMD
TMP=C:\Users\AZURES~1\AppData\Local\Temp
TEMP=C:\Users\AZURES~1\AppData\Local\Temp



---------------  S Y S T E M  ---------------

OS:
 Windows 10 , 64 bit Build 19041 (10.0.19041.2364)
OS uptime: 6 days 12:04 hours
Hyper-V virtualization detected

CPU: total 4 (initial active 4) (4 cores per cpu, 2 threads per core) family 25 model 1 stepping 1 microcode 0x0, cx8, cmov, fxsr, ht, mmx, 3dnowpref, sse, sse2, sse3, ssse3, sse4a, sse4.1, sse4.2, popcnt, lzcnt, tsc, avx, avx2, aes, clmul, bmi1, bmi2, adx, sha, fma, vzeroupper, clflush, clflushopt, hv, rdtscp, rdpid

Memory: 4k page, system-wide physical 16332M (4195M free)
TotalPageFile size 17738M (AvailPageFile size 201M)
current process WorkingSet (physical memory assigned to process): 384M, peak: 384M
current process commit charge ("private bytes"): 444M, peak: 872M

vm_info: Java HotSpot(TM) 64-Bit Server VM (19+36-2238) for windows-amd64 JRE (19+36-2238), built on 2022-08-12T20:29:01Z by "mach5one" with MS VC++ 17.1 (VS2022)

END.
