#
# There is insufficient memory for the Java Runtime Environment to continue.
# Native memory allocation (malloc) failed to allocate 809136 bytes for Chunk::new
# Possible reasons:
#   The system is out of physical RAM or swap space
#   The process is running with CompressedOops enabled, and the Java Heap may be blocking the growth of the native heap
# Possible solutions:
#   Reduce memory load on the system
#   Increase physical memory or swap space
#   Check if swap backing store is full
#   Decrease Java heap size (-Xmx/-Xms)
#   Decrease number of Java threads
#   Decrease Java thread stack sizes (-Xss)
#   Set larger code cache with -XX:ReservedCodeCacheSize=
#   JVM is running with Zero Based Compressed Oops mode in which the Java heap is
#     placed in the first 32GB address space. The Java Heap base address is the
#     maximum limit for the native heap growth. Please use -XX:HeapBaseMinAddress
#     to set the Java Heap base and to place the Java Heap above 32GB virtual address.
# This output file may be truncated or incomplete.
#
#  Out of Memory Error (arena.cpp:189), pid=19772, tid=15740
#
# JRE version: Java(TM) SE Runtime Environment (17.0.4.1+1) (build 17.0.4.1+1-LTS-2)
# Java VM: Java HotSpot(TM) 64-Bit Server VM (17.0.4.1+1-LTS-2, mixed mode, sharing, tiered, compressed oops, compressed class ptrs, g1 gc, windows-amd64)
# No core dump will be written. Minidumps are not enabled by default on client versions of Windows
#

---------------  S U M M A R Y ------------

Command Line: -Dclassworlds.conf=C:\ProgramData\Jenkins\.jenkins\tools\hudson.tasks.Maven_MavenInstallation\MAVEN_HOME\bin\m2.conf -Dmaven.home=C:\ProgramData\Jenkins\.jenkins\tools\hudson.tasks.Maven_MavenInstallation\MAVEN_HOME -Dlibrary.jansi.path=C:\ProgramData\Jenkins\.jenkins\tools\hudson.tasks.Maven_MavenInstallation\MAVEN_HOME\lib\jansi-native -Dmaven.multiModuleProjectDirectory=C:\Gopi\HomeRiver_Leasing org.codehaus.plexus.classworlds.launcher.Launcher clean install

Host: AMD EPYC 7763 64-Core Processor                , 4 cores, 15G,  Windows 10 , 64 bit Build 19041 (10.0.19041.2251)
Time: Mon Dec 12 02:34:14 2022 Eastern Standard Time elapsed time: 11.297032 seconds (0d 0h 0m 11s)

---------------  T H R E A D  ---------------

Current thread (0x000002681487de70):  JavaThread "C2 CompilerThread1" daemon [_thread_in_native, id=15740, stack(0x0000009bcc200000,0x0000009bcc300000)]


Current CompileTask:
C2:  11297 8079   !   4       jdk.internal.loader.URLClassPath$JarLoader::getResource (65 bytes)

Stack: [0x0000009bcc200000,0x0000009bcc300000]
Native frames: (J=compiled Java code, j=interpreted, Vv=VM code, C=native code)
V  [jvm.dll+0x6723ba]
V  [jvm.dll+0x7d1e34]
V  [jvm.dll+0x7d35de]
V  [jvm.dll+0x7d3c43]
V  [jvm.dll+0x243065]
V  [jvm.dll+0xaa57b]
V  [jvm.dll+0xaab0c]
V  [jvm.dll+0x360412]
V  [jvm.dll+0x1b9ee2]
V  [jvm.dll+0x2162f9]
V  [jvm.dll+0x2155c1]
V  [jvm.dll+0x1a1fcd]
V  [jvm.dll+0x224e08]
V  [jvm.dll+0x222f75]
V  [jvm.dll+0x787a0b]
V  [jvm.dll+0x781fca]
V  [jvm.dll+0x671245]
C  [ucrtbase.dll+0x21bb2]
C  [KERNEL32.DLL+0x174b4]
C  [ntdll.dll+0x526a1]


---------------  P R O C E S S  ---------------

Threads class SMR info:
_java_thread_list=0x0000026814f90580, length=13, elements={
0x000002686ec68470, 0x00000268111a9c00, 0x00000268111ab210, 0x00000268111c2fe0,
0x00000268111c59b0, 0x00000268111c6b00, 0x00000268111c7c50, 0x00000268111cc5d0,
0x00000268111ce770, 0x00000268111da0e0, 0x0000026811cf85b0, 0x0000026811d0e180,
0x000002681487de70
}

Java Threads: ( => current thread )
  0x000002686ec68470 JavaThread "main" [_thread_in_native, id=19496, stack(0x0000009bcac00000,0x0000009bcad00000)]
  0x00000268111a9c00 JavaThread "Reference Handler" daemon [_thread_blocked, id=19272, stack(0x0000009bcb300000,0x0000009bcb400000)]
  0x00000268111ab210 JavaThread "Finalizer" daemon [_thread_blocked, id=14476, stack(0x0000009bcb400000,0x0000009bcb500000)]
  0x00000268111c2fe0 JavaThread "Signal Dispatcher" daemon [_thread_blocked, id=10180, stack(0x0000009bcb500000,0x0000009bcb600000)]
  0x00000268111c59b0 JavaThread "Attach Listener" daemon [_thread_blocked, id=11844, stack(0x0000009bcb600000,0x0000009bcb700000)]
  0x00000268111c6b00 JavaThread "Service Thread" daemon [_thread_blocked, id=108, stack(0x0000009bcb700000,0x0000009bcb800000)]
  0x00000268111c7c50 JavaThread "Monitor Deflation Thread" daemon [_thread_blocked, id=12332, stack(0x0000009bcb800000,0x0000009bcb900000)]
  0x00000268111cc5d0 JavaThread "C2 CompilerThread0" daemon [_thread_blocked, id=14720, stack(0x0000009bcb900000,0x0000009bcba00000)]
  0x00000268111ce770 JavaThread "C1 CompilerThread0" daemon [_thread_blocked, id=19604, stack(0x0000009bcba00000,0x0000009bcbb00000)]
  0x00000268111da0e0 JavaThread "Sweeper thread" daemon [_thread_blocked, id=16004, stack(0x0000009bcbb00000,0x0000009bcbc00000)]
  0x0000026811cf85b0 JavaThread "Notification Thread" daemon [_thread_blocked, id=2120, stack(0x0000009bcbc00000,0x0000009bcbd00000)]
  0x0000026811d0e180 JavaThread "Common-Cleaner" daemon [_thread_blocked, id=18424, stack(0x0000009bcbe00000,0x0000009bcbf00000)]
=>0x000002681487de70 JavaThread "C2 CompilerThread1" daemon [_thread_in_native, id=15740, stack(0x0000009bcc200000,0x0000009bcc300000)]

Other Threads:
  0x00000268111a2f00 VMThread "VM Thread" [stack: 0x0000009bcb200000,0x0000009bcb300000] [id=11672]
  0x0000026811d0def0 WatcherThread [stack: 0x0000009bcbd00000,0x0000009bcbe00000] [id=11896]
  0x000002686ecd6760 GCTaskThread "GC Thread#0" [stack: 0x0000009bcad00000,0x0000009bcae00000] [id=14284]
  0x00000268122f1bc0 GCTaskThread "GC Thread#1" [stack: 0x0000009bcbf00000,0x0000009bcc000000] [id=18928]
  0x0000026812241d50 GCTaskThread "GC Thread#2" [stack: 0x0000009bcc000000,0x0000009bcc100000] [id=2408]
  0x0000026812242000 GCTaskThread "GC Thread#3" [stack: 0x0000009bcc100000,0x0000009bcc200000] [id=13404]
  0x000002686ece75e0 ConcurrentGCThread "G1 Main Marker" [stack: 0x0000009bcae00000,0x0000009bcaf00000] [id=15148]
  0x000002686ece7ff0 ConcurrentGCThread "G1 Conc#0" [stack: 0x0000009bcaf00000,0x0000009bcb000000] [id=11312]
  0x00000268110620c0 ConcurrentGCThread "G1 Refine#0" [stack: 0x0000009bcb000000,0x0000009bcb100000] [id=11572]
  0x0000026814b4e6a0 ConcurrentGCThread "G1 Refine#1" [stack: 0x0000009bcc300000,0x0000009bcc400000] [id=1296]
  0x0000026812b6b730 ConcurrentGCThread "G1 Refine#2" [stack: 0x0000009bcc400000,0x0000009bcc500000] [id=17236]
  0x0000026814f1eca0 ConcurrentGCThread "G1 Refine#3" [stack: 0x0000009bcc500000,0x0000009bcc600000] [id=17520]
  0x0000026811062ae0 ConcurrentGCThread "G1 Service" [stack: 0x0000009bcb100000,0x0000009bcb200000] [id=10256]

Threads with active compile tasks:
C2 CompilerThread1    11314 8079   !   4       jdk.internal.loader.URLClassPath$JarLoader::getResource (65 bytes)

VM state: not at safepoint (normal execution)

VM Mutex/Monitor currently owned by a thread: None

Heap address: 0x0000000700c00000, size: 4084 MB, Compressed Oops mode: Zero based, Oop shift amount: 3

CDS archive(s) mapped at: [0x0000000800000000-0x0000000800bc0000-0x0000000800bc0000), size 12320768, SharedBaseAddress: 0x0000000800000000, ArchiveRelocationMode: 0.
Compressed class space mapped at: 0x0000000800c00000-0x0000000840c00000, reserved size: 1073741824
Narrow klass base: 0x0000000800000000, Narrow klass shift: 0, Narrow klass range: 0x100000000

GC Precious Log:
 CPUs: 4 total, 4 available
 Memory: 16332M
 Large Page Support: Disabled
 NUMA Support: Disabled
 Compressed Oops: Enabled (Zero based)
 Heap Region Size: 2M
 Heap Min Capacity: 8M
 Heap Initial Capacity: 256M
 Heap Max Capacity: 4084M
 Pre-touch: Disabled
 Parallel Workers: 4
 Concurrent Workers: 1
 Concurrent Refinement Workers: 4
 Periodic GC: Disabled

Heap:
 garbage-first heap   total 151552K, used 76772K [0x0000000700c00000, 0x0000000800000000)
  region size 2048K, 18 young (36864K), 2 survivors (4096K)
 Metaspace       used 27837K, committed 28224K, reserved 1081344K
  class space    used 3049K, committed 3200K, reserved 1048576K

Heap Regions: E=young(eden), S=young(survivor), O=old, HS=humongous(starts), HC=humongous(continues), CS=collection set, F=free, OA=open archive, CA=closed archive, TAMS=top-at-mark-start (previous, next)
|   0|0x0000000700c00000, 0x0000000700e00000, 0x0000000700e00000|100%| O|  |TAMS 0x0000000700e00000, 0x0000000700c00000| Untracked 
|   1|0x0000000700e00000, 0x0000000701000000, 0x0000000701000000|100%| O|  |TAMS 0x0000000701000000, 0x0000000700e00000| Untracked 
|   2|0x0000000701000000, 0x0000000701200000, 0x0000000701200000|100%| O|  |TAMS 0x0000000701200000, 0x0000000701000000| Untracked 
|   3|0x0000000701200000, 0x0000000701400000, 0x0000000701400000|100%| O|  |TAMS 0x0000000701400000, 0x0000000701200000| Untracked 
|   4|0x0000000701400000, 0x0000000701600000, 0x0000000701600000|100%| O|  |TAMS 0x0000000701600000, 0x0000000701400000| Untracked 
|   5|0x0000000701600000, 0x0000000701800000, 0x0000000701800000|100%| O|  |TAMS 0x0000000701800000, 0x0000000701600000| Untracked 
|   6|0x0000000701800000, 0x0000000701a00000, 0x0000000701a00000|100%| O|  |TAMS 0x0000000701a00000, 0x0000000701800000| Untracked 
|   7|0x0000000701a00000, 0x0000000701c00000, 0x0000000701c00000|100%| O|  |TAMS 0x0000000701c00000, 0x0000000701a00000| Untracked 
|   8|0x0000000701c00000, 0x0000000701e00000, 0x0000000701e00000|100%| O|  |TAMS 0x0000000701e00000, 0x0000000701c00000| Untracked 
|   9|0x0000000701e00000, 0x0000000702000000, 0x0000000702000000|100%| O|  |TAMS 0x0000000702000000, 0x0000000701e00000| Untracked 
|  10|0x0000000702000000, 0x0000000702200000, 0x0000000702200000|100%| O|  |TAMS 0x0000000702200000, 0x0000000702000000| Untracked 
|  11|0x0000000702200000, 0x0000000702400000, 0x0000000702400000|100%| O|  |TAMS 0x0000000702400000, 0x0000000702200000| Untracked 
|  12|0x0000000702400000, 0x0000000702600000, 0x0000000702600000|100%| O|  |TAMS 0x0000000702600000, 0x0000000702400000| Untracked 
|  13|0x0000000702600000, 0x0000000702800000, 0x0000000702800000|100%| O|  |TAMS 0x0000000702800000, 0x0000000702600000| Untracked 
|  14|0x0000000702800000, 0x0000000702a00000, 0x0000000702a00000|100%| O|  |TAMS 0x0000000702932c00, 0x0000000702800000| Untracked 
|  15|0x0000000702a00000, 0x0000000702c00000, 0x0000000702c00000|100%| O|  |TAMS 0x0000000702c00000, 0x0000000702a00000| Untracked 
|  16|0x0000000702c00000, 0x0000000702e00000, 0x0000000702e00000|100%| O|  |TAMS 0x0000000702e00000, 0x0000000702c00000| Untracked 
|  17|0x0000000702e00000, 0x0000000703000000, 0x0000000703000000|100%| O|  |TAMS 0x0000000702e00000, 0x0000000702e00000| Untracked 
|  18|0x0000000703000000, 0x0000000703191800, 0x0000000703200000| 78%| O|  |TAMS 0x0000000703000000, 0x0000000703000000| Untracked 
|  19|0x0000000703200000, 0x0000000703400000, 0x0000000703400000|100%| O|  |TAMS 0x0000000703200000, 0x0000000703200000| Untracked 
|  20|0x0000000703400000, 0x0000000703582200, 0x0000000703600000| 75%| O|  |TAMS 0x0000000703400000, 0x0000000703400000| Untracked 
|  21|0x0000000703600000, 0x0000000703600000, 0x0000000703800000|  0%| F|  |TAMS 0x0000000703600000, 0x0000000703600000| Untracked 
|  22|0x0000000703800000, 0x0000000703800000, 0x0000000703a00000|  0%| F|  |TAMS 0x0000000703800000, 0x0000000703800000| Untracked 
|  23|0x0000000703a00000, 0x0000000703a00000, 0x0000000703c00000|  0%| F|  |TAMS 0x0000000703a00000, 0x0000000703a00000| Untracked 
|  24|0x0000000703c00000, 0x0000000703c00000, 0x0000000703e00000|  0%| F|  |TAMS 0x0000000703c00000, 0x0000000703c00000| Untracked 
|  25|0x0000000703e00000, 0x0000000703e00000, 0x0000000704000000|  0%| F|  |TAMS 0x0000000703e00000, 0x0000000703e00000| Untracked 
|  26|0x0000000704000000, 0x0000000704000000, 0x0000000704200000|  0%| F|  |TAMS 0x0000000704000000, 0x0000000704000000| Untracked 
|  27|0x0000000704200000, 0x0000000704200000, 0x0000000704400000|  0%| F|  |TAMS 0x0000000704200000, 0x0000000704200000| Untracked 
|  28|0x0000000704400000, 0x0000000704400000, 0x0000000704600000|  0%| F|  |TAMS 0x0000000704400000, 0x0000000704400000| Untracked 
|  29|0x0000000704600000, 0x0000000704600000, 0x0000000704800000|  0%| F|  |TAMS 0x0000000704600000, 0x0000000704600000| Untracked 
|  30|0x0000000704800000, 0x0000000704800000, 0x0000000704a00000|  0%| F|  |TAMS 0x0000000704800000, 0x0000000704800000| Untracked 
|  31|0x0000000704a00000, 0x0000000704a00000, 0x0000000704c00000|  0%| F|  |TAMS 0x0000000704a00000, 0x0000000704a00000| Untracked 
|  32|0x0000000704c00000, 0x0000000704c00000, 0x0000000704e00000|  0%| F|  |TAMS 0x0000000704c00000, 0x0000000704c00000| Untracked 
|  33|0x0000000704e00000, 0x0000000704e00000, 0x0000000705000000|  0%| F|  |TAMS 0x0000000704e00000, 0x0000000704e00000| Untracked 
|  34|0x0000000705000000, 0x0000000705000000, 0x0000000705200000|  0%| F|  |TAMS 0x0000000705000000, 0x0000000705000000| Untracked 
|  35|0x0000000705200000, 0x0000000705200000, 0x0000000705400000|  0%| F|  |TAMS 0x0000000705200000, 0x0000000705200000| Untracked 
|  36|0x0000000705400000, 0x0000000705400000, 0x0000000705600000|  0%| F|  |TAMS 0x0000000705400000, 0x0000000705400000| Untracked 
|  37|0x0000000705600000, 0x0000000705600000, 0x0000000705800000|  0%| F|  |TAMS 0x0000000705600000, 0x0000000705600000| Untracked 
|  38|0x0000000705800000, 0x0000000705800000, 0x0000000705a00000|  0%| F|  |TAMS 0x0000000705800000, 0x0000000705800000| Untracked 
|  39|0x0000000705a00000, 0x0000000705a00000, 0x0000000705c00000|  0%| F|  |TAMS 0x0000000705a00000, 0x0000000705a00000| Untracked 
|  40|0x0000000705c00000, 0x0000000705c00000, 0x0000000705e00000|  0%| F|  |TAMS 0x0000000705c00000, 0x0000000705c00000| Untracked 
|  41|0x0000000705e00000, 0x0000000705fe5640, 0x0000000706000000| 94%| S|CS|TAMS 0x0000000705e00000, 0x0000000705e00000| Complete 
|  42|0x0000000706000000, 0x0000000706200000, 0x0000000706200000|100%| S|CS|TAMS 0x0000000706000000, 0x0000000706000000| Complete 
|  43|0x0000000706200000, 0x0000000706200000, 0x0000000706400000|  0%| F|  |TAMS 0x0000000706200000, 0x0000000706200000| Untracked 
|  44|0x0000000706400000, 0x0000000706400000, 0x0000000706600000|  0%| F|  |TAMS 0x0000000706400000, 0x0000000706400000| Untracked 
|  45|0x0000000706600000, 0x0000000706600000, 0x0000000706800000|  0%| F|  |TAMS 0x0000000706600000, 0x0000000706600000| Untracked 
|  46|0x0000000706800000, 0x0000000706800000, 0x0000000706a00000|  0%| F|  |TAMS 0x0000000706800000, 0x0000000706800000| Untracked 
|  47|0x0000000706a00000, 0x0000000706a00000, 0x0000000706c00000|  0%| F|  |TAMS 0x0000000706a00000, 0x0000000706a00000| Untracked 
|  48|0x0000000706c00000, 0x0000000706c00000, 0x0000000706e00000|  0%| F|  |TAMS 0x0000000706c00000, 0x0000000706c00000| Untracked 
|  49|0x0000000706e00000, 0x0000000706e00000, 0x0000000707000000|  0%| F|  |TAMS 0x0000000706e00000, 0x0000000706e00000| Untracked 
|  50|0x0000000707000000, 0x0000000707000000, 0x0000000707200000|  0%| F|  |TAMS 0x0000000707000000, 0x0000000707000000| Untracked 
|  51|0x0000000707200000, 0x0000000707200000, 0x0000000707400000|  0%| F|  |TAMS 0x0000000707200000, 0x0000000707200000| Untracked 
|  52|0x0000000707400000, 0x0000000707400000, 0x0000000707600000|  0%| F|  |TAMS 0x0000000707400000, 0x0000000707400000| Untracked 
|  53|0x0000000707600000, 0x0000000707600000, 0x0000000707800000|  0%| F|  |TAMS 0x0000000707600000, 0x0000000707600000| Untracked 
|  54|0x0000000707800000, 0x0000000707800000, 0x0000000707a00000|  0%| F|  |TAMS 0x0000000707800000, 0x0000000707800000| Untracked 
|  55|0x0000000707a00000, 0x0000000707a00000, 0x0000000707c00000|  0%| F|  |TAMS 0x0000000707a00000, 0x0000000707a00000| Untracked 
|  56|0x0000000707c00000, 0x0000000707c00000, 0x0000000707e00000|  0%| F|  |TAMS 0x0000000707c00000, 0x0000000707c00000| Untracked 
|  57|0x0000000707e00000, 0x0000000707e00000, 0x0000000708000000|  0%| F|  |TAMS 0x0000000707e00000, 0x0000000707e00000| Untracked 
|  58|0x0000000708000000, 0x0000000708200000, 0x0000000708200000|100%| E|  |TAMS 0x0000000708000000, 0x0000000708000000| Complete 
|  59|0x0000000708200000, 0x0000000708400000, 0x0000000708400000|100%| E|CS|TAMS 0x0000000708200000, 0x0000000708200000| Complete 
|  60|0x0000000708400000, 0x0000000708600000, 0x0000000708600000|100%| E|CS|TAMS 0x0000000708400000, 0x0000000708400000| Complete 
|  61|0x0000000708600000, 0x0000000708800000, 0x0000000708800000|100%| E|CS|TAMS 0x0000000708600000, 0x0000000708600000| Complete 
|  62|0x0000000708800000, 0x0000000708a00000, 0x0000000708a00000|100%| E|CS|TAMS 0x0000000708800000, 0x0000000708800000| Complete 
|  63|0x0000000708a00000, 0x0000000708c00000, 0x0000000708c00000|100%| E|CS|TAMS 0x0000000708a00000, 0x0000000708a00000| Complete 
|  64|0x0000000708c00000, 0x0000000708e00000, 0x0000000708e00000|100%| E|CS|TAMS 0x0000000708c00000, 0x0000000708c00000| Complete 
|  65|0x0000000708e00000, 0x0000000709000000, 0x0000000709000000|100%| E|CS|TAMS 0x0000000708e00000, 0x0000000708e00000| Complete 
|  66|0x0000000709000000, 0x0000000709200000, 0x0000000709200000|100%| E|CS|TAMS 0x0000000709000000, 0x0000000709000000| Complete 
|  67|0x0000000709200000, 0x0000000709400000, 0x0000000709400000|100%| E|CS|TAMS 0x0000000709200000, 0x0000000709200000| Complete 
|  68|0x0000000709400000, 0x0000000709600000, 0x0000000709600000|100%| E|CS|TAMS 0x0000000709400000, 0x0000000709400000| Complete 
|  69|0x0000000709600000, 0x0000000709800000, 0x0000000709800000|100%| E|CS|TAMS 0x0000000709600000, 0x0000000709600000| Complete 
|  70|0x0000000709800000, 0x0000000709a00000, 0x0000000709a00000|100%| E|CS|TAMS 0x0000000709800000, 0x0000000709800000| Complete 
|  71|0x0000000709a00000, 0x0000000709c00000, 0x0000000709c00000|100%| E|CS|TAMS 0x0000000709a00000, 0x0000000709a00000| Complete 
|  72|0x0000000709c00000, 0x0000000709e00000, 0x0000000709e00000|100%| E|CS|TAMS 0x0000000709c00000, 0x0000000709c00000| Complete 
| 127|0x0000000710a00000, 0x0000000710c00000, 0x0000000710c00000|100%| E|CS|TAMS 0x0000000710a00000, 0x0000000710a00000| Complete 

Card table byte_map: [0x0000026876cf0000,0x00000268774f0000] _byte_map_base: 0x00000268734ea000

Marking Bits (Prev, Next): (CMBitMap*) 0x000002686ecd6d70, (CMBitMap*) 0x000002686ecd6db0
 Prev Bits: [0x0000026877cf0000, 0x000002687bcc0000)
 Next Bits: [0x000002687bcc0000, 0x000002687fc90000)

Polling page: 0x000002686de70000

Metaspace:

Usage:
  Non-class:     24.25 MB used.
      Class:      2.98 MB used.
       Both:     27.23 MB used.

Virtual space:
  Non-class space:       32.00 MB reserved,      24.50 MB ( 77%) committed,  4 nodes.
      Class space:        1.00 GB reserved,       3.12 MB ( <1%) committed,  1 nodes.
             Both:        1.03 GB reserved,      27.62 MB (  3%) committed. 

Chunk freelists:
   Non-Class:  3.17 MB
       Class:  912.00 KB
        Both:  4.06 MB

MaxMetaspaceSize: unlimited
CompressedClassSpaceSize: 1.00 GB
Initial GC threshold: 21.00 MB
Current GC threshold: 39.19 MB
CDS: on
MetaspaceReclaimPolicy: balanced
 - commit_granule_bytes: 65536.
 - commit_granule_words: 8192.
 - virtual_space_node_default_size: 1048576.
 - enlarge_chunks_in_place: 1.
 - new_chunks_are_fully_committed: 0.
 - uncommit_free_chunks: 1.
 - use_allocation_guard: 0.
 - handle_deallocations: 1.


Internal statistics:

num_allocs_failed_limit: 3.
num_arena_births: 186.
num_arena_deaths: 0.
num_vsnodes_births: 5.
num_vsnodes_deaths: 0.
num_space_committed: 442.
num_space_uncommitted: 0.
num_chunks_returned_to_freelist: 3.
num_chunks_taken_from_freelist: 1204.
num_chunk_merges: 3.
num_chunk_splits: 857.
num_chunks_enlarged: 688.
num_purges: 0.
num_inconsistent_stats: 0.

CodeHeap 'non-profiled nmethods': size=120000Kb used=4406Kb max_used=4879Kb free=115593Kb
 bounds [0x0000026807ad0000, 0x0000026807fa0000, 0x000002680f000000]
CodeHeap 'profiled nmethods': size=120000Kb used=13576Kb max_used=15353Kb free=106423Kb
 bounds [0x00000268005a0000, 0x00000268014a0000, 0x0000026807ad0000]
CodeHeap 'non-nmethods': size=5760Kb used=1211Kb max_used=1260Kb free=4548Kb
 bounds [0x0000026800000000, 0x0000026800270000, 0x00000268005a0000]
 total_blobs=7040 nmethods=6531 adapters=418
 compilation: enabled
              stopped_count=0, restarted_count=0
 full_count=0

Compilation events (20 events):
Event: 11.261 Thread 0x00000268111ce770 8131       3       java.lang.Class::createAnnotationData (195 bytes)
Event: 11.262 Thread 0x00000268111ce770 nmethod 8131 0x0000026800a55a10 code [0x0000026800a55d80, 0x0000026800a57358]
Event: 11.262 Thread 0x00000268111ce770 8133       3       org.eclipse.sisu.inject.InjectorBindings::publishWildcardMatches (81 bytes)
Event: 11.263 Thread 0x00000268111ce770 nmethod 8133 0x0000026800d9cf90 code [0x0000026800d9d1e0, 0x0000026800d9db38]
Event: 11.263 Thread 0x00000268111ce770 8132       3       java.lang.Class$Atomic::casAnnotationData (13 bytes)
Event: 11.263 Thread 0x00000268111ce770 nmethod 8132 0x00000268009e8790 code [0x00000268009e8920, 0x00000268009e8a78]
Event: 11.263 Thread 0x00000268111ce770 8134       1       org.eclipse.sisu.inject.DefaultRankingFunction::maxRank (3 bytes)
Event: 11.264 Thread 0x00000268111ce770 nmethod 8134 0x0000026807d82e90 code [0x0000026807d83020, 0x0000026807d830f8]
Event: 11.264 Thread 0x00000268111ce770 8135       3       org.eclipse.sisu.inject.MildKeys$Weak::equals (40 bytes)
Event: 11.264 Thread 0x00000268111ce770 nmethod 8135 0x0000026800f58610 code [0x0000026800f587e0, 0x0000026800f58de8]
Event: 11.264 Thread 0x00000268111ce770 8124       1       java.util.logging.Level::intValue (5 bytes)
Event: 11.264 Thread 0x00000268111ce770 nmethod 8124 0x0000026807d82b90 code [0x0000026807d82d20, 0x0000026807d82df8]
Event: 11.284 Thread 0x00000268111cc5d0 nmethod 8084 0x0000026807e0d210 code [0x0000026807e0d520, 0x0000026807e0fac8]
Event: 11.284 Thread 0x00000268111cc5d0 8091       4       java.lang.reflect.Field::getAnnotation (23 bytes)
Event: 11.287 Thread 0x00000268111ce770 8136       3       org.apache.maven.artifact.resolver.filter.CumulativeScopeArtifactFilter::include (6 bytes)
Event: 11.287 Thread 0x00000268111ce770 nmethod 8136 0x0000026800a1ea90 code [0x0000026800a1ec20, 0x0000026800a1ed68]
Event: 11.287 Thread 0x00000268111ce770 8137       3       org.apache.maven.artifact.resolver.filter.AbstractScopeArtifactFilter::include (97 bytes)
Event: 11.287 Thread 0x00000268111ce770 nmethod 8137 0x000002680104f090 code [0x000002680104f2c0, 0x000002680104f968]
Event: 11.289 Thread 0x00000268111cc5d0 nmethod 8091 0x0000026807e5d010 code [0x0000026807e5d1c0, 0x0000026807e5d518]
Event: 11.289 Thread 0x00000268111cc5d0 8097       4       java.lang.Class::reflectionData (43 bytes)

GC Heap History (20 events):
Event: 0.725 GC heap before
{Heap before GC invocations=1 (full 0):
 garbage-first heap   total 262144K, used 13342K [0x0000000700c00000, 0x0000000800000000)
  region size 2048K, 6 young (12288K), 1 survivors (2048K)
 Metaspace       used 4744K, committed 4928K, reserved 1056768K
  class space    used 554K, committed 640K, reserved 1048576K
}
Event: 0.728 GC heap after
{Heap after GC invocations=2 (full 0):
 garbage-first heap   total 262144K, used 3848K [0x0000000700c00000, 0x0000000800000000)
  region size 2048K, 1 young (2048K), 1 survivors (2048K)
 Metaspace       used 4744K, committed 4928K, reserved 1056768K
  class space    used 554K, committed 640K, reserved 1048576K
}
Event: 1.253 GC heap before
{Heap before GC invocations=2 (full 0):
 garbage-first heap   total 262144K, used 30472K [0x0000000700c00000, 0x0000000800000000)
  region size 2048K, 14 young (28672K), 1 survivors (2048K)
 Metaspace       used 9110K, committed 9280K, reserved 1064960K
  class space    used 1120K, committed 1216K, reserved 1048576K
}
Event: 1.255 GC heap after
{Heap after GC invocations=3 (full 0):
 garbage-first heap   total 262144K, used 5164K [0x0000000700c00000, 0x0000000800000000)
  region size 2048K, 1 young (2048K), 1 survivors (2048K)
 Metaspace       used 9110K, committed 9280K, reserved 1064960K
  class space    used 1120K, committed 1216K, reserved 1048576K
}
Event: 4.506 GC heap before
{Heap before GC invocations=3 (full 0):
 garbage-first heap   total 262144K, used 156716K [0x0000000700c00000, 0x0000000800000000)
  region size 2048K, 76 young (155648K), 1 survivors (2048K)
 Metaspace       used 21311K, committed 21504K, reserved 1073152K
  class space    used 2416K, committed 2496K, reserved 1048576K
}
Event: 4.518 GC heap after
{Heap after GC invocations=4 (full 0):
 garbage-first heap   total 262144K, used 18216K [0x0000000700c00000, 0x0000000800000000)
  region size 2048K, 8 young (16384K), 8 survivors (16384K)
 Metaspace       used 21311K, committed 21504K, reserved 1073152K
  class space    used 2416K, committed 2496K, reserved 1048576K
}
Event: 4.933 GC heap before
{Heap before GC invocations=5 (full 0):
 garbage-first heap   total 75776K, used 46888K [0x0000000700c00000, 0x0000000800000000)
  region size 2048K, 22 young (45056K), 8 survivors (16384K)
 Metaspace       used 21615K, committed 21888K, reserved 1073152K
  class space    used 2438K, committed 2560K, reserved 1048576K
}
Event: 4.952 GC heap after
{Heap after GC invocations=6 (full 0):
 garbage-first heap   total 75776K, used 25445K [0x0000000700c00000, 0x0000000800000000)
  region size 2048K, 3 young (6144K), 3 survivors (6144K)
 Metaspace       used 21615K, committed 21888K, reserved 1073152K
  class space    used 2438K, committed 2560K, reserved 1048576K
}
Event: 4.971 GC heap before
{Heap before GC invocations=6 (full 0):
 garbage-first heap   total 75776K, used 27493K [0x0000000700c00000, 0x0000000800000000)
  region size 2048K, 4 young (8192K), 3 survivors (6144K)
 Metaspace       used 21687K, committed 21952K, reserved 1073152K
  class space    used 2439K, committed 2560K, reserved 1048576K
}
Event: 4.983 GC heap after
{Heap after GC invocations=7 (full 0):
 garbage-first heap   total 75776K, used 26754K [0x0000000700c00000, 0x0000000800000000)
  region size 2048K, 1 young (2048K), 1 survivors (2048K)
 Metaspace       used 21687K, committed 21952K, reserved 1073152K
  class space    used 2439K, committed 2560K, reserved 1048576K
}
Event: 5.725 GC heap before
{Heap before GC invocations=7 (full 0):
 garbage-first heap   total 75776K, used 49282K [0x0000000700c00000, 0x0000000800000000)
  region size 2048K, 13 young (26624K), 1 survivors (2048K)
 Metaspace       used 22283K, committed 22592K, reserved 1073152K
  class space    used 2503K, committed 2624K, reserved 1048576K
}
Event: 5.731 GC heap after
{Heap after GC invocations=8 (full 0):
 garbage-first heap   total 75776K, used 33450K [0x0000000700c00000, 0x0000000800000000)
  region size 2048K, 2 young (4096K), 2 survivors (4096K)
 Metaspace       used 22283K, committed 22592K, reserved 1073152K
  class space    used 2503K, committed 2624K, reserved 1048576K
}
Event: 5.989 GC heap before
{Heap before GC invocations=8 (full 0):
 garbage-first heap   total 75776K, used 51882K [0x0000000700c00000, 0x0000000800000000)
  region size 2048K, 11 young (22528K), 2 survivors (4096K)
 Metaspace       used 22843K, committed 23104K, reserved 1073152K
  class space    used 2564K, committed 2688K, reserved 1048576K
}
Event: 5.999 GC heap after
{Heap after GC invocations=9 (full 0):
 garbage-first heap   total 75776K, used 38091K [0x0000000700c00000, 0x0000000800000000)
  region size 2048K, 2 young (4096K), 2 survivors (4096K)
 Metaspace       used 22843K, committed 23104K, reserved 1073152K
  class space    used 2564K, committed 2688K, reserved 1048576K
}
Event: 6.320 GC heap before
{Heap before GC invocations=9 (full 0):
 garbage-first heap   total 75776K, used 54475K [0x0000000700c00000, 0x0000000800000000)
  region size 2048K, 10 young (20480K), 2 survivors (4096K)
 Metaspace       used 23410K, committed 23616K, reserved 1073152K
  class space    used 2592K, committed 2688K, reserved 1048576K
}
Event: 6.330 GC heap after
{Heap after GC invocations=10 (full 0):
 garbage-first heap   total 151552K, used 42382K [0x0000000700c00000, 0x0000000800000000)
  region size 2048K, 2 young (4096K), 2 survivors (4096K)
 Metaspace       used 23410K, committed 23616K, reserved 1073152K
  class space    used 2592K, committed 2688K, reserved 1048576K
}
Event: 8.896 GC heap before
{Heap before GC invocations=11 (full 0):
 garbage-first heap   total 151552K, used 97678K [0x0000000700c00000, 0x0000000800000000)
  region size 2048K, 29 young (59392K), 2 survivors (4096K)
 Metaspace       used 26009K, committed 26240K, reserved 1073152K
  class space    used 2840K, committed 2944K, reserved 1048576K
}
Event: 8.904 GC heap after
{Heap after GC invocations=12 (full 0):
 garbage-first heap   total 151552K, used 44614K [0x0000000700c00000, 0x0000000800000000)
  region size 2048K, 3 young (6144K), 3 survivors (6144K)
 Metaspace       used 26009K, committed 26240K, reserved 1073152K
  class space    used 2840K, committed 2944K, reserved 1048576K
}
Event: 10.582 GC heap before
{Heap before GC invocations=12 (full 0):
 garbage-first heap   total 151552K, used 101958K [0x0000000700c00000, 0x0000000800000000)
  region size 2048K, 31 young (63488K), 3 survivors (6144K)
 Metaspace       used 26255K, committed 26560K, reserved 1073152K
  class space    used 2855K, committed 2944K, reserved 1048576K
}
Event: 10.593 GC heap after
{Heap after GC invocations=13 (full 0):
 garbage-first heap   total 151552K, used 46052K [0x0000000700c00000, 0x0000000800000000)
  region size 2048K, 2 young (4096K), 2 survivors (4096K)
 Metaspace       used 26255K, committed 26560K, reserved 1073152K
  class space    used 2855K, committed 2944K, reserved 1048576K
}

Deoptimization events (20 events):
Event: 11.188 Thread 0x000002686ec68470 Uncommon trap: trap_request=0xffffffd6 fr.pc=0x0000026807d73848 relative=0x0000000000000688
Event: 11.188 Thread 0x000002686ec68470 Uncommon trap: reason=array_check action=maybe_recompile pc=0x0000026807d73848 method=java.util.TimSort.binarySort([Ljava/lang/Object;IIILjava/util/Comparator;)V @ 215 c2
Event: 11.188 Thread 0x000002686ec68470 DEOPT PACKING pc=0x0000026807d73848 sp=0x0000009bcacfd0a0
Event: 11.188 Thread 0x000002686ec68470 DEOPT UNPACKING pc=0x00000268000523a3 sp=0x0000009bcacfd038 mode 2
Event: 11.190 Thread 0x000002686ec68470 Uncommon trap: trap_request=0xffffffd6 fr.pc=0x0000026807d73a88 relative=0x00000000000008c8
Event: 11.190 Thread 0x000002686ec68470 Uncommon trap: reason=array_check action=maybe_recompile pc=0x0000026807d73a88 method=java.util.TimSort.binarySort([Ljava/lang/Object;IIILjava/util/Comparator;)V @ 183 c2
Event: 11.190 Thread 0x000002686ec68470 DEOPT PACKING pc=0x0000026807d73a88 sp=0x0000009bcacfd090
Event: 11.191 Thread 0x000002686ec68470 DEOPT UNPACKING pc=0x00000268000523a3 sp=0x0000009bcacfd028 mode 2
Event: 11.205 Thread 0x000002686ec68470 Uncommon trap: trap_request=0xffffff45 fr.pc=0x0000026807e85bd8 relative=0x0000000000000238
Event: 11.205 Thread 0x000002686ec68470 Uncommon trap: reason=unstable_if action=reinterpret pc=0x0000026807e85bd8 method=java.lang.StringLatin1.lastIndexOf([BI[BII)I @ 86 c2
Event: 11.205 Thread 0x000002686ec68470 DEOPT PACKING pc=0x0000026807e85bd8 sp=0x0000009bcacfd070
Event: 11.205 Thread 0x000002686ec68470 DEOPT UNPACKING pc=0x00000268000523a3 sp=0x0000009bcacfceb8 mode 2
Event: 11.208 Thread 0x000002686ec68470 Uncommon trap: trap_request=0xffffff45 fr.pc=0x0000026807e862ac relative=0x000000000000020c
Event: 11.208 Thread 0x000002686ec68470 Uncommon trap: reason=unstable_if action=reinterpret pc=0x0000026807e862ac method=java.lang.StringLatin1.lastIndexOf([BI[BII)I @ 86 c2
Event: 11.208 Thread 0x000002686ec68470 DEOPT PACKING pc=0x0000026807e862ac sp=0x0000009bcacfcfd0
Event: 11.208 Thread 0x000002686ec68470 DEOPT UNPACKING pc=0x00000268000523a3 sp=0x0000009bcacfceb0 mode 2
Event: 11.212 Thread 0x000002686ec68470 Uncommon trap: trap_request=0xffffff45 fr.pc=0x0000026807b3d418 relative=0x00000000000000f8
Event: 11.212 Thread 0x000002686ec68470 Uncommon trap: reason=unstable_if action=reinterpret pc=0x0000026807b3d418 method=java.lang.StringLatin1.lastIndexOf([BI[BII)I @ 86 c2
Event: 11.212 Thread 0x000002686ec68470 DEOPT PACKING pc=0x0000026807b3d418 sp=0x0000009bcacfcf30
Event: 11.212 Thread 0x000002686ec68470 DEOPT UNPACKING pc=0x00000268000523a3 sp=0x0000009bcacfceb0 mode 2

Classes unloaded (0 events):
No events

Classes redefined (0 events):
No events

Internal exceptions (20 events):
Event: 10.057 Thread 0x000002686ec68470 Exception <a 'sun/nio/fs/WindowsException'{0x0000000707332098}> (0x0000000707332098) 
thrown [s\open\src\hotspot\share\prims\jni.cpp, line 516]
Event: 10.061 Thread 0x000002686ec68470 Exception <a 'sun/nio/fs/WindowsException'{0x000000070734a448}> (0x000000070734a448) 
thrown [s\open\src\hotspot\share\prims\jni.cpp, line 516]
Event: 10.065 Thread 0x000002686ec68470 Exception <a 'sun/nio/fs/WindowsException'{0x000000070737bde0}> (0x000000070737bde0) 
thrown [s\open\src\hotspot\share\prims\jni.cpp, line 516]
Event: 10.078 Thread 0x000002686ec68470 Exception <a 'sun/nio/fs/WindowsException'{0x000000070738fb68}> (0x000000070738fb68) 
thrown [s\open\src\hotspot\share\prims\jni.cpp, line 516]
Event: 10.103 Thread 0x000002686ec68470 Exception <a 'sun/nio/fs/WindowsException'{0x0000000706ed5238}> (0x0000000706ed5238) 
thrown [s\open\src\hotspot\share\prims\jni.cpp, line 516]
Event: 10.258 Thread 0x000002686ec68470 Exception <a 'sun/nio/fs/WindowsException'{0x0000000706d52868}> (0x0000000706d52868) 
thrown [s\open\src\hotspot\share\prims\jni.cpp, line 516]
Event: 10.314 Thread 0x000002686ec68470 Exception <a 'sun/nio/fs/WindowsException'{0x0000000706de3c38}> (0x0000000706de3c38) 
thrown [s\open\src\hotspot\share\prims\jni.cpp, line 516]
Event: 10.393 Thread 0x000002686ec68470 Exception <a 'sun/nio/fs/WindowsException'{0x0000000706df8380}> (0x0000000706df8380) 
thrown [s\open\src\hotspot\share\prims\jni.cpp, line 516]
Event: 10.408 Thread 0x000002686ec68470 Exception <a 'sun/nio/fs/WindowsException'{0x0000000706dfea18}> (0x0000000706dfea18) 
thrown [s\open\src\hotspot\share\prims\jni.cpp, line 516]
Event: 10.440 Thread 0x000002686ec68470 Exception <a 'sun/nio/fs/WindowsException'{0x0000000706a04d68}> (0x0000000706a04d68) 
thrown [s\open\src\hotspot\share\prims\jni.cpp, line 516]
Event: 10.493 Thread 0x000002686ec68470 Exception <a 'sun/nio/fs/WindowsException'{0x0000000706aa8ef8}> (0x0000000706aa8ef8) 
thrown [s\open\src\hotspot\share\prims\jni.cpp, line 516]
Event: 10.539 Thread 0x000002686ec68470 Exception <a 'sun/nio/fs/WindowsException'{0x0000000706489c88}> (0x0000000706489c88) 
thrown [s\open\src\hotspot\share\prims\jni.cpp, line 516]
Event: 10.564 Thread 0x000002686ec68470 Exception <a 'sun/nio/fs/WindowsException'{0x0000000706575710}> (0x0000000706575710) 
thrown [s\open\src\hotspot\share\prims\jni.cpp, line 516]
Event: 10.573 Thread 0x000002686ec68470 Exception <a 'sun/nio/fs/WindowsException'{0x00000007065cb7e0}> (0x00000007065cb7e0) 
thrown [s\open\src\hotspot\share\prims\jni.cpp, line 516]
Event: 10.616 Thread 0x000002686ec68470 Exception <a 'sun/nio/fs/WindowsException'{0x0000000709c83a30}> (0x0000000709c83a30) 
thrown [s\open\src\hotspot\share\prims\jni.cpp, line 516]
Event: 10.638 Thread 0x000002686ec68470 Exception <a 'sun/nio/fs/WindowsException'{0x0000000709b38658}> (0x0000000709b38658) 
thrown [s\open\src\hotspot\share\prims\jni.cpp, line 516]
Event: 10.642 Thread 0x000002686ec68470 Exception <a 'sun/nio/fs/WindowsException'{0x0000000709b4c6e8}> (0x0000000709b4c6e8) 
thrown [s\open\src\hotspot\share\prims\jni.cpp, line 516]
Event: 10.677 Thread 0x000002686ec68470 Exception <a 'sun/nio/fs/WindowsException'{0x0000000709b67ac0}> (0x0000000709b67ac0) 
thrown [s\open\src\hotspot\share\prims\jni.cpp, line 516]
Event: 10.699 Thread 0x000002686ec68470 Exception <a 'sun/nio/fs/WindowsException'{0x0000000709943530}> (0x0000000709943530) 
thrown [s\open\src\hotspot\share\prims\jni.cpp, line 516]
Event: 11.080 Thread 0x000002686ec68470 Exception <a 'java/lang/NoSuchMethodError'{0x0000000708a77320}: 'java.lang.String org.apache.maven.execution.MavenExecutionRequest.getFailureBehavior()'> (0x0000000708a77320) 
thrown [s\open\src\hotspot\share\interpreter\linkResolver.cpp, line 855]

VM Operations (20 events):
Event: 8.896 Executing VM operation: G1CollectForAllocation
Event: 8.904 Executing VM operation: G1CollectForAllocation done
Event: 9.354 Executing VM operation: ICBufferFull
Event: 9.354 Executing VM operation: ICBufferFull done
Event: 10.032 Executing VM operation: ICBufferFull
Event: 10.032 Executing VM operation: ICBufferFull done
Event: 10.511 Executing VM operation: ICBufferFull
Event: 10.512 Executing VM operation: ICBufferFull done
Event: 10.582 Executing VM operation: G1CollectForAllocation
Event: 10.593 Executing VM operation: G1CollectForAllocation done
Event: 10.836 Executing VM operation: HandshakeAllThreads
Event: 10.836 Executing VM operation: HandshakeAllThreads done
Event: 10.854 Executing VM operation: HandshakeAllThreads
Event: 10.854 Executing VM operation: HandshakeAllThreads done
Event: 11.001 Executing VM operation: HandshakeAllThreads
Event: 11.001 Executing VM operation: HandshakeAllThreads done
Event: 11.106 Executing VM operation: ICBufferFull
Event: 11.106 Executing VM operation: ICBufferFull done
Event: 11.201 Executing VM operation: HandshakeAllThreads
Event: 11.201 Executing VM operation: HandshakeAllThreads done

Events (20 events):
Event: 11.088 loading class java/lang/constant/MethodHandleDesc$1
Event: 11.088 loading class java/lang/constant/MethodHandleDesc$1 done
Event: 11.088 loading class java/lang/constant/DirectMethodHandleDescImpl
Event: 11.088 loading class java/lang/constant/DirectMethodHandleDesc
Event: 11.088 loading class java/lang/constant/DirectMethodHandleDesc done
Event: 11.088 loading class java/lang/constant/DirectMethodHandleDescImpl done
Event: 11.088 loading class java/lang/constant/DirectMethodHandleDescImpl$1
Event: 11.088 loading class java/lang/constant/DirectMethodHandleDescImpl$1 done
Event: 11.088 loading class java/lang/constant/DirectMethodHandleDesc$1
Event: 11.088 loading class java/lang/constant/DirectMethodHandleDesc$1 done
Event: 11.088 loading class java/lang/constant/PrimitiveClassDescImpl
Event: 11.088 loading class java/lang/constant/DynamicConstantDesc
Event: 11.089 loading class java/lang/constant/DynamicConstantDesc done
Event: 11.089 loading class java/lang/constant/PrimitiveClassDescImpl done
Event: 11.089 loading class java/lang/constant/DynamicConstantDesc$AnonymousDynamicConstantDesc
Event: 11.089 loading class java/lang/constant/DynamicConstantDesc$AnonymousDynamicConstantDesc done
Event: 11.097 loading class java/nio/charset/CharacterCodingException
Event: 11.097 loading class java/nio/charset/CharacterCodingException done
Event: 11.230 loading class java/util/zip/GZIPInputStream
Event: 11.230 loading class java/util/zip/GZIPInputStream done


Dynamic libraries:
0x00007ff6cda20000 - 0x00007ff6cda30000 	C:\Program Files\Java\jdk-17.0.4.1\bin\java.exe
0x00007fffd5530000 - 0x00007fffd5728000 	C:\Windows\SYSTEM32\ntdll.dll
0x00007fffd5430000 - 0x00007fffd54ef000 	C:\Windows\System32\KERNEL32.DLL
0x00007fffd2c30000 - 0x00007fffd2f02000 	C:\Windows\System32\KERNELBASE.dll
0x00007fffd32e0000 - 0x00007fffd33e0000 	C:\Windows\System32\ucrtbase.dll
0x00007fffbba70000 - 0x00007fffbba8a000 	C:\Program Files\Java\jdk-17.0.4.1\bin\VCRUNTIME140.dll
0x00007fffbbb60000 - 0x00007fffbbb78000 	C:\Program Files\Java\jdk-17.0.4.1\bin\jli.dll
0x00007fffd3780000 - 0x00007fffd382e000 	C:\Windows\System32\ADVAPI32.dll
0x00007fffd4100000 - 0x00007fffd419e000 	C:\Windows\System32\msvcrt.dll
0x00007fffd3580000 - 0x00007fffd361c000 	C:\Windows\System32\sechost.dll
0x00007fffd3620000 - 0x00007fffd3745000 	C:\Windows\System32\RPCRT4.dll
0x00007fffd4490000 - 0x00007fffd462d000 	C:\Windows\System32\USER32.dll
0x00007fffd30f0000 - 0x00007fffd3112000 	C:\Windows\System32\win32u.dll
0x00007fffd3750000 - 0x00007fffd377b000 	C:\Windows\System32\GDI32.dll
0x00007fffbb7d0000 - 0x00007fffbba6a000 	C:\Windows\WinSxS\amd64_microsoft.windows.common-controls_6595b64144ccf1df_6.0.19041.1110_none_60b5254171f9507e\COMCTL32.dll
0x00007fffd3120000 - 0x00007fffd322f000 	C:\Windows\System32\gdi32full.dll
0x00007fffd3470000 - 0x00007fffd350d000 	C:\Windows\System32\msvcp_win.dll
0x00007fffca040000 - 0x00007fffca04a000 	C:\Windows\SYSTEM32\VERSION.dll
0x00007fffbbb50000 - 0x00007fffbbb5c000 	C:\Program Files\Java\jdk-17.0.4.1\bin\vcruntime140_1.dll
0x00007fffbb570000 - 0x00007fffbb5fd000 	C:\Program Files\Java\jdk-17.0.4.1\bin\msvcp140.dll
0x00007fffba980000 - 0x00007fffbb542000 	C:\Program Files\Java\jdk-17.0.4.1\bin\server\jvm.dll
0x00007fffd5310000 - 0x00007fffd5318000 	C:\Windows\System32\PSAPI.DLL
0x00007fffba830000 - 0x00007fffba839000 	C:\Windows\SYSTEM32\WSOCK32.dll
0x00007fffc7fb0000 - 0x00007fffc7fd7000 	C:\Windows\SYSTEM32\WINMM.dll
0x00007fffd3c70000 - 0x00007fffd3cdb000 	C:\Windows\System32\WS2_32.dll
0x00007fffd0a00000 - 0x00007fffd0a12000 	C:\Windows\SYSTEM32\kernel.appcore.dll
0x00007fffba4e0000 - 0x00007fffba4ea000 	C:\Program Files\Java\jdk-17.0.4.1\bin\jimage.dll
0x00007fffcd210000 - 0x00007fffcd3f4000 	C:\Windows\SYSTEM32\DBGHELP.DLL
0x00007fffcd1e0000 - 0x00007fffcd20c000 	C:\Windows\SYSTEM32\dbgcore.DLL
0x00007fffd33e0000 - 0x00007fffd3462000 	C:\Windows\System32\bcryptPrimitives.dll
0x00007fffba250000 - 0x00007fffba275000 	C:\Program Files\Java\jdk-17.0.4.1\bin\java.dll
0x00007fffb97d0000 - 0x00007fffb98a6000 	C:\Program Files\Java\jdk-17.0.4.1\bin\jsvml.dll
0x00007fffd4630000 - 0x00007fffd4d73000 	C:\Windows\System32\SHELL32.dll
0x00007fffd0c00000 - 0x00007fffd1392000 	C:\Windows\SYSTEM32\windows.storage.dll
0x00007fffd3830000 - 0x00007fffd3b84000 	C:\Windows\System32\combase.dll
0x00007fffd25b0000 - 0x00007fffd25e0000 	C:\Windows\SYSTEM32\Wldp.dll
0x00007fffd5380000 - 0x00007fffd542d000 	C:\Windows\System32\SHCORE.dll
0x00007fffd4420000 - 0x00007fffd4475000 	C:\Windows\System32\shlwapi.dll
0x00007fffd2b70000 - 0x00007fffd2b8f000 	C:\Windows\SYSTEM32\profapi.dll
0x00007fffb9690000 - 0x00007fffb96a9000 	C:\Program Files\Java\jdk-17.0.4.1\bin\net.dll
0x00007fffd1bb0000 - 0x00007fffd1cbc000 	C:\Windows\SYSTEM32\WINHTTP.dll
0x00007fffd2310000 - 0x00007fffd237a000 	C:\Windows\system32\mswsock.dll
0x00007fffb9620000 - 0x00007fffb9636000 	C:\Program Files\Java\jdk-17.0.4.1\bin\nio.dll
0x00007fffb9600000 - 0x00007fffb9618000 	C:\Program Files\Java\jdk-17.0.4.1\bin\zip.dll
0x0000000069ac0000 - 0x0000000069ae4000 	C:\ProgramData\Jenkins\.jenkins\tools\hudson.tasks.Maven_MavenInstallation\MAVEN_HOME\lib\jansi-native\Windows\x86_64\jansi.dll
0x00007fffb8b00000 - 0x00007fffb8b10000 	C:\Program Files\Java\jdk-17.0.4.1\bin\verify.dll

dbghelp: loaded successfully - version: 4.0.5 - missing functions: none
symbol engine: initialized successfully - sym options: 0x614 - pdb path: .;C:\Program Files\Java\jdk-17.0.4.1\bin;C:\Windows\SYSTEM32;C:\Windows\WinSxS\amd64_microsoft.windows.common-controls_6595b64144ccf1df_6.0.19041.1110_none_60b5254171f9507e;C:\Program Files\Java\jdk-17.0.4.1\bin\server;C:\ProgramData\Jenkins\.jenkins\tools\hudson.tasks.Maven_MavenInstallation\MAVEN_HOME\lib\jansi-native\Windows\x86_64

VM Arguments:
jvm_args: -Dclassworlds.conf=C:\ProgramData\Jenkins\.jenkins\tools\hudson.tasks.Maven_MavenInstallation\MAVEN_HOME\bin\m2.conf -Dmaven.home=C:\ProgramData\Jenkins\.jenkins\tools\hudson.tasks.Maven_MavenInstallation\MAVEN_HOME -Dlibrary.jansi.path=C:\ProgramData\Jenkins\.jenkins\tools\hudson.tasks.Maven_MavenInstallation\MAVEN_HOME\lib\jansi-native -Dmaven.multiModuleProjectDirectory=C:\Gopi\HomeRiver_Leasing 
java_command: org.codehaus.plexus.classworlds.launcher.Launcher clean install
java_class_path (initial): C:\ProgramData\Jenkins\.jenkins\tools\hudson.tasks.Maven_MavenInstallation\MAVEN_HOME\boot\plexus-classworlds-2.6.0.jar
Launcher Type: SUN_STANDARD

[Global flags]
     intx CICompilerCount                          = 3                                         {product} {ergonomic}
     uint ConcGCThreads                            = 1                                         {product} {ergonomic}
     uint G1ConcRefinementThreads                  = 4                                         {product} {ergonomic}
   size_t G1HeapRegionSize                         = 2097152                                   {product} {ergonomic}
    uintx GCDrainStackTargetSize                   = 64                                        {product} {ergonomic}
   size_t InitialHeapSize                          = 268435456                                 {product} {ergonomic}
   size_t MarkStackSize                            = 4194304                                   {product} {ergonomic}
   size_t MaxHeapSize                              = 4282384384                                {product} {ergonomic}
   size_t MaxNewSize                               = 2569011200                                {product} {ergonomic}
   size_t MinHeapDeltaBytes                        = 2097152                                   {product} {ergonomic}
   size_t MinHeapSize                              = 8388608                                   {product} {ergonomic}
    uintx NonNMethodCodeHeapSize                   = 5832780                                {pd product} {ergonomic}
    uintx NonProfiledCodeHeapSize                  = 122912730                              {pd product} {ergonomic}
    uintx ProfiledCodeHeapSize                     = 122912730                              {pd product} {ergonomic}
    uintx ReservedCodeCacheSize                    = 251658240                              {pd product} {ergonomic}
     bool SegmentedCodeCache                       = true                                      {product} {ergonomic}
   size_t SoftMaxHeapSize                          = 4282384384                             {manageable} {ergonomic}
     bool UseCompressedClassPointers               = true                           {product lp64_product} {ergonomic}
     bool UseCompressedOops                        = true                           {product lp64_product} {ergonomic}
     bool UseG1GC                                  = true                                      {product} {ergonomic}
     bool UseLargePagesIndividualAllocation        = false                                  {pd product} {ergonomic}

Logging:
Log output configuration:
 #0: stdout all=warning uptime,level,tags
 #1: stderr all=off uptime,level,tags

Environment Variables:
JAVA_HOME=C:\Program Files\Java\jdk-17.0.4.1
PATH=C:\ProgramData\Jenkins\.jenkins\tools\hudson.tasks.Maven_MavenInstallation\MAVEN_HOME/bin;C:\Program Files\Java\jdk-17.0.4.1/bin;C:\Program Files\Java\jdk-17.0.4.1/bin;C:\Program Files\Common Files\Oracle\Java\javapath;C:\Windows\system32;C:\Windows;C:\Windows\System32\Wbem;C:\Windows\System32\WindowsPowerShell\v1.0\;C:\Windows\System32\OpenSSH\;C:\Program Files\dotnet\;C:\Program Files (x86)\Microsoft SQL Server\150\DTS\Binn\;C:\Program Files\Azure Data Studio\bin;C:\Program Files\Java\jdk-19\bin;C:\Program Files\Microsoft SQL Server\Client SDK\ODBC\170\Tools\Binn\;D:\Automation Files\apache-maven-3.8.6\bin;C:\Gopi\Apache Maven\apache-maven-3.8.6\bin;C:\Program Files\Git\cmd;C:\Windows\system32\config\systemprofile\AppData\Local\Microsoft\WindowsApps
USERNAME=HRG-CORP-BEERIM$
OS=Windows_NT
PROCESSOR_IDENTIFIER=AMD64 Family 25 Model 1 Stepping 1, AuthenticAMD



---------------  S Y S T E M  ---------------

OS:
 Windows 10 , 64 bit Build 19041 (10.0.19041.2251)
OS uptime: 3 days 7:33 hours
Hyper-V virtualization detected

CPU: total 4 (initial active 4) (4 cores per cpu, 2 threads per core) family 25 model 1 stepping 1 microcode 0x0, cx8, cmov, fxsr, ht, mmx, 3dnowpref, sse, sse2, sse3, ssse3, sse4a, sse4.1, sse4.2, popcnt, lzcnt, tsc, avx, avx2, aes, clmul, bmi1, bmi2, adx, sha, fma, vzeroupper, clflush, clflushopt, hv

Memory: 4k page, system-wide physical 16332M (2807M free)
TotalPageFile size 17738M (AvailPageFile size 5M)
current process WorkingSet (physical memory assigned to process): 260M, peak: 285M
current process commit charge ("private bytes"): 312M, peak: 407M

vm_info: Java HotSpot(TM) 64-Bit Server VM (17.0.4.1+1-LTS-2) for windows-amd64 JRE (17.0.4.1+1-LTS-2), built on Aug 16 2022 18:32:06 by "mach5one" with MS VC++ 16.8 / 16.9 (VS2019)

END.
