#
# There is insufficient memory for the Java Runtime Environment to continue.
# Native memory allocation (malloc) failed to allocate 1024416 bytes for Chunk::new
# Possible reasons:
#   The system is out of physical RAM or swap space
#   The process is running with CompressedOops enabled, and the Java Heap may be blocking the growth of the native heap
# Possible solutions:
#   Reduce memory load on the system
#   Increase physical memory or swap space
#   Check if swap backing store is full
#   Decrease Java heap size (-Xmx/-Xms)
#   Decrease number of Java threads
#   Decrease Java thread stack sizes (-Xss)
#   Set larger code cache with -XX:ReservedCodeCacheSize=
#   JVM is running with Zero Based Compressed Oops mode in which the Java heap is
#     placed in the first 32GB address space. The Java Heap base address is the
#     maximum limit for the native heap growth. Please use -XX:HeapBaseMinAddress
#     to set the Java Heap base and to place the Java Heap above 32GB virtual address.
# This output file may be truncated or incomplete.
#
#  Out of Memory Error (arena.cpp:189), pid=16932, tid=16652
#
# JRE version: Java(TM) SE Runtime Environment (17.0.4.1+1) (build 17.0.4.1+1-LTS-2)
# Java VM: Java HotSpot(TM) 64-Bit Server VM (17.0.4.1+1-LTS-2, mixed mode, sharing, tiered, compressed oops, compressed class ptrs, g1 gc, windows-amd64)
# No core dump will be written. Minidumps are not enabled by default on client versions of Windows
#

---------------  S U M M A R Y ------------

Command Line: -Dclassworlds.conf=C:\ProgramData\Jenkins\.jenkins\tools\hudson.tasks.Maven_MavenInstallation\MAVEN_HOME\bin\m2.conf -Dmaven.home=C:\ProgramData\Jenkins\.jenkins\tools\hudson.tasks.Maven_MavenInstallation\MAVEN_HOME -Dlibrary.jansi.path=C:\ProgramData\Jenkins\.jenkins\tools\hudson.tasks.Maven_MavenInstallation\MAVEN_HOME\lib\jansi-native -Dmaven.multiModuleProjectDirectory=C:\Gopi\HomeRiver_Leasing org.codehaus.plexus.classworlds.launcher.Launcher clean install

Host: AMD EPYC 7763 64-Core Processor                , 4 cores, 15G,  Windows 10 , 64 bit Build 19041 (10.0.19041.2251)
Time: Mon Dec 12 02:23:23 2022 Eastern Standard Time elapsed time: 20.396024 seconds (0d 0h 0m 20s)

---------------  T H R E A D  ---------------

Current thread (0x0000025727ce4c60):  JavaThread "C2 CompilerThread0" daemon [_thread_in_native, id=16652, stack(0x000000d493000000,0x000000d493100000)]


Current CompileTask:
C2:  20396 8997   !   4       org.apache.maven.plugins.shade.DefaultShader::shadeJarEntry (427 bytes)

Stack: [0x000000d493000000,0x000000d493100000]
Native frames: (J=compiled Java code, j=interpreted, Vv=VM code, C=native code)
V  [jvm.dll+0x6723ba]
V  [jvm.dll+0x7d1e34]
V  [jvm.dll+0x7d35de]
V  [jvm.dll+0x7d3c43]
V  [jvm.dll+0x243065]
V  [jvm.dll+0xaa57b]
V  [jvm.dll+0xaab0c]
V  [jvm.dll+0x2a9dcf]
V  [jvm.dll+0x57a7f7]
V  [jvm.dll+0x21e342]
V  [jvm.dll+0x21e71f]
V  [jvm.dll+0x217ff5]
V  [jvm.dll+0x2154bb]
V  [jvm.dll+0x1a1fcd]
V  [jvm.dll+0x224e08]
V  [jvm.dll+0x222f75]
V  [jvm.dll+0x787a0b]
V  [jvm.dll+0x781fca]
V  [jvm.dll+0x671245]
C  [ucrtbase.dll+0x21bb2]
C  [KERNEL32.DLL+0x174b4]
C  [ntdll.dll+0x526a1]


---------------  P R O C E S S  ---------------

Threads class SMR info:
_java_thread_list=0x000002572ca3e630, length=12, elements={
0x00000257057ba310, 0x0000025727cbf670, 0x0000025727cc0620, 0x0000025727cd5580,
0x0000025727cd8040, 0x0000025727cd8e00, 0x0000025727cdb230, 0x0000025727ce4c60,
0x0000025727cefb40, 0x0000025727d02130, 0x00000257289172e0, 0x0000025728918fc0
}

Java Threads: ( => current thread )
  0x00000257057ba310 JavaThread "main" [_thread_in_native, id=19152, stack(0x000000d492300000,0x000000d492400000)]
  0x0000025727cbf670 JavaThread "Reference Handler" daemon [_thread_blocked, id=10320, stack(0x000000d492a00000,0x000000d492b00000)]
  0x0000025727cc0620 JavaThread "Finalizer" daemon [_thread_blocked, id=14636, stack(0x000000d492b00000,0x000000d492c00000)]
  0x0000025727cd5580 JavaThread "Signal Dispatcher" daemon [_thread_blocked, id=18408, stack(0x000000d492c00000,0x000000d492d00000)]
  0x0000025727cd8040 JavaThread "Attach Listener" daemon [_thread_blocked, id=9060, stack(0x000000d492d00000,0x000000d492e00000)]
  0x0000025727cd8e00 JavaThread "Service Thread" daemon [_thread_blocked, id=16552, stack(0x000000d492e00000,0x000000d492f00000)]
  0x0000025727cdb230 JavaThread "Monitor Deflation Thread" daemon [_thread_blocked, id=20400, stack(0x000000d492f00000,0x000000d493000000)]
=>0x0000025727ce4c60 JavaThread "C2 CompilerThread0" daemon [_thread_in_native, id=16652, stack(0x000000d493000000,0x000000d493100000)]
  0x0000025727cefb40 JavaThread "C1 CompilerThread0" daemon [_thread_blocked, id=16560, stack(0x000000d493100000,0x000000d493200000)]
  0x0000025727d02130 JavaThread "Sweeper thread" daemon [_thread_blocked, id=18960, stack(0x000000d493200000,0x000000d493300000)]
  0x00000257289172e0 JavaThread "Notification Thread" daemon [_thread_blocked, id=18860, stack(0x000000d493300000,0x000000d493400000)]
  0x0000025728918fc0 JavaThread "Common-Cleaner" daemon [_thread_blocked, id=13956, stack(0x000000d493500000,0x000000d493600000)]

Other Threads:
  0x0000025727cb91b0 VMThread "VM Thread" [stack: 0x000000d492900000,0x000000d492a00000] [id=18404]
  0x000002572891eb00 WatcherThread [stack: 0x000000d493400000,0x000000d493500000] [id=16772]
  0x0000025705827e90 GCTaskThread "GC Thread#0" [stack: 0x000000d492400000,0x000000d492500000] [id=20180]
  0x0000025729058880 GCTaskThread "GC Thread#1" [stack: 0x000000d493600000,0x000000d493700000] [id=14092]
  0x0000025728e73f40 GCTaskThread "GC Thread#2" [stack: 0x000000d493700000,0x000000d493800000] [id=12256]
  0x0000025728ebd240 GCTaskThread "GC Thread#3" [stack: 0x000000d493800000,0x000000d493900000] [id=18820]
  0x0000025705838d10 ConcurrentGCThread "G1 Main Marker" [stack: 0x000000d492500000,0x000000d492600000] [id=6728]
  0x0000025705839ec0 ConcurrentGCThread "G1 Conc#0" [stack: 0x000000d492600000,0x000000d492700000] [id=14340]
  0x0000025727b720c0 ConcurrentGCThread "G1 Refine#0" [stack: 0x000000d492700000,0x000000d492800000] [id=16916]
  0x0000025729539400 ConcurrentGCThread "G1 Refine#1" [stack: 0x000000d493a00000,0x000000d493b00000] [id=2284]
  0x000002572c004be0 ConcurrentGCThread "G1 Refine#2" [stack: 0x000000d493b00000,0x000000d493c00000] [id=19200]
  0x000002572c005760 ConcurrentGCThread "G1 Refine#3" [stack: 0x000000d493900000,0x000000d493a00000] [id=19424]
  0x0000025727b72ae0 ConcurrentGCThread "G1 Service" [stack: 0x000000d492800000,0x000000d492900000] [id=17964]

Threads with active compile tasks:
C2 CompilerThread0    20414 8997   !   4       org.apache.maven.plugins.shade.DefaultShader::shadeJarEntry (427 bytes)

VM state: not at safepoint (normal execution)

VM Mutex/Monitor currently owned by a thread: None

Heap address: 0x0000000700c00000, size: 4084 MB, Compressed Oops mode: Zero based, Oop shift amount: 3

CDS archive(s) mapped at: [0x0000000800000000-0x0000000800bc0000-0x0000000800bc0000), size 12320768, SharedBaseAddress: 0x0000000800000000, ArchiveRelocationMode: 0.
Compressed class space mapped at: 0x0000000800c00000-0x0000000840c00000, reserved size: 1073741824
Narrow klass base: 0x0000000800000000, Narrow klass shift: 0, Narrow klass range: 0x100000000

GC Precious Log:
 CPUs: 4 total, 4 available
 Memory: 16332M
 Large Page Support: Disabled
 NUMA Support: Disabled
 Compressed Oops: Enabled (Zero based)
 Heap Region Size: 2M
 Heap Min Capacity: 8M
 Heap Initial Capacity: 256M
 Heap Max Capacity: 4084M
 Pre-touch: Disabled
 Parallel Workers: 4
 Concurrent Workers: 1
 Concurrent Refinement Workers: 4
 Periodic GC: Disabled

Heap:
 garbage-first heap   total 151552K, used 111174K [0x0000000700c00000, 0x0000000800000000)
  region size 2048K, 29 young (59392K), 3 survivors (6144K)
 Metaspace       used 30869K, committed 31232K, reserved 1081344K
  class space    used 3325K, committed 3456K, reserved 1048576K

Heap Regions: E=young(eden), S=young(survivor), O=old, HS=humongous(starts), HC=humongous(continues), CS=collection set, F=free, OA=open archive, CA=closed archive, TAMS=top-at-mark-start (previous, next)
|   0|0x0000000700c00000, 0x0000000700e00000, 0x0000000700e00000|100%| O|  |TAMS 0x0000000700e00000, 0x0000000700c00000| Untracked 
|   1|0x0000000700e00000, 0x0000000701000000, 0x0000000701000000|100%| O|  |TAMS 0x0000000700e00000, 0x0000000700e00000| Untracked 
|   2|0x0000000701000000, 0x0000000701200000, 0x0000000701200000|100%| O|  |TAMS 0x0000000701000000, 0x0000000701000000| Untracked 
|   3|0x0000000701200000, 0x0000000701400000, 0x0000000701400000|100%| O|  |TAMS 0x0000000701200000, 0x0000000701200000| Untracked 
|   4|0x0000000701400000, 0x0000000701600000, 0x0000000701600000|100%| O|  |TAMS 0x0000000701400000, 0x0000000701400000| Untracked 
|   5|0x0000000701600000, 0x0000000701800000, 0x0000000701800000|100%| O|  |TAMS 0x0000000701600000, 0x0000000701600000| Untracked 
|   6|0x0000000701800000, 0x0000000701a00000, 0x0000000701a00000|100%| O|  |TAMS 0x0000000701800000, 0x0000000701800000| Untracked 
|   7|0x0000000701a00000, 0x0000000701c00000, 0x0000000701c00000|100%| O|  |TAMS 0x0000000701a00000, 0x0000000701a00000| Untracked 
|   8|0x0000000701c00000, 0x0000000701e00000, 0x0000000701e00000|100%| O|  |TAMS 0x0000000701c00000, 0x0000000701c00000| Untracked 
|   9|0x0000000701e00000, 0x0000000702000000, 0x0000000702000000|100%| O|  |TAMS 0x0000000701e00000, 0x0000000701e00000| Untracked 
|  10|0x0000000702000000, 0x0000000702200000, 0x0000000702200000|100%| O|  |TAMS 0x0000000702000000, 0x0000000702000000| Untracked 
|  11|0x0000000702200000, 0x0000000702400000, 0x0000000702400000|100%| O|  |TAMS 0x0000000702200000, 0x0000000702200000| Untracked 
|  12|0x0000000702400000, 0x0000000702600000, 0x0000000702600000|100%| O|  |TAMS 0x0000000702400000, 0x0000000702400000| Untracked 
|  13|0x0000000702600000, 0x0000000702800000, 0x0000000702800000|100%| O|  |TAMS 0x0000000702600000, 0x0000000702600000| Untracked 
|  14|0x0000000702800000, 0x0000000702a00000, 0x0000000702a00000|100%| O|  |TAMS 0x0000000702800000, 0x0000000702800000| Untracked 
|  15|0x0000000702a00000, 0x0000000702c00000, 0x0000000702c00000|100%| O|  |TAMS 0x0000000702a00000, 0x0000000702a00000| Untracked 
|  16|0x0000000702c00000, 0x0000000702e00000, 0x0000000702e00000|100%| O|  |TAMS 0x0000000702c00000, 0x0000000702c00000| Untracked 
|  17|0x0000000702e00000, 0x0000000703000000, 0x0000000703000000|100%| O|  |TAMS 0x0000000702e00000, 0x0000000702e00000| Untracked 
|  18|0x0000000703000000, 0x0000000703200000, 0x0000000703200000|100%| O|  |TAMS 0x0000000703000000, 0x0000000703000000| Untracked 
|  19|0x0000000703200000, 0x0000000703400000, 0x0000000703400000|100%| O|  |TAMS 0x0000000703200000, 0x0000000703200000| Untracked 
|  20|0x0000000703400000, 0x0000000703600000, 0x0000000703600000|100%| O|  |TAMS 0x0000000703400000, 0x0000000703400000| Untracked 
|  21|0x0000000703600000, 0x0000000703800000, 0x0000000703800000|100%| O|  |TAMS 0x0000000703600000, 0x0000000703600000| Untracked 
|  22|0x0000000703800000, 0x0000000703a00000, 0x0000000703a00000|100%| O|  |TAMS 0x0000000703800000, 0x0000000703800000| Untracked 
|  23|0x0000000703a00000, 0x0000000703c00000, 0x0000000703c00000|100%| O|  |TAMS 0x0000000703a00000, 0x0000000703a00000| Untracked 
|  24|0x0000000703c00000, 0x0000000703e00000, 0x0000000703e00000|100%| O|  |TAMS 0x0000000703c00000, 0x0000000703c00000| Untracked 
|  25|0x0000000703e00000, 0x0000000704000000, 0x0000000704000000|100%| O|  |TAMS 0x0000000703e00000, 0x0000000703e00000| Untracked 
|  26|0x0000000704000000, 0x0000000704091800, 0x0000000704200000| 28%| O|  |TAMS 0x0000000704000000, 0x0000000704000000| Untracked 
|  27|0x0000000704200000, 0x0000000704200000, 0x0000000704400000|  0%| F|  |TAMS 0x0000000704200000, 0x0000000704200000| Untracked 
|  28|0x0000000704400000, 0x0000000704400000, 0x0000000704600000|  0%| F|  |TAMS 0x0000000704400000, 0x0000000704400000| Untracked 
|  29|0x0000000704600000, 0x0000000704600000, 0x0000000704800000|  0%| F|  |TAMS 0x0000000704600000, 0x0000000704600000| Untracked 
|  30|0x0000000704800000, 0x0000000704800000, 0x0000000704a00000|  0%| F|  |TAMS 0x0000000704800000, 0x0000000704800000| Untracked 
|  31|0x0000000704a00000, 0x0000000704a00000, 0x0000000704c00000|  0%| F|  |TAMS 0x0000000704a00000, 0x0000000704a00000| Untracked 
|  32|0x0000000704c00000, 0x0000000704c00000, 0x0000000704e00000|  0%| F|  |TAMS 0x0000000704c00000, 0x0000000704c00000| Untracked 
|  33|0x0000000704e00000, 0x0000000704e00000, 0x0000000705000000|  0%| F|  |TAMS 0x0000000704e00000, 0x0000000704e00000| Untracked 
|  34|0x0000000705000000, 0x0000000705000000, 0x0000000705200000|  0%| F|  |TAMS 0x0000000705000000, 0x0000000705000000| Untracked 
|  35|0x0000000705200000, 0x0000000705200000, 0x0000000705400000|  0%| F|  |TAMS 0x0000000705200000, 0x0000000705200000| Untracked 
|  36|0x0000000705400000, 0x0000000705400000, 0x0000000705600000|  0%| F|  |TAMS 0x0000000705400000, 0x0000000705400000| Untracked 
|  37|0x0000000705600000, 0x0000000705600000, 0x0000000705800000|  0%| F|  |TAMS 0x0000000705600000, 0x0000000705600000| Untracked 
|  38|0x0000000705800000, 0x0000000705800000, 0x0000000705a00000|  0%| F|  |TAMS 0x0000000705800000, 0x0000000705800000| Untracked 
|  39|0x0000000705a00000, 0x0000000705a00000, 0x0000000705c00000|  0%| F|  |TAMS 0x0000000705a00000, 0x0000000705a00000| Untracked 
|  40|0x0000000705c00000, 0x0000000705e00000, 0x0000000705e00000|100%| S|CS|TAMS 0x0000000705c00000, 0x0000000705c00000| Complete 
|  41|0x0000000705e00000, 0x0000000706000000, 0x0000000706000000|100%| S|CS|TAMS 0x0000000705e00000, 0x0000000705e00000| Complete 
|  42|0x0000000706000000, 0x0000000706200000, 0x0000000706200000|100%| S|CS|TAMS 0x0000000706000000, 0x0000000706000000| Complete 
|  43|0x0000000706200000, 0x0000000706200000, 0x0000000706400000|  0%| F|  |TAMS 0x0000000706200000, 0x0000000706200000| Untracked 
|  44|0x0000000706400000, 0x0000000706400000, 0x0000000706600000|  0%| F|  |TAMS 0x0000000706400000, 0x0000000706400000| Untracked 
|  45|0x0000000706600000, 0x0000000706600000, 0x0000000706800000|  0%| F|  |TAMS 0x0000000706600000, 0x0000000706600000| Untracked 
|  46|0x0000000706800000, 0x0000000706800000, 0x0000000706a00000|  0%| F|  |TAMS 0x0000000706800000, 0x0000000706800000| Untracked 
|  47|0x0000000706a00000, 0x0000000706a00000, 0x0000000706c00000|  0%| F|  |TAMS 0x0000000706a00000, 0x0000000706a00000| Untracked 
|  48|0x0000000706c00000, 0x0000000706d03d90, 0x0000000706e00000| 50%| E|  |TAMS 0x0000000706c00000, 0x0000000706c00000| Complete 
|  49|0x0000000706e00000, 0x0000000707000000, 0x0000000707000000|100%| E|CS|TAMS 0x0000000706e00000, 0x0000000706e00000| Complete 
|  50|0x0000000707000000, 0x0000000707200000, 0x0000000707200000|100%| E|CS|TAMS 0x0000000707000000, 0x0000000707000000| Complete 
|  51|0x0000000707200000, 0x0000000707400000, 0x0000000707400000|100%| E|CS|TAMS 0x0000000707200000, 0x0000000707200000| Complete 
|  52|0x0000000707400000, 0x0000000707600000, 0x0000000707600000|100%| E|CS|TAMS 0x0000000707400000, 0x0000000707400000| Complete 
|  53|0x0000000707600000, 0x0000000707800000, 0x0000000707800000|100%| E|CS|TAMS 0x0000000707600000, 0x0000000707600000| Complete 
|  54|0x0000000707800000, 0x0000000707a00000, 0x0000000707a00000|100%| E|CS|TAMS 0x0000000707800000, 0x0000000707800000| Complete 
|  55|0x0000000707a00000, 0x0000000707c00000, 0x0000000707c00000|100%| E|CS|TAMS 0x0000000707a00000, 0x0000000707a00000| Complete 
|  56|0x0000000707c00000, 0x0000000707e00000, 0x0000000707e00000|100%| E|CS|TAMS 0x0000000707c00000, 0x0000000707c00000| Complete 
|  57|0x0000000707e00000, 0x0000000708000000, 0x0000000708000000|100%| E|CS|TAMS 0x0000000707e00000, 0x0000000707e00000| Complete 
|  58|0x0000000708000000, 0x0000000708200000, 0x0000000708200000|100%| E|CS|TAMS 0x0000000708000000, 0x0000000708000000| Complete 
|  59|0x0000000708200000, 0x0000000708400000, 0x0000000708400000|100%| E|CS|TAMS 0x0000000708200000, 0x0000000708200000| Complete 
|  60|0x0000000708400000, 0x0000000708600000, 0x0000000708600000|100%| E|CS|TAMS 0x0000000708400000, 0x0000000708400000| Complete 
|  61|0x0000000708600000, 0x0000000708800000, 0x0000000708800000|100%| E|CS|TAMS 0x0000000708600000, 0x0000000708600000| Complete 
|  62|0x0000000708800000, 0x0000000708a00000, 0x0000000708a00000|100%| E|CS|TAMS 0x0000000708800000, 0x0000000708800000| Complete 
|  63|0x0000000708a00000, 0x0000000708c00000, 0x0000000708c00000|100%| E|CS|TAMS 0x0000000708a00000, 0x0000000708a00000| Complete 
|  64|0x0000000708c00000, 0x0000000708e00000, 0x0000000708e00000|100%| E|CS|TAMS 0x0000000708c00000, 0x0000000708c00000| Complete 
|  65|0x0000000708e00000, 0x0000000709000000, 0x0000000709000000|100%| E|CS|TAMS 0x0000000708e00000, 0x0000000708e00000| Complete 
|  66|0x0000000709000000, 0x0000000709200000, 0x0000000709200000|100%| E|CS|TAMS 0x0000000709000000, 0x0000000709000000| Complete 
|  67|0x0000000709200000, 0x0000000709400000, 0x0000000709400000|100%| E|CS|TAMS 0x0000000709200000, 0x0000000709200000| Complete 
|  68|0x0000000709400000, 0x0000000709600000, 0x0000000709600000|100%| E|CS|TAMS 0x0000000709400000, 0x0000000709400000| Complete 
|  69|0x0000000709600000, 0x0000000709800000, 0x0000000709800000|100%| E|CS|TAMS 0x0000000709600000, 0x0000000709600000| Complete 
|  70|0x0000000709800000, 0x0000000709a00000, 0x0000000709a00000|100%| E|CS|TAMS 0x0000000709800000, 0x0000000709800000| Complete 
|  71|0x0000000709a00000, 0x0000000709c00000, 0x0000000709c00000|100%| E|CS|TAMS 0x0000000709a00000, 0x0000000709a00000| Complete 
|  72|0x0000000709c00000, 0x0000000709e00000, 0x0000000709e00000|100%| E|CS|TAMS 0x0000000709c00000, 0x0000000709c00000| Complete 
| 127|0x0000000710a00000, 0x0000000710c00000, 0x0000000710c00000|100%| E|CS|TAMS 0x0000000710a00000, 0x0000000710a00000| Complete 

Card table byte_map: [0x000002571c840000,0x000002571d040000] _byte_map_base: 0x000002571903a000

Marking Bits (Prev, Next): (CMBitMap*) 0x00000257058284e0, (CMBitMap*) 0x00000257058284a0
 Prev Bits: [0x0000025721810000, 0x00000257257e0000)
 Next Bits: [0x000002571d840000, 0x0000025721810000)

Polling page: 0x0000025704940000

Metaspace:

Usage:
  Non-class:     26.90 MB used.
      Class:      3.25 MB used.
       Both:     30.15 MB used.

Virtual space:
  Non-class space:       32.00 MB reserved,      27.12 MB ( 85%) committed,  4 nodes.
      Class space:        1.00 GB reserved,       3.38 MB ( <1%) committed,  1 nodes.
             Both:        1.03 GB reserved,      30.50 MB (  3%) committed. 

Chunk freelists:
   Non-Class:  928.00 KB
       Class:  525.00 KB
        Both:  1.42 MB

MaxMetaspaceSize: unlimited
CompressedClassSpaceSize: 1.00 GB
Initial GC threshold: 21.00 MB
Current GC threshold: 35.25 MB
CDS: on
MetaspaceReclaimPolicy: balanced
 - commit_granule_bytes: 65536.
 - commit_granule_words: 8192.
 - virtual_space_node_default_size: 1048576.
 - enlarge_chunks_in_place: 1.
 - new_chunks_are_fully_committed: 0.
 - uncommit_free_chunks: 1.
 - use_allocation_guard: 0.
 - handle_deallocations: 1.


Internal statistics:

num_allocs_failed_limit: 3.
num_arena_births: 198.
num_arena_deaths: 0.
num_vsnodes_births: 5.
num_vsnodes_deaths: 0.
num_space_committed: 488.
num_space_uncommitted: 0.
num_chunks_returned_to_freelist: 3.
num_chunks_taken_from_freelist: 1272.
num_chunk_merges: 3.
num_chunk_splits: 918.
num_chunks_enlarged: 721.
num_purges: 0.
num_inconsistent_stats: 0.

CodeHeap 'non-profiled nmethods': size=120000Kb used=5675Kb max_used=5675Kb free=114324Kb
 bounds [0x0000025714b10000, 0x00000257150a0000, 0x000002571c040000]
CodeHeap 'profiled nmethods': size=120000Kb used=15837Kb max_used=15851Kb free=104162Kb
 bounds [0x000002570d5e0000, 0x000002570e570000, 0x0000025714b10000]
CodeHeap 'non-nmethods': size=5760Kb used=1214Kb max_used=1267Kb free=4545Kb
 bounds [0x000002570d040000, 0x000002570d2b0000, 0x000002570d5e0000]
 total_blobs=7912 nmethods=7393 adapters=431
 compilation: enabled
              stopped_count=0, restarted_count=0
 full_count=0

Compilation events (20 events):
Event: 18.706 Thread 0x0000025727cefb40 nmethod 8987 0x000002570d9f8e90 code [0x000002570d9f9060, 0x000002570d9f9308]
Event: 18.707 Thread 0x0000025727cefb40 8988   !   3       org.apache.maven.plugins.shade.DefaultShader::addResource (126 bytes)
Event: 18.708 Thread 0x0000025727cefb40 nmethod 8988 0x000002570e55ee10 code [0x000002570e55f140, 0x000002570e560a58]
Event: 18.785 Thread 0x0000025727ce4c60 8989       4       org.apache.maven.plugins.shade.DefaultShader$DefaultPackageMapper::map (206 bytes)
Event: 18.815 Thread 0x0000025727ce4c60 nmethod 8989 0x0000025715098f10 code [0x0000025715099120, 0x000002571509a058]
Event: 19.463 Thread 0x0000025727cefb40 8990       3       java.time.LocalDateTime::ofEpochSecond (77 bytes)
Event: 19.464 Thread 0x0000025727cefb40 nmethod 8990 0x000002570e351f10 code [0x000002570e352140, 0x000002570e352878]
Event: 19.468 Thread 0x0000025727cefb40 8991       3       java.util.zip.ZipEntry::setTime (77 bytes)
Event: 19.469 Thread 0x0000025727cefb40 nmethod 8991 0x000002570de49c90 code [0x000002570de49f20, 0x000002570de4aa58]
Event: 19.469 Thread 0x0000025727cefb40 8992       3       java.util.zip.ZipUtils::javaToExtendedDosTime (33 bytes)
Event: 19.469 Thread 0x0000025727cefb40 nmethod 8992 0x000002570d65ba10 code [0x000002570d65bc60, 0x000002570d65c588]
Event: 19.469 Thread 0x0000025727cefb40 8993       3       java.time.LocalDateTime::ofInstant (38 bytes)
Event: 19.469 Thread 0x0000025727cefb40 nmethod 8993 0x000002570d6a9b10 code [0x000002570d6a9d20, 0x000002570d6aa248]
Event: 19.472 Thread 0x0000025727cefb40 8994       3       java.time.zone.ZoneRules::findYear (211 bytes)
Event: 19.473 Thread 0x0000025727cefb40 nmethod 8994 0x000002570e3cd490 code [0x000002570e3cd660, 0x000002570e3cdd08]
Event: 19.530 Thread 0x0000025727ce4c60 8995       4       java.time.LocalTime::ofNanoOfDay (68 bytes)
Event: 19.532 Thread 0x0000025727ce4c60 nmethod 8995 0x000002571509a990 code [0x000002571509ab20, 0x000002571509ad58]
Event: 20.012 Thread 0x0000025727cefb40 8996       3       java.io.File::toString (5 bytes)
Event: 20.012 Thread 0x0000025727cefb40 nmethod 8996 0x000002570e322990 code [0x000002570e322b20, 0x000002570e322c38]
Event: 20.243 Thread 0x0000025727ce4c60 8997   !   4       org.apache.maven.plugins.shade.DefaultShader::shadeJarEntry (427 bytes)

GC Heap History (20 events):
Event: 8.356 GC heap before
{Heap before GC invocations=8 (full 0):
 garbage-first heap   total 151552K, used 96962K [0x0000000700c00000, 0x0000000800000000)
  region size 2048K, 33 young (67584K), 2 survivors (4096K)
 Metaspace       used 25329K, committed 25600K, reserved 1073152K
  class space    used 2768K, committed 2880K, reserved 1048576K
}
Event: 8.370 GC heap after
{Heap after GC invocations=9 (full 0):
 garbage-first heap   total 151552K, used 42738K [0x0000000700c00000, 0x0000000800000000)
  region size 2048K, 5 young (10240K), 5 survivors (10240K)
 Metaspace       used 25329K, committed 25600K, reserved 1073152K
  class space    used 2768K, committed 2880K, reserved 1048576K
}
Event: 10.406 GC heap before
{Heap before GC invocations=9 (full 0):
 garbage-first heap   total 151552K, used 102130K [0x0000000700c00000, 0x0000000800000000)
  region size 2048K, 34 young (69632K), 5 survivors (10240K)
 Metaspace       used 26196K, committed 26432K, reserved 1073152K
  class space    used 2840K, committed 2944K, reserved 1048576K
}
Event: 10.419 GC heap after
{Heap after GC invocations=10 (full 0):
 garbage-first heap   total 151552K, used 44749K [0x0000000700c00000, 0x0000000800000000)
  region size 2048K, 1 young (2048K), 1 survivors (2048K)
 Metaspace       used 26196K, committed 26432K, reserved 1073152K
  class space    used 2840K, committed 2944K, reserved 1048576K
}
Event: 12.282 GC heap before
{Heap before GC invocations=10 (full 0):
 garbage-first heap   total 151552K, used 106189K [0x0000000700c00000, 0x0000000800000000)
  region size 2048K, 31 young (63488K), 1 survivors (2048K)
 Metaspace       used 28142K, committed 28480K, reserved 1081344K
  class space    used 3067K, committed 3200K, reserved 1048576K
}
Event: 12.288 GC heap after
{Heap after GC invocations=11 (full 0):
 garbage-first heap   total 151552K, used 46880K [0x0000000700c00000, 0x0000000800000000)
  region size 2048K, 2 young (4096K), 2 survivors (4096K)
 Metaspace       used 28142K, committed 28480K, reserved 1081344K
  class space    used 3067K, committed 3200K, reserved 1048576K
}
Event: 13.388 GC heap before
{Heap before GC invocations=11 (full 0):
 garbage-first heap   total 151552K, used 110368K [0x0000000700c00000, 0x0000000800000000)
  region size 2048K, 33 young (67584K), 2 survivors (4096K)
 Metaspace       used 30770K, committed 31104K, reserved 1081344K
  class space    used 3325K, committed 3456K, reserved 1048576K
}
Event: 13.396 GC heap after
{Heap after GC invocations=12 (full 0):
 garbage-first heap   total 151552K, used 48988K [0x0000000700c00000, 0x0000000800000000)
  region size 2048K, 3 young (6144K), 3 survivors (6144K)
 Metaspace       used 30770K, committed 31104K, reserved 1081344K
  class space    used 3325K, committed 3456K, reserved 1048576K
}
Event: 14.368 GC heap before
{Heap before GC invocations=12 (full 0):
 garbage-first heap   total 151552K, used 114524K [0x0000000700c00000, 0x0000000800000000)
  region size 2048K, 35 young (71680K), 3 survivors (6144K)
 Metaspace       used 30862K, committed 31232K, reserved 1081344K
  class space    used 3325K, committed 3456K, reserved 1048576K
}
Event: 14.379 GC heap after
{Heap after GC invocations=13 (full 0):
 garbage-first heap   total 151552K, used 53356K [0x0000000700c00000, 0x0000000800000000)
  region size 2048K, 5 young (10240K), 5 survivors (10240K)
 Metaspace       used 30862K, committed 31232K, reserved 1081344K
  class space    used 3325K, committed 3456K, reserved 1048576K
}
Event: 15.630 GC heap before
{Heap before GC invocations=13 (full 0):
 garbage-first heap   total 151552K, used 114796K [0x0000000700c00000, 0x0000000800000000)
  region size 2048K, 35 young (71680K), 5 survivors (10240K)
 Metaspace       used 30864K, committed 31232K, reserved 1081344K
  class space    used 3325K, committed 3456K, reserved 1048576K
}
Event: 15.637 GC heap after
{Heap after GC invocations=14 (full 0):
 garbage-first heap   total 151552K, used 52424K [0x0000000700c00000, 0x0000000800000000)
  region size 2048K, 2 young (4096K), 2 survivors (4096K)
 Metaspace       used 30864K, committed 31232K, reserved 1081344K
  class space    used 3325K, committed 3456K, reserved 1048576K
}
Event: 16.562 GC heap before
{Heap before GC invocations=14 (full 0):
 garbage-first heap   total 151552K, used 117960K [0x0000000700c00000, 0x0000000800000000)
  region size 2048K, 34 young (69632K), 2 survivors (4096K)
 Metaspace       used 30865K, committed 31232K, reserved 1081344K
  class space    used 3325K, committed 3456K, reserved 1048576K
}
Event: 16.566 GC heap after
{Heap after GC invocations=15 (full 0):
 garbage-first heap   total 151552K, used 54385K [0x0000000700c00000, 0x0000000800000000)
  region size 2048K, 3 young (6144K), 3 survivors (6144K)
 Metaspace       used 30865K, committed 31232K, reserved 1081344K
  class space    used 3325K, committed 3456K, reserved 1048576K
}
Event: 17.502 GC heap before
{Heap before GC invocations=15 (full 0):
 garbage-first heap   total 151552K, used 119921K [0x0000000700c00000, 0x0000000800000000)
  region size 2048K, 35 young (71680K), 3 survivors (6144K)
 Metaspace       used 30865K, committed 31232K, reserved 1081344K
  class space    used 3325K, committed 3456K, reserved 1048576K
}
Event: 17.508 GC heap after
{Heap after GC invocations=16 (full 0):
 garbage-first heap   total 151552K, used 55992K [0x0000000700c00000, 0x0000000800000000)
  region size 2048K, 4 young (8192K), 4 survivors (8192K)
 Metaspace       used 30865K, committed 31232K, reserved 1081344K
  class space    used 3325K, committed 3456K, reserved 1048576K
}
Event: 18.345 GC heap before
{Heap before GC invocations=16 (full 0):
 garbage-first heap   total 151552K, used 121528K [0x0000000700c00000, 0x0000000800000000)
  region size 2048K, 36 young (73728K), 4 survivors (8192K)
 Metaspace       used 30867K, committed 31232K, reserved 1081344K
  class space    used 3325K, committed 3456K, reserved 1048576K
}
Event: 18.352 GC heap after
{Heap after GC invocations=17 (full 0):
 garbage-first heap   total 151552K, used 58344K [0x0000000700c00000, 0x0000000800000000)
  region size 2048K, 4 young (8192K), 4 survivors (8192K)
 Metaspace       used 30867K, committed 31232K, reserved 1081344K
  class space    used 3325K, committed 3456K, reserved 1048576K
}
Event: 19.447 GC heap before
{Heap before GC invocations=17 (full 0):
 garbage-first heap   total 151552K, used 121832K [0x0000000700c00000, 0x0000000800000000)
  region size 2048K, 35 young (71680K), 4 survivors (8192K)
 Metaspace       used 30869K, committed 31232K, reserved 1081344K
  class space    used 3325K, committed 3456K, reserved 1048576K
}
Event: 19.454 GC heap after
{Heap after GC invocations=18 (full 0):
 garbage-first heap   total 151552K, used 59974K [0x0000000700c00000, 0x0000000800000000)
  region size 2048K, 3 young (6144K), 3 survivors (6144K)
 Metaspace       used 30869K, committed 31232K, reserved 1081344K
  class space    used 3325K, committed 3456K, reserved 1048576K
}

Deoptimization events (20 events):
Event: 19.447 Thread 0x00000257057ba310 Uncommon trap: trap_request=0xffffff45 fr.pc=0x000002571509008c relative=0x000000000000168c
Event: 19.447 Thread 0x00000257057ba310 Uncommon trap: reason=unstable_if action=reinterpret pc=0x000002571509008c method=java.time.zone.ZoneRules.findYear(JLjava/time/ZoneOffset;)I @ 125 c2
Event: 19.447 Thread 0x00000257057ba310 DEOPT PACKING pc=0x000002571509008c sp=0x000000d4923fdb20
Event: 19.447 Thread 0x00000257057ba310 DEOPT UNPACKING pc=0x000002570d0923a3 sp=0x000000d4923fd870 mode 2
Event: 19.447 Thread 0x00000257057ba310 Uncommon trap: trap_request=0xffffff45 fr.pc=0x0000025715053ec4 relative=0x0000000000000704
Event: 19.447 Thread 0x00000257057ba310 Uncommon trap: reason=unstable_if action=reinterpret pc=0x0000025715053ec4 method=java.time.LocalDate.ofEpochDay(J)Ljava/time/LocalDate; @ 108 c2
Event: 19.447 Thread 0x00000257057ba310 DEOPT PACKING pc=0x0000025715053ec4 sp=0x000000d4923fd9a0
Event: 19.447 Thread 0x00000257057ba310 DEOPT UNPACKING pc=0x000002570d0923a3 sp=0x000000d4923fd858 mode 2
Event: 19.447 Thread 0x00000257057ba310 Uncommon trap: trap_request=0xffffff45 fr.pc=0x00000257150936a4 relative=0x0000000000001524
Event: 19.447 Thread 0x00000257057ba310 Uncommon trap: reason=unstable_if action=reinterpret pc=0x00000257150936a4 method=java.time.zone.ZoneRules.findYear(JLjava/time/ZoneOffset;)I @ 125 c2
Event: 19.447 Thread 0x00000257057ba310 DEOPT PACKING pc=0x00000257150936a4 sp=0x000000d4923fdb90
Event: 19.447 Thread 0x00000257057ba310 DEOPT UNPACKING pc=0x000002570d0923a3 sp=0x000000d4923fd950 mode 2
Event: 19.447 Thread 0x00000257057ba310 Uncommon trap: trap_request=0xffffff45 fr.pc=0x00000257150968bc relative=0x00000000000011dc
Event: 19.447 Thread 0x00000257057ba310 Uncommon trap: reason=unstable_if action=reinterpret pc=0x00000257150968bc method=java.time.zone.ZoneRules.findYear(JLjava/time/ZoneOffset;)I @ 125 c2
Event: 19.447 Thread 0x00000257057ba310 DEOPT PACKING pc=0x00000257150968bc sp=0x000000d4923fdab0
Event: 19.447 Thread 0x00000257057ba310 DEOPT UNPACKING pc=0x000002570d0923a3 sp=0x000000d4923fd920 mode 2
Event: 19.447 Thread 0x00000257057ba310 Uncommon trap: trap_request=0xffffff45 fr.pc=0x000002571508e194 relative=0x00000000000001f4
Event: 19.447 Thread 0x00000257057ba310 Uncommon trap: reason=unstable_if action=reinterpret pc=0x000002571508e194 method=java.time.zone.ZoneRules.findYear(JLjava/time/ZoneOffset;)I @ 125 c2
Event: 19.447 Thread 0x00000257057ba310 DEOPT PACKING pc=0x000002571508e194 sp=0x000000d4923fd9e0
Event: 19.447 Thread 0x00000257057ba310 DEOPT UNPACKING pc=0x000002570d0923a3 sp=0x000000d4923fd910 mode 2

Classes unloaded (0 events):
No events

Classes redefined (0 events):
No events

Internal exceptions (20 events):
Event: 10.729 Thread 0x00000257057ba310 Exception <a 'sun/nio/fs/WindowsException'{0x000000070956fa98}> (0x000000070956fa98) 
thrown [s\open\src\hotspot\share\prims\jni.cpp, line 516]
Event: 10.735 Thread 0x00000257057ba310 Exception <a 'sun/nio/fs/WindowsException'{0x00000007095a1328}> (0x00000007095a1328) 
thrown [s\open\src\hotspot\share\prims\jni.cpp, line 516]
Event: 10.740 Thread 0x00000257057ba310 Exception <a 'sun/nio/fs/WindowsException'{0x00000007095b4fa8}> (0x00000007095b4fa8) 
thrown [s\open\src\hotspot\share\prims\jni.cpp, line 516]
Event: 10.785 Thread 0x00000257057ba310 Exception <a 'sun/nio/fs/WindowsException'{0x00000007090d5ce8}> (0x00000007090d5ce8) 
thrown [s\open\src\hotspot\share\prims\jni.cpp, line 516]
Event: 10.854 Thread 0x00000257057ba310 Exception <a 'sun/nio/fs/WindowsException'{0x0000000708f429c8}> (0x0000000708f429c8) 
thrown [s\open\src\hotspot\share\prims\jni.cpp, line 516]
Event: 10.882 Thread 0x00000257057ba310 Exception <a 'sun/nio/fs/WindowsException'{0x0000000708fcecd8}> (0x0000000708fcecd8) 
thrown [s\open\src\hotspot\share\prims\jni.cpp, line 516]
Event: 10.918 Thread 0x00000257057ba310 Exception <a 'sun/nio/fs/WindowsException'{0x0000000708fe3288}> (0x0000000708fe3288) 
thrown [s\open\src\hotspot\share\prims\jni.cpp, line 516]
Event: 10.924 Thread 0x00000257057ba310 Exception <a 'sun/nio/fs/WindowsException'{0x0000000708fe9b48}> (0x0000000708fe9b48) 
thrown [s\open\src\hotspot\share\prims\jni.cpp, line 516]
Event: 10.927 Thread 0x00000257057ba310 Exception <a 'sun/nio/fs/WindowsException'{0x0000000708fefc38}> (0x0000000708fefc38) 
thrown [s\open\src\hotspot\share\prims\jni.cpp, line 516]
Event: 10.941 Thread 0x00000257057ba310 Exception <a 'sun/nio/fs/WindowsException'{0x0000000708c90c00}> (0x0000000708c90c00) 
thrown [s\open\src\hotspot\share\prims\jni.cpp, line 516]
Event: 10.988 Thread 0x00000257057ba310 Exception <a 'sun/nio/fs/WindowsException'{0x0000000708a6d7b8}> (0x0000000708a6d7b8) 
thrown [s\open\src\hotspot\share\prims\jni.cpp, line 516]
Event: 11.016 Thread 0x00000257057ba310 Exception <a 'sun/nio/fs/WindowsException'{0x0000000708b55f80}> (0x0000000708b55f80) 
thrown [s\open\src\hotspot\share\prims\jni.cpp, line 516]
Event: 11.027 Thread 0x00000257057ba310 Exception <a 'sun/nio/fs/WindowsException'{0x0000000708bab008}> (0x0000000708bab008) 
thrown [s\open\src\hotspot\share\prims\jni.cpp, line 516]
Event: 11.060 Thread 0x00000257057ba310 Exception <a 'sun/nio/fs/WindowsException'{0x000000070865c090}> (0x000000070865c090) 
thrown [s\open\src\hotspot\share\prims\jni.cpp, line 516]
Event: 11.096 Thread 0x00000257057ba310 Exception <a 'sun/nio/fs/WindowsException'{0x0000000708509c08}> (0x0000000708509c08) 
thrown [s\open\src\hotspot\share\prims\jni.cpp, line 516]
Event: 11.113 Thread 0x00000257057ba310 Exception <a 'sun/nio/fs/WindowsException'{0x000000070851dec0}> (0x000000070851dec0) 
thrown [s\open\src\hotspot\share\prims\jni.cpp, line 516]
Event: 11.131 Thread 0x00000257057ba310 Exception <a 'sun/nio/fs/WindowsException'{0x0000000708539358}> (0x0000000708539358) 
thrown [s\open\src\hotspot\share\prims\jni.cpp, line 516]
Event: 11.156 Thread 0x00000257057ba310 Exception <a 'sun/nio/fs/WindowsException'{0x0000000708313278}> (0x0000000708313278) 
thrown [s\open\src\hotspot\share\prims\jni.cpp, line 516]
Event: 11.315 Thread 0x00000257057ba310 Implicit null exception at 0x0000025714cbf92c to 0x0000025714cc073c
Event: 11.499 Thread 0x00000257057ba310 Exception <a 'java/lang/NoSuchMethodError'{0x00000007074082d0}: 'java.lang.String org.apache.maven.execution.MavenExecutionRequest.getFailureBehavior()'> (0x00000007074082d0) 
thrown [s\open\src\hotspot\share\interpreter\linkResolver.cpp, line 855]

VM Operations (20 events):
Event: 13.388 Executing VM operation: G1CollectForAllocation
Event: 13.396 Executing VM operation: G1CollectForAllocation done
Event: 14.368 Executing VM operation: G1CollectForAllocation
Event: 14.379 Executing VM operation: G1CollectForAllocation done
Event: 15.387 Executing VM operation: Cleanup
Event: 15.387 Executing VM operation: Cleanup done
Event: 15.516 Executing VM operation: HandshakeAllThreads
Event: 15.516 Executing VM operation: HandshakeAllThreads done
Event: 15.630 Executing VM operation: G1CollectForAllocation
Event: 15.637 Executing VM operation: G1CollectForAllocation done
Event: 16.562 Executing VM operation: G1CollectForAllocation
Event: 16.566 Executing VM operation: G1CollectForAllocation done
Event: 17.502 Executing VM operation: G1CollectForAllocation
Event: 17.508 Executing VM operation: G1CollectForAllocation done
Event: 18.345 Executing VM operation: G1CollectForAllocation
Event: 18.352 Executing VM operation: G1CollectForAllocation done
Event: 19.363 Executing VM operation: Cleanup
Event: 19.363 Executing VM operation: Cleanup done
Event: 19.447 Executing VM operation: G1CollectForAllocation
Event: 19.454 Executing VM operation: G1CollectForAllocation done

Events (20 events):
Event: 13.003 loading class java/util/zip/ZipOutputStream$XEntry done
Event: 13.915 loading class sun/security/util/ManifestEntryVerifier$SunProviderHolder
Event: 13.915 loading class sun/security/util/ManifestEntryVerifier$SunProviderHolder done
Event: 14.362 Thread 0x00000257290bac90 Thread exited: 0x00000257290bac90
Event: 15.519 Thread 0x0000025727d02130 flushing nmethod 0x000002570d65ba10
Event: 15.520 Thread 0x0000025727d02130 flushing nmethod 0x000002570d6a9590
Event: 15.521 Thread 0x0000025727d02130 flushing nmethod 0x000002570d82ca10
Event: 15.522 Thread 0x0000025727d02130 flushing nmethod 0x000002570d9f8790
Event: 15.525 Thread 0x0000025727d02130 flushing nmethod 0x000002570de49990
Event: 15.527 Thread 0x0000025727d02130 flushing nmethod 0x000002570e117910
Event: 15.527 Thread 0x0000025727d02130 flushing nmethod 0x000002570e141190
Event: 15.527 Thread 0x0000025727d02130 flushing nmethod 0x000002570e153310
Event: 15.527 Thread 0x0000025727d02130 flushing nmethod 0x000002570e156c90
Event: 15.527 Thread 0x0000025727d02130 flushing nmethod 0x000002570e1aff90
Event: 15.527 Thread 0x0000025727d02130 flushing nmethod 0x000002570e1b1310
Event: 15.528 Thread 0x0000025727d02130 flushing nmethod 0x000002570e234490
Event: 15.528 Thread 0x0000025727d02130 flushing nmethod 0x000002570e29d090
Event: 15.529 Thread 0x0000025727d02130 flushing nmethod 0x000002570e351f10
Event: 15.529 Thread 0x0000025727d02130 flushing nmethod 0x000002570e3cc810
Event: 15.530 Thread 0x0000025727d02130 flushing nmethod 0x000002570e50ff90


Dynamic libraries:
0x00007ff6cda20000 - 0x00007ff6cda30000 	C:\Program Files\Java\jdk-17.0.4.1\bin\java.exe
0x00007fffd5530000 - 0x00007fffd5728000 	C:\Windows\SYSTEM32\ntdll.dll
0x00007fffd5430000 - 0x00007fffd54ef000 	C:\Windows\System32\KERNEL32.DLL
0x00007fffd2c30000 - 0x00007fffd2f02000 	C:\Windows\System32\KERNELBASE.dll
0x00007fffd32e0000 - 0x00007fffd33e0000 	C:\Windows\System32\ucrtbase.dll
0x00007fffbba70000 - 0x00007fffbba8a000 	C:\Program Files\Java\jdk-17.0.4.1\bin\VCRUNTIME140.dll
0x00007fffbbb60000 - 0x00007fffbbb78000 	C:\Program Files\Java\jdk-17.0.4.1\bin\jli.dll
0x00007fffd3780000 - 0x00007fffd382e000 	C:\Windows\System32\ADVAPI32.dll
0x00007fffd4100000 - 0x00007fffd419e000 	C:\Windows\System32\msvcrt.dll
0x00007fffd3580000 - 0x00007fffd361c000 	C:\Windows\System32\sechost.dll
0x00007fffd3620000 - 0x00007fffd3745000 	C:\Windows\System32\RPCRT4.dll
0x00007fffd4490000 - 0x00007fffd462d000 	C:\Windows\System32\USER32.dll
0x00007fffbb7d0000 - 0x00007fffbba6a000 	C:\Windows\WinSxS\amd64_microsoft.windows.common-controls_6595b64144ccf1df_6.0.19041.1110_none_60b5254171f9507e\COMCTL32.dll
0x00007fffd30f0000 - 0x00007fffd3112000 	C:\Windows\System32\win32u.dll
0x00007fffd3750000 - 0x00007fffd377b000 	C:\Windows\System32\GDI32.dll
0x00007fffd3120000 - 0x00007fffd322f000 	C:\Windows\System32\gdi32full.dll
0x00007fffd3470000 - 0x00007fffd350d000 	C:\Windows\System32\msvcp_win.dll
0x00007fffca040000 - 0x00007fffca04a000 	C:\Windows\SYSTEM32\VERSION.dll
0x00007fffbbb50000 - 0x00007fffbbb5c000 	C:\Program Files\Java\jdk-17.0.4.1\bin\vcruntime140_1.dll
0x00007fffbb570000 - 0x00007fffbb5fd000 	C:\Program Files\Java\jdk-17.0.4.1\bin\msvcp140.dll
0x00007fffba980000 - 0x00007fffbb542000 	C:\Program Files\Java\jdk-17.0.4.1\bin\server\jvm.dll
0x00007fffd5310000 - 0x00007fffd5318000 	C:\Windows\System32\PSAPI.DLL
0x00007fffba830000 - 0x00007fffba839000 	C:\Windows\SYSTEM32\WSOCK32.dll
0x00007fffc7fb0000 - 0x00007fffc7fd7000 	C:\Windows\SYSTEM32\WINMM.dll
0x00007fffd3c70000 - 0x00007fffd3cdb000 	C:\Windows\System32\WS2_32.dll
0x00007fffd0a00000 - 0x00007fffd0a12000 	C:\Windows\SYSTEM32\kernel.appcore.dll
0x00007fffba4e0000 - 0x00007fffba4ea000 	C:\Program Files\Java\jdk-17.0.4.1\bin\jimage.dll
0x00007fffcd210000 - 0x00007fffcd3f4000 	C:\Windows\SYSTEM32\DBGHELP.DLL
0x00007fffcd1e0000 - 0x00007fffcd20c000 	C:\Windows\SYSTEM32\dbgcore.DLL
0x00007fffd33e0000 - 0x00007fffd3462000 	C:\Windows\System32\bcryptPrimitives.dll
0x00007fffba250000 - 0x00007fffba275000 	C:\Program Files\Java\jdk-17.0.4.1\bin\java.dll
0x00007fffb97d0000 - 0x00007fffb98a6000 	C:\Program Files\Java\jdk-17.0.4.1\bin\jsvml.dll
0x00007fffd4630000 - 0x00007fffd4d73000 	C:\Windows\System32\SHELL32.dll
0x00007fffd0c00000 - 0x00007fffd1392000 	C:\Windows\SYSTEM32\windows.storage.dll
0x00007fffd3830000 - 0x00007fffd3b84000 	C:\Windows\System32\combase.dll
0x00007fffd25b0000 - 0x00007fffd25e0000 	C:\Windows\SYSTEM32\Wldp.dll
0x00007fffd5380000 - 0x00007fffd542d000 	C:\Windows\System32\SHCORE.dll
0x00007fffd4420000 - 0x00007fffd4475000 	C:\Windows\System32\shlwapi.dll
0x00007fffd2b70000 - 0x00007fffd2b8f000 	C:\Windows\SYSTEM32\profapi.dll
0x00007fffb9690000 - 0x00007fffb96a9000 	C:\Program Files\Java\jdk-17.0.4.1\bin\net.dll
0x00007fffd1bb0000 - 0x00007fffd1cbc000 	C:\Windows\SYSTEM32\WINHTTP.dll
0x00007fffd2310000 - 0x00007fffd237a000 	C:\Windows\system32\mswsock.dll
0x00007fffb9620000 - 0x00007fffb9636000 	C:\Program Files\Java\jdk-17.0.4.1\bin\nio.dll
0x00007fffb9600000 - 0x00007fffb9618000 	C:\Program Files\Java\jdk-17.0.4.1\bin\zip.dll
0x0000000069ac0000 - 0x0000000069ae4000 	C:\ProgramData\Jenkins\.jenkins\tools\hudson.tasks.Maven_MavenInstallation\MAVEN_HOME\lib\jansi-native\Windows\x86_64\jansi.dll
0x00007fffb8b00000 - 0x00007fffb8b10000 	C:\Program Files\Java\jdk-17.0.4.1\bin\verify.dll

dbghelp: loaded successfully - version: 4.0.5 - missing functions: none
symbol engine: initialized successfully - sym options: 0x614 - pdb path: .;C:\Program Files\Java\jdk-17.0.4.1\bin;C:\Windows\SYSTEM32;C:\Windows\WinSxS\amd64_microsoft.windows.common-controls_6595b64144ccf1df_6.0.19041.1110_none_60b5254171f9507e;C:\Program Files\Java\jdk-17.0.4.1\bin\server;C:\ProgramData\Jenkins\.jenkins\tools\hudson.tasks.Maven_MavenInstallation\MAVEN_HOME\lib\jansi-native\Windows\x86_64

VM Arguments:
jvm_args: -Dclassworlds.conf=C:\ProgramData\Jenkins\.jenkins\tools\hudson.tasks.Maven_MavenInstallation\MAVEN_HOME\bin\m2.conf -Dmaven.home=C:\ProgramData\Jenkins\.jenkins\tools\hudson.tasks.Maven_MavenInstallation\MAVEN_HOME -Dlibrary.jansi.path=C:\ProgramData\Jenkins\.jenkins\tools\hudson.tasks.Maven_MavenInstallation\MAVEN_HOME\lib\jansi-native -Dmaven.multiModuleProjectDirectory=C:\Gopi\HomeRiver_Leasing 
java_command: org.codehaus.plexus.classworlds.launcher.Launcher clean install
java_class_path (initial): C:\ProgramData\Jenkins\.jenkins\tools\hudson.tasks.Maven_MavenInstallation\MAVEN_HOME\boot\plexus-classworlds-2.6.0.jar
Launcher Type: SUN_STANDARD

[Global flags]
     intx CICompilerCount                          = 3                                         {product} {ergonomic}
     uint ConcGCThreads                            = 1                                         {product} {ergonomic}
     uint G1ConcRefinementThreads                  = 4                                         {product} {ergonomic}
   size_t G1HeapRegionSize                         = 2097152                                   {product} {ergonomic}
    uintx GCDrainStackTargetSize                   = 64                                        {product} {ergonomic}
   size_t InitialHeapSize                          = 268435456                                 {product} {ergonomic}
   size_t MarkStackSize                            = 4194304                                   {product} {ergonomic}
   size_t MaxHeapSize                              = 4282384384                                {product} {ergonomic}
   size_t MaxNewSize                               = 2569011200                                {product} {ergonomic}
   size_t MinHeapDeltaBytes                        = 2097152                                   {product} {ergonomic}
   size_t MinHeapSize                              = 8388608                                   {product} {ergonomic}
    uintx NonNMethodCodeHeapSize                   = 5832780                                {pd product} {ergonomic}
    uintx NonProfiledCodeHeapSize                  = 122912730                              {pd product} {ergonomic}
    uintx ProfiledCodeHeapSize                     = 122912730                              {pd product} {ergonomic}
    uintx ReservedCodeCacheSize                    = 251658240                              {pd product} {ergonomic}
     bool SegmentedCodeCache                       = true                                      {product} {ergonomic}
   size_t SoftMaxHeapSize                          = 4282384384                             {manageable} {ergonomic}
     bool UseCompressedClassPointers               = true                           {product lp64_product} {ergonomic}
     bool UseCompressedOops                        = true                           {product lp64_product} {ergonomic}
     bool UseG1GC                                  = true                                      {product} {ergonomic}
     bool UseLargePagesIndividualAllocation        = false                                  {pd product} {ergonomic}

Logging:
Log output configuration:
 #0: stdout all=warning uptime,level,tags
 #1: stderr all=off uptime,level,tags

Environment Variables:
JAVA_HOME=C:\Program Files\Java\jdk-17.0.4.1
PATH=C:\ProgramData\Jenkins\.jenkins\tools\hudson.tasks.Maven_MavenInstallation\MAVEN_HOME/bin;C:\Program Files\Java\jdk-17.0.4.1/bin;C:\Program Files\Java\jdk-17.0.4.1/bin;C:\Program Files\Common Files\Oracle\Java\javapath;C:\Windows\system32;C:\Windows;C:\Windows\System32\Wbem;C:\Windows\System32\WindowsPowerShell\v1.0\;C:\Windows\System32\OpenSSH\;C:\Program Files\dotnet\;C:\Program Files (x86)\Microsoft SQL Server\150\DTS\Binn\;C:\Program Files\Azure Data Studio\bin;C:\Program Files\Java\jdk-19\bin;C:\Program Files\Microsoft SQL Server\Client SDK\ODBC\170\Tools\Binn\;D:\Automation Files\apache-maven-3.8.6\bin;C:\Gopi\Apache Maven\apache-maven-3.8.6\bin;C:\Program Files\Git\cmd;C:\Windows\system32\config\systemprofile\AppData\Local\Microsoft\WindowsApps
USERNAME=HRG-CORP-BEERIM$
OS=Windows_NT
PROCESSOR_IDENTIFIER=AMD64 Family 25 Model 1 Stepping 1, AuthenticAMD



---------------  S Y S T E M  ---------------

OS:
 Windows 10 , 64 bit Build 19041 (10.0.19041.2251)
OS uptime: 3 days 7:22 hours
Hyper-V virtualization detected

CPU: total 4 (initial active 4) (4 cores per cpu, 2 threads per core) family 25 model 1 stepping 1 microcode 0x0, cx8, cmov, fxsr, ht, mmx, 3dnowpref, sse, sse2, sse3, ssse3, sse4a, sse4.1, sse4.2, popcnt, lzcnt, tsc, avx, avx2, aes, clmul, bmi1, bmi2, adx, sha, fma, vzeroupper, clflush, clflushopt, hv

Memory: 4k page, system-wide physical 16332M (2800M free)
TotalPageFile size 17738M (AvailPageFile size 5M)
current process WorkingSet (physical memory assigned to process): 263M, peak: 288M
current process commit charge ("private bytes"): 305M, peak: 406M

vm_info: Java HotSpot(TM) 64-Bit Server VM (17.0.4.1+1-LTS-2) for windows-amd64 JRE (17.0.4.1+1-LTS-2), built on Aug 16 2022 18:32:06 by "mach5one" with MS VC++ 16.8 / 16.9 (VS2019)

END.
