#
# There is insufficient memory for the Java Runtime Environment to continue.
# Native memory allocation (malloc) failed to allocate 230224 bytes for Chunk::new
# Possible reasons:
#   The system is out of physical RAM or swap space
#   The process is running with CompressedOops enabled, and the Java Heap may be blocking the growth of the native heap
# Possible solutions:
#   Reduce memory load on the system
#   Increase physical memory or swap space
#   Check if swap backing store is full
#   Decrease Java heap size (-Xmx/-Xms)
#   Decrease number of Java threads
#   Decrease Java thread stack sizes (-Xss)
#   Set larger code cache with -XX:ReservedCodeCacheSize=
#   JVM is running with Zero Based Compressed Oops mode in which the Java heap is
#     placed in the first 32GB address space. The Java Heap base address is the
#     maximum limit for the native heap growth. Please use -XX:HeapBaseMinAddress
#     to set the Java Heap base and to place the Java Heap above 32GB virtual address.
# This output file may be truncated or incomplete.
#
#  Out of Memory Error (arena.cpp:189), pid=19944, tid=15416
#
# JRE version: Java(TM) SE Runtime Environment (17.0.4.1+1) (build 17.0.4.1+1-LTS-2)
# Java VM: Java HotSpot(TM) 64-Bit Server VM (17.0.4.1+1-LTS-2, mixed mode, sharing, tiered, compressed oops, compressed class ptrs, g1 gc, windows-amd64)
# No core dump will be written. Minidumps are not enabled by default on client versions of Windows
#

---------------  S U M M A R Y ------------

Command Line: target\HomeRiver_Leasing-0.0.1-SNAPSHOT.jar

Host: AMD EPYC 7763 64-Core Processor                , 4 cores, 15G,  Windows 10 , 64 bit Build 19041 (10.0.19041.2251)
Time: Mon Dec 12 02:27:05 2022 Eastern Standard Time elapsed time: 0.585669 seconds (0d 0h 0m 0s)

---------------  T H R E A D  ---------------

Current thread (0x00000261cb724f80):  JavaThread "C2 CompilerThread0" daemon [_thread_in_native, id=15416, stack(0x000000ac64e00000,0x000000ac64f00000)]


Current CompileTask:
C2:    585  745       4       java.util.HashMap::putVal (300 bytes)

Stack: [0x000000ac64e00000,0x000000ac64f00000]
Native frames: (J=compiled Java code, j=interpreted, Vv=VM code, C=native code)
V  [jvm.dll+0x6723ba]
V  [jvm.dll+0x7d1e34]
V  [jvm.dll+0x7d35de]
V  [jvm.dll+0x7d3c43]
V  [jvm.dll+0x243065]
V  [jvm.dll+0xaa57b]
V  [jvm.dll+0xaab0c]
V  [jvm.dll+0x360467]
V  [jvm.dll+0x1ba0c8]
V  [jvm.dll+0x2162f9]
V  [jvm.dll+0x2155c1]
V  [jvm.dll+0x1a1fcd]
V  [jvm.dll+0x224e08]
V  [jvm.dll+0x222f75]
V  [jvm.dll+0x787a0b]
V  [jvm.dll+0x781fca]
V  [jvm.dll+0x671245]
C  [ucrtbase.dll+0x21bb2]
C  [KERNEL32.DLL+0x174b4]
C  [ntdll.dll+0x526a1]


---------------  P R O C E S S  ---------------

Threads class SMR info:
_java_thread_list=0x00000261cc8c7450, length=13, elements={
0x00000261a8a86680, 0x00000261cb708b10, 0x00000261cb709ac0, 0x00000261cb7205c0,
0x00000261cb722e90, 0x00000261cb723840, 0x00000261cb7241f0, 0x00000261cb724f80,
0x00000261cb725a20, 0x00000261cb75e7b0, 0x00000261cc1fc040, 0x00000261cc2055b0,
0x00000261cc869800
}

Java Threads: ( => current thread )
  0x00000261a8a86680 JavaThread "main" [_thread_in_vm, id=10420, stack(0x000000ac64000000,0x000000ac64100000)]
  0x00000261cb708b10 JavaThread "Reference Handler" daemon [_thread_blocked, id=18228, stack(0x000000ac64700000,0x000000ac64800000)]
  0x00000261cb709ac0 JavaThread "Finalizer" daemon [_thread_blocked, id=18480, stack(0x000000ac64800000,0x000000ac64900000)]
  0x00000261cb7205c0 JavaThread "Signal Dispatcher" daemon [_thread_blocked, id=14084, stack(0x000000ac64a00000,0x000000ac64b00000)]
  0x00000261cb722e90 JavaThread "Attach Listener" daemon [_thread_blocked, id=4796, stack(0x000000ac64b00000,0x000000ac64c00000)]
  0x00000261cb723840 JavaThread "Service Thread" daemon [_thread_blocked, id=15112, stack(0x000000ac64c00000,0x000000ac64d00000)]
  0x00000261cb7241f0 JavaThread "Monitor Deflation Thread" daemon [_thread_blocked, id=17604, stack(0x000000ac64d00000,0x000000ac64e00000)]
=>0x00000261cb724f80 JavaThread "C2 CompilerThread0" daemon [_thread_in_native, id=15416, stack(0x000000ac64e00000,0x000000ac64f00000)]
  0x00000261cb725a20 JavaThread "C1 CompilerThread0" daemon [_thread_blocked, id=14340, stack(0x000000ac64f00000,0x000000ac65000000)]
  0x00000261cb75e7b0 JavaThread "Sweeper thread" daemon [_thread_blocked, id=17624, stack(0x000000ac65000000,0x000000ac65100000)]
  0x00000261cc1fc040 JavaThread "Notification Thread" daemon [_thread_blocked, id=19356, stack(0x000000ac65100000,0x000000ac65200000)]
  0x00000261cc2055b0 JavaThread "Common-Cleaner" daemon [_thread_blocked, id=13864, stack(0x000000ac65300000,0x000000ac65400000)]
  0x00000261cc869800 JavaThread "C2 CompilerThread1" daemon [_thread_in_native, id=16772, stack(0x000000ac65500000,0x000000ac65600000)]

Other Threads:
  0x00000261cb704660 VMThread "VM Thread" [stack: 0x000000ac64600000,0x000000ac64700000] [id=11468]
  0x00000261cc204d60 WatcherThread [stack: 0x000000ac65200000,0x000000ac65300000] [id=18940]
  0x00000261a8af2880 GCTaskThread "GC Thread#0" [stack: 0x000000ac64100000,0x000000ac64200000] [id=11824]
  0x00000261a8b04710 ConcurrentGCThread "G1 Main Marker" [stack: 0x000000ac64200000,0x000000ac64300000] [id=16876]
  0x00000261a8b05130 ConcurrentGCThread "G1 Conc#0" [stack: 0x000000ac64300000,0x000000ac64400000] [id=14300]
  0x00000261cb5c20c0 ConcurrentGCThread "G1 Refine#0" [stack: 0x000000ac64400000,0x000000ac64500000] [id=19744]
  0x00000261cb5c2ae0 ConcurrentGCThread "G1 Service" [stack: 0x000000ac64500000,0x000000ac64600000] [id=13772]

Threads with active compile tasks:
C2 CompilerThread0      601  745       4       java.util.HashMap::putVal (300 bytes)
C2 CompilerThread1      601  748       4       java.util.HashMap::put (13 bytes)

VM state: not at safepoint (normal execution)

VM Mutex/Monitor currently owned by a thread:  ([mutex/lock_event])
[0x00000261a8a806e0] Metaspace_lock - owner thread: 0x00000261a8a86680

Heap address: 0x0000000700c00000, size: 4084 MB, Compressed Oops mode: Zero based, Oop shift amount: 3

CDS archive(s) mapped at: [0x0000000800000000-0x0000000800bc0000-0x0000000800bc0000), size 12320768, SharedBaseAddress: 0x0000000800000000, ArchiveRelocationMode: 0.
Compressed class space mapped at: 0x0000000800c00000-0x0000000840c00000, reserved size: 1073741824
Narrow klass base: 0x0000000800000000, Narrow klass shift: 0, Narrow klass range: 0x100000000

GC Precious Log:
 CPUs: 4 total, 4 available
 Memory: 16332M
 Large Page Support: Disabled
 NUMA Support: Disabled
 Compressed Oops: Enabled (Zero based)
 Heap Region Size: 2M
 Heap Min Capacity: 8M
 Heap Initial Capacity: 256M
 Heap Max Capacity: 4084M
 Pre-touch: Disabled
 Parallel Workers: 4
 Concurrent Workers: 1
 Concurrent Refinement Workers: 4
 Periodic GC: Disabled

Heap:
 garbage-first heap   total 262144K, used 18432K [0x0000000700c00000, 0x0000000800000000)
  region size 2048K, 6 young (12288K), 0 survivors (0K)
 Metaspace       used 5539K, committed 5696K, reserved 1056768K
  class space    used 548K, committed 640K, reserved 1048576K

Heap Regions: E=young(eden), S=young(survivor), O=old, HS=humongous(starts), HC=humongous(continues), CS=collection set, F=free, OA=open archive, CA=closed archive, TAMS=top-at-mark-start (previous, next)
|   0|0x0000000700c00000, 0x0000000700e00000, 0x0000000700e00000|100%|HS|  |TAMS 0x0000000700c00000, 0x0000000700c00000| Complete 
|   1|0x0000000700e00000, 0x0000000701000000, 0x0000000701000000|100%|HC|  |TAMS 0x0000000700e00000, 0x0000000700e00000| Complete 
|   2|0x0000000701000000, 0x0000000701200000, 0x0000000701200000|100%|HS|  |TAMS 0x0000000701000000, 0x0000000701000000| Complete 
|   3|0x0000000701200000, 0x0000000701400000, 0x0000000701400000|100%|HC|  |TAMS 0x0000000701200000, 0x0000000701200000| Complete 
|   4|0x0000000701400000, 0x0000000701400000, 0x0000000701600000|  0%| F|  |TAMS 0x0000000701400000, 0x0000000701400000| Untracked 
|   5|0x0000000701600000, 0x0000000701600000, 0x0000000701800000|  0%| F|  |TAMS 0x0000000701600000, 0x0000000701600000| Untracked 
|   6|0x0000000701800000, 0x0000000701800000, 0x0000000701a00000|  0%| F|  |TAMS 0x0000000701800000, 0x0000000701800000| Untracked 
|   7|0x0000000701a00000, 0x0000000701a00000, 0x0000000701c00000|  0%| F|  |TAMS 0x0000000701a00000, 0x0000000701a00000| Untracked 
|   8|0x0000000701c00000, 0x0000000701c00000, 0x0000000701e00000|  0%| F|  |TAMS 0x0000000701c00000, 0x0000000701c00000| Untracked 
|   9|0x0000000701e00000, 0x0000000701e00000, 0x0000000702000000|  0%| F|  |TAMS 0x0000000701e00000, 0x0000000701e00000| Untracked 
|  10|0x0000000702000000, 0x0000000702000000, 0x0000000702200000|  0%| F|  |TAMS 0x0000000702000000, 0x0000000702000000| Untracked 
|  11|0x0000000702200000, 0x0000000702200000, 0x0000000702400000|  0%| F|  |TAMS 0x0000000702200000, 0x0000000702200000| Untracked 
|  12|0x0000000702400000, 0x0000000702400000, 0x0000000702600000|  0%| F|  |TAMS 0x0000000702400000, 0x0000000702400000| Untracked 
|  13|0x0000000702600000, 0x0000000702600000, 0x0000000702800000|  0%| F|  |TAMS 0x0000000702600000, 0x0000000702600000| Untracked 
|  14|0x0000000702800000, 0x0000000702800000, 0x0000000702a00000|  0%| F|  |TAMS 0x0000000702800000, 0x0000000702800000| Untracked 
|  15|0x0000000702a00000, 0x0000000702a00000, 0x0000000702c00000|  0%| F|  |TAMS 0x0000000702a00000, 0x0000000702a00000| Untracked 
|  16|0x0000000702c00000, 0x0000000702c00000, 0x0000000702e00000|  0%| F|  |TAMS 0x0000000702c00000, 0x0000000702c00000| Untracked 
|  17|0x0000000702e00000, 0x0000000702e00000, 0x0000000703000000|  0%| F|  |TAMS 0x0000000702e00000, 0x0000000702e00000| Untracked 
|  18|0x0000000703000000, 0x0000000703000000, 0x0000000703200000|  0%| F|  |TAMS 0x0000000703000000, 0x0000000703000000| Untracked 
|  19|0x0000000703200000, 0x0000000703200000, 0x0000000703400000|  0%| F|  |TAMS 0x0000000703200000, 0x0000000703200000| Untracked 
|  20|0x0000000703400000, 0x0000000703400000, 0x0000000703600000|  0%| F|  |TAMS 0x0000000703400000, 0x0000000703400000| Untracked 
|  21|0x0000000703600000, 0x0000000703600000, 0x0000000703800000|  0%| F|  |TAMS 0x0000000703600000, 0x0000000703600000| Untracked 
|  22|0x0000000703800000, 0x0000000703800000, 0x0000000703a00000|  0%| F|  |TAMS 0x0000000703800000, 0x0000000703800000| Untracked 
|  23|0x0000000703a00000, 0x0000000703a00000, 0x0000000703c00000|  0%| F|  |TAMS 0x0000000703a00000, 0x0000000703a00000| Untracked 
|  24|0x0000000703c00000, 0x0000000703c00000, 0x0000000703e00000|  0%| F|  |TAMS 0x0000000703c00000, 0x0000000703c00000| Untracked 
|  25|0x0000000703e00000, 0x0000000703e00000, 0x0000000704000000|  0%| F|  |TAMS 0x0000000703e00000, 0x0000000703e00000| Untracked 
|  26|0x0000000704000000, 0x0000000704000000, 0x0000000704200000|  0%| F|  |TAMS 0x0000000704000000, 0x0000000704000000| Untracked 
|  27|0x0000000704200000, 0x0000000704200000, 0x0000000704400000|  0%| F|  |TAMS 0x0000000704200000, 0x0000000704200000| Untracked 
|  28|0x0000000704400000, 0x0000000704400000, 0x0000000704600000|  0%| F|  |TAMS 0x0000000704400000, 0x0000000704400000| Untracked 
|  29|0x0000000704600000, 0x0000000704600000, 0x0000000704800000|  0%| F|  |TAMS 0x0000000704600000, 0x0000000704600000| Untracked 
|  30|0x0000000704800000, 0x0000000704800000, 0x0000000704a00000|  0%| F|  |TAMS 0x0000000704800000, 0x0000000704800000| Untracked 
|  31|0x0000000704a00000, 0x0000000704a00000, 0x0000000704c00000|  0%| F|  |TAMS 0x0000000704a00000, 0x0000000704a00000| Untracked 
|  32|0x0000000704c00000, 0x0000000704c00000, 0x0000000704e00000|  0%| F|  |TAMS 0x0000000704c00000, 0x0000000704c00000| Untracked 
|  33|0x0000000704e00000, 0x0000000704e00000, 0x0000000705000000|  0%| F|  |TAMS 0x0000000704e00000, 0x0000000704e00000| Untracked 
|  34|0x0000000705000000, 0x0000000705000000, 0x0000000705200000|  0%| F|  |TAMS 0x0000000705000000, 0x0000000705000000| Untracked 
|  35|0x0000000705200000, 0x0000000705200000, 0x0000000705400000|  0%| F|  |TAMS 0x0000000705200000, 0x0000000705200000| Untracked 
|  36|0x0000000705400000, 0x0000000705400000, 0x0000000705600000|  0%| F|  |TAMS 0x0000000705400000, 0x0000000705400000| Untracked 
|  37|0x0000000705600000, 0x0000000705600000, 0x0000000705800000|  0%| F|  |TAMS 0x0000000705600000, 0x0000000705600000| Untracked 
|  38|0x0000000705800000, 0x0000000705800000, 0x0000000705a00000|  0%| F|  |TAMS 0x0000000705800000, 0x0000000705800000| Untracked 
|  39|0x0000000705a00000, 0x0000000705a00000, 0x0000000705c00000|  0%| F|  |TAMS 0x0000000705a00000, 0x0000000705a00000| Untracked 
|  40|0x0000000705c00000, 0x0000000705c00000, 0x0000000705e00000|  0%| F|  |TAMS 0x0000000705c00000, 0x0000000705c00000| Untracked 
|  41|0x0000000705e00000, 0x0000000705e00000, 0x0000000706000000|  0%| F|  |TAMS 0x0000000705e00000, 0x0000000705e00000| Untracked 
|  42|0x0000000706000000, 0x0000000706000000, 0x0000000706200000|  0%| F|  |TAMS 0x0000000706000000, 0x0000000706000000| Untracked 
|  43|0x0000000706200000, 0x0000000706200000, 0x0000000706400000|  0%| F|  |TAMS 0x0000000706200000, 0x0000000706200000| Untracked 
|  44|0x0000000706400000, 0x0000000706400000, 0x0000000706600000|  0%| F|  |TAMS 0x0000000706400000, 0x0000000706400000| Untracked 
|  45|0x0000000706600000, 0x0000000706600000, 0x0000000706800000|  0%| F|  |TAMS 0x0000000706600000, 0x0000000706600000| Untracked 
|  46|0x0000000706800000, 0x0000000706800000, 0x0000000706a00000|  0%| F|  |TAMS 0x0000000706800000, 0x0000000706800000| Untracked 
|  47|0x0000000706a00000, 0x0000000706a00000, 0x0000000706c00000|  0%| F|  |TAMS 0x0000000706a00000, 0x0000000706a00000| Untracked 
|  48|0x0000000706c00000, 0x0000000706c00000, 0x0000000706e00000|  0%| F|  |TAMS 0x0000000706c00000, 0x0000000706c00000| Untracked 
|  49|0x0000000706e00000, 0x0000000706e00000, 0x0000000707000000|  0%| F|  |TAMS 0x0000000706e00000, 0x0000000706e00000| Untracked 
|  50|0x0000000707000000, 0x0000000707000000, 0x0000000707200000|  0%| F|  |TAMS 0x0000000707000000, 0x0000000707000000| Untracked 
|  51|0x0000000707200000, 0x0000000707200000, 0x0000000707400000|  0%| F|  |TAMS 0x0000000707200000, 0x0000000707200000| Untracked 
|  52|0x0000000707400000, 0x0000000707400000, 0x0000000707600000|  0%| F|  |TAMS 0x0000000707400000, 0x0000000707400000| Untracked 
|  53|0x0000000707600000, 0x0000000707600000, 0x0000000707800000|  0%| F|  |TAMS 0x0000000707600000, 0x0000000707600000| Untracked 
|  54|0x0000000707800000, 0x0000000707800000, 0x0000000707a00000|  0%| F|  |TAMS 0x0000000707800000, 0x0000000707800000| Untracked 
|  55|0x0000000707a00000, 0x0000000707a00000, 0x0000000707c00000|  0%| F|  |TAMS 0x0000000707a00000, 0x0000000707a00000| Untracked 
|  56|0x0000000707c00000, 0x0000000707c00000, 0x0000000707e00000|  0%| F|  |TAMS 0x0000000707c00000, 0x0000000707c00000| Untracked 
|  57|0x0000000707e00000, 0x0000000707e00000, 0x0000000708000000|  0%| F|  |TAMS 0x0000000707e00000, 0x0000000707e00000| Untracked 
|  58|0x0000000708000000, 0x0000000708000000, 0x0000000708200000|  0%| F|  |TAMS 0x0000000708000000, 0x0000000708000000| Untracked 
|  59|0x0000000708200000, 0x0000000708200000, 0x0000000708400000|  0%| F|  |TAMS 0x0000000708200000, 0x0000000708200000| Untracked 
|  60|0x0000000708400000, 0x0000000708400000, 0x0000000708600000|  0%| F|  |TAMS 0x0000000708400000, 0x0000000708400000| Untracked 
|  61|0x0000000708600000, 0x0000000708600000, 0x0000000708800000|  0%| F|  |TAMS 0x0000000708600000, 0x0000000708600000| Untracked 
|  62|0x0000000708800000, 0x0000000708800000, 0x0000000708a00000|  0%| F|  |TAMS 0x0000000708800000, 0x0000000708800000| Untracked 
|  63|0x0000000708a00000, 0x0000000708a00000, 0x0000000708c00000|  0%| F|  |TAMS 0x0000000708a00000, 0x0000000708a00000| Untracked 
|  64|0x0000000708c00000, 0x0000000708c00000, 0x0000000708e00000|  0%| F|  |TAMS 0x0000000708c00000, 0x0000000708c00000| Untracked 
|  65|0x0000000708e00000, 0x0000000708e00000, 0x0000000709000000|  0%| F|  |TAMS 0x0000000708e00000, 0x0000000708e00000| Untracked 
|  66|0x0000000709000000, 0x0000000709000000, 0x0000000709200000|  0%| F|  |TAMS 0x0000000709000000, 0x0000000709000000| Untracked 
|  67|0x0000000709200000, 0x0000000709200000, 0x0000000709400000|  0%| F|  |TAMS 0x0000000709200000, 0x0000000709200000| Untracked 
|  68|0x0000000709400000, 0x0000000709400000, 0x0000000709600000|  0%| F|  |TAMS 0x0000000709400000, 0x0000000709400000| Untracked 
|  69|0x0000000709600000, 0x0000000709600000, 0x0000000709800000|  0%| F|  |TAMS 0x0000000709600000, 0x0000000709600000| Untracked 
|  70|0x0000000709800000, 0x0000000709800000, 0x0000000709a00000|  0%| F|  |TAMS 0x0000000709800000, 0x0000000709800000| Untracked 
|  71|0x0000000709a00000, 0x0000000709a00000, 0x0000000709c00000|  0%| F|  |TAMS 0x0000000709a00000, 0x0000000709a00000| Untracked 
|  72|0x0000000709c00000, 0x0000000709c00000, 0x0000000709e00000|  0%| F|  |TAMS 0x0000000709c00000, 0x0000000709c00000| Untracked 
|  73|0x0000000709e00000, 0x0000000709e00000, 0x000000070a000000|  0%| F|  |TAMS 0x0000000709e00000, 0x0000000709e00000| Untracked 
|  74|0x000000070a000000, 0x000000070a000000, 0x000000070a200000|  0%| F|  |TAMS 0x000000070a000000, 0x000000070a000000| Untracked 
|  75|0x000000070a200000, 0x000000070a200000, 0x000000070a400000|  0%| F|  |TAMS 0x000000070a200000, 0x000000070a200000| Untracked 
|  76|0x000000070a400000, 0x000000070a400000, 0x000000070a600000|  0%| F|  |TAMS 0x000000070a400000, 0x000000070a400000| Untracked 
|  77|0x000000070a600000, 0x000000070a600000, 0x000000070a800000|  0%| F|  |TAMS 0x000000070a600000, 0x000000070a600000| Untracked 
|  78|0x000000070a800000, 0x000000070a800000, 0x000000070aa00000|  0%| F|  |TAMS 0x000000070a800000, 0x000000070a800000| Untracked 
|  79|0x000000070aa00000, 0x000000070aa00000, 0x000000070ac00000|  0%| F|  |TAMS 0x000000070aa00000, 0x000000070aa00000| Untracked 
|  80|0x000000070ac00000, 0x000000070ac00000, 0x000000070ae00000|  0%| F|  |TAMS 0x000000070ac00000, 0x000000070ac00000| Untracked 
|  81|0x000000070ae00000, 0x000000070ae00000, 0x000000070b000000|  0%| F|  |TAMS 0x000000070ae00000, 0x000000070ae00000| Untracked 
|  82|0x000000070b000000, 0x000000070b000000, 0x000000070b200000|  0%| F|  |TAMS 0x000000070b000000, 0x000000070b000000| Untracked 
|  83|0x000000070b200000, 0x000000070b200000, 0x000000070b400000|  0%| F|  |TAMS 0x000000070b200000, 0x000000070b200000| Untracked 
|  84|0x000000070b400000, 0x000000070b400000, 0x000000070b600000|  0%| F|  |TAMS 0x000000070b400000, 0x000000070b400000| Untracked 
|  85|0x000000070b600000, 0x000000070b600000, 0x000000070b800000|  0%| F|  |TAMS 0x000000070b600000, 0x000000070b600000| Untracked 
|  86|0x000000070b800000, 0x000000070b800000, 0x000000070ba00000|  0%| F|  |TAMS 0x000000070b800000, 0x000000070b800000| Untracked 
|  87|0x000000070ba00000, 0x000000070ba00000, 0x000000070bc00000|  0%| F|  |TAMS 0x000000070ba00000, 0x000000070ba00000| Untracked 
|  88|0x000000070bc00000, 0x000000070bc00000, 0x000000070be00000|  0%| F|  |TAMS 0x000000070bc00000, 0x000000070bc00000| Untracked 
|  89|0x000000070be00000, 0x000000070be00000, 0x000000070c000000|  0%| F|  |TAMS 0x000000070be00000, 0x000000070be00000| Untracked 
|  90|0x000000070c000000, 0x000000070c000000, 0x000000070c200000|  0%| F|  |TAMS 0x000000070c000000, 0x000000070c000000| Untracked 
|  91|0x000000070c200000, 0x000000070c200000, 0x000000070c400000|  0%| F|  |TAMS 0x000000070c200000, 0x000000070c200000| Untracked 
|  92|0x000000070c400000, 0x000000070c400000, 0x000000070c600000|  0%| F|  |TAMS 0x000000070c400000, 0x000000070c400000| Untracked 
|  93|0x000000070c600000, 0x000000070c600000, 0x000000070c800000|  0%| F|  |TAMS 0x000000070c600000, 0x000000070c600000| Untracked 
|  94|0x000000070c800000, 0x000000070c800000, 0x000000070ca00000|  0%| F|  |TAMS 0x000000070c800000, 0x000000070c800000| Untracked 
|  95|0x000000070ca00000, 0x000000070ca00000, 0x000000070cc00000|  0%| F|  |TAMS 0x000000070ca00000, 0x000000070ca00000| Untracked 
|  96|0x000000070cc00000, 0x000000070cc00000, 0x000000070ce00000|  0%| F|  |TAMS 0x000000070cc00000, 0x000000070cc00000| Untracked 
|  97|0x000000070ce00000, 0x000000070ce00000, 0x000000070d000000|  0%| F|  |TAMS 0x000000070ce00000, 0x000000070ce00000| Untracked 
|  98|0x000000070d000000, 0x000000070d000000, 0x000000070d200000|  0%| F|  |TAMS 0x000000070d000000, 0x000000070d000000| Untracked 
|  99|0x000000070d200000, 0x000000070d200000, 0x000000070d400000|  0%| F|  |TAMS 0x000000070d200000, 0x000000070d200000| Untracked 
| 100|0x000000070d400000, 0x000000070d400000, 0x000000070d600000|  0%| F|  |TAMS 0x000000070d400000, 0x000000070d400000| Untracked 
| 101|0x000000070d600000, 0x000000070d600000, 0x000000070d800000|  0%| F|  |TAMS 0x000000070d600000, 0x000000070d600000| Untracked 
| 102|0x000000070d800000, 0x000000070d800000, 0x000000070da00000|  0%| F|  |TAMS 0x000000070d800000, 0x000000070d800000| Untracked 
| 103|0x000000070da00000, 0x000000070da00000, 0x000000070dc00000|  0%| F|  |TAMS 0x000000070da00000, 0x000000070da00000| Untracked 
| 104|0x000000070dc00000, 0x000000070dc00000, 0x000000070de00000|  0%| F|  |TAMS 0x000000070dc00000, 0x000000070dc00000| Untracked 
| 105|0x000000070de00000, 0x000000070de00000, 0x000000070e000000|  0%| F|  |TAMS 0x000000070de00000, 0x000000070de00000| Untracked 
| 106|0x000000070e000000, 0x000000070e000000, 0x000000070e200000|  0%| F|  |TAMS 0x000000070e000000, 0x000000070e000000| Untracked 
| 107|0x000000070e200000, 0x000000070e200000, 0x000000070e400000|  0%| F|  |TAMS 0x000000070e200000, 0x000000070e200000| Untracked 
| 108|0x000000070e400000, 0x000000070e400000, 0x000000070e600000|  0%| F|  |TAMS 0x000000070e400000, 0x000000070e400000| Untracked 
| 109|0x000000070e600000, 0x000000070e600000, 0x000000070e800000|  0%| F|  |TAMS 0x000000070e600000, 0x000000070e600000| Untracked 
| 110|0x000000070e800000, 0x000000070e800000, 0x000000070ea00000|  0%| F|  |TAMS 0x000000070e800000, 0x000000070e800000| Untracked 
| 111|0x000000070ea00000, 0x000000070ea00000, 0x000000070ec00000|  0%| F|  |TAMS 0x000000070ea00000, 0x000000070ea00000| Untracked 
| 112|0x000000070ec00000, 0x000000070ec00000, 0x000000070ee00000|  0%| F|  |TAMS 0x000000070ec00000, 0x000000070ec00000| Untracked 
| 113|0x000000070ee00000, 0x000000070ee00000, 0x000000070f000000|  0%| F|  |TAMS 0x000000070ee00000, 0x000000070ee00000| Untracked 
| 114|0x000000070f000000, 0x000000070f000000, 0x000000070f200000|  0%| F|  |TAMS 0x000000070f000000, 0x000000070f000000| Untracked 
| 115|0x000000070f200000, 0x000000070f200000, 0x000000070f400000|  0%| F|  |TAMS 0x000000070f200000, 0x000000070f200000| Untracked 
| 116|0x000000070f400000, 0x000000070f400000, 0x000000070f600000|  0%| F|  |TAMS 0x000000070f400000, 0x000000070f400000| Untracked 
| 117|0x000000070f600000, 0x000000070f600000, 0x000000070f800000|  0%| F|  |TAMS 0x000000070f600000, 0x000000070f600000| Untracked 
| 118|0x000000070f800000, 0x000000070f800000, 0x000000070fa00000|  0%| F|  |TAMS 0x000000070f800000, 0x000000070f800000| Untracked 
| 119|0x000000070fa00000, 0x000000070fa00000, 0x000000070fc00000|  0%| F|  |TAMS 0x000000070fa00000, 0x000000070fa00000| Untracked 
| 120|0x000000070fc00000, 0x000000070fc00000, 0x000000070fe00000|  0%| F|  |TAMS 0x000000070fc00000, 0x000000070fc00000| Untracked 
| 121|0x000000070fe00000, 0x000000070fe00000, 0x0000000710000000|  0%| F|  |TAMS 0x000000070fe00000, 0x000000070fe00000| Untracked 
| 122|0x0000000710000000, 0x0000000710133be8, 0x0000000710200000| 60%| E|  |TAMS 0x0000000710000000, 0x0000000710000000| Complete 
| 123|0x0000000710200000, 0x0000000710400000, 0x0000000710400000|100%| E|CS|TAMS 0x0000000710200000, 0x0000000710200000| Complete 
| 124|0x0000000710400000, 0x0000000710600000, 0x0000000710600000|100%| E|CS|TAMS 0x0000000710400000, 0x0000000710400000| Complete 
| 125|0x0000000710600000, 0x0000000710800000, 0x0000000710800000|100%| E|CS|TAMS 0x0000000710600000, 0x0000000710600000| Complete 
| 126|0x0000000710800000, 0x0000000710a00000, 0x0000000710a00000|100%| E|CS|TAMS 0x0000000710800000, 0x0000000710800000| Complete 
| 127|0x0000000710a00000, 0x0000000710c00000, 0x0000000710c00000|100%| E|CS|TAMS 0x0000000710a00000, 0x0000000710a00000| Complete 

Card table byte_map: [0x00000261c0130000,0x00000261c0930000] _byte_map_base: 0x00000261bc92a000

Marking Bits (Prev, Next): (CMBitMap*) 0x00000261a8af3ea0, (CMBitMap*) 0x00000261a8af3ee0
 Prev Bits: [0x00000261c1130000, 0x00000261c5100000)
 Next Bits: [0x00000261c5100000, 0x00000261c90d0000)

Polling page: 0x00000261a85d0000

Metaspace:

Usage:
  Non-class:      4.87 MB used.
      Class:    548.00 KB used.
       Both:      5.41 MB used.

Virtual space:
  Non-class space:        8.00 MB reserved,       4.94 MB ( 62%) committed,  1 nodes.
      Class space:        1.00 GB reserved,     640.00 KB ( <1%) committed,  1 nodes.
             Both:        1.01 GB reserved,       5.56 MB ( <1%) committed. 

Chunk freelists:
   Non-Class:  2.91 MB
       Class:  3.23 MB
        Both:  6.14 MB

MaxMetaspaceSize: unlimited
CompressedClassSpaceSize: 1.00 GB
Initial GC threshold: 21.00 MB
Current GC threshold: 21.00 MB
CDS: on
MetaspaceReclaimPolicy: balanced
 - commit_granule_bytes: 65536.
 - commit_granule_words: 8192.
 - virtual_space_node_default_size: 1048576.
 - enlarge_chunks_in_place: 1.
 - new_chunks_are_fully_committed: 0.
 - uncommit_free_chunks: 1.
 - use_allocation_guard: 0.
 - handle_deallocations: 1.


Internal statistics:

num_allocs_failed_limit: 0.
num_arena_births: 60.
num_arena_deaths: 0.
num_vsnodes_births: 2.
num_vsnodes_deaths: 0.
num_space_committed: 89.
num_space_uncommitted: 0.
num_chunks_returned_to_freelist: 0.
num_chunks_taken_from_freelist: 132.
num_chunk_merges: 0.
num_chunk_splits: 83.
num_chunks_enlarged: 52.
num_purges: 0.
num_inconsistent_stats: 0.

CodeHeap 'non-profiled nmethods': size=120000Kb used=234Kb max_used=234Kb free=119765Kb
 bounds [0x00000261b7de0000, 0x00000261b8050000, 0x00000261bf310000]
CodeHeap 'profiled nmethods': size=120000Kb used=1216Kb max_used=1216Kb free=118784Kb
 bounds [0x00000261b08b0000, 0x00000261b0b20000, 0x00000261b7de0000]
CodeHeap 'non-nmethods': size=5760Kb used=1157Kb max_used=1172Kb free=4602Kb
 bounds [0x00000261b0310000, 0x00000261b0580000, 0x00000261b08b0000]
 total_blobs=1223 nmethods=777 adapters=359
 compilation: enabled
              stopped_count=0, restarted_count=0
 full_count=0

Compilation events (20 events):
Event: 0.573 Thread 0x00000261cb725a20 nmethod 770 0x00000261b09d3e90 code [0x00000261b09d4060, 0x00000261b09d4508]
Event: 0.573 Thread 0x00000261cb725a20  767       3       java.util.ImmutableCollections$ListN::get (7 bytes)
Event: 0.573 Thread 0x00000261cb725a20 nmethod 767 0x00000261b09d4690 code [0x00000261b09d4820, 0x00000261b09d4958]
Event: 0.573 Thread 0x00000261cb725a20  771       3       java.util.LinkedHashMap::afterNodeInsertion (40 bytes)
Event: 0.573 Thread 0x00000261cb725a20 nmethod 771 0x00000261b09d4a10 code [0x00000261b09d4bc0, 0x00000261b09d4db8]
Event: 0.573 Thread 0x00000261cb725a20  773       3       sun.security.util.AbstractAlgorithmConstraints::checkAlgorithm (87 bytes)
Event: 0.573 Thread 0x00000261cb725a20 nmethod 773 0x00000261b09d4e90 code [0x00000261b09d50e0, 0x00000261b09d5b28]
Event: 0.573 Thread 0x00000261cb725a20  768       3       sun.security.ssl.SSLAlgorithmDecomposer::decomposes (533 bytes)
Event: 0.576 Thread 0x00000261cb725a20 nmethod 768 0x00000261b09d5e10 code [0x00000261b09d6600, 0x00000261b09dcd68]
Event: 0.576 Thread 0x00000261cb725a20  776       3       sun.security.ssl.SSLAlgorithmDecomposer::decompose (93 bytes)
Event: 0.577 Thread 0x00000261cb725a20 nmethod 776 0x00000261b09de090 code [0x00000261b09de2e0, 0x00000261b09ded38]
Event: 0.577 Thread 0x00000261cb725a20  772       3       java.util.LinkedHashMap$Entry::<init> (10 bytes)
Event: 0.577 Thread 0x00000261cb725a20 nmethod 772 0x00000261b09df010 code [0x00000261b09df1c0, 0x00000261b09df4b8]
Event: 0.577 Thread 0x00000261cb725a20  778       3       java.lang.String::split (7 bytes)
Event: 0.577 Thread 0x00000261cb725a20 nmethod 778 0x00000261b09df590 code [0x00000261b09df720, 0x00000261b09df868]
Event: 0.577 Thread 0x00000261cb725a20  779       3       java.util.WeakHashMap::maskNull (12 bytes)
Event: 0.577 Thread 0x00000261cb725a20 nmethod 779 0x00000261b09df910 code [0x00000261b09dfaa0, 0x00000261b09dfbd8]
Event: 0.580 Thread 0x00000261cc869800  769       4       java.lang.StringLatin1::compareToCI (108 bytes)
Event: 0.580 Thread 0x00000261cb725a20  780       1       java.util.logging.Logger::getName (5 bytes)
Event: 0.581 Thread 0x00000261cb725a20 nmethod 780 0x00000261b7e18490 code [0x00000261b7e18620, 0x00000261b7e186f8]

GC Heap History (0 events):
No events

Deoptimization events (8 events):
Event: 0.449 Thread 0x00000261a8a86680 DEOPT PACKING pc=0x00000261b08ce2e7 sp=0x000000ac640fd7e0
Event: 0.449 Thread 0x00000261a8a86680 DEOPT UNPACKING pc=0x00000261b0362b43 sp=0x000000ac640fcc00 mode 0
Event: 0.456 Thread 0x00000261a8a86680 DEOPT PACKING pc=0x00000261b09677be sp=0x000000ac640fe830
Event: 0.456 Thread 0x00000261a8a86680 DEOPT UNPACKING pc=0x00000261b0362b43 sp=0x000000ac640fdcb0 mode 0
Event: 0.457 Thread 0x00000261a8a86680 DEOPT PACKING pc=0x00000261b09677be sp=0x000000ac640fe830
Event: 0.457 Thread 0x00000261a8a86680 DEOPT UNPACKING pc=0x00000261b0362b43 sp=0x000000ac640fdcb0 mode 0
Event: 0.458 Thread 0x00000261a8a86680 DEOPT PACKING pc=0x00000261b09677be sp=0x000000ac640fe830
Event: 0.458 Thread 0x00000261a8a86680 DEOPT UNPACKING pc=0x00000261b0362b43 sp=0x000000ac640fdcb0 mode 0

Classes unloaded (0 events):
No events

Classes redefined (0 events):
No events

Internal exceptions (10 events):
Event: 0.161 Thread 0x00000261a8a86680 Exception <a 'java/lang/NoSuchMethodError'{0x00000007108e1248}: 'java.lang.Object java.lang.invoke.DirectMethodHandle$Holder.invokeStaticInit(java.lang.Object)'> (0x00000007108e1248) 
thrown [s\open\src\hotspot\share\interpreter\linkResolver.cpp, line 759]
Event: 0.164 Thread 0x00000261a8a86680 Exception <a 'java/lang/NoSuchMethodError'{0x00000007108edba8}: 'java.lang.Object java.lang.invoke.DirectMethodHandle$Holder.invokeInterface(java.lang.Object, java.lang.Object)'> (0x00000007108edba8) 
thrown [s\open\src\hotspot\share\interpreter\linkResolver.cpp, line 759]
Event: 0.254 Thread 0x00000261a8a86680 Exception <a 'java/lang/NoSuchMethodError'{0x00000007106db950}: 'void java.lang.invoke.DirectMethodHandle$Holder.invokeStatic(java.lang.Object, java.lang.Object)'> (0x00000007106db950) 
thrown [s\open\src\hotspot\share\interpreter\linkResolver.cpp, line 759]
Event: 0.275 Thread 0x00000261a8a86680 Exception <a 'java/lang/NoSuchMethodError'{0x0000000710727400}: 'java.lang.Object java.lang.invoke.DirectMethodHandle$Holder.invokeStaticInit(java.lang.Object, int, int, int, int)'> (0x0000000710727400) 
thrown [s\open\src\hotspot\share\interpreter\linkResolver.cpp, line 759]
Event: 0.363 Thread 0x00000261a8a86680 Exception <a 'java/lang/NoSuchMethodError'{0x0000000710759fe8}: 'java.lang.Object java.lang.invoke.DirectMethodHandle$Holder.invokeStaticInit(java.lang.Object, java.lang.Object, int, int, int, int)'> (0x0000000710759fe8) 
thrown [s\open\src\hotspot\share\interpreter\linkResolver.cpp, line 759]
Event: 0.495 Thread 0x00000261a8a86680 Exception <a 'sun/nio/fs/WindowsException'{0x000000071038a1f8}> (0x000000071038a1f8) 
thrown [s\open\src\hotspot\share\prims\jni.cpp, line 516]
Event: 0.510 Thread 0x00000261a8a86680 Exception <a 'java/lang/NoSuchMethodError'{0x00000007103b5260}: 'int java.lang.invoke.DirectMethodHandle$Holder.invokeStaticInit(java.lang.Object, java.lang.Object, java.lang.Object, java.lang.Object)'> (0x00000007103b5260) 
thrown [s\open\src\hotspot\share\interpreter\linkResolver.cpp, line 759]
Event: 0.512 Thread 0x00000261a8a86680 Exception <a 'java/lang/IncompatibleClassChangeError'{0x00000007103bf118}: Found class java.lang.Object, but interface was expected> (0x00000007103bf118) 
thrown [s\open\src\hotspot\share\interpreter\linkResolver.cpp, line 826]
Event: 0.513 Thread 0x00000261a8a86680 Exception <a 'java/lang/NoSuchMethodError'{0x00000007103c20a8}: 'void java.lang.invoke.DirectMethodHandle$Holder.invokeStaticInit(java.lang.Object, java.lang.Object)'> (0x00000007103c20a8) 
thrown [s\open\src\hotspot\share\interpreter\linkResolver.cpp, line 759]
Event: 0.514 Thread 0x00000261a8a86680 Exception <a 'java/lang/NoSuchMethodError'{0x00000007103c9bb0}: 'int java.lang.invoke.DirectMethodHandle$Holder.invokeStaticInit(java.lang.Object, java.lang.Object)'> (0x00000007103c9bb0) 
thrown [s\open\src\hotspot\share\interpreter\linkResolver.cpp, line 759]

VM Operations (8 events):
Event: 0.102 Executing VM operation: HandshakeAllThreads
Event: 0.102 Executing VM operation: HandshakeAllThreads done
Event: 0.209 Executing VM operation: HandshakeAllThreads
Event: 0.209 Executing VM operation: HandshakeAllThreads done
Event: 0.260 Executing VM operation: HandshakeAllThreads
Event: 0.260 Executing VM operation: HandshakeAllThreads done
Event: 0.582 Executing VM operation: HandshakeAllThreads
Event: 0.582 Executing VM operation: HandshakeAllThreads done

Events (20 events):
Event: 0.581 loading class javax/net/ssl/SSLSocketFactory
Event: 0.581 loading class javax/net/ssl/SSLSocketFactory done
Event: 0.581 loading class sun/security/ssl/SSLSocketFactoryImpl done
Event: 0.581 loading class sun/security/ssl/SSLSocketImpl
Event: 0.582 loading class sun/security/ssl/SSLTransport
Event: 0.582 loading class sun/security/ssl/SSLTransport done
Event: 0.582 loading class sun/security/ssl/BaseSSLSocketImpl
Event: 0.582 loading class sun/security/ssl/BaseSSLSocketImpl done
Event: 0.582 loading class sun/security/ssl/SSLSocketImpl done
Event: 0.583 loading class sun/security/ssl/SSLSocketImpl$AppInputStream
Event: 0.583 loading class sun/security/ssl/SSLSocketImpl$AppInputStream done
Event: 0.583 loading class sun/security/ssl/SSLSocketImpl$AppOutputStream
Event: 0.583 loading class sun/security/ssl/SSLSocketImpl$AppOutputStream done
Event: 0.583 loading class sun/security/ssl/HandshakeHash
Event: 0.583 loading class sun/security/ssl/HandshakeHash done
Event: 0.583 loading class sun/security/ssl/HandshakeHash$CacheOnlyHash
Event: 0.583 loading class sun/security/ssl/HandshakeHash$TranscriptHash
Event: 0.583 loading class sun/security/ssl/HandshakeHash$TranscriptHash done
Event: 0.583 loading class sun/security/ssl/HandshakeHash$CacheOnlyHash done
Event: 0.584 loading class sun/security/ssl/TransportContext


Dynamic libraries:
0x00007ff6cda20000 - 0x00007ff6cda30000 	C:\Program Files\Java\jdk-17.0.4.1\bin\java.exe
0x00007fffd5530000 - 0x00007fffd5728000 	C:\Windows\SYSTEM32\ntdll.dll
0x00007fffd5430000 - 0x00007fffd54ef000 	C:\Windows\System32\KERNEL32.DLL
0x00007fffd2c30000 - 0x00007fffd2f02000 	C:\Windows\System32\KERNELBASE.dll
0x00007fffd32e0000 - 0x00007fffd33e0000 	C:\Windows\System32\ucrtbase.dll
0x00007fffbbb60000 - 0x00007fffbbb78000 	C:\Program Files\Java\jdk-17.0.4.1\bin\jli.dll
0x00007fffd3780000 - 0x00007fffd382e000 	C:\Windows\System32\ADVAPI32.dll
0x00007fffd4100000 - 0x00007fffd419e000 	C:\Windows\System32\msvcrt.dll
0x00007fffd3580000 - 0x00007fffd361c000 	C:\Windows\System32\sechost.dll
0x00007fffd3620000 - 0x00007fffd3745000 	C:\Windows\System32\RPCRT4.dll
0x00007fffd4490000 - 0x00007fffd462d000 	C:\Windows\System32\USER32.dll
0x00007fffd30f0000 - 0x00007fffd3112000 	C:\Windows\System32\win32u.dll
0x00007fffd3750000 - 0x00007fffd377b000 	C:\Windows\System32\GDI32.dll
0x00007fffd3120000 - 0x00007fffd322f000 	C:\Windows\System32\gdi32full.dll
0x00007fffd3470000 - 0x00007fffd350d000 	C:\Windows\System32\msvcp_win.dll
0x00007fffbba70000 - 0x00007fffbba8a000 	C:\Program Files\Java\jdk-17.0.4.1\bin\VCRUNTIME140.dll
0x00007fffbb7d0000 - 0x00007fffbba6a000 	C:\Windows\WinSxS\amd64_microsoft.windows.common-controls_6595b64144ccf1df_6.0.19041.1110_none_60b5254171f9507e\COMCTL32.dll
0x00007fffca040000 - 0x00007fffca04a000 	C:\Windows\SYSTEM32\VERSION.dll
0x00007fffbbb50000 - 0x00007fffbbb5c000 	C:\Program Files\Java\jdk-17.0.4.1\bin\vcruntime140_1.dll
0x00007fffbb570000 - 0x00007fffbb5fd000 	C:\Program Files\Java\jdk-17.0.4.1\bin\msvcp140.dll
0x00007fffba980000 - 0x00007fffbb542000 	C:\Program Files\Java\jdk-17.0.4.1\bin\server\jvm.dll
0x00007fffd5310000 - 0x00007fffd5318000 	C:\Windows\System32\PSAPI.DLL
0x00007fffba830000 - 0x00007fffba839000 	C:\Windows\SYSTEM32\WSOCK32.dll
0x00007fffd3c70000 - 0x00007fffd3cdb000 	C:\Windows\System32\WS2_32.dll
0x00007fffc7fb0000 - 0x00007fffc7fd7000 	C:\Windows\SYSTEM32\WINMM.dll
0x00007fffd0a00000 - 0x00007fffd0a12000 	C:\Windows\SYSTEM32\kernel.appcore.dll
0x00007fffba4e0000 - 0x00007fffba4ea000 	C:\Program Files\Java\jdk-17.0.4.1\bin\jimage.dll
0x00007fffcd210000 - 0x00007fffcd3f4000 	C:\Windows\SYSTEM32\DBGHELP.DLL
0x00007fffcd1e0000 - 0x00007fffcd20c000 	C:\Windows\SYSTEM32\dbgcore.DLL
0x00007fffd33e0000 - 0x00007fffd3462000 	C:\Windows\System32\bcryptPrimitives.dll
0x00007fffba250000 - 0x00007fffba275000 	C:\Program Files\Java\jdk-17.0.4.1\bin\java.dll
0x00007fffb97d0000 - 0x00007fffb98a6000 	C:\Program Files\Java\jdk-17.0.4.1\bin\jsvml.dll
0x00007fffd4630000 - 0x00007fffd4d73000 	C:\Windows\System32\SHELL32.dll
0x00007fffd0c00000 - 0x00007fffd1392000 	C:\Windows\SYSTEM32\windows.storage.dll
0x00007fffd3830000 - 0x00007fffd3b84000 	C:\Windows\System32\combase.dll
0x00007fffd25b0000 - 0x00007fffd25e0000 	C:\Windows\SYSTEM32\Wldp.dll
0x00007fffd5380000 - 0x00007fffd542d000 	C:\Windows\System32\SHCORE.dll
0x00007fffd4420000 - 0x00007fffd4475000 	C:\Windows\System32\shlwapi.dll
0x00007fffd2b70000 - 0x00007fffd2b8f000 	C:\Windows\SYSTEM32\profapi.dll
0x00007fffb9690000 - 0x00007fffb96a9000 	C:\Program Files\Java\jdk-17.0.4.1\bin\net.dll
0x00007fffd1bb0000 - 0x00007fffd1cbc000 	C:\Windows\SYSTEM32\WINHTTP.dll
0x00007fffd2310000 - 0x00007fffd237a000 	C:\Windows\system32\mswsock.dll
0x00007fffb9620000 - 0x00007fffb9636000 	C:\Program Files\Java\jdk-17.0.4.1\bin\nio.dll
0x00007fffb9600000 - 0x00007fffb9618000 	C:\Program Files\Java\jdk-17.0.4.1\bin\zip.dll
0x00007fffab9e0000 - 0x00007fffab9f7000 	C:\Windows\system32\napinsp.dll
0x00007fffab9c0000 - 0x00007fffab9db000 	C:\Windows\system32\pnrpnsp.dll
0x00007fffab9a0000 - 0x00007fffab9b5000 	C:\Windows\system32\wshbth.dll
0x00007fffcd980000 - 0x00007fffcd99d000 	C:\Windows\system32\NLAapi.dll
0x00007fffd2000000 - 0x00007fffd203b000 	C:\Windows\SYSTEM32\IPHLPAPI.DLL
0x00007fffd2040000 - 0x00007fffd210a000 	C:\Windows\SYSTEM32\DNSAPI.dll
0x00007fffd4480000 - 0x00007fffd4488000 	C:\Windows\System32\NSI.dll
0x00007fffab980000 - 0x00007fffab992000 	C:\Windows\System32\winrnr.dll
0x00007fffc9fc0000 - 0x00007fffc9fca000 	C:\Windows\System32\rasadhlp.dll
0x00007fffca7e0000 - 0x00007fffca860000 	C:\Windows\System32\fwpuclnt.dll
0x00007fffd2f10000 - 0x00007fffd2f37000 	C:\Windows\System32\bcrypt.dll
0x00007fffd2500000 - 0x00007fffd2518000 	C:\Windows\SYSTEM32\CRYPTSP.dll
0x00007fffd1b20000 - 0x00007fffd1b54000 	C:\Windows\system32\rsaenh.dll
0x00007fffd2520000 - 0x00007fffd252c000 	C:\Windows\SYSTEM32\CRYPTBASE.dll
0x00007fffcb8d0000 - 0x00007fffcb8e7000 	C:\Windows\SYSTEM32\dhcpcsvc6.DLL
0x00007fffcb520000 - 0x00007fffcb53d000 	C:\Windows\SYSTEM32\dhcpcsvc.DLL
0x00007fffba190000 - 0x00007fffba19e000 	C:\Program Files\Java\jdk-17.0.4.1\bin\sunmscapi.dll
0x00007fffd2f40000 - 0x00007fffd3096000 	C:\Windows\System32\CRYPT32.dll
0x00007fffd2620000 - 0x00007fffd2647000 	C:\Windows\SYSTEM32\ncrypt.dll
0x00007fffd25e0000 - 0x00007fffd261b000 	C:\Windows\SYSTEM32\NTASN1.dll

dbghelp: loaded successfully - version: 4.0.5 - missing functions: none
symbol engine: initialized successfully - sym options: 0x614 - pdb path: .;C:\Program Files\Java\jdk-17.0.4.1\bin;C:\Windows\SYSTEM32;C:\Windows\WinSxS\amd64_microsoft.windows.common-controls_6595b64144ccf1df_6.0.19041.1110_none_60b5254171f9507e;C:\Program Files\Java\jdk-17.0.4.1\bin\server

VM Arguments:
java_command: target\HomeRiver_Leasing-0.0.1-SNAPSHOT.jar
java_class_path (initial): target\HomeRiver_Leasing-0.0.1-SNAPSHOT.jar
Launcher Type: SUN_STANDARD

[Global flags]
     intx CICompilerCount                          = 3                                         {product} {ergonomic}
     uint ConcGCThreads                            = 1                                         {product} {ergonomic}
     uint G1ConcRefinementThreads                  = 4                                         {product} {ergonomic}
   size_t G1HeapRegionSize                         = 2097152                                   {product} {ergonomic}
    uintx GCDrainStackTargetSize                   = 64                                        {product} {ergonomic}
   size_t InitialHeapSize                          = 268435456                                 {product} {ergonomic}
   size_t MarkStackSize                            = 4194304                                   {product} {ergonomic}
   size_t MaxHeapSize                              = 4282384384                                {product} {ergonomic}
   size_t MaxNewSize                               = 2569011200                                {product} {ergonomic}
   size_t MinHeapDeltaBytes                        = 2097152                                   {product} {ergonomic}
   size_t MinHeapSize                              = 8388608                                   {product} {ergonomic}
    uintx NonNMethodCodeHeapSize                   = 5832780                                {pd product} {ergonomic}
    uintx NonProfiledCodeHeapSize                  = 122912730                              {pd product} {ergonomic}
    uintx ProfiledCodeHeapSize                     = 122912730                              {pd product} {ergonomic}
    uintx ReservedCodeCacheSize                    = 251658240                              {pd product} {ergonomic}
     bool SegmentedCodeCache                       = true                                      {product} {ergonomic}
   size_t SoftMaxHeapSize                          = 4282384384                             {manageable} {ergonomic}
     bool UseCompressedClassPointers               = true                           {product lp64_product} {ergonomic}
     bool UseCompressedOops                        = true                           {product lp64_product} {ergonomic}
     bool UseG1GC                                  = true                                      {product} {ergonomic}
     bool UseLargePagesIndividualAllocation        = false                                  {pd product} {ergonomic}

Logging:
Log output configuration:
 #0: stdout all=warning uptime,level,tags
 #1: stderr all=off uptime,level,tags

Environment Variables:
JAVA_HOME=C:\Program Files\Java\jdk-17.0.4.1
PATH=C:\ProgramData\Jenkins\.jenkins\tools\hudson.tasks.Maven_MavenInstallation\MAVEN_HOME/bin;C:\Program Files\Java\jdk-17.0.4.1/bin;C:\Program Files\Java\jdk-17.0.4.1/bin;C:\Program Files\Common Files\Oracle\Java\javapath;C:\Windows\system32;C:\Windows;C:\Windows\System32\Wbem;C:\Windows\System32\WindowsPowerShell\v1.0\;C:\Windows\System32\OpenSSH\;C:\Program Files\dotnet\;C:\Program Files (x86)\Microsoft SQL Server\150\DTS\Binn\;C:\Program Files\Azure Data Studio\bin;C:\Program Files\Java\jdk-19\bin;C:\Program Files\Microsoft SQL Server\Client SDK\ODBC\170\Tools\Binn\;D:\Automation Files\apache-maven-3.8.6\bin;C:\Gopi\Apache Maven\apache-maven-3.8.6\bin;C:\Program Files\Git\cmd;C:\Windows\system32\config\systemprofile\AppData\Local\Microsoft\WindowsApps
USERNAME=HRG-CORP-BEERIM$
OS=Windows_NT
PROCESSOR_IDENTIFIER=AMD64 Family 25 Model 1 Stepping 1, AuthenticAMD



---------------  S Y S T E M  ---------------

OS:
 Windows 10 , 64 bit Build 19041 (10.0.19041.2251)
OS uptime: 3 days 7:26 hours
Hyper-V virtualization detected

CPU: total 4 (initial active 4) (4 cores per cpu, 2 threads per core) family 25 model 1 stepping 1 microcode 0x0, cx8, cmov, fxsr, ht, mmx, 3dnowpref, sse, sse2, sse3, ssse3, sse4a, sse4.1, sse4.2, popcnt, lzcnt, tsc, avx, avx2, aes, clmul, bmi1, bmi2, adx, sha, fma, vzeroupper, clflush, clflushopt, hv

Memory: 4k page, system-wide physical 16332M (3131M free)
TotalPageFile size 17738M (AvailPageFile size 4M)
current process WorkingSet (physical memory assigned to process): 65M, peak: 65M
current process commit charge ("private bytes"): 346M, peak: 346M

vm_info: Java HotSpot(TM) 64-Bit Server VM (17.0.4.1+1-LTS-2) for windows-amd64 JRE (17.0.4.1+1-LTS-2), built on Aug 16 2022 18:32:06 by "mach5one" with MS VC++ 16.8 / 16.9 (VS2019)

END.
