#
# There is insufficient memory for the Java Runtime Environment to continue.
# Native memory allocation (mmap) failed to map 591396864 bytes for G1 virtual space
# Possible reasons:
#   The system is out of physical RAM or swap space
#   The process is running with CompressedOops enabled, and the Java Heap may be blocking the growth of the native heap
# Possible solutions:
#   Reduce memory load on the system
#   Increase physical memory or swap space
#   Check if swap backing store is full
#   Decrease Java heap size (-Xmx/-Xms)
#   Decrease number of Java threads
#   Decrease Java thread stack sizes (-Xss)
#   Set larger code cache with -XX:ReservedCodeCacheSize=
#   JVM is running with Zero Based Compressed Oops mode in which the Java heap is
#     placed in the first 32GB address space. The Java Heap base address is the
#     maximum limit for the native heap growth. Please use -XX:HeapBaseMinAddress
#     to set the Java Heap base and to place the Java Heap above 32GB virtual address.
# This output file may be truncated or incomplete.
#
#  Out of Memory Error (os_windows.cpp:3527), pid=24620, tid=8416
#
# JRE version: Java(TM) SE Runtime Environment (19.0+36) (build 19+36-2238)
# Java VM: Java HotSpot(TM) 64-Bit Server VM (19+36-2238, mixed mode, sharing, tiered, compressed oops, compressed class ptrs, g1 gc, windows-amd64)
# No core dump will be written. Minidumps are not enabled by default on client versions of Windows
#

---------------  S U M M A R Y ------------

Command Line: -Dfile.encoding=UTF-8 -XX:+ShowCodeDetailsInExceptionMessages mainPackage.RunnerClass

Host: AMD EPYC 7763 64-Core Processor                , 4 cores, 15G,  Windows 10 , 64 bit Build 19041 (10.0.19041.2364)
Time: Tue Jan 17 08:31:07 2023 Eastern Standard Time elapsed time: 84.948230 seconds (0d 0h 1m 24s)

---------------  T H R E A D  ---------------

Current thread (0x000001c2f6766040):  VMThread "VM Thread" [stack: 0x00000050e1c00000,0x00000050e1d00000] [id=8416]

Stack: [0x00000050e1c00000,0x00000050e1d00000]
Native frames: (J=compiled Java code, j=interpreted, Vv=VM code, C=native code)
V  [jvm.dll+0x6ee8fa]
V  [jvm.dll+0x857a1e]
V  [jvm.dll+0x85940e]
V  [jvm.dll+0x859ac3]
V  [jvm.dll+0x28291f]
V  [jvm.dll+0x6eb6e9]
V  [jvm.dll+0x6e028a]
V  [jvm.dll+0x357136]
V  [jvm.dll+0x35eb96]
V  [jvm.dll+0x3b555e]
V  [jvm.dll+0x3b578f]
V  [jvm.dll+0x32c6ea]
V  [jvm.dll+0x32c797]
V  [jvm.dll+0x374b52]
V  [jvm.dll+0x37328f]
V  [jvm.dll+0x32bf10]
V  [jvm.dll+0x37282b]
V  [jvm.dll+0x85ef83]
V  [jvm.dll+0x85fd49]
V  [jvm.dll+0x86027d]
V  [jvm.dll+0x86070b]
V  [jvm.dll+0x8607c7]
V  [jvm.dll+0x8015fa]
V  [jvm.dll+0x6ed5eb]
C  [ucrtbase.dll+0x21bb2]
C  [KERNEL32.DLL+0x17614]
C  [ntdll.dll+0x526a1]

VM_Operation (0x00000050e16fd780): G1CollectForAllocation, mode: safepoint, requested by thread 0x000001c2d3bba560


---------------  P R O C E S S  ---------------

Threads class SMR info:
_java_thread_list=0x000001c2fbd871a0, length=24, elements={
0x000001c2d3bba560, 0x000001c2f6780eb0, 0x000001c2f67825e0, 0x000001c2f678a4d0,
0x000001c2f678ae00, 0x000001c2f678c070, 0x000001c2f678d2e0, 0x000001c2f6791d80,
0x000001c2f6795160, 0x000001c2f67b03f0, 0x000001c2fa9ee320, 0x000001c2fa9f9310,
0x000001c2fb747cb0, 0x000001c2faa19c90, 0x000001c2fbeed410, 0x000001c2fbc08fa0,
0x000001c2fbd663e0, 0x000001c2fbca9060, 0x000001c2fbcac580, 0x000001c2fbcab040,
0x000001c2fbcaa5a0, 0x000001c2fbcac030, 0x000001c2fbcaaaf0, 0x000001c2fc245390
}

Java Threads: ( => current thread )
  0x000001c2d3bba560 JavaThread "main" [_thread_blocked, id=23360, stack(0x00000050e1600000,0x00000050e1700000)]
  0x000001c2f6780eb0 JavaThread "Reference Handler" daemon [_thread_blocked, id=6824, stack(0x00000050e1d00000,0x00000050e1e00000)]
  0x000001c2f67825e0 JavaThread "Finalizer" daemon [_thread_blocked, id=17768, stack(0x00000050e1e00000,0x00000050e1f00000)]
  0x000001c2f678a4d0 JavaThread "Signal Dispatcher" daemon [_thread_blocked, id=18288, stack(0x00000050e1f00000,0x00000050e2000000)]
  0x000001c2f678ae00 JavaThread "Attach Listener" daemon [_thread_blocked, id=23188, stack(0x00000050e2000000,0x00000050e2100000)]
  0x000001c2f678c070 JavaThread "Service Thread" daemon [_thread_blocked, id=4680, stack(0x00000050e2100000,0x00000050e2200000)]
  0x000001c2f678d2e0 JavaThread "Monitor Deflation Thread" daemon [_thread_blocked, id=24796, stack(0x00000050e2200000,0x00000050e2300000)]
  0x000001c2f6791d80 JavaThread "C2 CompilerThread0" daemon [_thread_blocked, id=19916, stack(0x00000050e2300000,0x00000050e2400000)]
  0x000001c2f6795160 JavaThread "C1 CompilerThread0" daemon [_thread_blocked, id=12724, stack(0x00000050e2400000,0x00000050e2500000)]
  0x000001c2f67b03f0 JavaThread "Sweeper thread" daemon [_thread_blocked, id=22872, stack(0x00000050e2500000,0x00000050e2600000)]
  0x000001c2fa9ee320 JavaThread "Notification Thread" daemon [_thread_blocked, id=21148, stack(0x00000050e2600000,0x00000050e2700000)]
  0x000001c2fa9f9310 JavaThread "Common-Cleaner" daemon [_thread_blocked, id=7500, stack(0x00000050e2800000,0x00000050e2900000)]
  0x000001c2fb747cb0 JavaThread "AsyncHttpClient-1-1" daemon [_thread_blocked, id=26008, stack(0x00000050e2f00000,0x00000050e3000000)]
  0x000001c2faa19c90 JavaThread "Exec Default Executor" daemon [_thread_in_native, id=26204, stack(0x00000050e3000000,0x00000050e3100000)]
  0x000001c2fbeed410 JavaThread "Driver Service Executor" daemon [_thread_blocked, id=6656, stack(0x00000050e3100000,0x00000050e3200000)]
  0x000001c2fbc08fa0 JavaThread "Driver Service Executor" daemon [_thread_blocked, id=12148, stack(0x00000050e3200000,0x00000050e3300000)]
  0x000001c2fbd663e0 JavaThread "Exec Stream Pumper" daemon [_thread_in_native, id=2564, stack(0x00000050e3400000,0x00000050e3500000)]
  0x000001c2fbca9060 JavaThread "Exec Stream Pumper" daemon [_thread_in_native, id=9736, stack(0x00000050e3500000,0x00000050e3600000)]
  0x000001c2fbcac580 JavaThread "AsyncHttpClient-1-2" daemon [_thread_in_native, id=25084, stack(0x00000050e3700000,0x00000050e3800000)]
  0x000001c2fbcab040 JavaThread "AsyncHttpClient-1-3" daemon [_thread_in_native, id=12880, stack(0x00000050e2900000,0x00000050e2a00000)]
  0x000001c2fbcaa5a0 JavaThread "AsyncHttpClient-1-4" daemon [_thread_in_native, id=24912, stack(0x00000050e3800000,0x00000050e3900000)]
  0x000001c2fbcac030 JavaThread "Java2D Disposer" daemon [_thread_blocked, id=25120, stack(0x00000050e3900000,0x00000050e3a00000)]
  0x000001c2fbcaaaf0 JavaThread "AWT-Windows" daemon [_thread_in_native, id=18032, stack(0x00000050e3b00000,0x00000050e3c00000)]
  0x000001c2fc245390 JavaThread "C2 CompilerThread1" daemon [_thread_blocked, id=6212, stack(0x00000050e1300000,0x00000050e1400000)]

Other Threads:
=>0x000001c2f6766040 VMThread "VM Thread" [stack: 0x00000050e1c00000,0x00000050e1d00000] [id=8416]
  0x000001c2fa9f52a0 WatcherThread "VM Periodic Task Thread" [stack: 0x00000050e2700000,0x00000050e2800000] [id=22956]
  0x000001c2d3c2aac0 WorkerThread "GC Thread#0" [stack: 0x00000050e1700000,0x00000050e1800000] [id=26004]
  0x000001c2fb00e050 WorkerThread "GC Thread#1" [stack: 0x00000050e2a00000,0x00000050e2b00000] [id=25616]
  0x000001c2fb00e320 WorkerThread "GC Thread#2" [stack: 0x00000050e2b00000,0x00000050e2c00000] [id=26112]
  0x000001c2fb00e5f0 WorkerThread "GC Thread#3" [stack: 0x00000050e2c00000,0x00000050e2d00000] [id=26588]
  0x000001c2d3c3cd70 ConcurrentGCThread "G1 Main Marker" [stack: 0x00000050e1800000,0x00000050e1900000] [id=21384]
  0x000001c2d3c3e0e0 WorkerThread "G1 Conc#0" [stack: 0x00000050e1900000,0x00000050e1a00000] [id=23404]
  0x000001c2f6622550 ConcurrentGCThread "G1 Refine#0" [stack: 0x00000050e1a00000,0x00000050e1b00000] [id=18792]
  0x000001c2f6623090 ConcurrentGCThread "G1 Service" [stack: 0x00000050e1b00000,0x00000050e1c00000] [id=13864]

Threads with active compile tasks:
C2 CompilerThread0    84969 4538       4       org.apache.pdfbox.text.PDFTextStripper::processTextPosition (655 bytes)
C2 CompilerThread1    84970 4558       4       org.apache.pdfbox.pdfparser.RandomAccessSource::unread (11 bytes)

VM state: at safepoint (normal execution)

VM Mutex/Monitor currently owned by a thread:  ([mutex/lock_event])
[0x000001c2d3bb51f0] Threads_lock - owner thread: 0x000001c2f6766040
[0x000001c2d3bb4ce0] Heap_lock - owner thread: 0x000001c2d3bba560

Heap address: 0x0000000700c00000, size: 4084 MB, Compressed Oops mode: Zero based, Oop shift amount: 3

CDS archive(s) mapped at: [0x0000000800000000-0x0000000800c40000-0x0000000800c40000), size 12845056, SharedBaseAddress: 0x0000000800000000, ArchiveRelocationMode: 0.
Compressed class space mapped at: 0x0000000801000000-0x0000000841000000, reserved size: 1073741824
Narrow klass base: 0x0000000800000000, Narrow klass shift: 0, Narrow klass range: 0x100000000

GC Precious Log:
 CardTable entry size: 512
 Card Set container configuration: InlinePtr #cards 4 size 8 Array Of Cards #cards 8 size 32 Howl #buckets 8 coarsen threshold 3686 Howl Bitmap #cards 512 size 80 coarsen threshold 460 Card regions per heap region 1 cards per card region 4096
 CPUs: 4 total, 4 available
 Memory: 16332M
 Large Page Support: Disabled
 NUMA Support: Disabled
 Compressed Oops: Enabled (Zero based)
 Heap Region Size: 2M
 Heap Min Capacity: 8M
 Heap Initial Capacity: 256M
 Heap Max Capacity: 4084M
 Pre-touch: Disabled
 Parallel Workers: 4
 Concurrent Workers: 1
 Concurrent Refinement Workers: 4
 Periodic GC: Disabled

Heap:
 garbage-first heap   total 288768K, used 178097K [0x0000000700c00000, 0x0000000800000000)
  region size 2048K, 4 young (8192K), 4 survivors (8192K)
 Metaspace       used 30542K, committed 30848K, reserved 1114112K
  class space    used 3293K, committed 3456K, reserved 1048576K

Heap Regions: E=young(eden), S=young(survivor), O=old, HS=humongous(starts), HC=humongous(continues), CS=collection set, F=free, OA=open archive, CA=closed archive, TAMS=top-at-mark-start (previous, next)
|   0|0x0000000700c00000, 0x0000000700e00000, 0x0000000700e00000|100%| O|  |TAMS 0x0000000700e00000, 0x0000000700e00000| Untracked 
|   1|0x0000000700e00000, 0x0000000701000000, 0x0000000701000000|100%| O|  |TAMS 0x0000000701000000, 0x0000000701000000| Untracked 
|   2|0x0000000701000000, 0x0000000701200000, 0x0000000701200000|100%| O|  |TAMS 0x0000000701200000, 0x0000000701200000| Untracked 
|   3|0x0000000701200000, 0x0000000701400000, 0x0000000701400000|100%| O|  |TAMS 0x0000000701400000, 0x0000000701400000| Untracked 
|   4|0x0000000701400000, 0x0000000701600000, 0x0000000701600000|100%| O|  |TAMS 0x0000000701600000, 0x0000000701600000| Untracked 
|   5|0x0000000701600000, 0x0000000701800000, 0x0000000701800000|100%| O|  |TAMS 0x0000000701800000, 0x0000000701800000| Untracked 
|   6|0x0000000701800000, 0x0000000701a00000, 0x0000000701a00000|100%|HS|  |TAMS 0x0000000701a00000, 0x0000000701a00000| Complete 
|   7|0x0000000701a00000, 0x0000000701c00000, 0x0000000701c00000|100%|HC|  |TAMS 0x0000000701c00000, 0x0000000701c00000| Complete 
|   8|0x0000000701c00000, 0x0000000701e00000, 0x0000000701e00000|100%|HC|  |TAMS 0x0000000701e00000, 0x0000000701e00000| Complete 
|   9|0x0000000701e00000, 0x0000000702000000, 0x0000000702000000|100%| O|  |TAMS 0x0000000702000000, 0x0000000702000000| Untracked 
|  10|0x0000000702000000, 0x0000000702200000, 0x0000000702200000|100%| O|  |TAMS 0x0000000702200000, 0x0000000702200000| Untracked 
|  11|0x0000000702200000, 0x0000000702400000, 0x0000000702400000|100%| O|  |TAMS 0x0000000702400000, 0x0000000702400000| Untracked 
|  12|0x0000000702400000, 0x0000000702600000, 0x0000000702600000|100%| O|  |TAMS 0x0000000702600000, 0x0000000702600000| Untracked 
|  13|0x0000000702600000, 0x0000000702800000, 0x0000000702800000|100%| O|  |TAMS 0x0000000702800000, 0x0000000702800000| Untracked 
|  14|0x0000000702800000, 0x0000000702a00000, 0x0000000702a00000|100%| O|  |TAMS 0x0000000702a00000, 0x0000000702a00000| Untracked 
|  15|0x0000000702a00000, 0x0000000702c00000, 0x0000000702c00000|100%| O|  |TAMS 0x0000000702c00000, 0x0000000702c00000| Untracked 
|  16|0x0000000702c00000, 0x0000000702e00000, 0x0000000702e00000|100%| O|  |TAMS 0x0000000702e00000, 0x0000000702e00000| Untracked 
|  17|0x0000000702e00000, 0x0000000703000000, 0x0000000703000000|100%| O|  |TAMS 0x0000000703000000, 0x0000000703000000| Untracked 
|  18|0x0000000703000000, 0x0000000703200000, 0x0000000703200000|100%| O|  |TAMS 0x0000000703200000, 0x0000000703200000| Untracked 
|  19|0x0000000703200000, 0x0000000703400000, 0x0000000703400000|100%| O|  |TAMS 0x0000000703200000, 0x0000000703400000| Untracked 
|  20|0x0000000703400000, 0x0000000703600000, 0x0000000703600000|100%| O|  |TAMS 0x0000000703600000, 0x0000000703600000| Untracked 
|  21|0x0000000703600000, 0x0000000703800000, 0x0000000703800000|100%| O|  |TAMS 0x0000000703800000, 0x0000000703800000| Untracked 
|  22|0x0000000703800000, 0x0000000703a00000, 0x0000000703a00000|100%| O|  |TAMS 0x0000000703a00000, 0x0000000703a00000| Untracked 
|  23|0x0000000703a00000, 0x0000000703c00000, 0x0000000703c00000|100%| O|  |TAMS 0x0000000703c00000, 0x0000000703c00000| Untracked 
|  24|0x0000000703c00000, 0x0000000703e00000, 0x0000000703e00000|100%| O|  |TAMS 0x0000000703e00000, 0x0000000703e00000| Untracked 
|  25|0x0000000703e00000, 0x0000000704000000, 0x0000000704000000|100%| O|  |TAMS 0x0000000704000000, 0x0000000704000000| Untracked 
|  26|0x0000000704000000, 0x0000000704200000, 0x0000000704200000|100%| O|  |TAMS 0x0000000704200000, 0x0000000704200000| Untracked 
|  27|0x0000000704200000, 0x0000000704400000, 0x0000000704400000|100%| O|  |TAMS 0x0000000704400000, 0x0000000704400000| Untracked 
|  28|0x0000000704400000, 0x0000000704600000, 0x0000000704600000|100%| O|  |TAMS 0x0000000704600000, 0x0000000704600000| Untracked 
|  29|0x0000000704600000, 0x0000000704800000, 0x0000000704800000|100%| O|  |TAMS 0x0000000704800000, 0x0000000704800000| Untracked 
|  30|0x0000000704800000, 0x0000000704a00000, 0x0000000704a00000|100%| O|  |TAMS 0x00000007048a0600, 0x0000000704a00000| Untracked 
|  31|0x0000000704a00000, 0x0000000704c00000, 0x0000000704c00000|100%| O|  |TAMS 0x0000000704a00000, 0x0000000704c00000| Untracked 
|  32|0x0000000704c00000, 0x0000000704e00000, 0x0000000704e00000|100%| O|  |TAMS 0x0000000704c00000, 0x0000000704e00000| Untracked 
|  33|0x0000000704e00000, 0x0000000705000000, 0x0000000705000000|100%| O|  |TAMS 0x0000000704e00000, 0x0000000705000000| Untracked 
|  34|0x0000000705000000, 0x0000000705200000, 0x0000000705200000|100%| O|  |TAMS 0x0000000705000000, 0x0000000705200000| Untracked 
|  35|0x0000000705200000, 0x0000000705400000, 0x0000000705400000|100%| O|  |TAMS 0x0000000705200000, 0x0000000705400000| Untracked 
|  36|0x0000000705400000, 0x0000000705600000, 0x0000000705600000|100%| O|  |TAMS 0x0000000705400000, 0x0000000705600000| Untracked 
|  37|0x0000000705600000, 0x0000000705800000, 0x0000000705800000|100%| O|  |TAMS 0x0000000705600000, 0x0000000705800000| Untracked 
|  38|0x0000000705800000, 0x0000000705a00000, 0x0000000705a00000|100%| O|  |TAMS 0x0000000705800000, 0x0000000705a00000| Untracked 
|  39|0x0000000705a00000, 0x0000000705c00000, 0x0000000705c00000|100%| O|  |TAMS 0x0000000705a00000, 0x0000000705c00000| Untracked 
|  40|0x0000000705c00000, 0x0000000705e00000, 0x0000000705e00000|100%| O|  |TAMS 0x0000000705c00000, 0x0000000705e00000| Untracked 
|  41|0x0000000705e00000, 0x0000000706000000, 0x0000000706000000|100%| O|  |TAMS 0x0000000705e00000, 0x0000000706000000| Untracked 
|  42|0x0000000706000000, 0x0000000706200000, 0x0000000706200000|100%| O|  |TAMS 0x0000000706000000, 0x0000000706200000| Untracked 
|  43|0x0000000706200000, 0x0000000706400000, 0x0000000706400000|100%| O|  |TAMS 0x0000000706200000, 0x0000000706400000| Untracked 
|  44|0x0000000706400000, 0x0000000706600000, 0x0000000706600000|100%| O|  |TAMS 0x0000000706400000, 0x0000000706600000| Untracked 
|  45|0x0000000706600000, 0x0000000706800000, 0x0000000706800000|100%| O|  |TAMS 0x0000000706600000, 0x0000000706800000| Untracked 
|  46|0x0000000706800000, 0x0000000706a00000, 0x0000000706a00000|100%| O|  |TAMS 0x0000000706800000, 0x0000000706a00000| Untracked 
|  47|0x0000000706a00000, 0x0000000706c00000, 0x0000000706c00000|100%| O|  |TAMS 0x0000000706a00000, 0x0000000706c00000| Untracked 
|  48|0x0000000706c00000, 0x0000000706e00000, 0x0000000706e00000|100%| O|  |TAMS 0x0000000706c00000, 0x0000000706e00000| Untracked 
|  49|0x0000000706e00000, 0x0000000707000000, 0x0000000707000000|100%| O|  |TAMS 0x0000000706e00000, 0x0000000707000000| Untracked 
|  50|0x0000000707000000, 0x0000000707200000, 0x0000000707200000|100%| O|  |TAMS 0x0000000707000000, 0x0000000707200000| Untracked 
|  51|0x0000000707200000, 0x0000000707400000, 0x0000000707400000|100%| O|  |TAMS 0x0000000707200000, 0x0000000707400000| Untracked 
|  52|0x0000000707400000, 0x0000000707600000, 0x0000000707600000|100%| O|  |TAMS 0x0000000707400000, 0x0000000707600000| Untracked 
|  53|0x0000000707600000, 0x0000000707800000, 0x0000000707800000|100%| O|  |TAMS 0x0000000707600000, 0x0000000707800000| Untracked 
|  54|0x0000000707800000, 0x0000000707a00000, 0x0000000707a00000|100%| O|  |TAMS 0x0000000707800000, 0x0000000707a00000| Untracked 
|  55|0x0000000707a00000, 0x0000000707c00000, 0x0000000707c00000|100%| O|  |TAMS 0x0000000707a00000, 0x0000000707c00000| Untracked 
|  56|0x0000000707c00000, 0x0000000707e00000, 0x0000000707e00000|100%| O|  |TAMS 0x0000000707c00000, 0x0000000707e00000| Untracked 
|  57|0x0000000707e00000, 0x0000000708000000, 0x0000000708000000|100%| O|  |TAMS 0x0000000707e00000, 0x0000000708000000| Untracked 
|  58|0x0000000708000000, 0x0000000708200000, 0x0000000708200000|100%| O|  |TAMS 0x0000000708000000, 0x0000000708200000| Untracked 
|  59|0x0000000708200000, 0x0000000708400000, 0x0000000708400000|100%| O|  |TAMS 0x0000000708200000, 0x0000000708400000| Untracked 
|  60|0x0000000708400000, 0x0000000708600000, 0x0000000708600000|100%| O|  |TAMS 0x0000000708400000, 0x0000000708600000| Untracked 
|  61|0x0000000708600000, 0x0000000708800000, 0x0000000708800000|100%| O|  |TAMS 0x0000000708600000, 0x0000000708800000| Untracked 
|  62|0x0000000708800000, 0x0000000708a00000, 0x0000000708a00000|100%| O|  |TAMS 0x0000000708800000, 0x0000000708a00000| Untracked 
|  63|0x0000000708a00000, 0x0000000708c00000, 0x0000000708c00000|100%| O|  |TAMS 0x0000000708a00000, 0x0000000708b98800| Untracked 
|  64|0x0000000708c00000, 0x0000000708e00000, 0x0000000708e00000|100%| O|  |TAMS 0x0000000708c00000, 0x0000000708c00000| Untracked 
|  65|0x0000000708e00000, 0x0000000709000000, 0x0000000709000000|100%| O|  |TAMS 0x0000000708e00000, 0x0000000708e00000| Untracked 
|  66|0x0000000709000000, 0x0000000709200000, 0x0000000709200000|100%| O|  |TAMS 0x0000000709000000, 0x0000000709000000| Untracked 
|  67|0x0000000709200000, 0x0000000709400000, 0x0000000709400000|100%| O|  |TAMS 0x0000000709200000, 0x0000000709200000| Untracked 
|  68|0x0000000709400000, 0x0000000709600000, 0x0000000709600000|100%| O|  |TAMS 0x0000000709400000, 0x0000000709400000| Untracked 
|  69|0x0000000709600000, 0x0000000709800000, 0x0000000709800000|100%| O|  |TAMS 0x0000000709600000, 0x0000000709600000| Untracked 
|  70|0x0000000709800000, 0x0000000709a00000, 0x0000000709a00000|100%| O|  |TAMS 0x0000000709800000, 0x0000000709800000| Untracked 
|  71|0x0000000709a00000, 0x0000000709c00000, 0x0000000709c00000|100%| O|  |TAMS 0x0000000709a00000, 0x0000000709a00000| Untracked 
|  72|0x0000000709c00000, 0x0000000709e00000, 0x0000000709e00000|100%| O|  |TAMS 0x0000000709c00000, 0x0000000709c00000| Untracked 
|  73|0x0000000709e00000, 0x000000070a000000, 0x000000070a000000|100%| O|  |TAMS 0x0000000709e00000, 0x0000000709e00000| Untracked 
|  74|0x000000070a000000, 0x000000070a200000, 0x000000070a200000|100%| O|  |TAMS 0x000000070a000000, 0x000000070a000000| Untracked 
|  75|0x000000070a200000, 0x000000070a400000, 0x000000070a400000|100%| O|  |TAMS 0x000000070a200000, 0x000000070a200000| Untracked 
|  76|0x000000070a400000, 0x000000070a600000, 0x000000070a600000|100%| O|  |TAMS 0x000000070a400000, 0x000000070a400000| Untracked 
|  77|0x000000070a600000, 0x000000070a800000, 0x000000070a800000|100%| O|  |TAMS 0x000000070a600000, 0x000000070a600000| Untracked 
|  78|0x000000070a800000, 0x000000070aa00000, 0x000000070aa00000|100%| O|  |TAMS 0x000000070a800000, 0x000000070a800000| Untracked 
|  79|0x000000070aa00000, 0x000000070ac00000, 0x000000070ac00000|100%| O|  |TAMS 0x000000070aa00000, 0x000000070aa00000| Untracked 
|  80|0x000000070ac00000, 0x000000070ae00000, 0x000000070ae00000|100%| O|  |TAMS 0x000000070ac00000, 0x000000070ac00000| Untracked 
|  81|0x000000070ae00000, 0x000000070afec600, 0x000000070b000000| 96%| O|  |TAMS 0x000000070ae00000, 0x000000070ae00000| Untracked 
|  82|0x000000070b000000, 0x000000070b000000, 0x000000070b200000|  0%| F|  |TAMS 0x000000070b000000, 0x000000070b000000| Untracked 
|  83|0x000000070b200000, 0x000000070b200000, 0x000000070b400000|  0%| F|  |TAMS 0x000000070b200000, 0x000000070b200000| Untracked 
|  84|0x000000070b400000, 0x000000070b400000, 0x000000070b600000|  0%| F|  |TAMS 0x000000070b400000, 0x000000070b400000| Untracked 
|  85|0x000000070b600000, 0x000000070b600000, 0x000000070b800000|  0%| F|  |TAMS 0x000000070b600000, 0x000000070b600000| Untracked 
|  86|0x000000070b800000, 0x000000070b800000, 0x000000070ba00000|  0%| F|  |TAMS 0x000000070b800000, 0x000000070b800000| Untracked 
|  87|0x000000070ba00000, 0x000000070ba00000, 0x000000070bc00000|  0%| F|  |TAMS 0x000000070ba00000, 0x000000070ba00000| Untracked 
|  88|0x000000070bc00000, 0x000000070bc00000, 0x000000070be00000|  0%| F|  |TAMS 0x000000070bc00000, 0x000000070bc00000| Untracked 
|  89|0x000000070be00000, 0x000000070be00000, 0x000000070c000000|  0%| F|  |TAMS 0x000000070be00000, 0x000000070be00000| Untracked 
|  90|0x000000070c000000, 0x000000070c000000, 0x000000070c200000|  0%| F|  |TAMS 0x000000070c000000, 0x000000070c000000| Untracked 
|  91|0x000000070c200000, 0x000000070c200000, 0x000000070c400000|  0%| F|  |TAMS 0x000000070c200000, 0x000000070c200000| Untracked 
|  92|0x000000070c400000, 0x000000070c400000, 0x000000070c600000|  0%| F|  |TAMS 0x000000070c400000, 0x000000070c400000| Untracked 
|  93|0x000000070c600000, 0x000000070c600000, 0x000000070c800000|  0%| F|  |TAMS 0x000000070c600000, 0x000000070c600000| Untracked 
|  94|0x000000070c800000, 0x000000070c800000, 0x000000070ca00000|  0%| F|  |TAMS 0x000000070c800000, 0x000000070c800000| Untracked 
|  95|0x000000070ca00000, 0x000000070ca00000, 0x000000070cc00000|  0%| F|  |TAMS 0x000000070ca00000, 0x000000070ca00000| Untracked 
|  96|0x000000070cc00000, 0x000000070cc00000, 0x000000070ce00000|  0%| F|  |TAMS 0x000000070cc00000, 0x000000070cc00000| Untracked 
|  97|0x000000070ce00000, 0x000000070ce00000, 0x000000070d000000|  0%| F|  |TAMS 0x000000070ce00000, 0x000000070ce00000| Untracked 
|  98|0x000000070d000000, 0x000000070d000000, 0x000000070d200000|  0%| F|  |TAMS 0x000000070d000000, 0x000000070d000000| Untracked 
|  99|0x000000070d200000, 0x000000070d200000, 0x000000070d400000|  0%| F|  |TAMS 0x000000070d200000, 0x000000070d200000| Untracked 
| 100|0x000000070d400000, 0x000000070d400000, 0x000000070d600000|  0%| F|  |TAMS 0x000000070d400000, 0x000000070d400000| Untracked 
| 101|0x000000070d600000, 0x000000070d600000, 0x000000070d800000|  0%| F|  |TAMS 0x000000070d600000, 0x000000070d600000| Untracked 
| 102|0x000000070d800000, 0x000000070d800000, 0x000000070da00000|  0%| F|  |TAMS 0x000000070d800000, 0x000000070d800000| Untracked 
| 103|0x000000070da00000, 0x000000070da00000, 0x000000070dc00000|  0%| F|  |TAMS 0x000000070da00000, 0x000000070da00000| Untracked 
| 104|0x000000070dc00000, 0x000000070dc00000, 0x000000070de00000|  0%| F|  |TAMS 0x000000070dc00000, 0x000000070dc00000| Untracked 
| 105|0x000000070de00000, 0x000000070de00000, 0x000000070e000000|  0%| F|  |TAMS 0x000000070de00000, 0x000000070de00000| Untracked 
| 106|0x000000070e000000, 0x000000070e000000, 0x000000070e200000|  0%| F|  |TAMS 0x000000070e000000, 0x000000070e000000| Untracked 
| 107|0x000000070e200000, 0x000000070e200000, 0x000000070e400000|  0%| F|  |TAMS 0x000000070e200000, 0x000000070e200000| Untracked 
| 108|0x000000070e400000, 0x000000070e600000, 0x000000070e600000|100%| S|CS|TAMS 0x000000070e400000, 0x000000070e400000| Complete 
| 109|0x000000070e600000, 0x000000070e600000, 0x000000070e800000|  0%| F|  |TAMS 0x000000070e600000, 0x000000070e600000| Untracked 
| 110|0x000000070e800000, 0x000000070e800000, 0x000000070ea00000|  0%| F|  |TAMS 0x000000070e800000, 0x000000070e800000| Untracked 
| 111|0x000000070ea00000, 0x000000070ea00000, 0x000000070ec00000|  0%| F|  |TAMS 0x000000070ea00000, 0x000000070ea00000| Untracked 
| 112|0x000000070ec00000, 0x000000070ec00000, 0x000000070ee00000|  0%| F|  |TAMS 0x000000070ec00000, 0x000000070ec00000| Untracked 
| 113|0x000000070ee00000, 0x000000070f000000, 0x000000070f000000|100%| S|CS|TAMS 0x000000070ee00000, 0x000000070ee00000| Complete 
| 114|0x000000070f000000, 0x000000070f200000, 0x000000070f200000|100%| S|CS|TAMS 0x000000070f000000, 0x000000070f000000| Complete 
| 115|0x000000070f200000, 0x000000070f400000, 0x000000070f400000|100%| S|CS|TAMS 0x000000070f200000, 0x000000070f200000| Complete 
| 116|0x000000070f400000, 0x000000070f400000, 0x000000070f600000|  0%| F|  |TAMS 0x000000070f400000, 0x000000070f400000| Untracked 
| 117|0x000000070f600000, 0x000000070f600000, 0x000000070f800000|  0%| F|  |TAMS 0x000000070f600000, 0x000000070f600000| Untracked 
| 118|0x000000070f800000, 0x000000070f800000, 0x000000070fa00000|  0%| F|  |TAMS 0x000000070f800000, 0x000000070f800000| Untracked 
| 119|0x000000070fa00000, 0x000000070fa00000, 0x000000070fc00000|  0%| F|  |TAMS 0x000000070fa00000, 0x000000070fa00000| Untracked 
| 120|0x000000070fc00000, 0x000000070fc00000, 0x000000070fe00000|  0%| F|  |TAMS 0x000000070fc00000, 0x000000070fc00000| Untracked 
| 121|0x000000070fe00000, 0x000000070fe00000, 0x0000000710000000|  0%| F|  |TAMS 0x000000070fe00000, 0x000000070fe00000| Untracked 
| 122|0x0000000710000000, 0x0000000710000000, 0x0000000710200000|  0%| F|  |TAMS 0x0000000710000000, 0x0000000710000000| Untracked 
| 123|0x0000000710200000, 0x0000000710200000, 0x0000000710400000|  0%| F|  |TAMS 0x0000000710200000, 0x0000000710200000| Untracked 
| 124|0x0000000710400000, 0x0000000710400000, 0x0000000710600000|  0%| F|  |TAMS 0x0000000710400000, 0x0000000710400000| Untracked 
| 125|0x0000000710600000, 0x0000000710600000, 0x0000000710800000|  0%| F|  |TAMS 0x0000000710600000, 0x0000000710600000| Untracked 
| 126|0x0000000710800000, 0x0000000710800000, 0x0000000710a00000|  0%| F|  |TAMS 0x0000000710800000, 0x0000000710800000| Untracked 
| 127|0x0000000710a00000, 0x0000000710a00000, 0x0000000710c00000|  0%| F|  |TAMS 0x0000000710a00000, 0x0000000710a00000| Untracked 
| 128|0x0000000710c00000, 0x0000000710c00000, 0x0000000710e00000|  0%| F|  |TAMS 0x0000000710c00000, 0x0000000710c00000| Untracked 
| 129|0x0000000710e00000, 0x0000000710e00000, 0x0000000711000000|  0%| F|  |TAMS 0x0000000710e00000, 0x0000000710e00000| Untracked 
| 130|0x0000000711000000, 0x0000000711000000, 0x0000000711200000|  0%| F|  |TAMS 0x0000000711000000, 0x0000000711000000| Untracked 
| 131|0x0000000711200000, 0x0000000711200000, 0x0000000711400000|  0%| F|  |TAMS 0x0000000711200000, 0x0000000711200000| Untracked 
| 132|0x0000000711400000, 0x0000000711400000, 0x0000000711600000|  0%| F|  |TAMS 0x0000000711400000, 0x0000000711400000| Untracked 
| 133|0x0000000711600000, 0x0000000711600000, 0x0000000711800000|  0%| F|  |TAMS 0x0000000711600000, 0x0000000711600000| Untracked 
| 134|0x0000000711800000, 0x0000000711800000, 0x0000000711a00000|  0%| F|  |TAMS 0x0000000711800000, 0x0000000711800000| Untracked 
| 135|0x0000000711a00000, 0x0000000711a00000, 0x0000000711c00000|  0%| F|  |TAMS 0x0000000711a00000, 0x0000000711a00000| Untracked 
| 136|0x0000000711c00000, 0x0000000711c00000, 0x0000000711e00000|  0%| F|  |TAMS 0x0000000711c00000, 0x0000000711c00000| Untracked 
| 137|0x0000000711e00000, 0x0000000711e00000, 0x0000000712000000|  0%| F|  |TAMS 0x0000000711e00000, 0x0000000711e00000| Untracked 
| 138|0x0000000712000000, 0x0000000712000000, 0x0000000712200000|  0%| F|  |TAMS 0x0000000712000000, 0x0000000712000000| Untracked 
| 139|0x0000000712200000, 0x0000000712200000, 0x0000000712400000|  0%| F|  |TAMS 0x0000000712200000, 0x0000000712200000| Untracked 
|2041|0x00000007ffe00000, 0x0000000800000000, 0x0000000800000000|100%| O|  |TAMS 0x0000000800000000, 0x0000000800000000| Untracked 

Card table byte_map: [0x000001c2eb310000,0x000001c2ebb10000] _byte_map_base: 0x000001c2e7b0a000

Marking Bits (Prev, Next): (CMBitMap*) 0x000001c2d3c2c540, (CMBitMap*) 0x000001c2d3c2c500
 Prev Bits: [0x000001c2f02e0000, 0x000001c2f42b0000)
 Next Bits: [0x000001c2ec310000, 0x000001c2f02e0000)

Polling page: 0x000001c2d1b80000

Metaspace:

Usage:
  Non-class:     26.61 MB used.
      Class:      3.22 MB used.
       Both:     29.83 MB used.

Virtual space:
  Non-class space:       64.00 MB reserved,      26.75 MB ( 42%) committed,  1 nodes.
      Class space:        1.00 GB reserved,       3.38 MB ( <1%) committed,  1 nodes.
             Both:        1.06 GB reserved,      30.12 MB (  3%) committed. 

Chunk freelists:
   Non-Class:  816.00 KB
       Class:  688.00 KB
        Both:  1.47 MB

MaxMetaspaceSize: unlimited
CompressedClassSpaceSize: 1.00 GB
Initial GC threshold: 21.00 MB
Current GC threshold: 49.62 MB
CDS: on
MetaspaceReclaimPolicy: balanced
 - commit_granule_bytes: 65536.
 - commit_granule_words: 8192.
 - virtual_space_node_default_size: 8388608.
 - enlarge_chunks_in_place: 1.
 - new_chunks_are_fully_committed: 0.
 - uncommit_free_chunks: 1.
 - use_allocation_guard: 0.


Internal statistics:

num_allocs_failed_limit: 3.
num_arena_births: 214.
num_arena_deaths: 0.
num_vsnodes_births: 2.
num_vsnodes_deaths: 0.
num_space_committed: 482.
num_space_uncommitted: 0.
num_chunks_returned_to_freelist: 3.
num_chunks_taken_from_freelist: 889.
num_chunk_merges: 3.
num_chunk_splits: 677.
num_chunks_enlarged: 565.
num_inconsistent_stats: 0.

CodeHeap 'non-profiled nmethods': size=120000Kb used=2530Kb max_used=2530Kb free=117469Kb
 bounds [0x000001c2e35e0000, 0x000001c2e3860000, 0x000001c2eab10000]
CodeHeap 'profiled nmethods': size=120000Kb used=8844Kb max_used=8844Kb free=111155Kb
 bounds [0x000001c2dbb10000, 0x000001c2dc3c0000, 0x000001c2e3040000]
CodeHeap 'non-nmethods': size=5760Kb used=1447Kb max_used=1486Kb free=4312Kb
 bounds [0x000001c2e3040000, 0x000001c2e32b0000, 0x000001c2e35e0000]
 total_blobs=5271 nmethods=4568 adapters=612
 compilation: enabled
              stopped_count=0, restarted_count=0
 full_count=0

Compilation events (20 events):
Event: 84.881 Thread 0x000001c2f6795160 4575       2       org.apache.fontbox.ttf.TTFDataStream::read32Fixed (19 bytes)
Event: 84.881 Thread 0x000001c2f6795160 nmethod 4575 0x000001c2dc3ae210 code [0x000001c2dc3ae3e0, 0x000001c2dc3ae558]
Event: 84.886 Thread 0x000001c2fc245390 nmethod 4562 0x000001c2e3855310 code [0x000001c2e38554e0, 0x000001c2e3856558]
Event: 84.887 Thread 0x000001c2fc245390 4576       4       java.util.TreeMap::compare (32 bytes)
Event: 84.888 Thread 0x000001c2f6795160 4577       2       java.util.Calendar::isSet (15 bytes)
Event: 84.888 Thread 0x000001c2f6795160 nmethod 4577 0x000001c2dc3ae610 code [0x000001c2dc3ae7a0, 0x000001c2dc3ae8f8]
Event: 84.889 Thread 0x000001c2fc245390 nmethod 4576 0x000001c2e3856a10 code [0x000001c2e3856ba0, 0x000001c2e3856dd8]
Event: 84.889 Thread 0x000001c2fc245390 4572       4       java.util.TreeMap::get (19 bytes)
Event: 84.889 Thread 0x000001c2f6795160 4578       1       org.apache.fontbox.util.BoundingBox::getLowerLeftY (5 bytes)
Event: 84.889 Thread 0x000001c2f6795160 nmethod 4578 0x000001c2e3856f90 code [0x000001c2e3857120, 0x000001c2e38571f8]
Event: 84.891 Thread 0x000001c2fc245390 nmethod 4572 0x000001c2e3857290 code [0x000001c2e3857420, 0x000001c2e38575c8]
Event: 84.891 Thread 0x000001c2fc245390 4559       4       org.apache.pdfbox.pdfparser.RandomAccessSource::peek (10 bytes)
Event: 84.892 Thread 0x000001c2f6795160 4579       2       java.util.GregorianCalendar::computeFields (1581 bytes)
Event: 84.895 Thread 0x000001c2f6795160 nmethod 4579 0x000001c2dc3aea10 code [0x000001c2dc3aee60, 0x000001c2dc3b12d8]
Event: 84.895 Thread 0x000001c2f6795160 4580       2       sun.util.calendar.ZoneInfo::getOffsets (8 bytes)
Event: 84.895 Thread 0x000001c2f6795160 nmethod 4580 0x000001c2dc3b2e10 code [0x000001c2dc3b2fc0, 0x000001c2dc3b30e8]
Event: 84.897 Thread 0x000001c2fc245390 nmethod 4559 0x000001c2e3857790 code [0x000001c2e3857980, 0x000001c2e3858170]
Event: 84.897 Thread 0x000001c2fc245390 4517       4       java.lang.StringUTF16::charAt (11 bytes)
Event: 84.898 Thread 0x000001c2fc245390 nmethod 4517 0x000001c2e3858710 code [0x000001c2e38588a0, 0x000001c2e3858938]
Event: 84.898 Thread 0x000001c2fc245390 4558       4       org.apache.pdfbox.pdfparser.RandomAccessSource::unread (11 bytes)

GC Heap History (20 events):
Event: 83.501 GC heap after
{Heap after GC invocations=12 (full 0):
 garbage-first heap   total 143360K, used 45573K [0x0000000700c00000, 0x0000000800000000)
  region size 2048K, 1 young (2048K), 1 survivors (2048K)
 Metaspace       used 29848K, committed 30144K, reserved 1114112K
  class space    used 3255K, committed 3392K, reserved 1048576K
}
Event: 83.695 GC heap before
{Heap before GC invocations=12 (full 0):
 garbage-first heap   total 143360K, used 90629K [0x0000000700c00000, 0x0000000800000000)
  region size 2048K, 23 young (47104K), 1 survivors (2048K)
 Metaspace       used 30042K, committed 30336K, reserved 1114112K
  class space    used 3264K, committed 3392K, reserved 1048576K
}
Event: 83.705 GC heap after
{Heap after GC invocations=13 (full 0):
 garbage-first heap   total 143360K, used 57046K [0x0000000700c00000, 0x0000000800000000)
  region size 2048K, 3 young (6144K), 3 survivors (6144K)
 Metaspace       used 30042K, committed 30336K, reserved 1114112K
  class space    used 3264K, committed 3392K, reserved 1048576K
}
Event: 83.849 GC heap before
{Heap before GC invocations=13 (full 0):
 garbage-first heap   total 143360K, used 93910K [0x0000000700c00000, 0x0000000800000000)
  region size 2048K, 21 young (43008K), 3 survivors (6144K)
 Metaspace       used 30103K, committed 30336K, reserved 1114112K
  class space    used 3264K, committed 3392K, reserved 1048576K
}
Event: 83.854 GC heap after
{Heap after GC invocations=14 (full 0):
 garbage-first heap   total 143360K, used 58884K [0x0000000700c00000, 0x0000000800000000)
  region size 2048K, 1 young (2048K), 1 survivors (2048K)
 Metaspace       used 30103K, committed 30336K, reserved 1114112K
  class space    used 3264K, committed 3392K, reserved 1048576K
}
Event: 83.979 GC heap before
{Heap before GC invocations=14 (full 0):
 garbage-first heap   total 143360K, used 97796K [0x0000000700c00000, 0x0000000800000000)
  region size 2048K, 20 young (40960K), 1 survivors (2048K)
 Metaspace       used 30122K, committed 30336K, reserved 1114112K
  class space    used 3264K, committed 3392K, reserved 1048576K
}
Event: 83.980 GC heap after
{Heap after GC invocations=15 (full 0):
 garbage-first heap   total 143360K, used 59061K [0x0000000700c00000, 0x0000000800000000)
  region size 2048K, 1 young (2048K), 1 survivors (2048K)
 Metaspace       used 30122K, committed 30336K, reserved 1114112K
  class space    used 3264K, committed 3392K, reserved 1048576K
}
Event: 84.057 GC heap before
{Heap before GC invocations=15 (full 0):
 garbage-first heap   total 143360K, used 100021K [0x0000000700c00000, 0x0000000800000000)
  region size 2048K, 22 young (45056K), 1 survivors (2048K)
 Metaspace       used 30134K, committed 30400K, reserved 1114112K
  class space    used 3264K, committed 3392K, reserved 1048576K
}
Event: 84.069 GC heap after
{Heap after GC invocations=16 (full 0):
 garbage-first heap   total 143360K, used 70273K [0x0000000700c00000, 0x0000000800000000)
  region size 2048K, 3 young (6144K), 3 survivors (6144K)
 Metaspace       used 30134K, committed 30400K, reserved 1114112K
  class space    used 3264K, committed 3392K, reserved 1048576K
}
Event: 84.165 GC heap before
{Heap before GC invocations=16 (full 0):
 garbage-first heap   total 143360K, used 103041K [0x0000000700c00000, 0x0000000800000000)
  region size 2048K, 20 young (40960K), 3 survivors (6144K)
 Metaspace       used 30152K, committed 30464K, reserved 1114112K
  class space    used 3264K, committed 3392K, reserved 1048576K
}
Event: 84.170 GC heap after
{Heap after GC invocations=17 (full 0):
 garbage-first heap   total 288768K, used 73374K [0x0000000700c00000, 0x0000000800000000)
  region size 2048K, 2 young (4096K), 2 survivors (4096K)
 Metaspace       used 30152K, committed 30464K, reserved 1114112K
  class space    used 3264K, committed 3392K, reserved 1048576K
}
Event: 84.442 GC heap before
{Heap before GC invocations=18 (full 0):
 garbage-first heap   total 288768K, used 198302K [0x0000000700c00000, 0x0000000800000000)
  region size 2048K, 64 young (131072K), 2 survivors (4096K)
 Metaspace       used 30173K, committed 30464K, reserved 1114112K
  class space    used 3264K, committed 3392K, reserved 1048576K
}
Event: 84.471 GC heap after
{Heap after GC invocations=19 (full 0):
 garbage-first heap   total 288768K, used 113437K [0x0000000700c00000, 0x0000000800000000)
  region size 2048K, 8 young (16384K), 8 survivors (16384K)
 Metaspace       used 30173K, committed 30464K, reserved 1114112K
  class space    used 3264K, committed 3392K, reserved 1048576K
}
Event: 84.472 GC heap before
{Heap before GC invocations=19 (full 0):
 garbage-first heap   total 288768K, used 115485K [0x0000000700c00000, 0x0000000800000000)
  region size 2048K, 9 young (18432K), 8 survivors (16384K)
 Metaspace       used 30174K, committed 30464K, reserved 1114112K
  class space    used 3264K, committed 3392K, reserved 1048576K
}
Event: 84.481 GC heap after
{Heap after GC invocations=20 (full 0):
 garbage-first heap   total 288768K, used 114983K [0x0000000700c00000, 0x0000000800000000)
  region size 2048K, 1 young (2048K), 1 survivors (2048K)
 Metaspace       used 30174K, committed 30464K, reserved 1114112K
  class space    used 3264K, committed 3392K, reserved 1048576K
}
Event: 84.557 GC heap before
{Heap before GC invocations=20 (full 0):
 garbage-first heap   total 288768K, used 180519K [0x0000000700c00000, 0x0000000800000000)
  region size 2048K, 34 young (69632K), 1 survivors (2048K)
 Metaspace       used 30183K, committed 30464K, reserved 1114112K
  class space    used 3264K, committed 3392K, reserved 1048576K
}
Event: 84.571 GC heap after
{Heap after GC invocations=21 (full 0):
 garbage-first heap   total 288768K, used 142946K [0x0000000700c00000, 0x0000000800000000)
  region size 2048K, 5 young (10240K), 5 survivors (10240K)
 Metaspace       used 30183K, committed 30464K, reserved 1114112K
  class space    used 3264K, committed 3392K, reserved 1048576K
}
Event: 84.707 GC heap before
{Heap before GC invocations=21 (full 0):
 garbage-first heap   total 288768K, used 196194K [0x0000000700c00000, 0x0000000800000000)
  region size 2048K, 32 young (65536K), 5 survivors (10240K)
 Metaspace       used 30473K, committed 30784K, reserved 1114112K
  class space    used 3292K, committed 3456K, reserved 1048576K
}
Event: 84.721 GC heap after
{Heap after GC invocations=22 (full 0):
 garbage-first heap   total 288768K, used 160605K [0x0000000700c00000, 0x0000000800000000)
  region size 2048K, 4 young (8192K), 4 survivors (8192K)
 Metaspace       used 30473K, committed 30784K, reserved 1114112K
  class space    used 3292K, committed 3456K, reserved 1048576K
}
Event: 84.899 GC heap before
{Heap before GC invocations=22 (full 0):
 garbage-first heap   total 288768K, used 209757K [0x0000000700c00000, 0x0000000800000000)
  region size 2048K, 28 young (57344K), 4 survivors (8192K)
 Metaspace       used 30542K, committed 30848K, reserved 1114112K
  class space    used 3293K, committed 3456K, reserved 1048576K
}

Dll operation events (12 events):
Event: 0.009 Loaded shared library C:\Program Files\Java\jdk-19\bin\java.dll
Event: 0.030 Loaded shared library C:\Program Files\Java\jdk-19\bin\jsvml.dll
Event: 0.210 Loaded shared library C:\Program Files\Java\jdk-19\bin\jimage.dll
Event: 0.238 Loaded shared library C:\Program Files\Java\jdk-19\bin\net.dll
Event: 0.240 Loaded shared library C:\Program Files\Java\jdk-19\bin\nio.dll
Event: 0.243 Loaded shared library C:\Program Files\Java\jdk-19\bin\zip.dll
Event: 0.577 Loaded shared library C:\Program Files\Java\jdk-19\bin\extnet.dll
Event: 0.639 Loaded shared library C:\Program Files\Java\jdk-19\bin\sunmscapi.dll
Event: 1.173 Loaded shared library C:\Program Files\Java\jdk-19\bin\verify.dll
Event: 1.606 Loaded shared library C:\Program Files\Java\jdk-19\bin\management.dll
Event: 1.609 Loaded shared library C:\Program Files\Java\jdk-19\bin\management_ext.dll
Event: 4.669 Loaded shared library C:\Program Files\Java\jdk-19\bin\awt.dll

Deoptimization events (20 events):
Event: 84.842 Thread 0x000001c2d3bba560 Uncommon trap: trap_request=0xffffffde fr.pc=0x000001c2e37949a4 relative=0x0000000000000104
Event: 84.842 Thread 0x000001c2d3bba560 Uncommon trap: reason=class_check action=maybe_recompile pc=0x000001c2e37949a4 method=java.util.TreeMap.compare(Ljava/lang/Object;Ljava/lang/Object;)I @ 8 c2
Event: 84.842 Thread 0x000001c2d3bba560 DEOPT PACKING pc=0x000001c2e37949a4 sp=0x00000050e16feec0
Event: 84.842 Thread 0x000001c2d3bba560 DEOPT UNPACKING pc=0x000001c2e30a6da3 sp=0x00000050e16fee58 mode 2
Event: 84.842 Thread 0x000001c2d3bba560 Uncommon trap: trap_request=0xffffff45 fr.pc=0x000001c2e372f5a4 relative=0x0000000000000084
Event: 84.842 Thread 0x000001c2d3bba560 Uncommon trap: reason=unstable_if action=reinterpret pc=0x000001c2e372f5a4 method=java.lang.Integer.compare(II)I @ 11 c2
Event: 84.842 Thread 0x000001c2d3bba560 DEOPT PACKING pc=0x000001c2e372f5a4 sp=0x00000050e16fee40
Event: 84.842 Thread 0x000001c2d3bba560 DEOPT UNPACKING pc=0x000001c2e30a6da3 sp=0x00000050e16fed08 mode 2
Event: 84.842 Thread 0x000001c2d3bba560 Uncommon trap: trap_request=0xffffffde fr.pc=0x000001c2e37949a4 relative=0x0000000000000104
Event: 84.842 Thread 0x000001c2d3bba560 Uncommon trap: reason=class_check action=maybe_recompile pc=0x000001c2e37949a4 method=java.util.TreeMap.compare(Ljava/lang/Object;Ljava/lang/Object;)I @ 8 c2
Event: 84.842 Thread 0x000001c2d3bba560 DEOPT PACKING pc=0x000001c2e37949a4 sp=0x00000050e16ff1e0
Event: 84.842 Thread 0x000001c2d3bba560 DEOPT UNPACKING pc=0x000001c2e30a6da3 sp=0x00000050e16ff178 mode 2
Event: 84.843 Thread 0x000001c2d3bba560 Uncommon trap: trap_request=0xffffffde fr.pc=0x000001c2e37949a4 relative=0x0000000000000104
Event: 84.843 Thread 0x000001c2d3bba560 Uncommon trap: reason=class_check action=maybe_recompile pc=0x000001c2e37949a4 method=java.util.TreeMap.compare(Ljava/lang/Object;Ljava/lang/Object;)I @ 8 c2
Event: 84.843 Thread 0x000001c2d3bba560 DEOPT PACKING pc=0x000001c2e37949a4 sp=0x00000050e16fee70
Event: 84.843 Thread 0x000001c2d3bba560 DEOPT UNPACKING pc=0x000001c2e30a6da3 sp=0x00000050e16fee08 mode 2
Event: 84.878 Thread 0x000001c2d3bba560 Uncommon trap: trap_request=0xffffffde fr.pc=0x000001c2e37949a4 relative=0x0000000000000104
Event: 84.878 Thread 0x000001c2d3bba560 Uncommon trap: reason=class_check action=maybe_recompile pc=0x000001c2e37949a4 method=java.util.TreeMap.compare(Ljava/lang/Object;Ljava/lang/Object;)I @ 8 c2
Event: 84.878 Thread 0x000001c2d3bba560 DEOPT PACKING pc=0x000001c2e37949a4 sp=0x00000050e16ff1e0
Event: 84.878 Thread 0x000001c2d3bba560 DEOPT UNPACKING pc=0x000001c2e30a6da3 sp=0x00000050e16ff178 mode 2

Classes loaded (20 events):
Event: 83.558 Loading class jdk/internal/math/FDBigInteger
Event: 83.559 Loading class jdk/internal/math/FDBigInteger done
Event: 83.561 Loading class java/text/Bidi
Event: 83.561 Loading class java/text/Bidi done
Event: 83.561 Loading class jdk/internal/icu/text/BidiBase
Event: 83.562 Loading class jdk/internal/icu/text/BidiBase done
Event: 83.562 Loading class jdk/internal/icu/text/BidiBase$ImpTabPair
Event: 83.562 Loading class jdk/internal/icu/text/BidiBase$ImpTabPair done
Event: 83.562 Loading class jdk/internal/icu/text/BidiRun
Event: 83.562 Loading class jdk/internal/icu/text/BidiRun done
Event: 83.563 Loading class jdk/internal/icu/text/BidiBase$InsertPoints
Event: 83.563 Loading class jdk/internal/icu/text/BidiBase$InsertPoints done
Event: 83.563 Loading class jdk/internal/icu/text/BidiBase$Point
Event: 83.563 Loading class jdk/internal/icu/text/BidiBase$Point done
Event: 83.563 Loading class jdk/internal/icu/impl/UBiDiProps
Event: 83.563 Loading class jdk/internal/icu/impl/UBiDiProps done
Event: 83.563 Loading class jdk/internal/icu/impl/UBiDiProps$IsAcceptable
Event: 83.563 Loading class jdk/internal/icu/impl/UBiDiProps$IsAcceptable done
Event: 83.564 Loading class jdk/internal/icu/text/UTF16
Event: 83.564 Loading class jdk/internal/icu/text/UTF16 done

Classes unloaded (0 events):
No events

Classes redefined (0 events):
No events

Internal exceptions (20 events):
Event: 1.838 Thread 0x000001c2fbd35090 Exception <a 'java/net/ConnectException'{0x000000070f77afa8}: Connection refused: no further information> (0x000000070f77afa8) 
thrown [s\open\src\hotspot\share\prims\jni.cpp, line 536]
Event: 1.886 Thread 0x000001c2fbd35090 Exception <a 'java/net/ConnectException'{0x000000070f77bf48}: Connection refused: no further information> (0x000000070f77bf48) 
thrown [s\open\src\hotspot\share\prims\jni.cpp, line 536]
Event: 1.993 Thread 0x000001c2d3bba560 Exception <a 'java/lang/NoSuchMethodError'{0x000000070f455318}: 'int java.lang.invoke.DirectMethodHandle$Holder.invokeVirtual(java.lang.Object, java.lang.Object)'> (0x000000070f455318) 
thrown [s\open\src\hotspot\share\interpreter\linkResolver.cpp, line 774]
Event: 1.994 Thread 0x000001c2d3bba560 Exception <a 'java/lang/NoSuchMethodError'{0x000000070f45b950}: 'double java.lang.invoke.DirectMethodHandle$Holder.invokeVirtual(java.lang.Object, java.lang.Object)'> (0x000000070f45b950) 
thrown [s\open\src\hotspot\share\interpreter\linkResolver.cpp, line 774]
Event: 1.994 Thread 0x000001c2d3bba560 Exception <a 'java/lang/NoSuchMethodError'{0x000000070f465250}: 'float java.lang.invoke.DirectMethodHandle$Holder.invokeVirtual(java.lang.Object, java.lang.Object)'> (0x000000070f465250) 
thrown [s\open\src\hotspot\share\interpreter\linkResolver.cpp, line 774]
Event: 1.995 Thread 0x000001c2d3bba560 Exception <a 'java/lang/NoSuchMethodError'{0x000000070f46e428}: 'long java.lang.invoke.DirectMethodHandle$Holder.invokeVirtual(java.lang.Object, java.lang.Object)'> (0x000000070f46e428) 
thrown [s\open\src\hotspot\share\interpreter\linkResolver.cpp, line 774]
Event: 2.021 Thread 0x000001c2d3bba560 Exception <a 'java/lang/NoSuchMethodError'{0x000000070f5ac638}: 'void java.lang.invoke.DirectMethodHandle$Holder.invokeStatic(java.lang.Object, java.lang.Object, int)'> (0x000000070f5ac638) 
thrown [s\open\src\hotspot\share\interpreter\linkResolver.cpp, line 774]
Event: 2.037 Thread 0x000001c2d3bba560 Exception <a 'java/lang/NoSuchMethodError'{0x000000070f25e8c0}: 'java.lang.Object java.lang.invoke.DirectMethodHandle$Holder.newInvokeSpecial(java.lang.Object, java.lang.Object, java.lang.Object, java.lang.Object, java.lang.Object)'> (0x000000070f25e8c0) 
thrown [s\open\src\hotspot\share\interpreter\linkResolver.cpp, line 774]
Event: 2.060 Thread 0x000001c2d3bba560 Exception <a 'java/lang/NoSuchMethodError'{0x000000070f3da300}: 'int java.lang.invoke.DirectMethodHandle$Holder.invokeSpecialIFC(java.lang.Object, java.lang.Object, java.lang.Object)'> (0x000000070f3da300) 
thrown [s\open\src\hotspot\share\interpreter\linkResolver.cpp, line 774]
Event: 2.068 Thread 0x000001c2d3bba560 Exception <a 'java/lang/NoSuchMethodError'{0x000000070ec45308}: 'java.lang.Object java.lang.invoke.Invokers$Holder.invokeExact_MT(java.lang.Object, java.lang.Object, java.lang.Object, java.lang.Object, java.lang.Object, java.lang.Object)'> (0x000000070ec45308) 
thrown [s\open\src\hotspot\share\interpreter\linkResolver.cpp, line 774]
Event: 2.095 Thread 0x000001c2d3bba560 Exception <a 'java/lang/NoSuchMethodError'{0x000000070eda2d18}: 'void java.lang.invoke.DirectMethodHandle$Holder.invokeStatic(java.lang.Object, java.lang.Object, java.lang.Object, java.lang.Object)'> (0x000000070eda2d18) 
thrown [s\open\src\hotspot\share\interpreter\linkResolver.cpp, line 774]
Event: 2.135 Thread 0x000001c2d3bba560 Exception <a 'java/lang/NoSuchMethodError'{0x0000000710b22638}: 'void java.lang.invoke.DirectMethodHandle$Holder.invokeSpecial(java.lang.Object, java.lang.Object, java.lang.Object, java.lang.Object, java.lang.Object, java.lang.Object)'> (0x0000000710b22638) 
thrown [s\open\src\hotspot\share\interpreter\linkResolver.cpp, line 774]
Event: 3.036 Thread 0x000001c2d3bba560 Exception <a 'java/lang/NoSuchMethodError'{0x0000000704394900}: 'java.lang.Object java.lang.invoke.DirectMethodHandle$Holder.invokeSpecialIFC(java.lang.Object, java.lang.Object, java.lang.Object)'> (0x0000000704394900) 
thrown [s\open\src\hotspot\share\interpreter\linkResolver.cpp, line 774]
Event: 3.052 Thread 0x000001c2d3bba560 Exception <a 'java/lang/ClassNotFoundException'{0x000000070402e3c8}: sun/util/logging/resources/spi/loggingProvider> (0x000000070402e3c8) 
thrown [s\open\src\hotspot\share\classfile\systemDictionary.cpp, line 255]
Event: 4.375 Thread 0x000001c2d3bba560 Implicit null exception at 0x000001c2e366d67a to 0x000001c2e366dc9c
Event: 4.665 Thread 0x000001c2d3bba560 Exception <a 'java/lang/ClassNotFoundException'{0x0000000703d41a68}: sun/awt/resources/spi/awtProvider> (0x0000000703d41a68) 
thrown [s\open\src\hotspot\share\classfile\systemDictionary.cpp, line 255]
Event: 4.670 Thread 0x000001c2d3bba560 Exception <a 'java/io/FileNotFoundException'{0x0000000703d449b0}> (0x0000000703d449b0) 
thrown [s\open\src\hotspot\share\prims\jni.cpp, line 517]
Event: 4.673 Thread 0x000001c2d3bba560 Exception <a 'java/io/FileNotFoundException'{0x0000000703d70b70}> (0x0000000703d70b70) 
thrown [s\open\src\hotspot\share\prims\jni.cpp, line 517]
Event: 11.903 Thread 0x000001c2d3bba560 Exception <a 'java/lang/ClassNotFoundException'{0x00000007031982e0}: sun/misc/SharedSecrets> (0x00000007031982e0) 
thrown [s\open\src\hotspot\share\classfile\systemDictionary.cpp, line 255]
Event: 84.627 Thread 0x000001c2d3bba560 Implicit null exception at 0x000001c2e380d0dd to 0x000001c2e380d748

VM Operations (20 events):
Event: 83.980 Executing VM operation: G1CollectForAllocation done
Event: 84.057 Executing VM operation: G1CollectForAllocation
Event: 84.069 Executing VM operation: G1CollectForAllocation done
Event: 84.164 Executing VM operation: G1CollectForAllocation
Event: 84.170 Executing VM operation: G1CollectForAllocation done
Event: 84.247 Executing VM operation: G1PauseRemark
Event: 84.250 Executing VM operation: G1PauseRemark done
Event: 84.284 Executing VM operation: G1PauseCleanup
Event: 84.284 Executing VM operation: G1PauseCleanup done
Event: 84.442 Executing VM operation: G1CollectForAllocation
Event: 84.471 Executing VM operation: G1CollectForAllocation done
Event: 84.472 Executing VM operation: G1CollectForAllocation
Event: 84.481 Executing VM operation: G1CollectForAllocation done
Event: 84.557 Executing VM operation: G1CollectForAllocation
Event: 84.571 Executing VM operation: G1CollectForAllocation done
Event: 84.623 Executing VM operation: HandshakeAllThreads
Event: 84.623 Executing VM operation: HandshakeAllThreads done
Event: 84.707 Executing VM operation: G1CollectForAllocation
Event: 84.721 Executing VM operation: G1CollectForAllocation done
Event: 84.899 Executing VM operation: G1CollectForAllocation

Events (20 events):
Event: 1.627 Thread 0x000001c2fb747cb0 Thread added: 0x000001c2fb747cb0
Event: 1.779 Thread 0x000001c2faa19c90 Thread added: 0x000001c2faa19c90
Event: 1.781 Thread 0x000001c2fbeed410 Thread added: 0x000001c2fbeed410
Event: 1.781 Thread 0x000001c2fbc08fa0 Thread added: 0x000001c2fbc08fa0
Event: 1.784 Thread 0x000001c2fbd35090 Thread added: 0x000001c2fbd35090
Event: 1.804 Thread 0x000001c2fbd663e0 Thread added: 0x000001c2fbd663e0
Event: 1.805 Thread 0x000001c2fbca9060 Thread added: 0x000001c2fbca9060
Event: 1.983 Thread 0x000001c2fbcaa050 Thread added: 0x000001c2fbcaa050
Event: 2.178 Thread 0x000001c2fbcac580 Thread added: 0x000001c2fbcac580
Event: 2.983 Thread 0x000001c2fb590cb0 Thread exited: 0x000001c2fb590cb0
Event: 3.086 Thread 0x000001c2fbcab040 Thread added: 0x000001c2fbcab040
Event: 3.100 Thread 0x000001c2fbcaa5a0 Thread added: 0x000001c2fbcaa5a0
Event: 4.696 Thread 0x000001c2fbcac030 Thread added: 0x000001c2fbcac030
Event: 4.697 Thread 0x000001c2fbca9b00 Thread added: 0x000001c2fbca9b00
Event: 4.697 Thread 0x000001c2fbcaaaf0 Thread added: 0x000001c2fbcaaaf0
Event: 5.720 Thread 0x000001c2fbca9b00 Thread exited: 0x000001c2fbca9b00
Event: 6.995 Thread 0x000001c2fbcaa050 Thread exited: 0x000001c2fbcaa050
Event: 62.000 Thread 0x000001c2fbd35090 Thread exited: 0x000001c2fbd35090
Event: 63.091 Thread 0x000001c2fb36a920 Thread exited: 0x000001c2fb36a920
Event: 82.904 Thread 0x000001c2fc245390 Thread added: 0x000001c2fc245390


Dynamic libraries:
0x00007ff6b1560000 - 0x00007ff6b1570000 	C:\Program Files\Java\jdk-19\bin\javaw.exe
0x00007ffd397f0000 - 0x00007ffd399e8000 	C:\Windows\SYSTEM32\ntdll.dll
0x00007ffd39060000 - 0x00007ffd3911f000 	C:\Windows\System32\KERNEL32.DLL
0x00007ffd371e0000 - 0x00007ffd374b2000 	C:\Windows\System32\KERNELBASE.dll
0x00007ffd37580000 - 0x00007ffd37680000 	C:\Windows\System32\ucrtbase.dll
0x00007ffcf2880000 - 0x00007ffcf2898000 	C:\Program Files\Java\jdk-19\bin\jli.dll
0x00007ffd37e30000 - 0x00007ffd37ede000 	C:\Windows\System32\ADVAPI32.dll
0x00007ffd39350000 - 0x00007ffd393ee000 	C:\Windows\System32\msvcrt.dll
0x00007ffd37ef0000 - 0x00007ffd37f8c000 	C:\Windows\System32\sechost.dll
0x00007ffd37ca0000 - 0x00007ffd37dc5000 	C:\Windows\System32\RPCRT4.dll
0x00007ffd39120000 - 0x00007ffd392c1000 	C:\Windows\System32\USER32.dll
0x00007ffd37550000 - 0x00007ffd37572000 	C:\Windows\System32\win32u.dll
0x00007ffcf28a0000 - 0x00007ffcf28bb000 	C:\Program Files\Java\jdk-19\bin\VCRUNTIME140.dll
0x00007ffd38f90000 - 0x00007ffd38fbb000 	C:\Windows\System32\GDI32.dll
0x00007ffd37680000 - 0x00007ffd3778f000 	C:\Windows\System32\gdi32full.dll
0x00007ffd37790000 - 0x00007ffd3782d000 	C:\Windows\System32\msvcp_win.dll
0x00007ffd24300000 - 0x00007ffd2459a000 	C:\Windows\WinSxS\amd64_microsoft.windows.common-controls_6595b64144ccf1df_6.0.19041.1110_none_60b5254171f9507e\COMCTL32.dll
0x00007ffd2f6a0000 - 0x00007ffd2f6aa000 	C:\Windows\SYSTEM32\VERSION.dll
0x00007ffd38fc0000 - 0x00007ffd38ff2000 	C:\Windows\System32\IMM32.DLL
0x00007ffcf34f0000 - 0x00007ffcf34fc000 	C:\Program Files\Java\jdk-19\bin\vcruntime140_1.dll
0x00007ffcdaec0000 - 0x00007ffcdaf4e000 	C:\Program Files\Java\jdk-19\bin\msvcp140.dll
0x00007ffcda200000 - 0x00007ffcdaec0000 	C:\Program Files\Java\jdk-19\bin\server\jvm.dll
0x00007ffd28ad0000 - 0x00007ffd28af7000 	C:\Windows\SYSTEM32\WINMM.dll
0x00007ffd1c5a0000 - 0x00007ffd1c5a9000 	C:\Windows\SYSTEM32\WSOCK32.dll
0x00007ffd392d0000 - 0x00007ffd3933b000 	C:\Windows\System32\WS2_32.dll
0x00007ffd34cb0000 - 0x00007ffd34cc2000 	C:\Windows\SYSTEM32\kernel.appcore.dll
0x00007ffcf3470000 - 0x00007ffcf347a000 	C:\Program Files\Java\jdk-19\bin\jimage.dll
0x00007ffd2feb0000 - 0x00007ffd30094000 	C:\Windows\SYSTEM32\DBGHELP.DLL
0x00007ffd2fe20000 - 0x00007ffd2fe55000 	C:\Windows\SYSTEM32\dbgcore.DLL
0x00007ffd374c0000 - 0x00007ffd37542000 	C:\Windows\System32\bcryptPrimitives.dll
0x00007ffcf2850000 - 0x00007ffcf2876000 	C:\Program Files\Java\jdk-19\bin\java.dll
0x00007ffcdb350000 - 0x00007ffcdb427000 	C:\Program Files\Java\jdk-19\bin\jsvml.dll
0x00007ffd37f90000 - 0x00007ffd386d4000 	C:\Windows\System32\SHELL32.dll
0x00007ffd34eb0000 - 0x00007ffd35642000 	C:\Windows\SYSTEM32\windows.storage.dll
0x00007ffd38c30000 - 0x00007ffd38f85000 	C:\Windows\System32\combase.dll
0x00007ffd36860000 - 0x00007ffd36890000 	C:\Windows\SYSTEM32\Wldp.dll
0x00007ffd37b20000 - 0x00007ffd37bcd000 	C:\Windows\System32\SHCORE.dll
0x00007ffd39000000 - 0x00007ffd39055000 	C:\Windows\System32\shlwapi.dll
0x00007ffd36e20000 - 0x00007ffd36e3f000 	C:\Windows\SYSTEM32\profapi.dll
0x00007ffcdc1e0000 - 0x00007ffcdc1f3000 	C:\Program Files\Java\jdk-19\bin\net.dll
0x00007ffd35e60000 - 0x00007ffd35f6c000 	C:\Windows\SYSTEM32\WINHTTP.dll
0x00007ffd365c0000 - 0x00007ffd3662a000 	C:\Windows\system32\mswsock.dll
0x00007ffcdc1c0000 - 0x00007ffcdc1d6000 	C:\Program Files\Java\jdk-19\bin\nio.dll
0x00007ffcdb330000 - 0x00007ffcdb348000 	C:\Program Files\Java\jdk-19\bin\zip.dll
0x00007ffd14dd0000 - 0x00007ffd14de7000 	C:\Windows\system32\napinsp.dll
0x00007ffd14db0000 - 0x00007ffd14dcb000 	C:\Windows\system32\pnrpnsp.dll
0x00007ffd14d90000 - 0x00007ffd14da5000 	C:\Windows\system32\wshbth.dll
0x00007ffd30500000 - 0x00007ffd3051d000 	C:\Windows\system32\NLAapi.dll
0x00007ffd362b0000 - 0x00007ffd362eb000 	C:\Windows\SYSTEM32\IPHLPAPI.DLL
0x00007ffd362f0000 - 0x00007ffd363ba000 	C:\Windows\SYSTEM32\DNSAPI.dll
0x00007ffd394e0000 - 0x00007ffd394e8000 	C:\Windows\System32\NSI.dll
0x00007ffd14d70000 - 0x00007ffd14d82000 	C:\Windows\System32\winrnr.dll
0x00007ffd2d730000 - 0x00007ffd2d73a000 	C:\Windows\System32\rasadhlp.dll
0x00007ffd2dbb0000 - 0x00007ffd2dc30000 	C:\Windows\System32\fwpuclnt.dll
0x00007ffd371b0000 - 0x00007ffd371d7000 	C:\Windows\System32\bcrypt.dll
0x00007ffd058b0000 - 0x00007ffd058b8000 	C:\Program Files\Java\jdk-19\bin\extnet.dll
0x00007ffd367b0000 - 0x00007ffd367c8000 	C:\Windows\SYSTEM32\CRYPTSP.dll
0x00007ffd35dd0000 - 0x00007ffd35e04000 	C:\Windows\system32\rsaenh.dll
0x00007ffd36da0000 - 0x00007ffd36dce000 	C:\Windows\SYSTEM32\USERENV.dll
0x00007ffd367d0000 - 0x00007ffd367dc000 	C:\Windows\SYSTEM32\CRYPTBASE.dll
0x00007ffd30690000 - 0x00007ffd306a7000 	C:\Windows\SYSTEM32\dhcpcsvc6.DLL
0x00007ffd30670000 - 0x00007ffd3068d000 	C:\Windows\SYSTEM32\dhcpcsvc.DLL
0x00007ffcf62d0000 - 0x00007ffcf62de000 	C:\Program Files\Java\jdk-19\bin\sunmscapi.dll
0x00007ffd37050000 - 0x00007ffd371a6000 	C:\Windows\System32\CRYPT32.dll
0x00007ffd368d0000 - 0x00007ffd368f7000 	C:\Windows\SYSTEM32\ncrypt.dll
0x00007ffd36890000 - 0x00007ffd368cb000 	C:\Windows\SYSTEM32\NTASN1.dll
0x00007ffd05910000 - 0x00007ffd05920000 	C:\Program Files\Java\jdk-19\bin\verify.dll
0x00007ffd2b200000 - 0x00007ffd2b20a000 	C:\Program Files\Java\jdk-19\bin\management.dll
0x00007ffd2b1f0000 - 0x00007ffd2b1fb000 	C:\Program Files\Java\jdk-19\bin\management_ext.dll
0x00007ffd39340000 - 0x00007ffd39348000 	C:\Windows\System32\PSAPI.DLL
0x00007ffd19ba0000 - 0x00007ffd19ba7000 	C:\Windows\system32\wshunix.dll
0x00007ffcfeb50000 - 0x00007ffcfece1000 	C:\Program Files\Java\jdk-19\bin\awt.dll
0x00007ffd37bd0000 - 0x00007ffd37c9d000 	C:\Windows\System32\OLEAUT32.dll
0x00007ffd34520000 - 0x00007ffd345b1000 	C:\Windows\SYSTEM32\apphelp.dll
0x00007ffd348e0000 - 0x00007ffd3490f000 	C:\Windows\system32\DWMAPI.DLL
0x00007ffd347a0000 - 0x00007ffd3483e000 	C:\Windows\system32\uxtheme.dll
0x00007ffcf5e20000 - 0x00007ffcf5f45000 	C:\Windows\system32\opengl32.dll
0x00007ffd22380000 - 0x00007ffd223ac000 	C:\Windows\SYSTEM32\GLU32.dll
0x00007ffd37850000 - 0x00007ffd37965000 	C:\Windows\System32\MSCTF.dll
0x00007ffd39680000 - 0x00007ffd397aa000 	C:\Windows\System32\ole32.dll
0x00007ffd31ed0000 - 0x00007ffd31f0b000 	C:\Windows\SYSTEM32\dxcore.dll
0x00007ffd36f50000 - 0x00007ffd36f9e000 	C:\Windows\System32\cfgmgr32.dll

dbghelp: loaded successfully - version: 4.0.5 - missing functions: none
symbol engine: initialized successfully - sym options: 0x614 - pdb path: .;C:\Program Files\Java\jdk-19\bin;C:\Windows\SYSTEM32;C:\Windows\WinSxS\amd64_microsoft.windows.common-controls_6595b64144ccf1df_6.0.19041.1110_none_60b5254171f9507e;C:\Program Files\Java\jdk-19\bin\server

VM Arguments:
jvm_args: -Dfile.encoding=UTF-8 -XX:+ShowCodeDetailsInExceptionMessages 
java_command: mainPackage.RunnerClass
java_class_path (initial): C:\Gopi\LeaseCloseouts_1229\target\classes;C:\Users\AzureSQLDB\.m2\repository\io\github\bonigarcia\webdrivermanager\5.2.3\webdrivermanager-5.2.3.jar;C:\Users\AzureSQLDB\.m2\repository\org\slf4j\slf4j-api\1.7.36\slf4j-api-1.7.36.jar;C:\Users\AzureSQLDB\.m2\repository\com\google\code\gson\gson\2.9.1\gson-2.9.1.jar;C:\Users\AzureSQLDB\.m2\repository\com\github\docker-java\docker-java\3.2.13\docker-java-3.2.13.jar;C:\Users\AzureSQLDB\.m2\repository\com\github\docker-java\docker-java-core\3.2.13\docker-java-core-3.2.13.jar;C:\Users\AzureSQLDB\.m2\repository\com\github\docker-java\docker-java-api\3.2.13\docker-java-api-3.2.13.jar;C:\Users\AzureSQLDB\.m2\repository\com\fasterxml\jackson\core\jackson-annotations\2.10.3\jackson-annotations-2.10.3.jar;C:\Users\AzureSQLDB\.m2\repository\org\apache\commons\commons-compress\1.21\commons-compress-1.21.jar;C:\Users\AzureSQLDB\.m2\repository\com\fasterxml\jackson\core\jackson-databind\2.10.3\jackson-databind-2.10.3.jar;C:\Users\AzureSQLDB\.m2\repository\com\fasterxml\jackson\core\jackson-core\2.10.3\jackson-core-2.10.3.jar;C:\Users\AzureSQLDB\.m2\repository\org\bouncycastle\bcpkix-jdk15on\1.64\bcpkix-jdk15on-1.64.jar;C:\Users\AzureSQLDB\.m2\repository\org\bouncycastle\bcprov-jdk15on\1.64\bcprov-jdk15on-1.64.jar;C:\Users\AzureSQLDB\.m2\repository\org\slf4j\jcl-over-slf4j\1.7.30\jcl-over-slf4j-1.7.30.jar;C:\Users\AzureSQLDB\.m2\repository\com\github\docker-java\docker-java-transport-httpclient5\3.2.13\docker-java-transport-httpclient5-3.2.13.jar;C:\Users\AzureSQLDB\.m2\repository\com\github\docker-java\docker-java-transport\3.2.13\docker-java-transport-3.2.13.jar;C:\Users\AzureSQLDB\.m2\repository\net\java\dev\jna\jna\5.8.0\jna-5.8.0.jar;C:\Users\AzureSQLDB\.m2\repository\org\brotli\dec\0.1.2\dec-0.1.2.jar;C:\Users\AzureSQLDB\.m2\repository\org\apache\commons\commons-lang3\3.12.0\commons-lang3-3.12.0.jar;C:\Users\AzureSQLDB\.m2\repository\org\apache\httpcomponents\client5\httpclient5\5.1.3\httpclient5-5.1.3.jar;C:\Users\AzureSQLDB\.m2\repository\org\apache\httpcomponents\core5\httpcore5\5.1.3\httpcore5-5.1.3.jar;C:\Users\AzureSQLDB\.m2\repository\org\apache\httpcomponents\core5\httpcore5-h2\5.1.3\httpcore5-h2-5.1.3.jar;C:\Users\AzureSQLDB\.m2\repository\org\seleniumhq\selenium\selenium-java\4.4.0\selenium-java-4.4.0.jar;C:\Users\AzureSQLDB\.m2\repository\org\seleniumhq\selenium\selenium-api\4.4.0\selenium-api-4.4.0.jar;C:\Users\AzureSQLDB\.m2\repository\org\seleniumhq\selenium\selenium-chrome-driver\4.4.0\selenium-chrome-driver-4.4.0.jar;C:\Users\AzureSQLDB\.m2\repository\com\google\auto\service\auto-service-annotations\1.0.1\auto-service-annotations-1.0.1.jar;C:\Users\AzureSQLDB\.m2\repository\com\google\auto\service\auto-service\1.0.1\auto-service-1.0.1.jar;C:\Users\AzureSQLDB\.m2\repository\com\google\auto\auto-common\1.2\auto-common-1.2.jar;C:\Users\AzureSQLDB\.m2\repository\org\seleniumhq\selenium\selenium-chromium-driver\4.4.0\selenium-chromium-driver-4.4.0.jar;C:\Users\AzureSQLDB\.m2\repository\org\seleniumhq\selenium\selenium-json\4.4.0\selenium-json-4.4.0.jar;C:\Users\AzureSQLDB\.m2\repository\org\seleniumhq\selenium\selenium-devtools-v102\4.4.0\selenium-devtools-v102-4.4.0.jar;C:\Users\AzureSQLDB\.m2\repository\org\seleniumhq\selenium\selenium-devtools-v103\4.4.0\selenium-devtools-v103-4.4.0.jar;C:\Users\AzureSQLDB\.m2\repository\org\seleniumhq\selenium\selenium-devtools-v104\4.4.0\selenium-devtools-v104-4.4.0.jar;C:\Users\AzureSQLDB\.m2\repository\org\seleniumhq\selenium\selenium-devtools-v85\4.4.0\selenium-devtools-v85-4.4.0.jar;C:\Users\AzureSQLDB\.m2\repository\org\seleniumhq\selenium\selenium-edge-driver\4.4.0\selenium-edge-driver-4.4.0.jar;C:\Users\AzureSQLDB\.m2\repository\org\seleniumhq\selenium\selenium-firefox-driver\4.4.0\selenium-firefox-driver-4.4.0.jar;C:\Users\AzureSQLDB\.m2\repository\org\seleniumhq\selenium\selenium-ie-driver\4.4.0\selenium-ie-driver-4.4.0.jar;C:\Users\AzureSQLDB\.m2\repository\org\seleniumhq\selenium\selenium-opera-driver\4.4.0\selenium-opera-driver-4.4.0.jar;C:\Users\AzureSQLDB\.m2\repository\org\seleniumhq\selenium\selenium-remote-driver\4.4.0\selenium-remote-driver-4.4.0.jar;C:\Users\AzureSQLDB\.m2\repository\com\beust\jcommander\1.82\jcommander-1.82.jar;C:\Users\AzureSQLDB\.m2\repository\io\netty\netty-buffer\4.1.78.Final\netty-buffer-4.1.78.Final.jar;C:\Users\AzureSQLDB\.m2\repository\io\netty\netty-codec-http\4.1.78.Final\netty-codec-http-4.1.78.Final.jar;C:\Users\AzureSQLDB\.m2\repository\io\netty\netty-codec\4.1.78.Final\netty-codec-4.1.78.Final.jar;C:\Users\AzureSQLDB\.m2\repository\io\netty\netty-handler\4.1.78.Final\netty-handler-4.1.78.Final.jar;C:\Users\AzureSQLDB\.m2\repository\io\netty\netty-common\4.1.78.Final\netty-common-4.1.78.Final.jar;C:\Users\AzureSQLDB\.m2\repository\io\netty\netty-transport-classes-epoll\4.1.78.Final\netty-transport-classes-epoll-4.1.78.Final.jar;C:\Users\AzureSQLDB\.m2\repository\io\netty\netty-transport-classes-kqueue\4.1.78.Final\netty-transport-classes-kqueue-4.1.78.Final.jar;C:\Users\AzureSQLDB\.m2\repository\io\netty\netty-transport-native-epoll\4.1.78.Final\netty-transport-native-epoll-4.1.78.Final.jar;C:\Users\AzureSQLDB\.m2\repository\io\netty\netty-transport-native-kqueue\4.1.78.Final\netty-transport-native-kqueue-4.1.78.Final.jar;C:\Users\AzureSQLDB\.m2\repository\io\netty\netty-transport-native-unix-common\4.1.78.Final\netty-transport-native-unix-common-4.1.78.Final.jar;C:\Users\AzureSQLDB\.m2\repository\io\netty\netty-transport\4.1.78.Final\netty-transport-4.1.78.Final.jar;C:\Users\AzureSQLDB\.m2\repository\io\netty\netty-resolver\4.1.78.Final\netty-resolver-4.1.78.Final.jar;C:\Users\AzureSQLDB\.m2\repository\io\opentelemetry\opentelemetry-api\1.16.0\opentelemetry-api-1.16.0.jar;C:\Users\AzureSQLDB\.m2\repository\io\opentelemetry\opentelemetry-context\1.16.0\opentelemetry-context-1.16.0.jar;C:\Users\AzureSQLDB\.m2\repository\io\opentelemetry\opentelemetry-exporter-logging\1.16.0\opentelemetry-exporter-logging-1.16.0.jar;C:\Users\AzureSQLDB\.m2\repository\io\opentelemetry\opentelemetry-sdk-metrics\1.16.0\opentelemetry-sdk-metrics-1.16.0.jar;C:\Users\AzureSQLDB\.m2\repository\io\opentelemetry\opentelemetry-sdk-logs\1.16.0-alpha\opentelemetry-sdk-logs-1.16.0-alpha.jar;C:\Users\AzureSQLDB\.m2\repository\io\opentelemetry\opentelemetry-sdk-common\1.16.0\opentelemetry-sdk-common-1.16.0.jar;C:\Users\AzureSQLDB\.m2\repository\io\opentelemetry\opentelemetry-sdk-extension-autoconfigure-spi\1.16.0\opentelemetry-sdk-extension-autoconfigure-spi-1.16.0.jar;C:\Users\AzureSQLDB\.m2\repository\io\opentelemetry\opentelemetry-sdk-extension-autoconfigure\1.16.0-alpha\opentelemetry-sdk-extension-autoconfigure-1.16.0-alpha.jar;C:\Users\AzureSQLDB\.m2\repository\io\opentelemetry\opentelemetry-sdk-trace\1.16.0\opentelemetry-sdk-trace-1.16.0.jar;C:\Users\AzureSQLDB\.m2\repository\io\opentelemetry\opentelemetry-sdk\1.16.0\opentelemetry-sdk-1.16.0.jar;C:\Users\AzureSQLDB\.m2\repository\io\opentelemetry\opentelemetry-semconv\1.16.0-alpha\opentelemetry-semconv-1.16.0-alpha.jar;C:\Users\AzureSQLDB\.m2\repository\io\ous\jtoml\2.0.0\jtoml-2.0.0.jar;C:\Users\AzureSQLDB\.m2\repository\net\bytebuddy\byte-buddy\1.12.10\byte-buddy-1.12.10.jar;C:\Users\AzureSQLDB\.m2\repository\org\apache\commons\commons-exec\1.3\commons-exec-1.3.jar;C:\Users\AzureSQLDB\.m2\repository\org\asynchttpclient\async-http-client\2.12.3\async-http-client-2.12.3.jar;C:\Users\AzureSQLDB\.m2\repository\org\asynchttpclient\async-http-client-netty-utils\2.12.3\async-http-client-netty-utils-2.12.3.jar;C:\Users\AzureSQLDB\.m2\repository\io\netty\netty-codec-socks\4.1.60.Final\netty-codec-socks-4.1.60.Final.jar;C:\Users\AzureSQLDB\.m2\repository\io\netty\netty-handler-proxy\4.1.60.Final\netty-handler-proxy-4.1.60.Final.jar;C:\Users\AzureSQLDB\.m2\repository\io\netty\netty-transport-native-epoll\4.1.60.Final\netty-transport-native-epoll-4.1.60.Final-linux-x86_64.jar;C:\Users\AzureSQLDB\.m2\repository\io\netty\netty-transport-native-kqueue\4.1.60.Final\netty-transport-native-kqueue-4.1.60.Final-osx-x86_64.jar;C:\Users\AzureSQLDB\.m2\repository\org\reactivestreams\reactive-streams\1.0.3\reactive-streams-1.0.3.jar;C:\Users\AzureSQLDB\.m2\repository\com\typesafe\netty\netty-reactive-streams\2.0.4\netty-reactive-streams-2.0.4.jar;C:\Users\AzureSQLDB\.m2\repository\com\sun\activation\jakarta.activation\1.2.2\jakarta.activation-1.2.2.jar;C:\Users\AzureSQLDB\.m2\repository\org\seleniumhq\selenium\selenium-http\4.4.0\selenium-http-4.4.0.jar;C:\Users\AzureSQLDB\.m2\repository\dev\failsafe\failsafe\3.2.4\failsafe-3.2.4.jar;C:\Users\AzureSQLDB\.m2\repository\org\seleniumhq\selenium\selenium-safari-driver\4.4.0\selenium-safari-driver-4.4.0.jar;C:\Users\AzureSQLDB\.m2\repository\org\seleniumhq\selenium\selenium-support\4.4.0\selenium-support-4.4.0.jar;C:\Users\AzureSQLDB\.m2\repository\org\apache\poi\poi\5.2.2\poi-5.2.2.jar;C:\Users\AzureSQLDB\.m2\repository\commons-codec\commons-codec\1.15\commons-codec-1.15.jar;C:\Users\AzureSQLDB\.m2\repository\org\apache\commons\commons-collections4\4.4\commons-collections4-4.4.jar;C:\Users\AzureSQLDB\.m2\repository\org\apache\commons\commons-math3\3.6.1\commons-math3-3.6.1.jar;C:\Users\AzureSQLDB\.m2\repository\commons-io\commons-io\2.11.0\commons-io-2.11.0.jar;C:\Users\AzureSQLDB\.m2\repository\com\zaxxer\SparseBitSet\1.2\SparseBitSet-1.2.jar;C:\Users\AzureSQLDB\.m2\repository\org\apache\logging\log4j\log4j-api\2.17.2\log4j-api-2.17.2.jar;C:\Users\AzureSQLDB\.m2\repository\com\google\guava\guava\31.1-jre\guava-31.1-jre.jar;C:\Users\AzureSQLDB\.m2\repository\com\google\guava\failureaccess\1.0.1\failureaccess-1.0.1.jar;C:\Users\AzureSQLDB\.m2\repository\com\google\guava\listenablefuture\9999.0-empty-to-avoid-conflict-with-guava\listenablefuture-9999.0-empty-to-avoid-conflict-with-guava.jar;C:\Users\AzureSQLDB\.m2\repository\com\google\code\findbugs\jsr305\3.0.2\jsr305-3.0.2.jar;C:\Users\AzureSQLDB\.m2\repository\org\checkerframework\checker-qual\3.12.0\checker-qual-3.12.0.jar;C:\Users\AzureSQLDB\.m2\repository\com\google\errorprone\error_prone_annotations\2.11.0\error_prone_annotations-2.11.0.jar;C:\Users\AzureSQLDB\.m2\repository\com\google\j2objc\j2objc-annotations\1.3\j2objc-annotations-1.3.jar;C:\Users\AzureSQLDB\.m2\repository\org\apache\pdfbox\pdfbox\2.0.26\pdfbox-2.0.26.jar;C:\Users\AzureSQLDB\.m2\repository\org\apache\pdfbox\fontbox\2.0.26\fontbox-2.0.26.jar;C:\Users\AzureSQLDB\.m2\repository\commons-logging\commons-logging\1.2\commons-logging-1.2.jar;C:\Users\AzureSQLDB\.m2\repository\com\microsoft\sqlserver\mssql-jdbc\11.2.1.jre8\mssql-jdbc-11.2.1.jre8.jar
Launcher Type: SUN_STANDARD

[Global flags]
     intx CICompilerCount                          = 3                                         {product} {ergonomic}
     uint ConcGCThreads                            = 1                                         {product} {ergonomic}
     uint G1ConcRefinementThreads                  = 4                                         {product} {ergonomic}
   size_t G1HeapRegionSize                         = 2097152                                   {product} {ergonomic}
    uintx GCDrainStackTargetSize                   = 64                                        {product} {ergonomic}
   size_t InitialHeapSize                          = 268435456                                 {product} {ergonomic}
   size_t MarkStackSize                            = 4194304                                   {product} {ergonomic}
   size_t MaxHeapSize                              = 4282384384                                {product} {ergonomic}
   size_t MaxNewSize                               = 2569011200                                {product} {ergonomic}
   size_t MinHeapDeltaBytes                        = 2097152                                   {product} {ergonomic}
   size_t MinHeapSize                              = 8388608                                   {product} {ergonomic}
    uintx NonNMethodCodeHeapSize                   = 5832780                                {pd product} {ergonomic}
    uintx NonProfiledCodeHeapSize                  = 122912730                              {pd product} {ergonomic}
    uintx ProfiledCodeHeapSize                     = 122912730                              {pd product} {ergonomic}
    uintx ReservedCodeCacheSize                    = 251658240                              {pd product} {ergonomic}
     bool SegmentedCodeCache                       = true                                      {product} {ergonomic}
     bool ShowCodeDetailsInExceptionMessages       = true                                   {manageable} {command line}
   size_t SoftMaxHeapSize                          = 4282384384                             {manageable} {ergonomic}
     bool UseCompressedClassPointers               = true                           {product lp64_product} {ergonomic}
     bool UseCompressedOops                        = true                           {product lp64_product} {ergonomic}
     bool UseG1GC                                  = true                                      {product} {ergonomic}
     bool UseLargePagesIndividualAllocation        = false                                  {pd product} {ergonomic}

Logging:
Log output configuration:
 #0: stdout all=warning uptime,level,tags foldmultilines=false
 #1: stderr all=off uptime,level,tags foldmultilines=false

Environment Variables:
JAVA_HOME=C:\Program Files\Java\jdk-19
PATH=C:\Program Files\Common Files\Oracle\Java\javapath;C:\Windows\system32;C:\Windows;C:\Windows\System32\Wbem;C:\Windows\System32\WindowsPowerShell\v1.0\;C:\Windows\System32\OpenSSH\;C:\Program Files\dotnet\;C:\Program Files (x86)\Microsoft SQL Server\150\DTS\Binn\;C:\Program Files\Azure Data Studio\bin;C:\Program Files\Java\jdk-19\bin;C:\Program Files\Microsoft SQL Server\Client SDK\ODBC\170\Tools\Binn\;D:\Automation Files\apache-maven-3.8.6\bin;C:\Gopi\Apache Maven\apache-maven-3.8.6\bin;C:\Program Files\Git\cmd;C:\Users\AzureSQLDB\AppData\Local\Microsoft\WindowsApps;C:\Users\AzureSQLDB\.dotnet\tools;C:\Program Files\Azure Data Studio\bin;C:\Users\AzureSQLDB\AppData\Local\Programs\Microsoft VS Code\bin
USERNAME=AzureSQLDB
OS=Windows_NT
PROCESSOR_IDENTIFIER=AMD64 Family 25 Model 1 Stepping 1, AuthenticAMD
TMP=C:\Users\AZURES~1\AppData\Local\Temp
TEMP=C:\Users\AZURES~1\AppData\Local\Temp



---------------  S Y S T E M  ---------------

OS:
 Windows 10 , 64 bit Build 19041 (10.0.19041.2364)
OS uptime: 4 days 13:49 hours
Hyper-V virtualization detected

CPU: total 4 (initial active 4) (4 cores per cpu, 2 threads per core) family 25 model 1 stepping 1 microcode 0x0, cx8, cmov, fxsr, ht, mmx, 3dnowpref, sse, sse2, sse3, ssse3, sse4a, sse4.1, sse4.2, popcnt, lzcnt, tsc, avx, avx2, aes, clmul, bmi1, bmi2, adx, sha, fma, vzeroupper, clflush, clflushopt, hv, rdtscp, rdpid

Memory: 4k page, system-wide physical 16332M (3898M free)
TotalPageFile size 17588M (AvailPageFile size 403M)
current process WorkingSet (physical memory assigned to process): 419M, peak: 421M
current process commit charge ("private bytes"): 453M, peak: 1017M

vm_info: Java HotSpot(TM) 64-Bit Server VM (19+36-2238) for windows-amd64 JRE (19+36-2238), built on 2022-08-12T20:29:01Z by "mach5one" with MS VC++ 17.1 (VS2022)

END.
