#
# There is insufficient memory for the Java Runtime Environment to continue.
# Native memory allocation (malloc) failed to allocate 1765648 bytes for Chunk::new
# Possible reasons:
#   The system is out of physical RAM or swap space
#   The process is running with CompressedOops enabled, and the Java Heap may be blocking the growth of the native heap
# Possible solutions:
#   Reduce memory load on the system
#   Increase physical memory or swap space
#   Check if swap backing store is full
#   Decrease Java heap size (-Xmx/-Xms)
#   Decrease number of Java threads
#   Decrease Java thread stack sizes (-Xss)
#   Set larger code cache with -XX:ReservedCodeCacheSize=
#   JVM is running with Zero Based Compressed Oops mode in which the Java heap is
#     placed in the first 32GB address space. The Java Heap base address is the
#     maximum limit for the native heap growth. Please use -XX:HeapBaseMinAddress
#     to set the Java Heap base and to place the Java Heap above 32GB virtual address.
# This output file may be truncated or incomplete.
#
#  Out of Memory Error (arena.cpp:189), pid=20172, tid=8168
#
# JRE version: Java(TM) SE Runtime Environment (17.0.4.1+1) (build 17.0.4.1+1-LTS-2)
# Java VM: Java HotSpot(TM) 64-Bit Server VM (17.0.4.1+1-LTS-2, mixed mode, sharing, tiered, compressed oops, compressed class ptrs, g1 gc, windows-amd64)
# No core dump will be written. Minidumps are not enabled by default on client versions of Windows
#

---------------  S U M M A R Y ------------

Command Line: jenkins.maven3.agent.Maven35Main C:\ProgramData\Jenkins\.jenkins\tools\hudson.tasks.Maven_MavenInstallation\MAVEN_HOME C:\ProgramData\Jenkins\war\WEB-INF\lib\remoting-3044.vb_940a_a_e4f72e.jar C:\ProgramData\Jenkins\.jenkins\plugins\maven-plugin\WEB-INF\lib\maven35-interceptor-1.14.jar C:\ProgramData\Jenkins\.jenkins\plugins\maven-plugin\WEB-INF\lib\maven3-interceptor-commons-1.14.jar 64106

Host: AMD EPYC 7763 64-Core Processor                , 4 cores, 15G,  Windows 10 , 64 bit Build 19041 (10.0.19041.2251)
Time: Mon Dec 12 02:50:19 2022 Eastern Standard Time elapsed time: 2.936114 seconds (0d 0h 0m 2s)

---------------  T H R E A D  ---------------

Current thread (0x000001d2ff09a780):  JavaThread "C2 CompilerThread1" daemon [_thread_in_native, id=8168, stack(0x00000077bf100000,0x00000077bf200000)]


Current CompileTask:
C2:   2936 3669   !   4       org.codehaus.plexus.interpolation.StringSearchInterpolator::interpolate (668 bytes)

Stack: [0x00000077bf100000,0x00000077bf200000]
Native frames: (J=compiled Java code, j=interpreted, Vv=VM code, C=native code)
V  [jvm.dll+0x6723ba]
V  [jvm.dll+0x7d1e34]
V  [jvm.dll+0x7d35de]
V  [jvm.dll+0x7d3c43]
V  [jvm.dll+0x243065]
V  [jvm.dll+0xaa57b]
V  [jvm.dll+0xaab0c]
V  [jvm.dll+0x360467]
V  [jvm.dll+0x1ba0c8]
V  [jvm.dll+0x2162f9]
V  [jvm.dll+0x2155c1]
V  [jvm.dll+0x1a1fcd]
V  [jvm.dll+0x224e08]
V  [jvm.dll+0x222f75]
V  [jvm.dll+0x787a0b]
V  [jvm.dll+0x781fca]
V  [jvm.dll+0x671245]
C  [ucrtbase.dll+0x21bb2]
C  [KERNEL32.DLL+0x174b4]
C  [ntdll.dll+0x526a1]


---------------  P R O C E S S  ---------------

Threads class SMR info:
_java_thread_list=0x000001d2801e5cc0, length=20, elements={
0x000001d2db808680, 0x000001d2fdd0b100, 0x000001d2fdd0c710, 0x000001d2fdd227a0,
0x000001d2fdd25170, 0x000001d2fdd262c0, 0x000001d2fdd27410, 0x000001d2fdd2ee60,
0x000001d2fdd33910, 0x000001d2fdd46ad0, 0x000001d2fe8fd860, 0x000001d2fe902ba0,
0x000001d2feb9b170, 0x000001d2feb9da40, 0x000001d2feb9ba40, 0x000001d2feb9bf10,
0x000001d2feba02b0, 0x000001d2ff09a780, 0x000001d2ff2e93d0, 0x000001d2ff3b8bb0
}

Java Threads: ( => current thread )
  0x000001d2db808680 JavaThread "main" [_thread_blocked, id=13540, stack(0x00000077bd900000,0x00000077bda00000)]
  0x000001d2fdd0b100 JavaThread "Reference Handler" daemon [_thread_blocked, id=13968, stack(0x00000077be000000,0x00000077be100000)]
  0x000001d2fdd0c710 JavaThread "Finalizer" daemon [_thread_blocked, id=16872, stack(0x00000077be100000,0x00000077be200000)]
  0x000001d2fdd227a0 JavaThread "Signal Dispatcher" daemon [_thread_blocked, id=8404, stack(0x00000077be200000,0x00000077be300000)]
  0x000001d2fdd25170 JavaThread "Attach Listener" daemon [_thread_blocked, id=16072, stack(0x00000077be300000,0x00000077be400000)]
  0x000001d2fdd262c0 JavaThread "Service Thread" daemon [_thread_blocked, id=15352, stack(0x00000077be400000,0x00000077be500000)]
  0x000001d2fdd27410 JavaThread "Monitor Deflation Thread" daemon [_thread_blocked, id=20344, stack(0x00000077be500000,0x00000077be600000)]
  0x000001d2fdd2ee60 JavaThread "C2 CompilerThread0" daemon [_thread_in_native, id=10420, stack(0x00000077be600000,0x00000077be700000)]
  0x000001d2fdd33910 JavaThread "C1 CompilerThread0" daemon [_thread_blocked, id=17924, stack(0x00000077be700000,0x00000077be800000)]
  0x000001d2fdd46ad0 JavaThread "Sweeper thread" daemon [_thread_blocked, id=1944, stack(0x00000077be800000,0x00000077be900000)]
  0x000001d2fe8fd860 JavaThread "Notification Thread" daemon [_thread_blocked, id=15348, stack(0x00000077be900000,0x00000077bea00000)]
  0x000001d2fe902ba0 JavaThread "Common-Cleaner" daemon [_thread_blocked, id=17372, stack(0x00000077beb00000,0x00000077bec00000)]
  0x000001d2feb9b170 JavaThread "RemoteInvocationHandler [#1]" daemon [_thread_blocked, id=19692, stack(0x00000077bec00000,0x00000077bed00000)]
  0x000001d2feb9da40 JavaThread "Channel reader thread: channel" [_thread_in_native, id=14256, stack(0x00000077bed00000,0x00000077bee00000)]
  0x000001d2feb9ba40 JavaThread "pool-1-thread-1 for channel id=5070" [_thread_in_Java, id=13868, stack(0x00000077bee00000,0x00000077bef00000)]
  0x000001d2feb9bf10 JavaThread "pool-1-thread-2" [_thread_blocked, id=2964, stack(0x00000077bef00000,0x00000077bf000000)]
  0x000001d2feba02b0 JavaThread "pool-1-thread-3" [_thread_blocked, id=10280, stack(0x00000077bf000000,0x00000077bf100000)]
=>0x000001d2ff09a780 JavaThread "C2 CompilerThread1" daemon [_thread_in_native, id=8168, stack(0x00000077bf100000,0x00000077bf200000)]
  0x000001d2ff2e93d0 JavaThread "pool-1-thread-4" [_thread_blocked, id=18484, stack(0x00000077bf500000,0x00000077bf600000)]
  0x000001d2ff3b8bb0 JavaThread "pool-1-thread-5" [_thread_blocked, id=18784, stack(0x00000077bf600000,0x00000077bf700000)]

Other Threads:
  0x000001d2fdd05d60 VMThread "VM Thread" [stack: 0x00000077bdf00000,0x00000077be000000] [id=14580]
  0x000001d2db88de40 WatcherThread [stack: 0x00000077bea00000,0x00000077beb00000] [id=5256]
  0x000001d2db8729c0 GCTaskThread "GC Thread#0" [stack: 0x00000077bda00000,0x00000077bdb00000] [id=1728]
  0x000001d2ff0901c0 GCTaskThread "GC Thread#1" [stack: 0x00000077bf200000,0x00000077bf300000] [id=17568]
  0x000001d2ff09bf90 GCTaskThread "GC Thread#2" [stack: 0x00000077bf300000,0x00000077bf400000] [id=11932]
  0x000001d2ff09b4a0 GCTaskThread "GC Thread#3" [stack: 0x00000077bf400000,0x00000077bf500000] [id=1296]
  0x000001d2db884860 ConcurrentGCThread "G1 Main Marker" [stack: 0x00000077bdb00000,0x00000077bdc00000] [id=13872]
  0x000001d2db886a20 ConcurrentGCThread "G1 Conc#0" [stack: 0x00000077bdc00000,0x00000077bdd00000] [id=11336]
  0x000001d2db8ed6a0 ConcurrentGCThread "G1 Refine#0" [stack: 0x00000077bdd00000,0x00000077bde00000] [id=14052]
  0x000001d2db8ee0c0 ConcurrentGCThread "G1 Service" [stack: 0x00000077bde00000,0x00000077bdf00000] [id=13964]

Threads with active compile tasks:
C2 CompilerThread0     2952 3859       4       org.eclipse.sisu.inject.LocatedBeans$Itr::hasNext (161 bytes)
C2 CompilerThread1     2952 3669   !   4       org.codehaus.plexus.interpolation.StringSearchInterpolator::interpolate (668 bytes)

VM state: not at safepoint (normal execution)

VM Mutex/Monitor currently owned by a thread: None

Heap address: 0x0000000700c00000, size: 4084 MB, Compressed Oops mode: Zero based, Oop shift amount: 3

CDS archive(s) mapped at: [0x0000000800000000-0x0000000800bc0000-0x0000000800bc0000), size 12320768, SharedBaseAddress: 0x0000000800000000, ArchiveRelocationMode: 0.
Compressed class space mapped at: 0x0000000800c00000-0x0000000840c00000, reserved size: 1073741824
Narrow klass base: 0x0000000800000000, Narrow klass shift: 0, Narrow klass range: 0x100000000

GC Precious Log:
 CPUs: 4 total, 4 available
 Memory: 16332M
 Large Page Support: Disabled
 NUMA Support: Disabled
 Compressed Oops: Enabled (Zero based)
 Heap Region Size: 2M
 Heap Min Capacity: 8M
 Heap Initial Capacity: 256M
 Heap Max Capacity: 4084M
 Pre-touch: Disabled
 Parallel Workers: 4
 Concurrent Workers: 1
 Concurrent Refinement Workers: 4
 Periodic GC: Disabled

Heap:
 garbage-first heap   total 262144K, used 118315K [0x0000000700c00000, 0x0000000800000000)
  region size 2048K, 56 young (114688K), 2 survivors (4096K)
 Metaspace       used 17287K, committed 17600K, reserved 1064960K
  class space    used 1914K, committed 2048K, reserved 1048576K

Heap Regions: E=young(eden), S=young(survivor), O=old, HS=humongous(starts), HC=humongous(continues), CS=collection set, F=free, OA=open archive, CA=closed archive, TAMS=top-at-mark-start (previous, next)
|   0|0x0000000700c00000, 0x0000000700e00000, 0x0000000700e00000|100%|HS|  |TAMS 0x0000000700c00000, 0x0000000700c00000| Complete 
|   1|0x0000000700e00000, 0x0000000701000000, 0x0000000701000000|100%|HS|  |TAMS 0x0000000700e00000, 0x0000000700e00000| Complete 
|   2|0x0000000701000000, 0x0000000701200000, 0x0000000701200000|100%| O|  |TAMS 0x0000000701000000, 0x0000000701000000| Untracked 
|   3|0x0000000701200000, 0x00000007012efe00, 0x0000000701400000| 46%| O|  |TAMS 0x0000000701200000, 0x0000000701200000| Untracked 
|   4|0x0000000701400000, 0x0000000701400000, 0x0000000701600000|  0%| F|  |TAMS 0x0000000701400000, 0x0000000701400000| Untracked 
|   5|0x0000000701600000, 0x0000000701600000, 0x0000000701800000|  0%| F|  |TAMS 0x0000000701600000, 0x0000000701600000| Untracked 
|   6|0x0000000701800000, 0x0000000701800000, 0x0000000701a00000|  0%| F|  |TAMS 0x0000000701800000, 0x0000000701800000| Untracked 
|   7|0x0000000701a00000, 0x0000000701a00000, 0x0000000701c00000|  0%| F|  |TAMS 0x0000000701a00000, 0x0000000701a00000| Untracked 
|   8|0x0000000701c00000, 0x0000000701c00000, 0x0000000701e00000|  0%| F|  |TAMS 0x0000000701c00000, 0x0000000701c00000| Untracked 
|   9|0x0000000701e00000, 0x0000000701e00000, 0x0000000702000000|  0%| F|  |TAMS 0x0000000701e00000, 0x0000000701e00000| Untracked 
|  10|0x0000000702000000, 0x0000000702000000, 0x0000000702200000|  0%| F|  |TAMS 0x0000000702000000, 0x0000000702000000| Untracked 
|  11|0x0000000702200000, 0x0000000702200000, 0x0000000702400000|  0%| F|  |TAMS 0x0000000702200000, 0x0000000702200000| Untracked 
|  12|0x0000000702400000, 0x0000000702400000, 0x0000000702600000|  0%| F|  |TAMS 0x0000000702400000, 0x0000000702400000| Untracked 
|  13|0x0000000702600000, 0x0000000702600000, 0x0000000702800000|  0%| F|  |TAMS 0x0000000702600000, 0x0000000702600000| Untracked 
|  14|0x0000000702800000, 0x0000000702800000, 0x0000000702a00000|  0%| F|  |TAMS 0x0000000702800000, 0x0000000702800000| Untracked 
|  15|0x0000000702a00000, 0x0000000702a00000, 0x0000000702c00000|  0%| F|  |TAMS 0x0000000702a00000, 0x0000000702a00000| Untracked 
|  16|0x0000000702c00000, 0x0000000702c00000, 0x0000000702e00000|  0%| F|  |TAMS 0x0000000702c00000, 0x0000000702c00000| Untracked 
|  17|0x0000000702e00000, 0x0000000702e00000, 0x0000000703000000|  0%| F|  |TAMS 0x0000000702e00000, 0x0000000702e00000| Untracked 
|  18|0x0000000703000000, 0x0000000703000000, 0x0000000703200000|  0%| F|  |TAMS 0x0000000703000000, 0x0000000703000000| Untracked 
|  19|0x0000000703200000, 0x0000000703200000, 0x0000000703400000|  0%| F|  |TAMS 0x0000000703200000, 0x0000000703200000| Untracked 
|  20|0x0000000703400000, 0x0000000703400000, 0x0000000703600000|  0%| F|  |TAMS 0x0000000703400000, 0x0000000703400000| Untracked 
|  21|0x0000000703600000, 0x0000000703600000, 0x0000000703800000|  0%| F|  |TAMS 0x0000000703600000, 0x0000000703600000| Untracked 
|  22|0x0000000703800000, 0x0000000703800000, 0x0000000703a00000|  0%| F|  |TAMS 0x0000000703800000, 0x0000000703800000| Untracked 
|  23|0x0000000703a00000, 0x0000000703a00000, 0x0000000703c00000|  0%| F|  |TAMS 0x0000000703a00000, 0x0000000703a00000| Untracked 
|  24|0x0000000703c00000, 0x0000000703c00000, 0x0000000703e00000|  0%| F|  |TAMS 0x0000000703c00000, 0x0000000703c00000| Untracked 
|  25|0x0000000703e00000, 0x0000000703e00000, 0x0000000704000000|  0%| F|  |TAMS 0x0000000703e00000, 0x0000000703e00000| Untracked 
|  26|0x0000000704000000, 0x0000000704000000, 0x0000000704200000|  0%| F|  |TAMS 0x0000000704000000, 0x0000000704000000| Untracked 
|  27|0x0000000704200000, 0x0000000704200000, 0x0000000704400000|  0%| F|  |TAMS 0x0000000704200000, 0x0000000704200000| Untracked 
|  28|0x0000000704400000, 0x0000000704400000, 0x0000000704600000|  0%| F|  |TAMS 0x0000000704400000, 0x0000000704400000| Untracked 
|  29|0x0000000704600000, 0x0000000704600000, 0x0000000704800000|  0%| F|  |TAMS 0x0000000704600000, 0x0000000704600000| Untracked 
|  30|0x0000000704800000, 0x0000000704800000, 0x0000000704a00000|  0%| F|  |TAMS 0x0000000704800000, 0x0000000704800000| Untracked 
|  31|0x0000000704a00000, 0x0000000704a00000, 0x0000000704c00000|  0%| F|  |TAMS 0x0000000704a00000, 0x0000000704a00000| Untracked 
|  32|0x0000000704c00000, 0x0000000704c00000, 0x0000000704e00000|  0%| F|  |TAMS 0x0000000704c00000, 0x0000000704c00000| Untracked 
|  33|0x0000000704e00000, 0x0000000704e00000, 0x0000000705000000|  0%| F|  |TAMS 0x0000000704e00000, 0x0000000704e00000| Untracked 
|  34|0x0000000705000000, 0x0000000705000000, 0x0000000705200000|  0%| F|  |TAMS 0x0000000705000000, 0x0000000705000000| Untracked 
|  35|0x0000000705200000, 0x0000000705200000, 0x0000000705400000|  0%| F|  |TAMS 0x0000000705200000, 0x0000000705200000| Untracked 
|  36|0x0000000705400000, 0x0000000705400000, 0x0000000705600000|  0%| F|  |TAMS 0x0000000705400000, 0x0000000705400000| Untracked 
|  37|0x0000000705600000, 0x0000000705600000, 0x0000000705800000|  0%| F|  |TAMS 0x0000000705600000, 0x0000000705600000| Untracked 
|  38|0x0000000705800000, 0x0000000705800000, 0x0000000705a00000|  0%| F|  |TAMS 0x0000000705800000, 0x0000000705800000| Untracked 
|  39|0x0000000705a00000, 0x0000000705a00000, 0x0000000705c00000|  0%| F|  |TAMS 0x0000000705a00000, 0x0000000705a00000| Untracked 
|  40|0x0000000705c00000, 0x0000000705c00000, 0x0000000705e00000|  0%| F|  |TAMS 0x0000000705c00000, 0x0000000705c00000| Untracked 
|  41|0x0000000705e00000, 0x0000000705e00000, 0x0000000706000000|  0%| F|  |TAMS 0x0000000705e00000, 0x0000000705e00000| Untracked 
|  42|0x0000000706000000, 0x0000000706000000, 0x0000000706200000|  0%| F|  |TAMS 0x0000000706000000, 0x0000000706000000| Untracked 
|  43|0x0000000706200000, 0x0000000706200000, 0x0000000706400000|  0%| F|  |TAMS 0x0000000706200000, 0x0000000706200000| Untracked 
|  44|0x0000000706400000, 0x0000000706400000, 0x0000000706600000|  0%| F|  |TAMS 0x0000000706400000, 0x0000000706400000| Untracked 
|  45|0x0000000706600000, 0x0000000706600000, 0x0000000706800000|  0%| F|  |TAMS 0x0000000706600000, 0x0000000706600000| Untracked 
|  46|0x0000000706800000, 0x0000000706800000, 0x0000000706a00000|  0%| F|  |TAMS 0x0000000706800000, 0x0000000706800000| Untracked 
|  47|0x0000000706a00000, 0x0000000706a00000, 0x0000000706c00000|  0%| F|  |TAMS 0x0000000706a00000, 0x0000000706a00000| Untracked 
|  48|0x0000000706c00000, 0x0000000706c00000, 0x0000000706e00000|  0%| F|  |TAMS 0x0000000706c00000, 0x0000000706c00000| Untracked 
|  49|0x0000000706e00000, 0x0000000706e00000, 0x0000000707000000|  0%| F|  |TAMS 0x0000000706e00000, 0x0000000706e00000| Untracked 
|  50|0x0000000707000000, 0x0000000707000000, 0x0000000707200000|  0%| F|  |TAMS 0x0000000707000000, 0x0000000707000000| Untracked 
|  51|0x0000000707200000, 0x0000000707200000, 0x0000000707400000|  0%| F|  |TAMS 0x0000000707200000, 0x0000000707200000| Untracked 
|  52|0x0000000707400000, 0x0000000707400000, 0x0000000707600000|  0%| F|  |TAMS 0x0000000707400000, 0x0000000707400000| Untracked 
|  53|0x0000000707600000, 0x0000000707600000, 0x0000000707800000|  0%| F|  |TAMS 0x0000000707600000, 0x0000000707600000| Untracked 
|  54|0x0000000707800000, 0x0000000707800000, 0x0000000707a00000|  0%| F|  |TAMS 0x0000000707800000, 0x0000000707800000| Untracked 
|  55|0x0000000707a00000, 0x0000000707a00000, 0x0000000707c00000|  0%| F|  |TAMS 0x0000000707a00000, 0x0000000707a00000| Untracked 
|  56|0x0000000707c00000, 0x0000000707c00000, 0x0000000707e00000|  0%| F|  |TAMS 0x0000000707c00000, 0x0000000707c00000| Untracked 
|  57|0x0000000707e00000, 0x0000000707e00000, 0x0000000708000000|  0%| F|  |TAMS 0x0000000707e00000, 0x0000000707e00000| Untracked 
|  58|0x0000000708000000, 0x0000000708000000, 0x0000000708200000|  0%| F|  |TAMS 0x0000000708000000, 0x0000000708000000| Untracked 
|  59|0x0000000708200000, 0x0000000708200000, 0x0000000708400000|  0%| F|  |TAMS 0x0000000708200000, 0x0000000708200000| Untracked 
|  60|0x0000000708400000, 0x0000000708400000, 0x0000000708600000|  0%| F|  |TAMS 0x0000000708400000, 0x0000000708400000| Untracked 
|  61|0x0000000708600000, 0x0000000708600000, 0x0000000708800000|  0%| F|  |TAMS 0x0000000708600000, 0x0000000708600000| Untracked 
|  62|0x0000000708800000, 0x0000000708800000, 0x0000000708a00000|  0%| F|  |TAMS 0x0000000708800000, 0x0000000708800000| Untracked 
|  63|0x0000000708a00000, 0x0000000708a00000, 0x0000000708c00000|  0%| F|  |TAMS 0x0000000708a00000, 0x0000000708a00000| Untracked 
|  64|0x0000000708c00000, 0x0000000708c00000, 0x0000000708e00000|  0%| F|  |TAMS 0x0000000708c00000, 0x0000000708c00000| Untracked 
|  65|0x0000000708e00000, 0x0000000708e00000, 0x0000000709000000|  0%| F|  |TAMS 0x0000000708e00000, 0x0000000708e00000| Untracked 
|  66|0x0000000709000000, 0x0000000709000000, 0x0000000709200000|  0%| F|  |TAMS 0x0000000709000000, 0x0000000709000000| Untracked 
|  67|0x0000000709200000, 0x0000000709200000, 0x0000000709400000|  0%| F|  |TAMS 0x0000000709200000, 0x0000000709200000| Untracked 
|  68|0x0000000709400000, 0x0000000709400000, 0x0000000709600000|  0%| F|  |TAMS 0x0000000709400000, 0x0000000709400000| Untracked 
|  69|0x0000000709600000, 0x0000000709600000, 0x0000000709800000|  0%| F|  |TAMS 0x0000000709600000, 0x0000000709600000| Untracked 
|  70|0x0000000709800000, 0x0000000709800000, 0x0000000709a00000|  0%| F|  |TAMS 0x0000000709800000, 0x0000000709800000| Untracked 
|  71|0x0000000709a00000, 0x0000000709b015e8, 0x0000000709c00000| 50%| E|  |TAMS 0x0000000709a00000, 0x0000000709a00000| Complete 
|  72|0x0000000709c00000, 0x0000000709e00000, 0x0000000709e00000|100%| E|CS|TAMS 0x0000000709c00000, 0x0000000709c00000| Complete 
|  73|0x0000000709e00000, 0x000000070a000000, 0x000000070a000000|100%| E|CS|TAMS 0x0000000709e00000, 0x0000000709e00000| Complete 
|  74|0x000000070a000000, 0x000000070a200000, 0x000000070a200000|100%| E|CS|TAMS 0x000000070a000000, 0x000000070a000000| Complete 
|  75|0x000000070a200000, 0x000000070a400000, 0x000000070a400000|100%| E|CS|TAMS 0x000000070a200000, 0x000000070a200000| Complete 
|  76|0x000000070a400000, 0x000000070a600000, 0x000000070a600000|100%| E|CS|TAMS 0x000000070a400000, 0x000000070a400000| Complete 
|  77|0x000000070a600000, 0x000000070a800000, 0x000000070a800000|100%| E|CS|TAMS 0x000000070a600000, 0x000000070a600000| Complete 
|  78|0x000000070a800000, 0x000000070aa00000, 0x000000070aa00000|100%| E|CS|TAMS 0x000000070a800000, 0x000000070a800000| Complete 
|  79|0x000000070aa00000, 0x000000070ac00000, 0x000000070ac00000|100%| E|CS|TAMS 0x000000070aa00000, 0x000000070aa00000| Complete 
|  80|0x000000070ac00000, 0x000000070ae00000, 0x000000070ae00000|100%| E|CS|TAMS 0x000000070ac00000, 0x000000070ac00000| Complete 
|  81|0x000000070ae00000, 0x000000070b000000, 0x000000070b000000|100%| E|CS|TAMS 0x000000070ae00000, 0x000000070ae00000| Complete 
|  82|0x000000070b000000, 0x000000070b200000, 0x000000070b200000|100%| E|CS|TAMS 0x000000070b000000, 0x000000070b000000| Complete 
|  83|0x000000070b200000, 0x000000070b400000, 0x000000070b400000|100%| E|CS|TAMS 0x000000070b200000, 0x000000070b200000| Complete 
|  84|0x000000070b400000, 0x000000070b600000, 0x000000070b600000|100%| E|CS|TAMS 0x000000070b400000, 0x000000070b400000| Complete 
|  85|0x000000070b600000, 0x000000070b800000, 0x000000070b800000|100%| E|CS|TAMS 0x000000070b600000, 0x000000070b600000| Complete 
|  86|0x000000070b800000, 0x000000070ba00000, 0x000000070ba00000|100%| E|CS|TAMS 0x000000070b800000, 0x000000070b800000| Complete 
|  87|0x000000070ba00000, 0x000000070bc00000, 0x000000070bc00000|100%| E|CS|TAMS 0x000000070ba00000, 0x000000070ba00000| Complete 
|  88|0x000000070bc00000, 0x000000070be00000, 0x000000070be00000|100%| E|CS|TAMS 0x000000070bc00000, 0x000000070bc00000| Complete 
|  89|0x000000070be00000, 0x000000070c000000, 0x000000070c000000|100%| E|CS|TAMS 0x000000070be00000, 0x000000070be00000| Complete 
|  90|0x000000070c000000, 0x000000070c200000, 0x000000070c200000|100%| E|CS|TAMS 0x000000070c000000, 0x000000070c000000| Complete 
|  91|0x000000070c200000, 0x000000070c400000, 0x000000070c400000|100%| E|CS|TAMS 0x000000070c200000, 0x000000070c200000| Complete 
|  92|0x000000070c400000, 0x000000070c600000, 0x000000070c600000|100%| E|CS|TAMS 0x000000070c400000, 0x000000070c400000| Complete 
|  93|0x000000070c600000, 0x000000070c800000, 0x000000070c800000|100%| E|CS|TAMS 0x000000070c600000, 0x000000070c600000| Complete 
|  94|0x000000070c800000, 0x000000070ca00000, 0x000000070ca00000|100%| E|CS|TAMS 0x000000070c800000, 0x000000070c800000| Complete 
|  95|0x000000070ca00000, 0x000000070cc00000, 0x000000070cc00000|100%| E|CS|TAMS 0x000000070ca00000, 0x000000070ca00000| Complete 
|  96|0x000000070cc00000, 0x000000070ce00000, 0x000000070ce00000|100%| E|CS|TAMS 0x000000070cc00000, 0x000000070cc00000| Complete 
|  97|0x000000070ce00000, 0x000000070d000000, 0x000000070d000000|100%| E|CS|TAMS 0x000000070ce00000, 0x000000070ce00000| Complete 
|  98|0x000000070d000000, 0x000000070d200000, 0x000000070d200000|100%| E|CS|TAMS 0x000000070d000000, 0x000000070d000000| Complete 
|  99|0x000000070d200000, 0x000000070d400000, 0x000000070d400000|100%| E|CS|TAMS 0x000000070d200000, 0x000000070d200000| Complete 
| 100|0x000000070d400000, 0x000000070d600000, 0x000000070d600000|100%| E|CS|TAMS 0x000000070d400000, 0x000000070d400000| Complete 
| 101|0x000000070d600000, 0x000000070d800000, 0x000000070d800000|100%| E|CS|TAMS 0x000000070d600000, 0x000000070d600000| Complete 
| 102|0x000000070d800000, 0x000000070da00000, 0x000000070da00000|100%| E|CS|TAMS 0x000000070d800000, 0x000000070d800000| Complete 
| 103|0x000000070da00000, 0x000000070dc00000, 0x000000070dc00000|100%| E|CS|TAMS 0x000000070da00000, 0x000000070da00000| Complete 
| 104|0x000000070dc00000, 0x000000070de00000, 0x000000070de00000|100%| E|CS|TAMS 0x000000070dc00000, 0x000000070dc00000| Complete 
| 105|0x000000070de00000, 0x000000070e000000, 0x000000070e000000|100%| E|CS|TAMS 0x000000070de00000, 0x000000070de00000| Complete 
| 106|0x000000070e000000, 0x000000070e200000, 0x000000070e200000|100%| E|CS|TAMS 0x000000070e000000, 0x000000070e000000| Complete 
| 107|0x000000070e200000, 0x000000070e400000, 0x000000070e400000|100%| E|CS|TAMS 0x000000070e200000, 0x000000070e200000| Complete 
| 108|0x000000070e400000, 0x000000070e600000, 0x000000070e600000|100%| E|CS|TAMS 0x000000070e400000, 0x000000070e400000| Complete 
| 109|0x000000070e600000, 0x000000070e800000, 0x000000070e800000|100%| E|CS|TAMS 0x000000070e600000, 0x000000070e600000| Complete 
| 110|0x000000070e800000, 0x000000070e89b080, 0x000000070ea00000| 30%| S|CS|TAMS 0x000000070e800000, 0x000000070e800000| Complete 
| 111|0x000000070ea00000, 0x000000070ec00000, 0x000000070ec00000|100%| S|CS|TAMS 0x000000070ea00000, 0x000000070ea00000| Complete 
| 112|0x000000070ec00000, 0x000000070ee00000, 0x000000070ee00000|100%| E|CS|TAMS 0x000000070ec00000, 0x000000070ec00000| Complete 
| 113|0x000000070ee00000, 0x000000070f000000, 0x000000070f000000|100%| E|CS|TAMS 0x000000070ee00000, 0x000000070ee00000| Complete 
| 114|0x000000070f000000, 0x000000070f200000, 0x000000070f200000|100%| E|CS|TAMS 0x000000070f000000, 0x000000070f000000| Complete 
| 115|0x000000070f200000, 0x000000070f400000, 0x000000070f400000|100%| E|CS|TAMS 0x000000070f200000, 0x000000070f200000| Complete 
| 116|0x000000070f400000, 0x000000070f600000, 0x000000070f600000|100%| E|CS|TAMS 0x000000070f400000, 0x000000070f400000| Complete 
| 117|0x000000070f600000, 0x000000070f800000, 0x000000070f800000|100%| E|CS|TAMS 0x000000070f600000, 0x000000070f600000| Complete 
| 118|0x000000070f800000, 0x000000070fa00000, 0x000000070fa00000|100%| E|CS|TAMS 0x000000070f800000, 0x000000070f800000| Complete 
| 119|0x000000070fa00000, 0x000000070fc00000, 0x000000070fc00000|100%| E|CS|TAMS 0x000000070fa00000, 0x000000070fa00000| Complete 
| 120|0x000000070fc00000, 0x000000070fe00000, 0x000000070fe00000|100%| E|CS|TAMS 0x000000070fc00000, 0x000000070fc00000| Complete 
| 121|0x000000070fe00000, 0x0000000710000000, 0x0000000710000000|100%| E|CS|TAMS 0x000000070fe00000, 0x000000070fe00000| Complete 
| 122|0x0000000710000000, 0x0000000710200000, 0x0000000710200000|100%| E|CS|TAMS 0x0000000710000000, 0x0000000710000000| Complete 
| 123|0x0000000710200000, 0x0000000710400000, 0x0000000710400000|100%| E|CS|TAMS 0x0000000710200000, 0x0000000710200000| Complete 
| 124|0x0000000710400000, 0x0000000710600000, 0x0000000710600000|100%| E|CS|TAMS 0x0000000710400000, 0x0000000710400000| Complete 
| 125|0x0000000710600000, 0x0000000710800000, 0x0000000710800000|100%| E|CS|TAMS 0x0000000710600000, 0x0000000710600000| Complete 
| 126|0x0000000710800000, 0x0000000710a00000, 0x0000000710a00000|100%| E|CS|TAMS 0x0000000710800000, 0x0000000710800000| Complete 
| 127|0x0000000710a00000, 0x0000000710c00000, 0x0000000710c00000|100%| E|CS|TAMS 0x0000000710a00000, 0x0000000710a00000| Complete 

Card table byte_map: [0x000001d2f2890000,0x000001d2f3090000] _byte_map_base: 0x000001d2ef08a000

Marking Bits (Prev, Next): (CMBitMap*) 0x000001d2db873ff0, (CMBitMap*) 0x000001d2db874030
 Prev Bits: [0x000001d2f3890000, 0x000001d2f7860000)
 Next Bits: [0x000001d2f7860000, 0x000001d2fb830000)

Polling page: 0x000001d2da9e0000

Metaspace:

Usage:
  Non-class:     15.03 MB used.
      Class:      1.87 MB used.
       Both:     16.91 MB used.

Virtual space:
  Non-class space:       16.00 MB reserved,      15.19 MB ( 95%) committed,  2 nodes.
      Class space:        1.00 GB reserved,       2.00 MB ( <1%) committed,  1 nodes.
             Both:        1.02 GB reserved,      17.19 MB (  2%) committed. 

Chunk freelists:
   Non-Class:  96.00 KB
       Class:  1.81 MB
        Both:  1.91 MB

MaxMetaspaceSize: unlimited
CompressedClassSpaceSize: 1.00 GB
Initial GC threshold: 21.00 MB
Current GC threshold: 21.00 MB
CDS: on
MetaspaceReclaimPolicy: balanced
 - commit_granule_bytes: 65536.
 - commit_granule_words: 8192.
 - virtual_space_node_default_size: 1048576.
 - enlarge_chunks_in_place: 1.
 - new_chunks_are_fully_committed: 0.
 - uncommit_free_chunks: 1.
 - use_allocation_guard: 0.
 - handle_deallocations: 1.


Internal statistics:

num_allocs_failed_limit: 0.
num_arena_births: 310.
num_arena_deaths: 0.
num_vsnodes_births: 3.
num_vsnodes_deaths: 0.
num_space_committed: 275.
num_space_uncommitted: 0.
num_chunks_returned_to_freelist: 0.
num_chunks_taken_from_freelist: 1000.
num_chunk_merges: 0.
num_chunk_splits: 619.
num_chunks_enlarged: 382.
num_purges: 0.
num_inconsistent_stats: 0.

CodeHeap 'non-profiled nmethods': size=120000Kb used=1915Kb max_used=1915Kb free=118084Kb
 bounds [0x000001d2eab60000, 0x000001d2eadd0000, 0x000001d2f2090000]
CodeHeap 'profiled nmethods': size=120000Kb used=8096Kb max_used=8096Kb free=111903Kb
 bounds [0x000001d2e3630000, 0x000001d2e3e20000, 0x000001d2eab60000]
CodeHeap 'non-nmethods': size=5760Kb used=1222Kb max_used=1236Kb free=4537Kb
 bounds [0x000001d2e3090000, 0x000001d2e3300000, 0x000001d2e3630000]
 total_blobs=4427 nmethods=3939 adapters=398
 compilation: enabled
              stopped_count=0, restarted_count=0
 full_count=0

Compilation events (20 events):
Event: 2.913 Thread 0x000001d2fdd33910 nmethod 3927 0x000001d2e3e0f910 code [0x000001d2e3e0faa0, 0x000001d2e3e0fc18]
Event: 2.914 Thread 0x000001d2fdd33910 3928       1       org.eclipse.aether.graph.DefaultDependencyNode::getRequestContext (5 bytes)
Event: 2.914 Thread 0x000001d2fdd33910 nmethod 3928 0x000001d2ead3d590 code [0x000001d2ead3d720, 0x000001d2ead3d7f8]
Event: 2.914 Thread 0x000001d2fdd33910 3929       2       org.eclipse.aether.resolution.ArtifactRequest::setArtifact (7 bytes)
Event: 2.915 Thread 0x000001d2fdd33910 nmethod 3929 0x000001d2e3e0fc90 code [0x000001d2e3e0fe20, 0x000001d2e3e0ff78]
Event: 2.915 Thread 0x000001d2fdd33910 3930       2       org.eclipse.aether.resolution.ArtifactRequest::setRepositories (21 bytes)
Event: 2.915 Thread 0x000001d2fdd33910 nmethod 3930 0x000001d2e3e10010 code [0x000001d2e3e101a0, 0x000001d2e3e10398]
Event: 2.915 Thread 0x000001d2fdd33910 3931       2       org.eclipse.aether.util.graph.visitor.Stack::push (64 bytes)
Event: 2.915 Thread 0x000001d2fdd33910 nmethod 3931 0x000001d2e3e10410 code [0x000001d2e3e105c0, 0x000001d2e3e10988]
Event: 2.930 Thread 0x000001d2fdd33910 3932  s    2       java.util.Properties::load (20 bytes)
Event: 2.930 Thread 0x000001d2fdd33910 nmethod 3932 0x000001d2e3e10b10 code [0x000001d2e3e10ce0, 0x000001d2e3e11008]
Event: 2.930 Thread 0x000001d2fdd33910 3933       2       java.util.Properties$LineReader::<init> (38 bytes)
Event: 2.930 Thread 0x000001d2fdd33910 nmethod 3933 0x000001d2e3e11190 code [0x000001d2e3e11340, 0x000001d2e3e116d8]
Event: 2.931 Thread 0x000001d2fdd33910 3934       2       org.eclipse.aether.artifact.AbstractArtifact::setFile (29 bytes)
Event: 2.932 Thread 0x000001d2fdd33910 nmethod 3934 0x000001d2e3e11790 code [0x000001d2e3e11940, 0x000001d2e3e11bf8]
Event: 2.932 Thread 0x000001d2fdd33910 3935       2       org.eclipse.aether.artifact.DefaultArtifact::<init> (59 bytes)
Event: 2.932 Thread 0x000001d2fdd33910 nmethod 3935 0x000001d2e3e11e10 code [0x000001d2e3e11fc0, 0x000001d2e3e123b8]
Event: 2.933 Thread 0x000001d2fdd33910 3936       2       org.eclipse.aether.resolution.ArtifactResult::<init> (25 bytes)
Event: 2.934 Thread 0x000001d2fdd33910 nmethod 3936 0x000001d2e3e12490 code [0x000001d2e3e12640, 0x000001d2e3e128e8]
Event: 2.934 Thread 0x000001d2fdd33910 3937       2       org.eclipse.aether.internal.impl.DefaultArtifactResolver::artifactResolving (42 bytes)

GC Heap History (6 events):
Event: 0.443 GC heap before
{Heap before GC invocations=0 (full 0):
 garbage-first heap   total 262144K, used 14336K [0x0000000700c00000, 0x0000000800000000)
  region size 2048K, 6 young (12288K), 0 survivors (0K)
 Metaspace       used 3952K, committed 4224K, reserved 1056768K
  class space    used 424K, committed 576K, reserved 1048576K
}
Event: 0.446 GC heap after
{Heap after GC invocations=1 (full 0):
 garbage-first heap   total 262144K, used 7075K [0x0000000700c00000, 0x0000000800000000)
  region size 2048K, 1 young (2048K), 1 survivors (2048K)
 Metaspace       used 3952K, committed 4224K, reserved 1056768K
  class space    used 424K, committed 576K, reserved 1048576K
}
Event: 0.784 GC heap before
{Heap before GC invocations=1 (full 0):
 garbage-first heap   total 262144K, used 19363K [0x0000000700c00000, 0x0000000800000000)
  region size 2048K, 7 young (14336K), 1 survivors (2048K)
 Metaspace       used 5370K, committed 5632K, reserved 1056768K
  class space    used 544K, committed 640K, reserved 1048576K
}
Event: 0.786 GC heap after
{Heap after GC invocations=2 (full 0):
 garbage-first heap   total 262144K, used 7674K [0x0000000700c00000, 0x0000000800000000)
  region size 2048K, 1 young (2048K), 1 survivors (2048K)
 Metaspace       used 5370K, committed 5632K, reserved 1056768K
  class space    used 544K, committed 640K, reserved 1048576K
}
Event: 1.353 GC heap before
{Heap before GC invocations=2 (full 0):
 garbage-first heap   total 262144K, used 38394K [0x0000000700c00000, 0x0000000800000000)
  region size 2048K, 16 young (32768K), 1 survivors (2048K)
 Metaspace       used 9760K, committed 10048K, reserved 1064960K
  class space    used 1095K, committed 1216K, reserved 1048576K
}
Event: 1.356 GC heap after
{Heap after GC invocations=3 (full 0):
 garbage-first heap   total 262144K, used 9771K [0x0000000700c00000, 0x0000000800000000)
  region size 2048K, 2 young (4096K), 2 survivors (4096K)
 Metaspace       used 9760K, committed 10048K, reserved 1064960K
  class space    used 1095K, committed 1216K, reserved 1048576K
}

Deoptimization events (20 events):
Event: 2.870 Thread 0x000001d2feb9ba40 DEOPT PACKING pc=0x000001d2ead39cd4 sp=0x00000077beefc2c0
Event: 2.870 Thread 0x000001d2feb9ba40 DEOPT UNPACKING pc=0x000001d2e30e23a3 sp=0x00000077beefc268 mode 2
Event: 2.889 Thread 0x000001d2feb9ba40 Uncommon trap: trap_request=0xffffff45 fr.pc=0x000001d2eacb21c4 relative=0x0000000000000524
Event: 2.889 Thread 0x000001d2feb9ba40 Uncommon trap: reason=unstable_if action=reinterpret pc=0x000001d2eacb21c4 method=java.lang.StringLatin1.trim([B)Ljava/lang/String; @ 60 c2
Event: 2.889 Thread 0x000001d2feb9ba40 DEOPT PACKING pc=0x000001d2eacb21c4 sp=0x00000077beefc180
Event: 2.889 Thread 0x000001d2feb9ba40 DEOPT UNPACKING pc=0x000001d2e30e23a3 sp=0x00000077beefc140 mode 2
Event: 2.903 Thread 0x000001d2feb9ba40 Uncommon trap: trap_request=0xffffff45 fr.pc=0x000001d2eac599d8 relative=0x0000000000000238
Event: 2.903 Thread 0x000001d2feb9ba40 Uncommon trap: reason=unstable_if action=reinterpret pc=0x000001d2eac599d8 method=java.util.HashMap.hash(Ljava/lang/Object;)I @ 1 c2
Event: 2.903 Thread 0x000001d2feb9ba40 DEOPT PACKING pc=0x000001d2eac599d8 sp=0x00000077beefce70
Event: 2.903 Thread 0x000001d2feb9ba40 DEOPT UNPACKING pc=0x000001d2e30e23a3 sp=0x00000077beefcd08 mode 2
Event: 2.903 Thread 0x000001d2feb9ba40 Uncommon trap: trap_request=0xffffff45 fr.pc=0x000001d2eac55cd0 relative=0x0000000000000230
Event: 2.903 Thread 0x000001d2feb9ba40 Uncommon trap: reason=unstable_if action=reinterpret pc=0x000001d2eac55cd0 method=java.util.HashMap.hash(Ljava/lang/Object;)I @ 1 c2
Event: 2.903 Thread 0x000001d2feb9ba40 DEOPT PACKING pc=0x000001d2eac55cd0 sp=0x00000077beefce00
Event: 2.903 Thread 0x000001d2feb9ba40 DEOPT UNPACKING pc=0x000001d2e30e23a3 sp=0x00000077beefcd08 mode 2
Event: 2.903 Thread 0x000001d2feb9ba40 Uncommon trap: trap_request=0xffffff45 fr.pc=0x000001d2eac56118 relative=0x0000000000000098
Event: 2.903 Thread 0x000001d2feb9ba40 Uncommon trap: reason=unstable_if action=reinterpret pc=0x000001d2eac56118 method=java.util.HashMap.hash(Ljava/lang/Object;)I @ 1 c2
Event: 2.903 Thread 0x000001d2feb9ba40 DEOPT PACKING pc=0x000001d2eac56118 sp=0x00000077beefcd70
Event: 2.903 Thread 0x000001d2feb9ba40 DEOPT UNPACKING pc=0x000001d2e30e23a3 sp=0x00000077beefcd08 mode 2
Event: 2.927 Thread 0x000001d2feb9ba40 DEOPT PACKING pc=0x000001d2e3c12d0b sp=0x00000077beefccd0
Event: 2.927 Thread 0x000001d2feb9ba40 DEOPT UNPACKING pc=0x000001d2e30e2b43 sp=0x00000077beefc1f0 mode 0

Classes unloaded (0 events):
No events

Classes redefined (0 events):
No events

Internal exceptions (20 events):
Event: 0.577 Thread 0x000001d2feb9ba40 Exception <a 'java/lang/ClassNotFoundException'{0x00000007106ee328}: sun/awt/resources/spi/awtProvider> (0x00000007106ee328) 
thrown [s\open\src\hotspot\share\classfile\systemDictionary.cpp, line 256]
Event: 0.585 Thread 0x000001d2feb9ba40 Exception <a 'java/io/FileNotFoundException'{0x0000000710700c68}> (0x0000000710700c68) 
thrown [s\open\src\hotspot\share\prims\jni.cpp, line 516]
Event: 0.589 Thread 0x000001d2feb9ba40 Exception <a 'java/io/FileNotFoundException'{0x0000000710729be0}> (0x0000000710729be0) 
thrown [s\open\src\hotspot\share\prims\jni.cpp, line 516]
Event: 1.116 Thread 0x000001d2feb9ba40 Exception <a 'java/lang/NoSuchMethodError'{0x000000070fb07f00}: 'java.lang.Object java.lang.invoke.DirectMethodHandle$Holder.newInvokeSpecial(java.lang.Object, java.lang.Object, java.lang.Object, java.lang.Object, java.lang.Object)'> (0x000000070fb07f00) 
thrown [s\open\src\hotspot\share\interpreter\linkResolver.cpp, line 759]
Event: 1.148 Thread 0x000001d2feb9ba40 Exception <a 'java/lang/NoClassDefFoundError'{0x000000070f881df0}: javax/enterprise/inject/Typed> (0x000000070f881df0) 
thrown [s\open\src\hotspot\share\classfile\systemDictionary.cpp, line 245]
Event: 1.802 Thread 0x000001d2feb9ba40 Exception <a 'java/lang/NoClassDefFoundError'{0x000000070f563a18}: com/google/inject/servlet/ServletModuleTargetVisitor> (0x000000070f563a18) 
thrown [s\open\src\hotspot\share\classfile\systemDictionary.cpp, line 245]
Event: 1.814 Thread 0x000001d2feb9ba40 Exception <a 'java/lang/NoSuchMethodError'{0x000000070f5a8268}: 'java.lang.Object java.lang.invoke.DirectMethodHandle$Holder.invokeStaticInit(java.lang.Object, int, int, int, int)'> (0x000000070f5a8268) 
thrown [s\open\src\hotspot\share\interpreter\linkResolver.cpp, line 759]
Event: 1.842 Thread 0x000001d2feb9ba40 Exception <a 'java/lang/NullPointerException'{0x000000070f2da840}> (0x000000070f2da840) 
thrown [s\open\src\hotspot\share\interpreter\linkResolver.cpp, line 1350]
Event: 1.869 Thread 0x000001d2feb9ba40 Exception <a 'java/lang/NullPointerException'{0x000000070f319040}> (0x000000070f319040) 
thrown [s\open\src\hotspot\share\interpreter\linkResolver.cpp, line 1350]
Event: 1.869 Thread 0x000001d2feb9ba40 Exception <a 'java/lang/NullPointerException'{0x000000070f319318}> (0x000000070f319318) 
thrown [s\open\src\hotspot\share\interpreter\linkResolver.cpp, line 1350]
Event: 1.869 Thread 0x000001d2feb9ba40 Exception <a 'java/lang/NullPointerException'{0x000000070f3195f0}> (0x000000070f3195f0) 
thrown [s\open\src\hotspot\share\interpreter\linkResolver.cpp, line 1350]
Event: 1.870 Thread 0x000001d2feb9ba40 Exception <a 'java/lang/NullPointerException'{0x000000070f31ff58}> (0x000000070f31ff58) 
thrown [s\open\src\hotspot\share\interpreter\linkResolver.cpp, line 1350]
Event: 1.871 Thread 0x000001d2feb9ba40 Exception <a 'java/lang/NullPointerException'{0x000000070f3361e8}> (0x000000070f3361e8) 
thrown [s\open\src\hotspot\share\interpreter\linkResolver.cpp, line 1350]
Event: 1.871 Thread 0x000001d2feb9ba40 Exception <a 'java/lang/NullPointerException'{0x000000070f3364c0}> (0x000000070f3364c0) 
thrown [s\open\src\hotspot\share\interpreter\linkResolver.cpp, line 1350]
Event: 1.871 Thread 0x000001d2feb9ba40 Exception <a 'java/lang/NullPointerException'{0x000000070f336798}> (0x000000070f336798) 
thrown [s\open\src\hotspot\share\interpreter\linkResolver.cpp, line 1350]
Event: 1.871 Thread 0x000001d2feb9ba40 Exception <a 'java/lang/NullPointerException'{0x000000070f336a70}> (0x000000070f336a70) 
thrown [s\open\src\hotspot\share\interpreter\linkResolver.cpp, line 1350]
Event: 2.139 Thread 0x000001d2ff3b8bb0 Exception <a 'java/lang/NoSuchMethodError'{0x000000070e411d28}: static Lhudson/maven/SplittableBuildListener$SendMark;.<clinit>()V> (0x000000070e411d28) 
thrown [s\open\src\hotspot\share\prims\jni.cpp, line 1107]
Event: 2.903 Thread 0x000001d2feb9ba40 Implicit null exception at 0x000001d2eac597ed to 0x000001d2eac599b8
Event: 2.903 Thread 0x000001d2feb9ba40 Implicit null exception at 0x000001d2eac55aed to 0x000001d2eac55cb0
Event: 2.903 Thread 0x000001d2feb9ba40 Implicit null exception at 0x000001d2eac5608f to 0x000001d2eac56109

VM Operations (20 events):
Event: 1.698 Executing VM operation: HandshakeAllThreads
Event: 1.698 Executing VM operation: HandshakeAllThreads done
Event: 1.699 Executing VM operation: HandshakeAllThreads
Event: 1.699 Executing VM operation: HandshakeAllThreads done
Event: 1.806 Executing VM operation: ICBufferFull
Event: 1.806 Executing VM operation: ICBufferFull done
Event: 1.839 Executing VM operation: HandshakeAllThreads
Event: 1.839 Executing VM operation: HandshakeAllThreads done
Event: 1.897 Executing VM operation: HandshakeAllThreads
Event: 1.897 Executing VM operation: HandshakeAllThreads done
Event: 1.965 Executing VM operation: HandshakeAllThreads
Event: 1.965 Executing VM operation: HandshakeAllThreads done
Event: 1.966 Executing VM operation: HandshakeAllThreads
Event: 1.966 Executing VM operation: HandshakeAllThreads done
Event: 2.174 Executing VM operation: ICBufferFull
Event: 2.174 Executing VM operation: ICBufferFull done
Event: 2.419 Executing VM operation: HandshakeAllThreads
Event: 2.419 Executing VM operation: HandshakeAllThreads done
Event: 2.572 Executing VM operation: ICBufferFull
Event: 2.572 Executing VM operation: ICBufferFull done

Events (20 events):
Event: 2.084 loading class javax/security/auth/Destroyable done
Event: 2.084 loading class javax/crypto/SecretKey done
Event: 2.084 loading class java/lang/AbstractMethodError
Event: 2.084 loading class java/lang/AbstractMethodError done
Event: 2.085 loading class java/security/DigestInputStream
Event: 2.085 loading class java/security/DigestInputStream done
Event: 2.129 loading class java/util/concurrent/locks/ReentrantReadWriteLock$NonfairSync
Event: 2.129 loading class java/util/concurrent/locks/ReentrantReadWriteLock$Sync
Event: 2.129 loading class java/util/concurrent/locks/ReentrantReadWriteLock$Sync done
Event: 2.129 loading class java/util/concurrent/locks/ReentrantReadWriteLock$NonfairSync done
Event: 2.129 loading class java/util/concurrent/locks/ReentrantReadWriteLock$Sync$ThreadLocalHoldCounter
Event: 2.129 loading class java/util/concurrent/locks/ReentrantReadWriteLock$Sync$ThreadLocalHoldCounter done
Event: 2.130 loading class java/util/concurrent/locks/ReentrantReadWriteLock$ReadLock
Event: 2.130 loading class java/util/concurrent/locks/ReentrantReadWriteLock$ReadLock done
Event: 2.130 loading class java/util/concurrent/locks/ReentrantReadWriteLock$WriteLock
Event: 2.130 loading class java/util/concurrent/locks/ReentrantReadWriteLock$WriteLock done
Event: 2.394 loading class sun/nio/cs/ISO_8859_1$Decoder
Event: 2.394 loading class sun/nio/cs/ISO_8859_1$Decoder done
Event: 2.888 loading class java/util/Collections$UnmodifiableList$1
Event: 2.888 loading class java/util/Collections$UnmodifiableList$1 done


Dynamic libraries:
0x00007ff6cda20000 - 0x00007ff6cda30000 	C:\Program Files\Java\jdk-17.0.4.1\bin\java.exe
0x00007fffd5530000 - 0x00007fffd5728000 	C:\Windows\SYSTEM32\ntdll.dll
0x00007fffd5430000 - 0x00007fffd54ef000 	C:\Windows\System32\KERNEL32.DLL
0x00007fffd2c30000 - 0x00007fffd2f02000 	C:\Windows\System32\KERNELBASE.dll
0x00007fffd32e0000 - 0x00007fffd33e0000 	C:\Windows\System32\ucrtbase.dll
0x00007fffbba70000 - 0x00007fffbba8a000 	C:\Program Files\Java\jdk-17.0.4.1\bin\VCRUNTIME140.dll
0x00007fffbbb60000 - 0x00007fffbbb78000 	C:\Program Files\Java\jdk-17.0.4.1\bin\jli.dll
0x00007fffd3780000 - 0x00007fffd382e000 	C:\Windows\System32\ADVAPI32.dll
0x00007fffd4100000 - 0x00007fffd419e000 	C:\Windows\System32\msvcrt.dll
0x00007fffd3580000 - 0x00007fffd361c000 	C:\Windows\System32\sechost.dll
0x00007fffd3620000 - 0x00007fffd3745000 	C:\Windows\System32\RPCRT4.dll
0x00007fffd4490000 - 0x00007fffd462d000 	C:\Windows\System32\USER32.dll
0x00007fffbb7d0000 - 0x00007fffbba6a000 	C:\Windows\WinSxS\amd64_microsoft.windows.common-controls_6595b64144ccf1df_6.0.19041.1110_none_60b5254171f9507e\COMCTL32.dll
0x00007fffd30f0000 - 0x00007fffd3112000 	C:\Windows\System32\win32u.dll
0x00007fffd3750000 - 0x00007fffd377b000 	C:\Windows\System32\GDI32.dll
0x00007fffd3120000 - 0x00007fffd322f000 	C:\Windows\System32\gdi32full.dll
0x00007fffd3470000 - 0x00007fffd350d000 	C:\Windows\System32\msvcp_win.dll
0x00007fffca040000 - 0x00007fffca04a000 	C:\Windows\SYSTEM32\VERSION.dll
0x00007fffbbb50000 - 0x00007fffbbb5c000 	C:\Program Files\Java\jdk-17.0.4.1\bin\vcruntime140_1.dll
0x00007fffbb570000 - 0x00007fffbb5fd000 	C:\Program Files\Java\jdk-17.0.4.1\bin\msvcp140.dll
0x00007fffba980000 - 0x00007fffbb542000 	C:\Program Files\Java\jdk-17.0.4.1\bin\server\jvm.dll
0x00007fffd5310000 - 0x00007fffd5318000 	C:\Windows\System32\PSAPI.DLL
0x00007fffc7fb0000 - 0x00007fffc7fd7000 	C:\Windows\SYSTEM32\WINMM.dll
0x00007fffba830000 - 0x00007fffba839000 	C:\Windows\SYSTEM32\WSOCK32.dll
0x00007fffd3c70000 - 0x00007fffd3cdb000 	C:\Windows\System32\WS2_32.dll
0x00007fffd0a00000 - 0x00007fffd0a12000 	C:\Windows\SYSTEM32\kernel.appcore.dll
0x00007fffba4e0000 - 0x00007fffba4ea000 	C:\Program Files\Java\jdk-17.0.4.1\bin\jimage.dll
0x00007fffcd210000 - 0x00007fffcd3f4000 	C:\Windows\SYSTEM32\DBGHELP.DLL
0x00007fffcd1e0000 - 0x00007fffcd20c000 	C:\Windows\SYSTEM32\dbgcore.DLL
0x00007fffd33e0000 - 0x00007fffd3462000 	C:\Windows\System32\bcryptPrimitives.dll
0x00007fffba250000 - 0x00007fffba275000 	C:\Program Files\Java\jdk-17.0.4.1\bin\java.dll
0x00007fffb97d0000 - 0x00007fffb98a6000 	C:\Program Files\Java\jdk-17.0.4.1\bin\jsvml.dll
0x00007fffd4630000 - 0x00007fffd4d73000 	C:\Windows\System32\SHELL32.dll
0x00007fffd0c00000 - 0x00007fffd1392000 	C:\Windows\SYSTEM32\windows.storage.dll
0x00007fffd3830000 - 0x00007fffd3b84000 	C:\Windows\System32\combase.dll
0x00007fffd25b0000 - 0x00007fffd25e0000 	C:\Windows\SYSTEM32\Wldp.dll
0x00007fffd5380000 - 0x00007fffd542d000 	C:\Windows\System32\SHCORE.dll
0x00007fffd4420000 - 0x00007fffd4475000 	C:\Windows\System32\shlwapi.dll
0x00007fffd2b70000 - 0x00007fffd2b8f000 	C:\Windows\SYSTEM32\profapi.dll
0x00007fffb9690000 - 0x00007fffb96a9000 	C:\Program Files\Java\jdk-17.0.4.1\bin\net.dll
0x00007fffd1bb0000 - 0x00007fffd1cbc000 	C:\Windows\SYSTEM32\WINHTTP.dll
0x00007fffd2310000 - 0x00007fffd237a000 	C:\Windows\system32\mswsock.dll
0x00007fffb9620000 - 0x00007fffb9636000 	C:\Program Files\Java\jdk-17.0.4.1\bin\nio.dll
0x00007fffb9600000 - 0x00007fffb9618000 	C:\Program Files\Java\jdk-17.0.4.1\bin\zip.dll
0x00007fffd2000000 - 0x00007fffd203b000 	C:\Windows\SYSTEM32\IPHLPAPI.DLL
0x00007fffd4480000 - 0x00007fffd4488000 	C:\Windows\System32\NSI.dll
0x00007fffcb8d0000 - 0x00007fffcb8e7000 	C:\Windows\SYSTEM32\dhcpcsvc6.DLL
0x00007fffcb520000 - 0x00007fffcb53d000 	C:\Windows\SYSTEM32\dhcpcsvc.DLL
0x00007fffd2040000 - 0x00007fffd210a000 	C:\Windows\SYSTEM32\DNSAPI.dll
0x00007fffb4220000 - 0x00007fffb43af000 	C:\Program Files\Java\jdk-17.0.4.1\bin\awt.dll
0x00007fffd3ce0000 - 0x00007fffd3dad000 	C:\Windows\System32\OLEAUT32.dll
0x00007fffd01d0000 - 0x00007fffd0261000 	C:\Windows\SYSTEM32\apphelp.dll
0x00007fffb8b00000 - 0x00007fffb8b10000 	C:\Program Files\Java\jdk-17.0.4.1\bin\verify.dll
0x0000000069ac0000 - 0x0000000069ae4000 	C:\Windows\Temp\jansi-2.4.0-ef18971c30e0da7c-jansi.dll

dbghelp: loaded successfully - version: 4.0.5 - missing functions: none
symbol engine: initialized successfully - sym options: 0x614 - pdb path: .;C:\Program Files\Java\jdk-17.0.4.1\bin;C:\Windows\SYSTEM32;C:\Windows\WinSxS\amd64_microsoft.windows.common-controls_6595b64144ccf1df_6.0.19041.1110_none_60b5254171f9507e;C:\Program Files\Java\jdk-17.0.4.1\bin\server;C:\Windows\Temp

VM Arguments:
java_command: jenkins.maven3.agent.Maven35Main C:\ProgramData\Jenkins\.jenkins\tools\hudson.tasks.Maven_MavenInstallation\MAVEN_HOME C:\ProgramData\Jenkins\war\WEB-INF\lib\remoting-3044.vb_940a_a_e4f72e.jar C:\ProgramData\Jenkins\.jenkins\plugins\maven-plugin\WEB-INF\lib\maven35-interceptor-1.14.jar C:\ProgramData\Jenkins\.jenkins\plugins\maven-plugin\WEB-INF\lib\maven3-interceptor-commons-1.14.jar 64106
java_class_path (initial): C:\ProgramData\Jenkins\.jenkins\plugins\maven-plugin\WEB-INF\lib\maven35-agent-1.14.jar;C:\ProgramData\Jenkins\.jenkins\tools\hudson.tasks.Maven_MavenInstallation\MAVEN_HOME\boot\plexus-classworlds-2.6.0.jar;C:\ProgramData\Jenkins\.jenkins\tools\hudson.tasks.Maven_MavenInstallation\MAVEN_HOME/conf/logging
Launcher Type: SUN_STANDARD

[Global flags]
     intx CICompilerCount                          = 3                                         {product} {ergonomic}
     uint ConcGCThreads                            = 1                                         {product} {ergonomic}
     uint G1ConcRefinementThreads                  = 4                                         {product} {ergonomic}
   size_t G1HeapRegionSize                         = 2097152                                   {product} {ergonomic}
    uintx GCDrainStackTargetSize                   = 64                                        {product} {ergonomic}
   size_t InitialHeapSize                          = 268435456                                 {product} {ergonomic}
   size_t MarkStackSize                            = 4194304                                   {product} {ergonomic}
   size_t MaxHeapSize                              = 4282384384                                {product} {ergonomic}
   size_t MaxNewSize                               = 2569011200                                {product} {ergonomic}
   size_t MinHeapDeltaBytes                        = 2097152                                   {product} {ergonomic}
   size_t MinHeapSize                              = 8388608                                   {product} {ergonomic}
    uintx NonNMethodCodeHeapSize                   = 5832780                                {pd product} {ergonomic}
    uintx NonProfiledCodeHeapSize                  = 122912730                              {pd product} {ergonomic}
    uintx ProfiledCodeHeapSize                     = 122912730                              {pd product} {ergonomic}
    uintx ReservedCodeCacheSize                    = 251658240                              {pd product} {ergonomic}
     bool SegmentedCodeCache                       = true                                      {product} {ergonomic}
   size_t SoftMaxHeapSize                          = 4282384384                             {manageable} {ergonomic}
     bool UseCompressedClassPointers               = true                           {product lp64_product} {ergonomic}
     bool UseCompressedOops                        = true                           {product lp64_product} {ergonomic}
     bool UseG1GC                                  = true                                      {product} {ergonomic}
     bool UseLargePagesIndividualAllocation        = false                                  {pd product} {ergonomic}

Logging:
Log output configuration:
 #0: stdout all=warning uptime,level,tags
 #1: stderr all=off uptime,level,tags

Environment Variables:
JAVA_HOME=C:\Program Files\Java\jdk-17.0.4.1
PATH=C:\ProgramData\Jenkins\.jenkins\tools\hudson.tasks.Maven_MavenInstallation\MAVEN_HOME/bin;C:\Program Files\Java\jdk-17.0.4.1/bin;C:\Program Files\Java\jdk-17.0.4.1/bin;C:\Program Files\Common Files\Oracle\Java\javapath;C:\Windows\system32;C:\Windows;C:\Windows\System32\Wbem;C:\Windows\System32\WindowsPowerShell\v1.0\;C:\Windows\System32\OpenSSH\;C:\Program Files\dotnet\;C:\Program Files (x86)\Microsoft SQL Server\150\DTS\Binn\;C:\Program Files\Azure Data Studio\bin;C:\Program Files\Java\jdk-19\bin;C:\Program Files\Microsoft SQL Server\Client SDK\ODBC\170\Tools\Binn\;D:\Automation Files\apache-maven-3.8.6\bin;C:\Gopi\Apache Maven\apache-maven-3.8.6\bin;C:\Program Files\Git\cmd;C:\Windows\system32\config\systemprofile\AppData\Local\Microsoft\WindowsApps
USERNAME=HRG-CORP-BEERIM$
OS=Windows_NT
PROCESSOR_IDENTIFIER=AMD64 Family 25 Model 1 Stepping 1, AuthenticAMD



---------------  S Y S T E M  ---------------

OS:
 Windows 10 , 64 bit Build 19041 (10.0.19041.2251)
OS uptime: 3 days 7:49 hours
Hyper-V virtualization detected

CPU: total 4 (initial active 4) (4 cores per cpu, 2 threads per core) family 25 model 1 stepping 1 microcode 0x0, cx8, cmov, fxsr, ht, mmx, 3dnowpref, sse, sse2, sse3, ssse3, sse4a, sse4.1, sse4.2, popcnt, lzcnt, tsc, avx, avx2, aes, clmul, bmi1, bmi2, adx, sha, fma, vzeroupper, clflush, clflushopt, hv

Memory: 4k page, system-wide physical 16332M (3300M free)
TotalPageFile size 17738M (AvailPageFile size 8M)
current process WorkingSet (physical memory assigned to process): 208M, peak: 212M
current process commit charge ("private bytes"): 391M, peak: 396M

vm_info: Java HotSpot(TM) 64-Bit Server VM (17.0.4.1+1-LTS-2) for windows-amd64 JRE (17.0.4.1+1-LTS-2), built on Aug 16 2022 18:32:06 by "mach5one" with MS VC++ 16.8 / 16.9 (VS2019)

END.
