#
# There is insufficient memory for the Java Runtime Environment to continue.
# Native memory allocation (malloc) failed to allocate 1019856 bytes for Chunk::new
# Possible reasons:
#   The system is out of physical RAM or swap space
#   The process is running with CompressedOops enabled, and the Java Heap may be blocking the growth of the native heap
# Possible solutions:
#   Reduce memory load on the system
#   Increase physical memory or swap space
#   Check if swap backing store is full
#   Decrease Java heap size (-Xmx/-Xms)
#   Decrease number of Java threads
#   Decrease Java thread stack sizes (-Xss)
#   Set larger code cache with -XX:ReservedCodeCacheSize=
#   JVM is running with Zero Based Compressed Oops mode in which the Java heap is
#     placed in the first 32GB address space. The Java Heap base address is the
#     maximum limit for the native heap growth. Please use -XX:HeapBaseMinAddress
#     to set the Java Heap base and to place the Java Heap above 32GB virtual address.
# This output file may be truncated or incomplete.
#
#  Out of Memory Error (arena.cpp:184), pid=22660, tid=15784
#
# JRE version: Java(TM) SE Runtime Environment (19.0+36) (build 19+36-2238)
# Java VM: Java HotSpot(TM) 64-Bit Server VM (19+36-2238, mixed mode, sharing, tiered, compressed oops, compressed class ptrs, g1 gc, windows-amd64)
# No core dump will be written. Minidumps are not enabled by default on client versions of Windows
#

---------------  S U M M A R Y ------------

Command Line: -Dfile.encoding=UTF-8 -XX:+ShowCodeDetailsInExceptionMessages mainPackage.RunnerClass

Host: AMD EPYC 7763 64-Core Processor                , 4 cores, 15G,  Windows 10 , 64 bit Build 19041 (10.0.19041.2364)
Time: Tue Jan 17 08:40:20 2023 Eastern Standard Time elapsed time: 79.339996 seconds (0d 0h 1m 19s)

---------------  T H R E A D  ---------------

Current thread (0x000001d546df9ad0):  JavaThread "C2 CompilerThread0" daemon [_thread_in_native, id=15784, stack(0x0000004511600000,0x0000004511700000)]


Current CompileTask:
C2:  79340 4845       4       sun.security.ec.ECOperations::setDouble (559 bytes)

Stack: [0x0000004511600000,0x0000004511700000]
Native frames: (J=compiled Java code, j=interpreted, Vv=VM code, C=native code)
V  [jvm.dll+0x6ee8fa]
V  [jvm.dll+0x857a1e]
V  [jvm.dll+0x85940e]
V  [jvm.dll+0x859ac3]
V  [jvm.dll+0x28291f]
V  [jvm.dll+0xc9b5f]
V  [jvm.dll+0xc9ee5]
V  [jvm.dll+0x3bcb72]
V  [jvm.dll+0x1ee12a]
V  [jvm.dll+0x24c41b]
V  [jvm.dll+0x24b671]
V  [jvm.dll+0x1d6d61]
V  [jvm.dll+0x25b0fa]
V  [jvm.dll+0x259588]
V  [jvm.dll+0x807928]
V  [jvm.dll+0x8015fa]
V  [jvm.dll+0x6ed5eb]
C  [ucrtbase.dll+0x21bb2]
C  [KERNEL32.DLL+0x17614]
C  [ntdll.dll+0x526a1]


---------------  P R O C E S S  ---------------

Threads class SMR info:
_java_thread_list=0x000001d54b9220f0, length=24, elements={
0x000001d52215e7c0, 0x000001d546de6de0, 0x000001d546de79d0, 0x000001d546debe80,
0x000001d546dec7b0, 0x000001d546ded220, 0x000001d546df8460, 0x000001d546df9ad0,
0x000001d546dfb450, 0x000001d546e150e0, 0x000001d546e11bc0, 0x000001d546e13ba0,
0x000001d546e13100, 0x000001d546e140f0, 0x000001d546e14640, 0x000001d546e12110,
0x000001d546e12660, 0x000001d546e12bb0, 0x000001d54c345410, 0x000001d54c342ee0,
0x000001d54c33ff10, 0x000001d54c342440, 0x000001d54c342990, 0x000001d54c4ce420
}

Java Threads: ( => current thread )
  0x000001d52215e7c0 JavaThread "main" [_thread_in_native, id=25672, stack(0x0000004510900000,0x0000004510a00000)]
  0x000001d546de6de0 JavaThread "Reference Handler" daemon [_thread_blocked, id=25948, stack(0x0000004511000000,0x0000004511100000)]
  0x000001d546de79d0 JavaThread "Finalizer" daemon [_thread_blocked, id=21620, stack(0x0000004511100000,0x0000004511200000)]
  0x000001d546debe80 JavaThread "Signal Dispatcher" daemon [_thread_blocked, id=24188, stack(0x0000004511200000,0x0000004511300000)]
  0x000001d546dec7b0 JavaThread "Attach Listener" daemon [_thread_blocked, id=24264, stack(0x0000004511300000,0x0000004511400000)]
  0x000001d546ded220 JavaThread "Service Thread" daemon [_thread_blocked, id=19620, stack(0x0000004511400000,0x0000004511500000)]
  0x000001d546df8460 JavaThread "Monitor Deflation Thread" daemon [_thread_blocked, id=14860, stack(0x0000004511500000,0x0000004511600000)]
=>0x000001d546df9ad0 JavaThread "C2 CompilerThread0" daemon [_thread_in_native, id=15784, stack(0x0000004511600000,0x0000004511700000)]
  0x000001d546dfb450 JavaThread "C1 CompilerThread0" daemon [_thread_blocked, id=24788, stack(0x0000004511700000,0x0000004511800000)]
  0x000001d546e150e0 JavaThread "Sweeper thread" daemon [_thread_blocked, id=21764, stack(0x0000004511800000,0x0000004511900000)]
  0x000001d546e11bc0 JavaThread "Notification Thread" daemon [_thread_blocked, id=23980, stack(0x0000004511900000,0x0000004511a00000)]
  0x000001d546e13ba0 JavaThread "Common-Cleaner" daemon [_thread_blocked, id=16872, stack(0x0000004511b00000,0x0000004511c00000)]
  0x000001d546e13100 JavaThread "AsyncHttpClient-1-1" daemon [_thread_blocked, id=9276, stack(0x0000004512200000,0x0000004512300000)]
  0x000001d546e140f0 JavaThread "Exec Default Executor" daemon [_thread_in_native, id=10644, stack(0x0000004512300000,0x0000004512400000)]
  0x000001d546e14640 JavaThread "Driver Service Executor" daemon [_thread_blocked, id=16716, stack(0x0000004512400000,0x0000004512500000)]
  0x000001d546e12110 JavaThread "Driver Service Executor" daemon [_thread_blocked, id=7452, stack(0x0000004512500000,0x0000004512600000)]
  0x000001d546e12660 JavaThread "Exec Stream Pumper" daemon [_thread_in_native, id=4296, stack(0x0000004512700000,0x0000004512800000)]
  0x000001d546e12bb0 JavaThread "Exec Stream Pumper" daemon [_thread_in_native, id=1488, stack(0x0000004512800000,0x0000004512900000)]
  0x000001d54c345410 JavaThread "AsyncHttpClient-1-2" daemon [_thread_in_native, id=11944, stack(0x0000004512a00000,0x0000004512b00000)]
  0x000001d54c342ee0 JavaThread "AsyncHttpClient-1-3" daemon [_thread_in_native, id=4416, stack(0x0000004512b00000,0x0000004512c00000)]
  0x000001d54c33ff10 JavaThread "AsyncHttpClient-1-4" daemon [_thread_in_native, id=23316, stack(0x0000004512c00000,0x0000004512d00000)]
  0x000001d54c342440 JavaThread "Java2D Disposer" daemon [_thread_blocked, id=8836, stack(0x0000004511c00000,0x0000004511d00000)]
  0x000001d54c342990 JavaThread "AWT-Windows" daemon [_thread_in_native, id=20732, stack(0x0000004512e00000,0x0000004512f00000)]
  0x000001d54c4ce420 JavaThread "C2 CompilerThread1" daemon [_thread_in_native, id=2836, stack(0x0000004510600000,0x0000004510700000)]

Other Threads:
  0x000001d546dcc260 VMThread "VM Thread" [stack: 0x0000004510f00000,0x0000004511000000] [id=23536]
  0x000001d54b101e30 WatcherThread "VM Periodic Task Thread" [stack: 0x0000004511a00000,0x0000004511b00000] [id=24128]
  0x000001d524279ab0 WorkerThread "GC Thread#0" [stack: 0x0000004510a00000,0x0000004510b00000] [id=22268]
  0x000001d54b66b850 WorkerThread "GC Thread#1" [stack: 0x0000004511d00000,0x0000004511e00000] [id=24232]
  0x000001d54b66bb20 WorkerThread "GC Thread#2" [stack: 0x0000004511e00000,0x0000004511f00000] [id=21700]
  0x000001d54b66bdf0 WorkerThread "GC Thread#3" [stack: 0x0000004511f00000,0x0000004512000000] [id=17300]
  0x000001d52428c6a0 ConcurrentGCThread "G1 Main Marker" [stack: 0x0000004510b00000,0x0000004510c00000] [id=6212]
  0x000001d52428d0d0 WorkerThread "G1 Conc#0" [stack: 0x0000004510c00000,0x0000004510d00000] [id=23600]
  0x000001d5242ce550 ConcurrentGCThread "G1 Refine#0" [stack: 0x0000004510d00000,0x0000004510e00000] [id=25084]
  0x000001d546c87100 ConcurrentGCThread "G1 Service" [stack: 0x0000004510e00000,0x0000004510f00000] [id=21120]

Threads with active compile tasks:
C2 CompilerThread0    79360 4845       4       sun.security.ec.ECOperations::setDouble (559 bytes)
C2 CompilerThread1    79360 4881       4       sun.security.util.math.intpoly.IntegerPolynomialP256::square (613 bytes)

VM state: not at safepoint (normal execution)

VM Mutex/Monitor currently owned by a thread: None

Heap address: 0x0000000700c00000, size: 4084 MB, Compressed Oops mode: Zero based, Oop shift amount: 3

CDS archive(s) mapped at: [0x0000000800000000-0x0000000800c40000-0x0000000800c40000), size 12845056, SharedBaseAddress: 0x0000000800000000, ArchiveRelocationMode: 0.
Compressed class space mapped at: 0x0000000801000000-0x0000000841000000, reserved size: 1073741824
Narrow klass base: 0x0000000800000000, Narrow klass shift: 0, Narrow klass range: 0x100000000

GC Precious Log:
 CardTable entry size: 512
 Card Set container configuration: InlinePtr #cards 4 size 8 Array Of Cards #cards 8 size 32 Howl #buckets 8 coarsen threshold 3686 Howl Bitmap #cards 512 size 80 coarsen threshold 460 Card regions per heap region 1 cards per card region 4096
 CPUs: 4 total, 4 available
 Memory: 16332M
 Large Page Support: Disabled
 NUMA Support: Disabled
 Compressed Oops: Enabled (Zero based)
 Heap Region Size: 2M
 Heap Min Capacity: 8M
 Heap Initial Capacity: 256M
 Heap Max Capacity: 4084M
 Pre-touch: Disabled
 Parallel Workers: 4
 Concurrent Workers: 1
 Concurrent Refinement Workers: 4
 Periodic GC: Disabled

Heap:
 garbage-first heap   total 675840K, used 419745K [0x0000000700c00000, 0x0000000800000000)
  region size 2048K, 106 young (217088K), 14 survivors (28672K)
 Metaspace       used 30680K, committed 30912K, reserved 1114112K
  class space    used 3299K, committed 3392K, reserved 1048576K

Heap Regions: E=young(eden), S=young(survivor), O=old, HS=humongous(starts), HC=humongous(continues), CS=collection set, F=free, OA=open archive, CA=closed archive, TAMS=top-at-mark-start (previous, next)
|   0|0x0000000700c00000, 0x0000000700e00000, 0x0000000700e00000|100%| O|  |TAMS 0x0000000700e00000, 0x0000000700c00000| Untracked 
|   1|0x0000000700e00000, 0x0000000701000000, 0x0000000701000000|100%| O|  |TAMS 0x0000000701000000, 0x0000000700e00000| Untracked 
|   2|0x0000000701000000, 0x0000000701200000, 0x0000000701200000|100%| O|  |TAMS 0x0000000701200000, 0x0000000701000000| Untracked 
|   3|0x0000000701200000, 0x0000000701400000, 0x0000000701400000|100%| O|  |TAMS 0x0000000701400000, 0x0000000701200000| Untracked 
|   4|0x0000000701400000, 0x0000000701600000, 0x0000000701600000|100%| O|  |TAMS 0x0000000701600000, 0x0000000701400000| Untracked 
|   5|0x0000000701600000, 0x0000000701800000, 0x0000000701800000|100%| O|  |TAMS 0x0000000701800000, 0x0000000701600000| Untracked 
|   6|0x0000000701800000, 0x0000000701a00000, 0x0000000701a00000|100%|HS|  |TAMS 0x0000000701a00000, 0x0000000701800000| Complete 
|   7|0x0000000701a00000, 0x0000000701c00000, 0x0000000701c00000|100%|HC|  |TAMS 0x0000000701c00000, 0x0000000701a00000| Complete 
|   8|0x0000000701c00000, 0x0000000701e00000, 0x0000000701e00000|100%|HC|  |TAMS 0x0000000701e00000, 0x0000000701c00000| Complete 
|   9|0x0000000701e00000, 0x0000000702000000, 0x0000000702000000|100%| O|  |TAMS 0x0000000702000000, 0x0000000701e00000| Untracked 
|  10|0x0000000702000000, 0x0000000702200000, 0x0000000702200000|100%| O|  |TAMS 0x0000000702200000, 0x0000000702000000| Untracked 
|  11|0x0000000702200000, 0x0000000702400000, 0x0000000702400000|100%| O|  |TAMS 0x0000000702400000, 0x0000000702200000| Untracked 
|  12|0x0000000702400000, 0x0000000702600000, 0x0000000702600000|100%| O|  |TAMS 0x0000000702600000, 0x0000000702400000| Untracked 
|  13|0x0000000702600000, 0x0000000702800000, 0x0000000702800000|100%| O|  |TAMS 0x0000000702800000, 0x0000000702600000| Untracked 
|  14|0x0000000702800000, 0x0000000702a00000, 0x0000000702a00000|100%| O|  |TAMS 0x0000000702a00000, 0x0000000702800000| Untracked 
|  15|0x0000000702a00000, 0x0000000702c00000, 0x0000000702c00000|100%| O|  |TAMS 0x0000000702c00000, 0x0000000702a00000| Untracked 
|  16|0x0000000702c00000, 0x0000000702e00000, 0x0000000702e00000|100%| O|  |TAMS 0x0000000702e00000, 0x0000000702c00000| Untracked 
|  17|0x0000000702e00000, 0x0000000703000000, 0x0000000703000000|100%| O|  |TAMS 0x0000000703000000, 0x0000000702e00000| Untracked 
|  18|0x0000000703000000, 0x0000000703200000, 0x0000000703200000|100%| O|  |TAMS 0x0000000703200000, 0x0000000703000000| Untracked 
|  19|0x0000000703200000, 0x0000000703400000, 0x0000000703400000|100%| O|  |TAMS 0x0000000703200000, 0x0000000703200000| Untracked 
|  20|0x0000000703400000, 0x0000000703600000, 0x0000000703600000|100%| O|  |TAMS 0x0000000703400000, 0x0000000703400000| Untracked 
|  21|0x0000000703600000, 0x0000000703800000, 0x0000000703800000|100%| O|  |TAMS 0x0000000703600000, 0x0000000703600000| Untracked 
|  22|0x0000000703800000, 0x0000000703a00000, 0x0000000703a00000|100%| O|  |TAMS 0x0000000703800000, 0x0000000703800000| Untracked 
|  23|0x0000000703a00000, 0x0000000703c00000, 0x0000000703c00000|100%| O|  |TAMS 0x0000000703a00000, 0x0000000703a00000| Untracked 
|  24|0x0000000703c00000, 0x0000000703e00000, 0x0000000703e00000|100%| O|  |TAMS 0x0000000703c00000, 0x0000000703c00000| Untracked 
|  25|0x0000000703e00000, 0x0000000704000000, 0x0000000704000000|100%| O|  |TAMS 0x0000000703e00000, 0x0000000703e00000| Untracked 
|  26|0x0000000704000000, 0x0000000704200000, 0x0000000704200000|100%| O|  |TAMS 0x0000000704000000, 0x0000000704000000| Untracked 
|  27|0x0000000704200000, 0x0000000704400000, 0x0000000704400000|100%| O|  |TAMS 0x0000000704200000, 0x0000000704200000| Untracked 
|  28|0x0000000704400000, 0x0000000704600000, 0x0000000704600000|100%| O|  |TAMS 0x0000000704400000, 0x0000000704400000| Untracked 
|  29|0x0000000704600000, 0x0000000704800000, 0x0000000704800000|100%| O|  |TAMS 0x0000000704600000, 0x0000000704600000| Untracked 
|  30|0x0000000704800000, 0x0000000704a00000, 0x0000000704a00000|100%| O|  |TAMS 0x0000000704800000, 0x0000000704800000| Untracked 
|  31|0x0000000704a00000, 0x0000000704c00000, 0x0000000704c00000|100%| O|  |TAMS 0x0000000704a00000, 0x0000000704a00000| Untracked 
|  32|0x0000000704c00000, 0x0000000704e00000, 0x0000000704e00000|100%| O|  |TAMS 0x0000000704c00000, 0x0000000704c00000| Untracked 
|  33|0x0000000704e00000, 0x0000000705000000, 0x0000000705000000|100%| O|  |TAMS 0x0000000704e00000, 0x0000000704e00000| Untracked 
|  34|0x0000000705000000, 0x0000000705200000, 0x0000000705200000|100%| O|  |TAMS 0x0000000705000000, 0x0000000705000000| Untracked 
|  35|0x0000000705200000, 0x0000000705400000, 0x0000000705400000|100%| O|  |TAMS 0x0000000705200000, 0x0000000705200000| Untracked 
|  36|0x0000000705400000, 0x0000000705600000, 0x0000000705600000|100%| O|  |TAMS 0x0000000705400000, 0x0000000705400000| Untracked 
|  37|0x0000000705600000, 0x0000000705800000, 0x0000000705800000|100%| O|  |TAMS 0x0000000705600000, 0x0000000705600000| Untracked 
|  38|0x0000000705800000, 0x0000000705a00000, 0x0000000705a00000|100%| O|  |TAMS 0x0000000705800000, 0x0000000705800000| Untracked 
|  39|0x0000000705a00000, 0x0000000705c00000, 0x0000000705c00000|100%| O|  |TAMS 0x0000000705a00000, 0x0000000705a00000| Untracked 
|  40|0x0000000705c00000, 0x0000000705e00000, 0x0000000705e00000|100%| O|  |TAMS 0x0000000705c00000, 0x0000000705c00000| Untracked 
|  41|0x0000000705e00000, 0x0000000706000000, 0x0000000706000000|100%| O|  |TAMS 0x0000000705e00000, 0x0000000705e00000| Untracked 
|  42|0x0000000706000000, 0x0000000706200000, 0x0000000706200000|100%| O|  |TAMS 0x0000000706000000, 0x0000000706000000| Untracked 
|  43|0x0000000706200000, 0x0000000706400000, 0x0000000706400000|100%| O|  |TAMS 0x0000000706200000, 0x0000000706200000| Untracked 
|  44|0x0000000706400000, 0x0000000706600000, 0x0000000706600000|100%| O|  |TAMS 0x0000000706400000, 0x0000000706400000| Untracked 
|  45|0x0000000706600000, 0x0000000706800000, 0x0000000706800000|100%| O|  |TAMS 0x0000000706600000, 0x0000000706600000| Untracked 
|  46|0x0000000706800000, 0x0000000706a00000, 0x0000000706a00000|100%| O|  |TAMS 0x0000000706800000, 0x0000000706800000| Untracked 
|  47|0x0000000706a00000, 0x0000000706c00000, 0x0000000706c00000|100%| O|  |TAMS 0x0000000706a00000, 0x0000000706a00000| Untracked 
|  48|0x0000000706c00000, 0x0000000706e00000, 0x0000000706e00000|100%| O|  |TAMS 0x0000000706c00000, 0x0000000706c00000| Untracked 
|  49|0x0000000706e00000, 0x0000000707000000, 0x0000000707000000|100%| O|  |TAMS 0x0000000706e00000, 0x0000000706e00000| Untracked 
|  50|0x0000000707000000, 0x0000000707200000, 0x0000000707200000|100%| O|  |TAMS 0x0000000707000000, 0x0000000707000000| Untracked 
|  51|0x0000000707200000, 0x0000000707400000, 0x0000000707400000|100%| O|  |TAMS 0x0000000707200000, 0x0000000707200000| Untracked 
|  52|0x0000000707400000, 0x0000000707600000, 0x0000000707600000|100%| O|  |TAMS 0x0000000707400000, 0x0000000707400000| Untracked 
|  53|0x0000000707600000, 0x0000000707800000, 0x0000000707800000|100%| O|  |TAMS 0x0000000707600000, 0x0000000707600000| Untracked 
|  54|0x0000000707800000, 0x0000000707a00000, 0x0000000707a00000|100%| O|  |TAMS 0x0000000707800000, 0x0000000707800000| Untracked 
|  55|0x0000000707a00000, 0x0000000707c00000, 0x0000000707c00000|100%| O|  |TAMS 0x0000000707a00000, 0x0000000707a00000| Untracked 
|  56|0x0000000707c00000, 0x0000000707e00000, 0x0000000707e00000|100%| O|  |TAMS 0x0000000707c00000, 0x0000000707c00000| Untracked 
|  57|0x0000000707e00000, 0x0000000708000000, 0x0000000708000000|100%| O|  |TAMS 0x0000000707e00000, 0x0000000707e00000| Untracked 
|  58|0x0000000708000000, 0x0000000708200000, 0x0000000708200000|100%| O|  |TAMS 0x0000000708000000, 0x0000000708000000| Untracked 
|  59|0x0000000708200000, 0x0000000708400000, 0x0000000708400000|100%| O|  |TAMS 0x0000000708200000, 0x0000000708200000| Untracked 
|  60|0x0000000708400000, 0x0000000708600000, 0x0000000708600000|100%| O|  |TAMS 0x0000000708400000, 0x0000000708400000| Untracked 
|  61|0x0000000708600000, 0x0000000708800000, 0x0000000708800000|100%| O|  |TAMS 0x0000000708600000, 0x0000000708600000| Untracked 
|  62|0x0000000708800000, 0x0000000708a00000, 0x0000000708a00000|100%| O|  |TAMS 0x0000000708800000, 0x0000000708800000| Untracked 
|  63|0x0000000708a00000, 0x0000000708c00000, 0x0000000708c00000|100%| O|  |TAMS 0x0000000708a00000, 0x0000000708a00000| Untracked 
|  64|0x0000000708c00000, 0x0000000708e00000, 0x0000000708e00000|100%| O|  |TAMS 0x0000000708c00000, 0x0000000708c00000| Untracked 
|  65|0x0000000708e00000, 0x0000000709000000, 0x0000000709000000|100%| O|  |TAMS 0x0000000708e00000, 0x0000000708e00000| Untracked 
|  66|0x0000000709000000, 0x0000000709200000, 0x0000000709200000|100%| O|  |TAMS 0x0000000709000000, 0x0000000709000000| Untracked 
|  67|0x0000000709200000, 0x0000000709400000, 0x0000000709400000|100%| O|  |TAMS 0x0000000709200000, 0x0000000709200000| Untracked 
|  68|0x0000000709400000, 0x0000000709600000, 0x0000000709600000|100%| O|  |TAMS 0x0000000709400000, 0x0000000709400000| Untracked 
|  69|0x0000000709600000, 0x0000000709800000, 0x0000000709800000|100%| O|  |TAMS 0x0000000709600000, 0x0000000709600000| Untracked 
|  70|0x0000000709800000, 0x0000000709a00000, 0x0000000709a00000|100%| O|  |TAMS 0x0000000709800000, 0x0000000709800000| Untracked 
|  71|0x0000000709a00000, 0x0000000709c00000, 0x0000000709c00000|100%| O|  |TAMS 0x0000000709a00000, 0x0000000709a00000| Untracked 
|  72|0x0000000709c00000, 0x0000000709e00000, 0x0000000709e00000|100%| O|  |TAMS 0x0000000709c00000, 0x0000000709c00000| Untracked 
|  73|0x0000000709e00000, 0x000000070a000000, 0x000000070a000000|100%| O|  |TAMS 0x0000000709e00000, 0x0000000709e00000| Untracked 
|  74|0x000000070a000000, 0x000000070a200000, 0x000000070a200000|100%| O|  |TAMS 0x000000070a000000, 0x000000070a000000| Untracked 
|  75|0x000000070a200000, 0x000000070a400000, 0x000000070a400000|100%| O|  |TAMS 0x000000070a200000, 0x000000070a200000| Untracked 
|  76|0x000000070a400000, 0x000000070a600000, 0x000000070a600000|100%| O|  |TAMS 0x000000070a400000, 0x000000070a400000| Untracked 
|  77|0x000000070a600000, 0x000000070a800000, 0x000000070a800000|100%| O|  |TAMS 0x000000070a600000, 0x000000070a600000| Untracked 
|  78|0x000000070a800000, 0x000000070aa00000, 0x000000070aa00000|100%| O|  |TAMS 0x000000070a800000, 0x000000070a800000| Untracked 
|  79|0x000000070aa00000, 0x000000070ac00000, 0x000000070ac00000|100%| O|  |TAMS 0x000000070aa00000, 0x000000070aa00000| Untracked 
|  80|0x000000070ac00000, 0x000000070ae00000, 0x000000070ae00000|100%| O|  |TAMS 0x000000070ac00000, 0x000000070ac00000| Untracked 
|  81|0x000000070ae00000, 0x000000070b000000, 0x000000070b000000|100%| O|  |TAMS 0x000000070ae00000, 0x000000070ae00000| Untracked 
|  82|0x000000070b000000, 0x000000070b200000, 0x000000070b200000|100%| O|  |TAMS 0x000000070b000000, 0x000000070b000000| Untracked 
|  83|0x000000070b200000, 0x000000070b400000, 0x000000070b400000|100%| O|  |TAMS 0x000000070b200000, 0x000000070b200000| Untracked 
|  84|0x000000070b400000, 0x000000070b600000, 0x000000070b600000|100%| O|  |TAMS 0x000000070b400000, 0x000000070b400000| Untracked 
|  85|0x000000070b600000, 0x000000070b800000, 0x000000070b800000|100%| O|  |TAMS 0x000000070b600000, 0x000000070b600000| Untracked 
|  86|0x000000070b800000, 0x000000070ba00000, 0x000000070ba00000|100%| O|  |TAMS 0x000000070b800000, 0x000000070b800000| Untracked 
|  87|0x000000070ba00000, 0x000000070bc00000, 0x000000070bc00000|100%| O|  |TAMS 0x000000070ba00000, 0x000000070ba00000| Untracked 
|  88|0x000000070bc00000, 0x000000070be00000, 0x000000070be00000|100%| O|  |TAMS 0x000000070bc00000, 0x000000070bc00000| Untracked 
|  89|0x000000070be00000, 0x000000070c000000, 0x000000070c000000|100%| O|  |TAMS 0x000000070be00000, 0x000000070be00000| Untracked 
|  90|0x000000070c000000, 0x000000070c200000, 0x000000070c200000|100%| O|  |TAMS 0x000000070c000000, 0x000000070c000000| Untracked 
|  91|0x000000070c200000, 0x000000070c400000, 0x000000070c400000|100%| O|  |TAMS 0x000000070c200000, 0x000000070c200000| Untracked 
|  92|0x000000070c400000, 0x000000070c600000, 0x000000070c600000|100%| O|  |TAMS 0x000000070c400000, 0x000000070c400000| Untracked 
|  93|0x000000070c600000, 0x000000070c800000, 0x000000070c800000|100%| O|  |TAMS 0x000000070c600000, 0x000000070c600000| Untracked 
|  94|0x000000070c800000, 0x000000070ca00000, 0x000000070ca00000|100%| O|  |TAMS 0x000000070c800000, 0x000000070c800000| Untracked 
|  95|0x000000070ca00000, 0x000000070cc00000, 0x000000070cc00000|100%| O|  |TAMS 0x000000070ca00000, 0x000000070ca00000| Untracked 
|  96|0x000000070cc00000, 0x000000070ce00000, 0x000000070ce00000|100%| O|  |TAMS 0x000000070cc00000, 0x000000070cc00000| Untracked 
|  97|0x000000070ce00000, 0x000000070d000000, 0x000000070d000000|100%| O|  |TAMS 0x000000070ce00000, 0x000000070ce00000| Untracked 
|  98|0x000000070d000000, 0x000000070d200000, 0x000000070d200000|100%| O|  |TAMS 0x000000070d000000, 0x000000070d000000| Untracked 
|  99|0x000000070d200000, 0x000000070d3e8400, 0x000000070d400000| 95%| O|  |TAMS 0x000000070d200000, 0x000000070d200000| Untracked 
| 100|0x000000070d400000, 0x000000070d400000, 0x000000070d600000|  0%| F|  |TAMS 0x000000070d400000, 0x000000070d400000| Untracked 
| 101|0x000000070d600000, 0x000000070d600000, 0x000000070d800000|  0%| F|  |TAMS 0x000000070d600000, 0x000000070d600000| Untracked 
| 102|0x000000070d800000, 0x000000070d800000, 0x000000070da00000|  0%| F|  |TAMS 0x000000070d800000, 0x000000070d800000| Untracked 
| 103|0x000000070da00000, 0x000000070da00000, 0x000000070dc00000|  0%| F|  |TAMS 0x000000070da00000, 0x000000070da00000| Untracked 
| 104|0x000000070dc00000, 0x000000070dc00000, 0x000000070de00000|  0%| F|  |TAMS 0x000000070dc00000, 0x000000070dc00000| Untracked 
| 105|0x000000070de00000, 0x000000070de00000, 0x000000070e000000|  0%| F|  |TAMS 0x000000070de00000, 0x000000070de00000| Untracked 
| 106|0x000000070e000000, 0x000000070e000000, 0x000000070e200000|  0%| F|  |TAMS 0x000000070e000000, 0x000000070e000000| Untracked 
| 107|0x000000070e200000, 0x000000070e200000, 0x000000070e400000|  0%| F|  |TAMS 0x000000070e200000, 0x000000070e200000| Untracked 
| 108|0x000000070e400000, 0x000000070e400000, 0x000000070e600000|  0%| F|  |TAMS 0x000000070e400000, 0x000000070e400000| Untracked 
| 109|0x000000070e600000, 0x000000070e600000, 0x000000070e800000|  0%| F|  |TAMS 0x000000070e600000, 0x000000070e600000| Untracked 
| 110|0x000000070e800000, 0x000000070e800000, 0x000000070ea00000|  0%| F|  |TAMS 0x000000070e800000, 0x000000070e800000| Untracked 
| 111|0x000000070ea00000, 0x000000070ea00000, 0x000000070ec00000|  0%| F|  |TAMS 0x000000070ea00000, 0x000000070ea00000| Untracked 
| 112|0x000000070ec00000, 0x000000070ec00000, 0x000000070ee00000|  0%| F|  |TAMS 0x000000070ec00000, 0x000000070ec00000| Untracked 
| 113|0x000000070ee00000, 0x000000070ee00000, 0x000000070f000000|  0%| F|  |TAMS 0x000000070ee00000, 0x000000070ee00000| Untracked 
| 114|0x000000070f000000, 0x000000070f000000, 0x000000070f200000|  0%| F|  |TAMS 0x000000070f000000, 0x000000070f000000| Untracked 
| 115|0x000000070f200000, 0x000000070f200000, 0x000000070f400000|  0%| F|  |TAMS 0x000000070f200000, 0x000000070f200000| Untracked 
| 116|0x000000070f400000, 0x000000070f400000, 0x000000070f600000|  0%| F|  |TAMS 0x000000070f400000, 0x000000070f400000| Untracked 
| 117|0x000000070f600000, 0x000000070f600000, 0x000000070f800000|  0%| F|  |TAMS 0x000000070f600000, 0x000000070f600000| Untracked 
| 118|0x000000070f800000, 0x000000070f800000, 0x000000070fa00000|  0%| F|  |TAMS 0x000000070f800000, 0x000000070f800000| Untracked 
| 119|0x000000070fa00000, 0x000000070fa00000, 0x000000070fc00000|  0%| F|  |TAMS 0x000000070fa00000, 0x000000070fa00000| Untracked 
| 120|0x000000070fc00000, 0x000000070fc00000, 0x000000070fe00000|  0%| F|  |TAMS 0x000000070fc00000, 0x000000070fc00000| Untracked 
| 121|0x000000070fe00000, 0x000000070fe00000, 0x0000000710000000|  0%| F|  |TAMS 0x000000070fe00000, 0x000000070fe00000| Untracked 
| 122|0x0000000710000000, 0x0000000710000000, 0x0000000710200000|  0%| F|  |TAMS 0x0000000710000000, 0x0000000710000000| Untracked 
| 123|0x0000000710200000, 0x0000000710200000, 0x0000000710400000|  0%| F|  |TAMS 0x0000000710200000, 0x0000000710200000| Untracked 
| 124|0x0000000710400000, 0x0000000710400000, 0x0000000710600000|  0%| F|  |TAMS 0x0000000710400000, 0x0000000710400000| Untracked 
| 125|0x0000000710600000, 0x0000000710600000, 0x0000000710800000|  0%| F|  |TAMS 0x0000000710600000, 0x0000000710600000| Untracked 
| 126|0x0000000710800000, 0x0000000710800000, 0x0000000710a00000|  0%| F|  |TAMS 0x0000000710800000, 0x0000000710800000| Untracked 
| 127|0x0000000710a00000, 0x0000000710a00000, 0x0000000710c00000|  0%| F|  |TAMS 0x0000000710a00000, 0x0000000710a00000| Untracked 
| 128|0x0000000710c00000, 0x0000000710c00000, 0x0000000710e00000|  0%| F|  |TAMS 0x0000000710c00000, 0x0000000710c00000| Untracked 
| 129|0x0000000710e00000, 0x0000000710e00000, 0x0000000711000000|  0%| F|  |TAMS 0x0000000710e00000, 0x0000000710e00000| Untracked 
| 130|0x0000000711000000, 0x0000000711000000, 0x0000000711200000|  0%| F|  |TAMS 0x0000000711000000, 0x0000000711000000| Untracked 
| 131|0x0000000711200000, 0x0000000711200000, 0x0000000711400000|  0%| F|  |TAMS 0x0000000711200000, 0x0000000711200000| Untracked 
| 132|0x0000000711400000, 0x0000000711400000, 0x0000000711600000|  0%| F|  |TAMS 0x0000000711400000, 0x0000000711400000| Untracked 
| 133|0x0000000711600000, 0x0000000711600000, 0x0000000711800000|  0%| F|  |TAMS 0x0000000711600000, 0x0000000711600000| Untracked 
| 134|0x0000000711800000, 0x0000000711800000, 0x0000000711a00000|  0%| F|  |TAMS 0x0000000711800000, 0x0000000711800000| Untracked 
| 135|0x0000000711a00000, 0x0000000711a00000, 0x0000000711c00000|  0%| F|  |TAMS 0x0000000711a00000, 0x0000000711a00000| Untracked 
| 136|0x0000000711c00000, 0x0000000711c00000, 0x0000000711e00000|  0%| F|  |TAMS 0x0000000711c00000, 0x0000000711c00000| Untracked 
| 137|0x0000000711e00000, 0x0000000711e00000, 0x0000000712000000|  0%| F|  |TAMS 0x0000000711e00000, 0x0000000711e00000| Untracked 
| 138|0x0000000712000000, 0x0000000712000000, 0x0000000712200000|  0%| F|  |TAMS 0x0000000712000000, 0x0000000712000000| Untracked 
| 139|0x0000000712200000, 0x0000000712200000, 0x0000000712400000|  0%| F|  |TAMS 0x0000000712200000, 0x0000000712200000| Untracked 
| 140|0x0000000712400000, 0x0000000712400000, 0x0000000712600000|  0%| F|  |TAMS 0x0000000712400000, 0x0000000712400000| Untracked 
| 141|0x0000000712600000, 0x0000000712600000, 0x0000000712800000|  0%| F|  |TAMS 0x0000000712600000, 0x0000000712600000| Untracked 
| 142|0x0000000712800000, 0x0000000712800000, 0x0000000712a00000|  0%| F|  |TAMS 0x0000000712800000, 0x0000000712800000| Untracked 
| 143|0x0000000712a00000, 0x0000000712a00000, 0x0000000712c00000|  0%| F|  |TAMS 0x0000000712a00000, 0x0000000712a00000| Untracked 
| 144|0x0000000712c00000, 0x0000000712c00000, 0x0000000712e00000|  0%| F|  |TAMS 0x0000000712c00000, 0x0000000712c00000| Untracked 
| 145|0x0000000712e00000, 0x0000000712e00000, 0x0000000713000000|  0%| F|  |TAMS 0x0000000712e00000, 0x0000000712e00000| Untracked 
| 146|0x0000000713000000, 0x0000000713000000, 0x0000000713200000|  0%| F|  |TAMS 0x0000000713000000, 0x0000000713000000| Untracked 
| 147|0x0000000713200000, 0x0000000713200000, 0x0000000713400000|  0%| F|  |TAMS 0x0000000713200000, 0x0000000713200000| Untracked 
| 148|0x0000000713400000, 0x0000000713400000, 0x0000000713600000|  0%| F|  |TAMS 0x0000000713400000, 0x0000000713400000| Untracked 
| 149|0x0000000713600000, 0x0000000713600000, 0x0000000713800000|  0%| F|  |TAMS 0x0000000713600000, 0x0000000713600000| Untracked 
| 150|0x0000000713800000, 0x0000000713800000, 0x0000000713a00000|  0%| F|  |TAMS 0x0000000713800000, 0x0000000713800000| Untracked 
| 151|0x0000000713a00000, 0x0000000713a00000, 0x0000000713c00000|  0%| F|  |TAMS 0x0000000713a00000, 0x0000000713a00000| Untracked 
| 152|0x0000000713c00000, 0x0000000713c00000, 0x0000000713e00000|  0%| F|  |TAMS 0x0000000713c00000, 0x0000000713c00000| Untracked 
| 153|0x0000000713e00000, 0x0000000713e00000, 0x0000000714000000|  0%| F|  |TAMS 0x0000000713e00000, 0x0000000713e00000| Untracked 
| 154|0x0000000714000000, 0x0000000714000000, 0x0000000714200000|  0%| F|  |TAMS 0x0000000714000000, 0x0000000714000000| Untracked 
| 155|0x0000000714200000, 0x0000000714200000, 0x0000000714400000|  0%| F|  |TAMS 0x0000000714200000, 0x0000000714200000| Untracked 
| 156|0x0000000714400000, 0x0000000714400000, 0x0000000714600000|  0%| F|  |TAMS 0x0000000714400000, 0x0000000714400000| Untracked 
| 157|0x0000000714600000, 0x0000000714600000, 0x0000000714800000|  0%| F|  |TAMS 0x0000000714600000, 0x0000000714600000| Untracked 
| 158|0x0000000714800000, 0x0000000714800000, 0x0000000714a00000|  0%| F|  |TAMS 0x0000000714800000, 0x0000000714800000| Untracked 
| 159|0x0000000714a00000, 0x0000000714a00000, 0x0000000714c00000|  0%| F|  |TAMS 0x0000000714a00000, 0x0000000714a00000| Untracked 
| 160|0x0000000714c00000, 0x0000000714c00000, 0x0000000714e00000|  0%| F|  |TAMS 0x0000000714c00000, 0x0000000714c00000| Untracked 
| 161|0x0000000714e00000, 0x0000000714e00000, 0x0000000715000000|  0%| F|  |TAMS 0x0000000714e00000, 0x0000000714e00000| Untracked 
| 162|0x0000000715000000, 0x0000000715000000, 0x0000000715200000|  0%| F|  |TAMS 0x0000000715000000, 0x0000000715000000| Untracked 
| 163|0x0000000715200000, 0x0000000715200000, 0x0000000715400000|  0%| F|  |TAMS 0x0000000715200000, 0x0000000715200000| Untracked 
| 164|0x0000000715400000, 0x0000000715400000, 0x0000000715600000|  0%| F|  |TAMS 0x0000000715400000, 0x0000000715400000| Untracked 
| 165|0x0000000715600000, 0x0000000715600000, 0x0000000715800000|  0%| F|  |TAMS 0x0000000715600000, 0x0000000715600000| Untracked 
| 166|0x0000000715800000, 0x0000000715800000, 0x0000000715a00000|  0%| F|  |TAMS 0x0000000715800000, 0x0000000715800000| Untracked 
| 167|0x0000000715a00000, 0x0000000715a00000, 0x0000000715c00000|  0%| F|  |TAMS 0x0000000715a00000, 0x0000000715a00000| Untracked 
| 168|0x0000000715c00000, 0x0000000715c00000, 0x0000000715e00000|  0%| F|  |TAMS 0x0000000715c00000, 0x0000000715c00000| Untracked 
| 169|0x0000000715e00000, 0x0000000715e00000, 0x0000000716000000|  0%| F|  |TAMS 0x0000000715e00000, 0x0000000715e00000| Untracked 
| 170|0x0000000716000000, 0x0000000716000000, 0x0000000716200000|  0%| F|  |TAMS 0x0000000716000000, 0x0000000716000000| Untracked 
| 171|0x0000000716200000, 0x0000000716200000, 0x0000000716400000|  0%| F|  |TAMS 0x0000000716200000, 0x0000000716200000| Untracked 
| 172|0x0000000716400000, 0x0000000716400000, 0x0000000716600000|  0%| F|  |TAMS 0x0000000716400000, 0x0000000716400000| Untracked 
| 173|0x0000000716600000, 0x0000000716600000, 0x0000000716800000|  0%| F|  |TAMS 0x0000000716600000, 0x0000000716600000| Untracked 
| 174|0x0000000716800000, 0x0000000716800000, 0x0000000716a00000|  0%| F|  |TAMS 0x0000000716800000, 0x0000000716800000| Untracked 
| 175|0x0000000716a00000, 0x0000000716a00000, 0x0000000716c00000|  0%| F|  |TAMS 0x0000000716a00000, 0x0000000716a00000| Untracked 
| 176|0x0000000716c00000, 0x0000000716c00000, 0x0000000716e00000|  0%| F|  |TAMS 0x0000000716c00000, 0x0000000716c00000| Untracked 
| 177|0x0000000716e00000, 0x0000000716e00000, 0x0000000717000000|  0%| F|  |TAMS 0x0000000716e00000, 0x0000000716e00000| Untracked 
| 178|0x0000000717000000, 0x0000000717000000, 0x0000000717200000|  0%| F|  |TAMS 0x0000000717000000, 0x0000000717000000| Untracked 
| 179|0x0000000717200000, 0x0000000717200000, 0x0000000717400000|  0%| F|  |TAMS 0x0000000717200000, 0x0000000717200000| Untracked 
| 180|0x0000000717400000, 0x0000000717400000, 0x0000000717600000|  0%| F|  |TAMS 0x0000000717400000, 0x0000000717400000| Untracked 
| 181|0x0000000717600000, 0x0000000717600000, 0x0000000717800000|  0%| F|  |TAMS 0x0000000717600000, 0x0000000717600000| Untracked 
| 182|0x0000000717800000, 0x0000000717800000, 0x0000000717a00000|  0%| F|  |TAMS 0x0000000717800000, 0x0000000717800000| Untracked 
| 183|0x0000000717a00000, 0x0000000717a00000, 0x0000000717c00000|  0%| F|  |TAMS 0x0000000717a00000, 0x0000000717a00000| Untracked 
| 184|0x0000000717c00000, 0x0000000717c00000, 0x0000000717e00000|  0%| F|  |TAMS 0x0000000717c00000, 0x0000000717c00000| Untracked 
| 185|0x0000000717e00000, 0x0000000717e00000, 0x0000000718000000|  0%| F|  |TAMS 0x0000000717e00000, 0x0000000717e00000| Untracked 
| 186|0x0000000718000000, 0x0000000718000000, 0x0000000718200000|  0%| F|  |TAMS 0x0000000718000000, 0x0000000718000000| Untracked 
| 187|0x0000000718200000, 0x0000000718200000, 0x0000000718400000|  0%| F|  |TAMS 0x0000000718200000, 0x0000000718200000| Untracked 
| 188|0x0000000718400000, 0x0000000718400000, 0x0000000718600000|  0%| F|  |TAMS 0x0000000718400000, 0x0000000718400000| Untracked 
| 189|0x0000000718600000, 0x0000000718600000, 0x0000000718800000|  0%| F|  |TAMS 0x0000000718600000, 0x0000000718600000| Untracked 
| 190|0x0000000718800000, 0x0000000718800000, 0x0000000718a00000|  0%| F|  |TAMS 0x0000000718800000, 0x0000000718800000| Untracked 
| 191|0x0000000718a00000, 0x0000000718a00000, 0x0000000718c00000|  0%| F|  |TAMS 0x0000000718a00000, 0x0000000718a00000| Untracked 
| 192|0x0000000718c00000, 0x0000000718c00000, 0x0000000718e00000|  0%| F|  |TAMS 0x0000000718c00000, 0x0000000718c00000| Untracked 
| 193|0x0000000718e00000, 0x0000000718e00000, 0x0000000719000000|  0%| F|  |TAMS 0x0000000718e00000, 0x0000000718e00000| Untracked 
| 194|0x0000000719000000, 0x0000000719000000, 0x0000000719200000|  0%| F|  |TAMS 0x0000000719000000, 0x0000000719000000| Untracked 
| 195|0x0000000719200000, 0x0000000719200000, 0x0000000719400000|  0%| F|  |TAMS 0x0000000719200000, 0x0000000719200000| Untracked 
| 196|0x0000000719400000, 0x0000000719400000, 0x0000000719600000|  0%| F|  |TAMS 0x0000000719400000, 0x0000000719400000| Untracked 
| 197|0x0000000719600000, 0x0000000719600000, 0x0000000719800000|  0%| F|  |TAMS 0x0000000719600000, 0x0000000719600000| Untracked 
| 198|0x0000000719800000, 0x0000000719800000, 0x0000000719a00000|  0%| F|  |TAMS 0x0000000719800000, 0x0000000719800000| Untracked 
| 199|0x0000000719a00000, 0x0000000719a00000, 0x0000000719c00000|  0%| F|  |TAMS 0x0000000719a00000, 0x0000000719a00000| Untracked 
| 200|0x0000000719c00000, 0x0000000719c00000, 0x0000000719e00000|  0%| F|  |TAMS 0x0000000719c00000, 0x0000000719c00000| Untracked 
| 201|0x0000000719e00000, 0x0000000719e00000, 0x000000071a000000|  0%| F|  |TAMS 0x0000000719e00000, 0x0000000719e00000| Untracked 
| 202|0x000000071a000000, 0x000000071a000000, 0x000000071a200000|  0%| F|  |TAMS 0x000000071a000000, 0x000000071a000000| Untracked 
| 203|0x000000071a200000, 0x000000071a200000, 0x000000071a400000|  0%| F|  |TAMS 0x000000071a200000, 0x000000071a200000| Untracked 
| 204|0x000000071a400000, 0x000000071a400000, 0x000000071a600000|  0%| F|  |TAMS 0x000000071a400000, 0x000000071a400000| Untracked 
| 205|0x000000071a600000, 0x000000071a600000, 0x000000071a800000|  0%| F|  |TAMS 0x000000071a600000, 0x000000071a600000| Untracked 
| 206|0x000000071a800000, 0x000000071a800000, 0x000000071aa00000|  0%| F|  |TAMS 0x000000071a800000, 0x000000071a800000| Untracked 
| 207|0x000000071aa00000, 0x000000071aa00000, 0x000000071ac00000|  0%| F|  |TAMS 0x000000071aa00000, 0x000000071aa00000| Untracked 
| 208|0x000000071ac00000, 0x000000071ac00000, 0x000000071ae00000|  0%| F|  |TAMS 0x000000071ac00000, 0x000000071ac00000| Untracked 
| 209|0x000000071ae00000, 0x000000071ae00000, 0x000000071b000000|  0%| F|  |TAMS 0x000000071ae00000, 0x000000071ae00000| Untracked 
| 210|0x000000071b000000, 0x000000071b200000, 0x000000071b200000|100%| S|CS|TAMS 0x000000071b000000, 0x000000071b000000| Complete 
| 211|0x000000071b200000, 0x000000071b400000, 0x000000071b400000|100%| S|CS|TAMS 0x000000071b200000, 0x000000071b200000| Complete 
| 212|0x000000071b400000, 0x000000071b600000, 0x000000071b600000|100%| S|CS|TAMS 0x000000071b400000, 0x000000071b400000| Complete 
| 213|0x000000071b600000, 0x000000071b800000, 0x000000071b800000|100%| S|CS|TAMS 0x000000071b600000, 0x000000071b600000| Complete 
| 214|0x000000071b800000, 0x000000071ba00000, 0x000000071ba00000|100%| S|CS|TAMS 0x000000071b800000, 0x000000071b800000| Complete 
| 215|0x000000071ba00000, 0x000000071bc00000, 0x000000071bc00000|100%| S|CS|TAMS 0x000000071ba00000, 0x000000071ba00000| Complete 
| 216|0x000000071bc00000, 0x000000071be00000, 0x000000071be00000|100%| S|CS|TAMS 0x000000071bc00000, 0x000000071bc00000| Complete 
| 217|0x000000071be00000, 0x000000071c000000, 0x000000071c000000|100%| S|CS|TAMS 0x000000071be00000, 0x000000071be00000| Complete 
| 218|0x000000071c000000, 0x000000071c200000, 0x000000071c200000|100%| S|CS|TAMS 0x000000071c000000, 0x000000071c000000| Complete 
| 219|0x000000071c200000, 0x000000071c400000, 0x000000071c400000|100%| S|CS|TAMS 0x000000071c200000, 0x000000071c200000| Complete 
| 220|0x000000071c400000, 0x000000071c600000, 0x000000071c600000|100%| S|CS|TAMS 0x000000071c400000, 0x000000071c400000| Complete 
| 221|0x000000071c600000, 0x000000071c800000, 0x000000071c800000|100%| S|CS|TAMS 0x000000071c600000, 0x000000071c600000| Complete 
| 222|0x000000071c800000, 0x000000071ca00000, 0x000000071ca00000|100%| S|CS|TAMS 0x000000071c800000, 0x000000071c800000| Complete 
| 223|0x000000071ca00000, 0x000000071cc00000, 0x000000071cc00000|100%| S|CS|TAMS 0x000000071ca00000, 0x000000071ca00000| Complete 
| 224|0x000000071cc00000, 0x000000071cc00000, 0x000000071ce00000|  0%| F|  |TAMS 0x000000071cc00000, 0x000000071cc00000| Untracked 
| 225|0x000000071ce00000, 0x000000071ce00000, 0x000000071d000000|  0%| F|  |TAMS 0x000000071ce00000, 0x000000071ce00000| Untracked 
| 226|0x000000071d000000, 0x000000071d000000, 0x000000071d200000|  0%| F|  |TAMS 0x000000071d000000, 0x000000071d000000| Untracked 
| 227|0x000000071d200000, 0x000000071d200000, 0x000000071d400000|  0%| F|  |TAMS 0x000000071d200000, 0x000000071d200000| Untracked 
| 228|0x000000071d400000, 0x000000071d400000, 0x000000071d600000|  0%| F|  |TAMS 0x000000071d400000, 0x000000071d400000| Untracked 
| 229|0x000000071d600000, 0x000000071d600000, 0x000000071d800000|  0%| F|  |TAMS 0x000000071d600000, 0x000000071d600000| Untracked 
| 230|0x000000071d800000, 0x000000071d800000, 0x000000071da00000|  0%| F|  |TAMS 0x000000071d800000, 0x000000071d800000| Untracked 
| 231|0x000000071da00000, 0x000000071da00000, 0x000000071dc00000|  0%| F|  |TAMS 0x000000071da00000, 0x000000071da00000| Untracked 
| 232|0x000000071dc00000, 0x000000071dc00000, 0x000000071de00000|  0%| F|  |TAMS 0x000000071dc00000, 0x000000071dc00000| Untracked 
| 233|0x000000071de00000, 0x000000071de00000, 0x000000071e000000|  0%| F|  |TAMS 0x000000071de00000, 0x000000071de00000| Untracked 
| 234|0x000000071e000000, 0x000000071e000000, 0x000000071e200000|  0%| F|  |TAMS 0x000000071e000000, 0x000000071e000000| Untracked 
| 235|0x000000071e200000, 0x000000071e200000, 0x000000071e400000|  0%| F|  |TAMS 0x000000071e200000, 0x000000071e200000| Untracked 
| 236|0x000000071e400000, 0x000000071e400000, 0x000000071e600000|  0%| F|  |TAMS 0x000000071e400000, 0x000000071e400000| Untracked 
| 237|0x000000071e600000, 0x000000071e800000, 0x000000071e800000|100%| E|  |TAMS 0x000000071e600000, 0x000000071e600000| Complete 
| 238|0x000000071e800000, 0x000000071ea00000, 0x000000071ea00000|100%| E|CS|TAMS 0x000000071e800000, 0x000000071e800000| Complete 
| 239|0x000000071ea00000, 0x000000071ec00000, 0x000000071ec00000|100%| E|CS|TAMS 0x000000071ea00000, 0x000000071ea00000| Complete 
| 240|0x000000071ec00000, 0x000000071ee00000, 0x000000071ee00000|100%| E|CS|TAMS 0x000000071ec00000, 0x000000071ec00000| Complete 
| 241|0x000000071ee00000, 0x000000071f000000, 0x000000071f000000|100%| E|CS|TAMS 0x000000071ee00000, 0x000000071ee00000| Complete 
| 242|0x000000071f000000, 0x000000071f200000, 0x000000071f200000|100%| E|CS|TAMS 0x000000071f000000, 0x000000071f000000| Complete 
| 243|0x000000071f200000, 0x000000071f400000, 0x000000071f400000|100%| E|CS|TAMS 0x000000071f200000, 0x000000071f200000| Complete 
| 244|0x000000071f400000, 0x000000071f600000, 0x000000071f600000|100%| E|CS|TAMS 0x000000071f400000, 0x000000071f400000| Complete 
| 245|0x000000071f600000, 0x000000071f800000, 0x000000071f800000|100%| E|CS|TAMS 0x000000071f600000, 0x000000071f600000| Complete 
| 246|0x000000071f800000, 0x000000071fa00000, 0x000000071fa00000|100%| E|CS|TAMS 0x000000071f800000, 0x000000071f800000| Complete 
| 247|0x000000071fa00000, 0x000000071fc00000, 0x000000071fc00000|100%| E|CS|TAMS 0x000000071fa00000, 0x000000071fa00000| Complete 
| 248|0x000000071fc00000, 0x000000071fe00000, 0x000000071fe00000|100%| E|CS|TAMS 0x000000071fc00000, 0x000000071fc00000| Complete 
| 249|0x000000071fe00000, 0x0000000720000000, 0x0000000720000000|100%| E|CS|TAMS 0x000000071fe00000, 0x000000071fe00000| Complete 
| 250|0x0000000720000000, 0x0000000720200000, 0x0000000720200000|100%| E|CS|TAMS 0x0000000720000000, 0x0000000720000000| Complete 
| 251|0x0000000720200000, 0x0000000720400000, 0x0000000720400000|100%| E|CS|TAMS 0x0000000720200000, 0x0000000720200000| Complete 
| 252|0x0000000720400000, 0x0000000720600000, 0x0000000720600000|100%| E|CS|TAMS 0x0000000720400000, 0x0000000720400000| Complete 
| 253|0x0000000720600000, 0x0000000720800000, 0x0000000720800000|100%| E|CS|TAMS 0x0000000720600000, 0x0000000720600000| Complete 
| 254|0x0000000720800000, 0x0000000720a00000, 0x0000000720a00000|100%| E|CS|TAMS 0x0000000720800000, 0x0000000720800000| Complete 
| 255|0x0000000720a00000, 0x0000000720c00000, 0x0000000720c00000|100%| E|CS|TAMS 0x0000000720a00000, 0x0000000720a00000| Complete 
| 256|0x0000000720c00000, 0x0000000720e00000, 0x0000000720e00000|100%| E|CS|TAMS 0x0000000720c00000, 0x0000000720c00000| Complete 
| 257|0x0000000720e00000, 0x0000000721000000, 0x0000000721000000|100%| E|CS|TAMS 0x0000000720e00000, 0x0000000720e00000| Complete 
| 258|0x0000000721000000, 0x0000000721200000, 0x0000000721200000|100%| E|CS|TAMS 0x0000000721000000, 0x0000000721000000| Complete 
| 259|0x0000000721200000, 0x0000000721400000, 0x0000000721400000|100%| E|CS|TAMS 0x0000000721200000, 0x0000000721200000| Complete 
| 260|0x0000000721400000, 0x0000000721600000, 0x0000000721600000|100%| E|CS|TAMS 0x0000000721400000, 0x0000000721400000| Complete 
| 261|0x0000000721600000, 0x0000000721800000, 0x0000000721800000|100%| E|CS|TAMS 0x0000000721600000, 0x0000000721600000| Complete 
| 262|0x0000000721800000, 0x0000000721a00000, 0x0000000721a00000|100%| E|CS|TAMS 0x0000000721800000, 0x0000000721800000| Complete 
| 263|0x0000000721a00000, 0x0000000721c00000, 0x0000000721c00000|100%| E|CS|TAMS 0x0000000721a00000, 0x0000000721a00000| Complete 
| 264|0x0000000721c00000, 0x0000000721e00000, 0x0000000721e00000|100%| E|CS|TAMS 0x0000000721c00000, 0x0000000721c00000| Complete 
| 265|0x0000000721e00000, 0x0000000722000000, 0x0000000722000000|100%| E|CS|TAMS 0x0000000721e00000, 0x0000000721e00000| Complete 
| 266|0x0000000722000000, 0x0000000722200000, 0x0000000722200000|100%| E|CS|TAMS 0x0000000722000000, 0x0000000722000000| Complete 
| 267|0x0000000722200000, 0x0000000722400000, 0x0000000722400000|100%| E|CS|TAMS 0x0000000722200000, 0x0000000722200000| Complete 
| 268|0x0000000722400000, 0x0000000722600000, 0x0000000722600000|100%| E|CS|TAMS 0x0000000722400000, 0x0000000722400000| Complete 
| 269|0x0000000722600000, 0x0000000722800000, 0x0000000722800000|100%| E|CS|TAMS 0x0000000722600000, 0x0000000722600000| Complete 
| 270|0x0000000722800000, 0x0000000722a00000, 0x0000000722a00000|100%| E|CS|TAMS 0x0000000722800000, 0x0000000722800000| Complete 
| 271|0x0000000722a00000, 0x0000000722c00000, 0x0000000722c00000|100%| E|CS|TAMS 0x0000000722a00000, 0x0000000722a00000| Complete 
| 272|0x0000000722c00000, 0x0000000722e00000, 0x0000000722e00000|100%| E|CS|TAMS 0x0000000722c00000, 0x0000000722c00000| Complete 
| 273|0x0000000722e00000, 0x0000000723000000, 0x0000000723000000|100%| E|CS|TAMS 0x0000000722e00000, 0x0000000722e00000| Complete 
| 274|0x0000000723000000, 0x0000000723200000, 0x0000000723200000|100%| E|CS|TAMS 0x0000000723000000, 0x0000000723000000| Complete 
| 275|0x0000000723200000, 0x0000000723400000, 0x0000000723400000|100%| E|CS|TAMS 0x0000000723200000, 0x0000000723200000| Complete 
| 276|0x0000000723400000, 0x0000000723600000, 0x0000000723600000|100%| E|CS|TAMS 0x0000000723400000, 0x0000000723400000| Complete 
| 277|0x0000000723600000, 0x0000000723800000, 0x0000000723800000|100%| E|CS|TAMS 0x0000000723600000, 0x0000000723600000| Complete 
| 278|0x0000000723800000, 0x0000000723a00000, 0x0000000723a00000|100%| E|CS|TAMS 0x0000000723800000, 0x0000000723800000| Complete 
| 279|0x0000000723a00000, 0x0000000723c00000, 0x0000000723c00000|100%| E|CS|TAMS 0x0000000723a00000, 0x0000000723a00000| Complete 
| 280|0x0000000723c00000, 0x0000000723e00000, 0x0000000723e00000|100%| E|  |TAMS 0x0000000723c00000, 0x0000000723c00000| Complete 
| 281|0x0000000723e00000, 0x0000000724000000, 0x0000000724000000|100%| E|CS|TAMS 0x0000000723e00000, 0x0000000723e00000| Complete 
| 282|0x0000000724000000, 0x0000000724200000, 0x0000000724200000|100%| E|CS|TAMS 0x0000000724000000, 0x0000000724000000| Complete 
| 283|0x0000000724200000, 0x0000000724400000, 0x0000000724400000|100%| E|CS|TAMS 0x0000000724200000, 0x0000000724200000| Complete 
| 284|0x0000000724400000, 0x0000000724600000, 0x0000000724600000|100%| E|CS|TAMS 0x0000000724400000, 0x0000000724400000| Complete 
| 285|0x0000000724600000, 0x0000000724800000, 0x0000000724800000|100%| E|CS|TAMS 0x0000000724600000, 0x0000000724600000| Complete 
| 286|0x0000000724800000, 0x0000000724a00000, 0x0000000724a00000|100%| E|CS|TAMS 0x0000000724800000, 0x0000000724800000| Complete 
| 287|0x0000000724a00000, 0x0000000724c00000, 0x0000000724c00000|100%| E|CS|TAMS 0x0000000724a00000, 0x0000000724a00000| Complete 
| 288|0x0000000724c00000, 0x0000000724e00000, 0x0000000724e00000|100%| E|CS|TAMS 0x0000000724c00000, 0x0000000724c00000| Complete 
| 289|0x0000000724e00000, 0x0000000725000000, 0x0000000725000000|100%| E|CS|TAMS 0x0000000724e00000, 0x0000000724e00000| Complete 
| 290|0x0000000725000000, 0x0000000725200000, 0x0000000725200000|100%| E|CS|TAMS 0x0000000725000000, 0x0000000725000000| Complete 
| 291|0x0000000725200000, 0x0000000725400000, 0x0000000725400000|100%| E|CS|TAMS 0x0000000725200000, 0x0000000725200000| Complete 
| 292|0x0000000725400000, 0x0000000725600000, 0x0000000725600000|100%| E|CS|TAMS 0x0000000725400000, 0x0000000725400000| Complete 
| 293|0x0000000725600000, 0x0000000725800000, 0x0000000725800000|100%| E|CS|TAMS 0x0000000725600000, 0x0000000725600000| Complete 
| 294|0x0000000725800000, 0x0000000725a00000, 0x0000000725a00000|100%| E|CS|TAMS 0x0000000725800000, 0x0000000725800000| Complete 
| 295|0x0000000725a00000, 0x0000000725c00000, 0x0000000725c00000|100%| E|CS|TAMS 0x0000000725a00000, 0x0000000725a00000| Complete 
| 296|0x0000000725c00000, 0x0000000725e00000, 0x0000000725e00000|100%| E|CS|TAMS 0x0000000725c00000, 0x0000000725c00000| Complete 
| 297|0x0000000725e00000, 0x0000000726000000, 0x0000000726000000|100%| E|CS|TAMS 0x0000000725e00000, 0x0000000725e00000| Complete 
| 298|0x0000000726000000, 0x0000000726200000, 0x0000000726200000|100%| E|CS|TAMS 0x0000000726000000, 0x0000000726000000| Complete 
| 299|0x0000000726200000, 0x0000000726400000, 0x0000000726400000|100%| E|CS|TAMS 0x0000000726200000, 0x0000000726200000| Complete 
| 300|0x0000000726400000, 0x0000000726600000, 0x0000000726600000|100%| E|CS|TAMS 0x0000000726400000, 0x0000000726400000| Complete 
| 301|0x0000000726600000, 0x0000000726800000, 0x0000000726800000|100%| E|CS|TAMS 0x0000000726600000, 0x0000000726600000| Complete 
| 302|0x0000000726800000, 0x0000000726a00000, 0x0000000726a00000|100%| E|CS|TAMS 0x0000000726800000, 0x0000000726800000| Complete 
| 303|0x0000000726a00000, 0x0000000726c00000, 0x0000000726c00000|100%| E|CS|TAMS 0x0000000726a00000, 0x0000000726a00000| Complete 
| 304|0x0000000726c00000, 0x0000000726e00000, 0x0000000726e00000|100%| E|CS|TAMS 0x0000000726c00000, 0x0000000726c00000| Complete 
| 305|0x0000000726e00000, 0x0000000727000000, 0x0000000727000000|100%| E|CS|TAMS 0x0000000726e00000, 0x0000000726e00000| Complete 
| 306|0x0000000727000000, 0x0000000727200000, 0x0000000727200000|100%| E|CS|TAMS 0x0000000727000000, 0x0000000727000000| Complete 
| 307|0x0000000727200000, 0x0000000727400000, 0x0000000727400000|100%| E|CS|TAMS 0x0000000727200000, 0x0000000727200000| Complete 
| 308|0x0000000727400000, 0x0000000727600000, 0x0000000727600000|100%| E|CS|TAMS 0x0000000727400000, 0x0000000727400000| Complete 
| 309|0x0000000727600000, 0x0000000727800000, 0x0000000727800000|100%| E|CS|TAMS 0x0000000727600000, 0x0000000727600000| Complete 
| 310|0x0000000727800000, 0x0000000727a00000, 0x0000000727a00000|100%| E|CS|TAMS 0x0000000727800000, 0x0000000727800000| Complete 
| 311|0x0000000727a00000, 0x0000000727c00000, 0x0000000727c00000|100%| E|CS|TAMS 0x0000000727a00000, 0x0000000727a00000| Complete 
| 312|0x0000000727c00000, 0x0000000727e00000, 0x0000000727e00000|100%| E|CS|TAMS 0x0000000727c00000, 0x0000000727c00000| Complete 
| 313|0x0000000727e00000, 0x0000000728000000, 0x0000000728000000|100%| E|CS|TAMS 0x0000000727e00000, 0x0000000727e00000| Complete 
| 314|0x0000000728000000, 0x0000000728200000, 0x0000000728200000|100%| E|CS|TAMS 0x0000000728000000, 0x0000000728000000| Complete 
| 315|0x0000000728200000, 0x0000000728400000, 0x0000000728400000|100%| E|CS|TAMS 0x0000000728200000, 0x0000000728200000| Complete 
| 316|0x0000000728400000, 0x0000000728600000, 0x0000000728600000|100%| E|CS|TAMS 0x0000000728400000, 0x0000000728400000| Complete 
| 317|0x0000000728600000, 0x0000000728800000, 0x0000000728800000|100%| E|CS|TAMS 0x0000000728600000, 0x0000000728600000| Complete 
| 318|0x0000000728800000, 0x0000000728a00000, 0x0000000728a00000|100%| E|CS|TAMS 0x0000000728800000, 0x0000000728800000| Complete 
| 319|0x0000000728a00000, 0x0000000728c00000, 0x0000000728c00000|100%| E|CS|TAMS 0x0000000728a00000, 0x0000000728a00000| Complete 
| 320|0x0000000728c00000, 0x0000000728e00000, 0x0000000728e00000|100%| E|CS|TAMS 0x0000000728c00000, 0x0000000728c00000| Complete 
| 321|0x0000000728e00000, 0x0000000729000000, 0x0000000729000000|100%| E|CS|TAMS 0x0000000728e00000, 0x0000000728e00000| Complete 
| 322|0x0000000729000000, 0x0000000729200000, 0x0000000729200000|100%| E|CS|TAMS 0x0000000729000000, 0x0000000729000000| Complete 
| 323|0x0000000729200000, 0x0000000729400000, 0x0000000729400000|100%| E|CS|TAMS 0x0000000729200000, 0x0000000729200000| Complete 
| 324|0x0000000729400000, 0x0000000729600000, 0x0000000729600000|100%| E|CS|TAMS 0x0000000729400000, 0x0000000729400000| Complete 
| 325|0x0000000729600000, 0x0000000729800000, 0x0000000729800000|100%| E|CS|TAMS 0x0000000729600000, 0x0000000729600000| Complete 
| 326|0x0000000729800000, 0x0000000729a00000, 0x0000000729a00000|100%| E|CS|TAMS 0x0000000729800000, 0x0000000729800000| Complete 
| 327|0x0000000729a00000, 0x0000000729c00000, 0x0000000729c00000|100%| E|CS|TAMS 0x0000000729a00000, 0x0000000729a00000| Complete 
| 328|0x0000000729c00000, 0x0000000729e00000, 0x0000000729e00000|100%| E|CS|TAMS 0x0000000729c00000, 0x0000000729c00000| Complete 
|2041|0x00000007ffe00000, 0x0000000800000000, 0x0000000800000000|100%| O|  |TAMS 0x0000000800000000, 0x00000007ffe00000| Untracked 

Card table byte_map: [0x000001d53b960000,0x000001d53c160000] _byte_map_base: 0x000001d53815a000

Marking Bits (Prev, Next): (CMBitMap*) 0x000001d52427b530, (CMBitMap*) 0x000001d52427b4f0
 Prev Bits: [0x000001d540930000, 0x000001d544900000)
 Next Bits: [0x000001d53c960000, 0x000001d540930000)

Polling page: 0x000001d5239d0000

Metaspace:

Usage:
  Non-class:     26.74 MB used.
      Class:      3.22 MB used.
       Both:     29.96 MB used.

Virtual space:
  Non-class space:       64.00 MB reserved,      26.88 MB ( 42%) committed,  1 nodes.
      Class space:        1.00 GB reserved,       3.31 MB ( <1%) committed,  1 nodes.
             Both:        1.06 GB reserved,      30.19 MB (  3%) committed. 

Chunk freelists:
   Non-Class:  736.00 KB
       Class:  704.00 KB
        Both:  1.41 MB

MaxMetaspaceSize: unlimited
CompressedClassSpaceSize: 1.00 GB
Initial GC threshold: 21.00 MB
Current GC threshold: 49.06 MB
CDS: on
MetaspaceReclaimPolicy: balanced
 - commit_granule_bytes: 65536.
 - commit_granule_words: 8192.
 - virtual_space_node_default_size: 8388608.
 - enlarge_chunks_in_place: 1.
 - new_chunks_are_fully_committed: 0.
 - uncommit_free_chunks: 1.
 - use_allocation_guard: 0.


Internal statistics:

num_allocs_failed_limit: 3.
num_arena_births: 214.
num_arena_deaths: 0.
num_vsnodes_births: 2.
num_vsnodes_deaths: 0.
num_space_committed: 483.
num_space_uncommitted: 0.
num_chunks_returned_to_freelist: 3.
num_chunks_taken_from_freelist: 895.
num_chunk_merges: 3.
num_chunk_splits: 673.
num_chunks_enlarged: 565.
num_inconsistent_stats: 0.

CodeHeap 'non-profiled nmethods': size=120000Kb used=2491Kb max_used=2702Kb free=117508Kb
 bounds [0x000001d533c30000, 0x000001d533ef0000, 0x000001d53b160000]
CodeHeap 'profiled nmethods': size=120000Kb used=7115Kb max_used=9063Kb free=112884Kb
 bounds [0x000001d52c160000, 0x000001d52ca40000, 0x000001d533690000]
CodeHeap 'non-nmethods': size=5760Kb used=1448Kb max_used=1515Kb free=4312Kb
 bounds [0x000001d533690000, 0x000001d533900000, 0x000001d533c30000]
 total_blobs=4679 nmethods=3977 adapters=612
 compilation: enabled
              stopped_count=0, restarted_count=0
 full_count=0

Compilation events (20 events):
Event: 79.265 Thread 0x000001d546dfb450 4868       3       java.math.BigInteger::shiftLeft (155 bytes)
Event: 79.266 Thread 0x000001d546dfb450 nmethod 4868 0x000001d52c258f10 code [0x000001d52c259140, 0x000001d52c259b48]
Event: 79.266 Thread 0x000001d546dfb450 4869       3       java.lang.Math::abs (11 bytes)
Event: 79.266 Thread 0x000001d546dfb450 nmethod 4869 0x000001d52c255a90 code [0x000001d52c255c40, 0x000001d52c255d98]
Event: 79.266 Thread 0x000001d546dfb450 4871       3       sun.security.ec.ECOperations::setSum (681 bytes)
Event: 79.270 Thread 0x000001d546dfb450 nmethod 4871 0x000001d52c9c2190 code [0x000001d52c9c2b20, 0x000001d52c9c9338]
Event: 79.272 Thread 0x000001d546dfb450 4872       3       sun.security.util.math.intpoly.IntegerPolynomial$Element::mutable (26 bytes)
Event: 79.272 Thread 0x000001d546dfb450 nmethod 4872 0x000001d52c542890 code [0x000001d52c542a60, 0x000001d52c543028]
Event: 79.287 Thread 0x000001d54c4ce420 nmethod 4865 0x000001d533c60210 code [0x000001d533c603c0, 0x000001d533c60f18]
Event: 79.287 Thread 0x000001d54c4ce420 4867       4       sun.security.util.math.intpoly.IntegerPolynomial$MutableElement::setAdditiveInverse (32 bytes)
Event: 79.288 Thread 0x000001d546dfb450 4873       3       jdk.internal.misc.Unsafe::convEndian (16 bytes)
Event: 79.289 Thread 0x000001d546dfb450 nmethod 4873 0x000001d52c280410 code [0x000001d52c2805c0, 0x000001d52c280778]
Event: 79.289 Thread 0x000001d546dfb450 4874       3       java.nio.Buffer::nextPutIndex (32 bytes)
Event: 79.289 Thread 0x000001d546dfb450 nmethod 4874 0x000001d52c816e10 code [0x000001d52c816fc0, 0x000001d52c817188]
Event: 79.291 Thread 0x000001d54c4ce420 nmethod 4867 0x000001d533c5fe10 code [0x000001d533c5ffa0, 0x000001d533c60158]
Event: 79.291 Thread 0x000001d54c4ce420 4870       4       sun.security.util.math.intpoly.IntegerPolynomial$MutableElement::setProduct (6 bytes)
Event: 79.296 Thread 0x000001d54c4ce420 nmethod 4870 0x000001d533c5f790 code [0x000001d533c5f920, 0x000001d533c5fc18]
Event: 79.333 Thread 0x000001d54c4ce420 4875 %     4       com.sun.crypto.provider.GHASH::blockMult @ 23 (245 bytes)
Event: 79.334 Thread 0x000001d546dfb450 4876       1       java.nio.Buffer::markValue (5 bytes)
Event: 79.334 Thread 0x000001d546dfb450 nmethod 4876 0x000001d533c5f390 code [0x000001d533c5f520, 0x000001d533c5f5d8]

GC Heap History (20 events):
Event: 77.021 GC heap before
{Heap before GC invocations=13 (full 0):
 garbage-first heap   total 159744K, used 96894K [0x0000000700c00000, 0x0000000800000000)
  region size 2048K, 26 young (53248K), 1 survivors (2048K)
 Metaspace       used 30064K, committed 30336K, reserved 1114112K
  class space    used 3268K, committed 3392K, reserved 1048576K
}
Event: 77.031 GC heap after
{Heap after GC invocations=14 (full 0):
 garbage-first heap   total 159744K, used 57050K [0x0000000700c00000, 0x0000000800000000)
  region size 2048K, 4 young (8192K), 4 survivors (8192K)
 Metaspace       used 30064K, committed 30336K, reserved 1114112K
  class space    used 3268K, committed 3392K, reserved 1048576K
}
Event: 77.037 GC heap before
{Heap before GC invocations=14 (full 0):
 garbage-first heap   total 159744K, used 59098K [0x0000000700c00000, 0x0000000800000000)
  region size 2048K, 5 young (10240K), 4 survivors (8192K)
 Metaspace       used 30064K, committed 30336K, reserved 1114112K
  class space    used 3268K, committed 3392K, reserved 1048576K
}
Event: 77.042 GC heap after
{Heap after GC invocations=15 (full 0):
 garbage-first heap   total 159744K, used 56608K [0x0000000700c00000, 0x0000000800000000)
  region size 2048K, 1 young (2048K), 1 survivors (2048K)
 Metaspace       used 30064K, committed 30336K, reserved 1114112K
  class space    used 3268K, committed 3392K, reserved 1048576K
}
Event: 77.181 GC heap before
{Heap before GC invocations=15 (full 0):
 garbage-first heap   total 159744K, used 97568K [0x0000000700c00000, 0x0000000800000000)
  region size 2048K, 21 young (43008K), 1 survivors (2048K)
 Metaspace       used 30102K, committed 30336K, reserved 1114112K
  class space    used 3268K, committed 3392K, reserved 1048576K
}
Event: 77.183 GC heap after
{Heap after GC invocations=16 (full 0):
 garbage-first heap   total 159744K, used 58802K [0x0000000700c00000, 0x0000000800000000)
  region size 2048K, 2 young (4096K), 2 survivors (4096K)
 Metaspace       used 30102K, committed 30336K, reserved 1114112K
  class space    used 3268K, committed 3392K, reserved 1048576K
}
Event: 77.289 GC heap before
{Heap before GC invocations=16 (full 0):
 garbage-first heap   total 159744K, used 101810K [0x0000000700c00000, 0x0000000800000000)
  region size 2048K, 24 young (49152K), 2 survivors (4096K)
 Metaspace       used 30109K, committed 30336K, reserved 1114112K
  class space    used 3268K, committed 3392K, reserved 1048576K
}
Event: 77.296 GC heap after
{Heap after GC invocations=17 (full 0):
 garbage-first heap   total 159744K, used 66731K [0x0000000700c00000, 0x0000000800000000)
  region size 2048K, 3 young (6144K), 3 survivors (6144K)
 Metaspace       used 30109K, committed 30336K, reserved 1114112K
  class space    used 3268K, committed 3392K, reserved 1048576K
}
Event: 77.410 GC heap before
{Heap before GC invocations=17 (full 0):
 garbage-first heap   total 159744K, used 107691K [0x0000000700c00000, 0x0000000800000000)
  region size 2048K, 24 young (49152K), 3 survivors (6144K)
 Metaspace       used 30129K, committed 30400K, reserved 1114112K
  class space    used 3268K, committed 3392K, reserved 1048576K
}
Event: 77.417 GC heap after
{Heap after GC invocations=18 (full 0):
 garbage-first heap   total 350208K, used 70859K [0x0000000700c00000, 0x0000000800000000)
  region size 2048K, 3 young (6144K), 3 survivors (6144K)
 Metaspace       used 30129K, committed 30400K, reserved 1114112K
  class space    used 3268K, committed 3392K, reserved 1048576K
}
Event: 77.682 GC heap before
{Heap before GC invocations=18 (full 0):
 garbage-first heap   total 350208K, used 203979K [0x0000000700c00000, 0x0000000800000000)
  region size 2048K, 69 young (141312K), 3 survivors (6144K)
 Metaspace       used 30154K, committed 30400K, reserved 1114112K
  class space    used 3268K, committed 3392K, reserved 1048576K
}
Event: 77.707 GC heap after
{Heap after GC invocations=19 (full 0):
 garbage-first heap   total 350208K, used 111865K [0x0000000700c00000, 0x0000000800000000)
  region size 2048K, 9 young (18432K), 9 survivors (18432K)
 Metaspace       used 30154K, committed 30400K, reserved 1114112K
  class space    used 3268K, committed 3392K, reserved 1048576K
}
Event: 77.856 GC heap before
{Heap before GC invocations=19 (full 0):
 garbage-first heap   total 350208K, used 199929K [0x0000000700c00000, 0x0000000800000000)
  region size 2048K, 53 young (108544K), 9 survivors (18432K)
 Metaspace       used 30441K, committed 30656K, reserved 1114112K
  class space    used 3296K, committed 3392K, reserved 1048576K
}
Event: 77.879 GC heap after
{Heap after GC invocations=20 (full 0):
 garbage-first heap   total 350208K, used 146336K [0x0000000700c00000, 0x0000000800000000)
  region size 2048K, 7 young (14336K), 7 survivors (14336K)
 Metaspace       used 30441K, committed 30656K, reserved 1114112K
  class space    used 3296K, committed 3392K, reserved 1048576K
}
Event: 78.127 GC heap before
{Heap before GC invocations=20 (full 0):
 garbage-first heap   total 350208K, used 222112K [0x0000000700c00000, 0x0000000800000000)
  region size 2048K, 45 young (92160K), 7 survivors (14336K)
 Metaspace       used 30507K, committed 30720K, reserved 1114112K
  class space    used 3297K, committed 3392K, reserved 1048576K
}
Event: 78.143 GC heap after
{Heap after GC invocations=21 (full 0):
 garbage-first heap   total 350208K, used 167936K [0x0000000700c00000, 0x0000000800000000)
  region size 2048K, 6 young (12288K), 6 survivors (12288K)
 Metaspace       used 30507K, committed 30720K, reserved 1114112K
  class space    used 3297K, committed 3392K, reserved 1048576K
}
Event: 78.333 GC heap before
{Heap before GC invocations=21 (full 0):
 garbage-first heap   total 350208K, used 239616K [0x0000000700c00000, 0x0000000800000000)
  region size 2048K, 41 young (83968K), 6 survivors (12288K)
 Metaspace       used 30546K, committed 30720K, reserved 1114112K
  class space    used 3297K, committed 3392K, reserved 1048576K
}
Event: 78.348 GC heap after
{Heap after GC invocations=22 (full 0):
 garbage-first heap   total 675840K, used 188416K [0x0000000700c00000, 0x0000000800000000)
  region size 2048K, 6 young (12288K), 6 survivors (12288K)
 Metaspace       used 30546K, committed 30720K, reserved 1114112K
  class space    used 3297K, committed 3392K, reserved 1048576K
}
Event: 78.825 GC heap before
{Heap before GC invocations=22 (full 0):
 garbage-first heap   total 675840K, used 401408K [0x0000000700c00000, 0x0000000800000000)
  region size 2048K, 111 young (227328K), 6 survivors (12288K)
 Metaspace       used 30570K, committed 30848K, reserved 1114112K
  class space    used 3297K, committed 3392K, reserved 1048576K
}
Event: 78.856 GC heap after
{Heap after GC invocations=23 (full 0):
 garbage-first heap   total 675840K, used 235425K [0x0000000700c00000, 0x0000000800000000)
  region size 2048K, 14 young (28672K), 14 survivors (28672K)
 Metaspace       used 30570K, committed 30848K, reserved 1114112K
  class space    used 3297K, committed 3392K, reserved 1048576K
}

Dll operation events (12 events):
Event: 0.008 Loaded shared library C:\Program Files\Java\jdk-19\bin\java.dll
Event: 0.027 Loaded shared library C:\Program Files\Java\jdk-19\bin\jsvml.dll
Event: 0.150 Loaded shared library C:\Program Files\Java\jdk-19\bin\jimage.dll
Event: 0.179 Loaded shared library C:\Program Files\Java\jdk-19\bin\net.dll
Event: 0.181 Loaded shared library C:\Program Files\Java\jdk-19\bin\nio.dll
Event: 0.184 Loaded shared library C:\Program Files\Java\jdk-19\bin\zip.dll
Event: 0.531 Loaded shared library C:\Program Files\Java\jdk-19\bin\extnet.dll
Event: 0.589 Loaded shared library C:\Program Files\Java\jdk-19\bin\sunmscapi.dll
Event: 1.135 Loaded shared library C:\Program Files\Java\jdk-19\bin\verify.dll
Event: 1.613 Loaded shared library C:\Program Files\Java\jdk-19\bin\management.dll
Event: 1.618 Loaded shared library C:\Program Files\Java\jdk-19\bin\management_ext.dll
Event: 4.750 Loaded shared library C:\Program Files\Java\jdk-19\bin\awt.dll

Deoptimization events (20 events):
Event: 79.076 Thread 0x000001d52215e7c0 DEOPT PACKING pc=0x000001d533c53ef8 sp=0x00000045109ff550
Event: 79.076 Thread 0x000001d52215e7c0 DEOPT UNPACKING pc=0x000001d5336f6da3 sp=0x00000045109ff480 mode 2
Event: 79.076 Thread 0x000001d52215e7c0 Uncommon trap: trap_request=0xffffff45 fr.pc=0x000001d533c52b38 relative=0x0000000000000198
Event: 79.076 Thread 0x000001d52215e7c0 Uncommon trap: reason=unstable_if action=reinterpret pc=0x000001d533c52b38 method=java.lang.String.indexOf(II)I @ 4 c2
Event: 79.076 Thread 0x000001d52215e7c0 DEOPT PACKING pc=0x000001d533c52b38 sp=0x00000045109ff4e0
Event: 79.076 Thread 0x000001d52215e7c0 DEOPT UNPACKING pc=0x000001d5336f6da3 sp=0x00000045109ff480 mode 2
Event: 79.086 Thread 0x000001d52215e7c0 Uncommon trap: trap_request=0xffffffc6 fr.pc=0x000001d533e81570 relative=0x0000000000000690
Event: 79.086 Thread 0x000001d52215e7c0 Uncommon trap: reason=bimorphic_or_optimized_type_check action=maybe_recompile pc=0x000001d533e81570 method=java.util.regex.Matcher.match(II)Z @ 121 c2
Event: 79.086 Thread 0x000001d52215e7c0 DEOPT PACKING pc=0x000001d533e81570 sp=0x00000045109ff420
Event: 79.086 Thread 0x000001d52215e7c0 DEOPT UNPACKING pc=0x000001d5336f6da3 sp=0x00000045109ff3b8 mode 2
Event: 79.091 Thread 0x000001d52215e7c0 Uncommon trap: trap_request=0xffffffc6 fr.pc=0x000001d533e81570 relative=0x0000000000000690
Event: 79.091 Thread 0x000001d52215e7c0 Uncommon trap: reason=bimorphic_or_optimized_type_check action=maybe_recompile pc=0x000001d533e81570 method=java.util.regex.Matcher.match(II)Z @ 121 c2
Event: 79.091 Thread 0x000001d52215e7c0 DEOPT PACKING pc=0x000001d533e81570 sp=0x00000045109ff420
Event: 79.091 Thread 0x000001d52215e7c0 DEOPT UNPACKING pc=0x000001d5336f6da3 sp=0x00000045109ff3b8 mode 2
Event: 79.107 Thread 0x000001d52215e7c0 Uncommon trap: trap_request=0xffffffc6 fr.pc=0x000001d533e81570 relative=0x0000000000000690
Event: 79.107 Thread 0x000001d52215e7c0 Uncommon trap: reason=bimorphic_or_optimized_type_check action=maybe_recompile pc=0x000001d533e81570 method=java.util.regex.Matcher.match(II)Z @ 121 c2
Event: 79.107 Thread 0x000001d52215e7c0 DEOPT PACKING pc=0x000001d533e81570 sp=0x00000045109ff420
Event: 79.107 Thread 0x000001d52215e7c0 DEOPT UNPACKING pc=0x000001d5336f6da3 sp=0x00000045109ff3b8 mode 2
Event: 79.262 Thread 0x000001d52215e7c0 DEOPT PACKING pc=0x000001d52c3e598d sp=0x00000045109fe5a0
Event: 79.262 Thread 0x000001d52215e7c0 DEOPT UNPACKING pc=0x000001d5336f7543 sp=0x00000045109fda28 mode 0

Classes loaded (20 events):
Event: 76.819 Loading class jdk/internal/math/FDBigInteger
Event: 76.819 Loading class jdk/internal/math/FDBigInteger done
Event: 76.821 Loading class java/text/Bidi
Event: 76.821 Loading class java/text/Bidi done
Event: 76.821 Loading class jdk/internal/icu/text/BidiBase
Event: 76.822 Loading class jdk/internal/icu/text/BidiBase done
Event: 76.822 Loading class jdk/internal/icu/text/BidiBase$ImpTabPair
Event: 76.822 Loading class jdk/internal/icu/text/BidiBase$ImpTabPair done
Event: 76.823 Loading class jdk/internal/icu/text/BidiRun
Event: 76.823 Loading class jdk/internal/icu/text/BidiRun done
Event: 76.823 Loading class jdk/internal/icu/text/BidiBase$InsertPoints
Event: 76.823 Loading class jdk/internal/icu/text/BidiBase$InsertPoints done
Event: 76.823 Loading class jdk/internal/icu/text/BidiBase$Point
Event: 76.823 Loading class jdk/internal/icu/text/BidiBase$Point done
Event: 76.823 Loading class jdk/internal/icu/impl/UBiDiProps
Event: 76.823 Loading class jdk/internal/icu/impl/UBiDiProps done
Event: 76.823 Loading class jdk/internal/icu/impl/UBiDiProps$IsAcceptable
Event: 76.823 Loading class jdk/internal/icu/impl/UBiDiProps$IsAcceptable done
Event: 76.824 Loading class jdk/internal/icu/text/UTF16
Event: 76.824 Loading class jdk/internal/icu/text/UTF16 done

Classes unloaded (0 events):
No events

Classes redefined (0 events):
No events

Internal exceptions (20 events):
Event: 1.831 Thread 0x000001d546e14b90 Exception <a 'java/net/ConnectException'{0x000000070f77aff0}: Connection refused: no further information> (0x000000070f77aff0) 
thrown [s\open\src\hotspot\share\prims\jni.cpp, line 536]
Event: 1.877 Thread 0x000001d546e14b90 Exception <a 'java/net/ConnectException'{0x000000070f77bf90}: Connection refused: no further information> (0x000000070f77bf90) 
thrown [s\open\src\hotspot\share\prims\jni.cpp, line 536]
Event: 1.982 Thread 0x000001d52215e7c0 Exception <a 'java/lang/NoSuchMethodError'{0x000000070f430ed8}: 'int java.lang.invoke.DirectMethodHandle$Holder.invokeVirtual(java.lang.Object, java.lang.Object)'> (0x000000070f430ed8) 
thrown [s\open\src\hotspot\share\interpreter\linkResolver.cpp, line 774]
Event: 1.983 Thread 0x000001d52215e7c0 Exception <a 'java/lang/NoSuchMethodError'{0x000000070f437510}: 'double java.lang.invoke.DirectMethodHandle$Holder.invokeVirtual(java.lang.Object, java.lang.Object)'> (0x000000070f437510) 
thrown [s\open\src\hotspot\share\interpreter\linkResolver.cpp, line 774]
Event: 1.983 Thread 0x000001d52215e7c0 Exception <a 'java/lang/NoSuchMethodError'{0x000000070f43dda0}: 'float java.lang.invoke.DirectMethodHandle$Holder.invokeVirtual(java.lang.Object, java.lang.Object)'> (0x000000070f43dda0) 
thrown [s\open\src\hotspot\share\interpreter\linkResolver.cpp, line 774]
Event: 1.984 Thread 0x000001d52215e7c0 Exception <a 'java/lang/NoSuchMethodError'{0x000000070f44a188}: 'long java.lang.invoke.DirectMethodHandle$Holder.invokeVirtual(java.lang.Object, java.lang.Object)'> (0x000000070f44a188) 
thrown [s\open\src\hotspot\share\interpreter\linkResolver.cpp, line 774]
Event: 2.010 Thread 0x000001d52215e7c0 Exception <a 'java/lang/NoSuchMethodError'{0x000000070f58a608}: 'void java.lang.invoke.DirectMethodHandle$Holder.invokeStatic(java.lang.Object, java.lang.Object, int)'> (0x000000070f58a608) 
thrown [s\open\src\hotspot\share\interpreter\linkResolver.cpp, line 774]
Event: 2.024 Thread 0x000001d52215e7c0 Exception <a 'java/lang/NoSuchMethodError'{0x000000070f23b9f0}: 'java.lang.Object java.lang.invoke.DirectMethodHandle$Holder.newInvokeSpecial(java.lang.Object, java.lang.Object, java.lang.Object, java.lang.Object, java.lang.Object)'> (0x000000070f23b9f0) 
thrown [s\open\src\hotspot\share\interpreter\linkResolver.cpp, line 774]
Event: 2.045 Thread 0x000001d52215e7c0 Exception <a 'java/lang/NoSuchMethodError'{0x000000070f3b68c0}: 'int java.lang.invoke.DirectMethodHandle$Holder.invokeSpecialIFC(java.lang.Object, java.lang.Object, java.lang.Object)'> (0x000000070f3b68c0) 
thrown [s\open\src\hotspot\share\interpreter\linkResolver.cpp, line 774]
Event: 2.051 Thread 0x000001d52215e7c0 Exception <a 'java/lang/NoSuchMethodError'{0x000000070ec22460}: 'java.lang.Object java.lang.invoke.Invokers$Holder.invokeExact_MT(java.lang.Object, java.lang.Object, java.lang.Object, java.lang.Object, java.lang.Object, java.lang.Object)'> (0x000000070ec22460) 
thrown [s\open\src\hotspot\share\interpreter\linkResolver.cpp, line 774]
Event: 2.075 Thread 0x000001d52215e7c0 Exception <a 'java/lang/NoSuchMethodError'{0x000000070ed7ec20}: 'void java.lang.invoke.DirectMethodHandle$Holder.invokeStatic(java.lang.Object, java.lang.Object, java.lang.Object, java.lang.Object)'> (0x000000070ed7ec20) 
thrown [s\open\src\hotspot\share\interpreter\linkResolver.cpp, line 774]
Event: 2.117 Thread 0x000001d52215e7c0 Exception <a 'java/lang/NoSuchMethodError'{0x0000000710b668d0}: 'void java.lang.invoke.DirectMethodHandle$Holder.invokeSpecial(java.lang.Object, java.lang.Object, java.lang.Object, java.lang.Object, java.lang.Object, java.lang.Object)'> (0x0000000710b668d0) 
thrown [s\open\src\hotspot\share\interpreter\linkResolver.cpp, line 774]
Event: 3.200 Thread 0x000001d52215e7c0 Exception <a 'java/lang/NoSuchMethodError'{0x0000000704004430}: 'java.lang.Object java.lang.invoke.DirectMethodHandle$Holder.invokeSpecialIFC(java.lang.Object, java.lang.Object, java.lang.Object)'> (0x0000000704004430) 
thrown [s\open\src\hotspot\share\interpreter\linkResolver.cpp, line 774]
Event: 3.217 Thread 0x000001d52215e7c0 Exception <a 'java/lang/ClassNotFoundException'{0x00000007040883f0}: sun/util/logging/resources/spi/loggingProvider> (0x00000007040883f0) 
thrown [s\open\src\hotspot\share\classfile\systemDictionary.cpp, line 255]
Event: 4.438 Thread 0x000001d52215e7c0 Implicit null exception at 0x000001d533cc8ffa to 0x000001d533cc961c
Event: 4.745 Thread 0x000001d52215e7c0 Exception <a 'java/lang/ClassNotFoundException'{0x0000000703dbb430}: sun/awt/resources/spi/awtProvider> (0x0000000703dbb430) 
thrown [s\open\src\hotspot\share\classfile\systemDictionary.cpp, line 255]
Event: 4.751 Thread 0x000001d52215e7c0 Exception <a 'java/io/FileNotFoundException'{0x0000000703dbe378}> (0x0000000703dbe378) 
thrown [s\open\src\hotspot\share\prims\jni.cpp, line 517]
Event: 4.755 Thread 0x000001d52215e7c0 Exception <a 'java/io/FileNotFoundException'{0x0000000703dea538}> (0x0000000703dea538) 
thrown [s\open\src\hotspot\share\prims\jni.cpp, line 517]
Event: 11.853 Thread 0x000001d52215e7c0 Exception <a 'java/lang/ClassNotFoundException'{0x0000000702e003b0}: sun/misc/SharedSecrets> (0x0000000702e003b0) 
thrown [s\open\src\hotspot\share\classfile\systemDictionary.cpp, line 255]
Event: 77.852 Thread 0x000001d52215e7c0 Implicit null exception at 0x000001d533e6075d to 0x000001d533e60dc4

VM Operations (20 events):
Event: 77.410 Executing VM operation: G1CollectForAllocation
Event: 77.417 Executing VM operation: G1CollectForAllocation done
Event: 77.682 Executing VM operation: G1CollectForAllocation
Event: 77.707 Executing VM operation: G1CollectForAllocation done
Event: 77.848 Executing VM operation: HandshakeAllThreads
Event: 77.848 Executing VM operation: HandshakeAllThreads done
Event: 77.856 Executing VM operation: G1CollectForAllocation
Event: 77.879 Executing VM operation: G1CollectForAllocation done
Event: 78.127 Executing VM operation: G1CollectForAllocation
Event: 78.143 Executing VM operation: G1CollectForAllocation done
Event: 78.333 Executing VM operation: G1CollectForAllocation
Event: 78.348 Executing VM operation: G1CollectForAllocation done
Event: 78.370 Executing VM operation: HandshakeAllThreads
Event: 78.391 Executing VM operation: HandshakeAllThreads done
Event: 78.416 Executing VM operation: HandshakeAllThreads
Event: 78.416 Executing VM operation: HandshakeAllThreads done
Event: 78.432 Executing VM operation: HandshakeAllThreads
Event: 78.432 Executing VM operation: HandshakeAllThreads done
Event: 78.825 Executing VM operation: G1CollectForAllocation
Event: 78.856 Executing VM operation: G1CollectForAllocation done

Events (20 events):
Event: 78.437 Thread 0x000001d546e150e0 flushing nmethod 0x000001d52c988d10
Event: 78.437 Thread 0x000001d546e150e0 flushing nmethod 0x000001d52c989190
Event: 78.437 Thread 0x000001d546e150e0 flushing nmethod 0x000001d52c989610
Event: 78.437 Thread 0x000001d546e150e0 flushing nmethod 0x000001d52c98c510
Event: 78.437 Thread 0x000001d546e150e0 flushing nmethod 0x000001d52c98ca90
Event: 78.437 Thread 0x000001d546e150e0 flushing nmethod 0x000001d52c98e190
Event: 78.437 Thread 0x000001d546e150e0 flushing nmethod 0x000001d52c995590
Event: 78.437 Thread 0x000001d546e150e0 flushing nmethod 0x000001d52c997390
Event: 78.437 Thread 0x000001d546e150e0 flushing nmethod 0x000001d52c9c2190
Event: 78.437 Thread 0x000001d546e150e0 flushing nmethod 0x000001d52c9cbe10
Event: 78.437 Thread 0x000001d546e150e0 flushing nmethod 0x000001d52c9d4b10
Event: 78.437 Thread 0x000001d546e150e0 flushing nmethod 0x000001d52c9d5e10
Event: 78.437 Thread 0x000001d546e150e0 flushing nmethod 0x000001d52c9dcc90
Event: 78.437 Thread 0x000001d546e150e0 flushing nmethod 0x000001d52c9dd290
Event: 78.437 Thread 0x000001d546e150e0 flushing nmethod 0x000001d52c9e2310
Event: 78.437 Thread 0x000001d546e150e0 flushing nmethod 0x000001d52c9e3690
Event: 78.437 Thread 0x000001d546e150e0 flushing nmethod 0x000001d52c9ebc10
Event: 78.437 Thread 0x000001d546e150e0 flushing nmethod 0x000001d52ca08810
Event: 78.437 Thread 0x000001d546e150e0 flushing nmethod 0x000001d52ca13590
Event: 78.437 Thread 0x000001d546e150e0 flushing nmethod 0x000001d52ca1f490


Dynamic libraries:
0x00007ff6b1560000 - 0x00007ff6b1570000 	C:\Program Files\Java\jdk-19\bin\javaw.exe
0x00007ffd397f0000 - 0x00007ffd399e8000 	C:\Windows\SYSTEM32\ntdll.dll
0x00007ffd39060000 - 0x00007ffd3911f000 	C:\Windows\System32\KERNEL32.DLL
0x00007ffd371e0000 - 0x00007ffd374b2000 	C:\Windows\System32\KERNELBASE.dll
0x00007ffd37580000 - 0x00007ffd37680000 	C:\Windows\System32\ucrtbase.dll
0x00007ffcf2880000 - 0x00007ffcf2898000 	C:\Program Files\Java\jdk-19\bin\jli.dll
0x00007ffcf28a0000 - 0x00007ffcf28bb000 	C:\Program Files\Java\jdk-19\bin\VCRUNTIME140.dll
0x00007ffd37e30000 - 0x00007ffd37ede000 	C:\Windows\System32\ADVAPI32.dll
0x00007ffd39350000 - 0x00007ffd393ee000 	C:\Windows\System32\msvcrt.dll
0x00007ffd37ef0000 - 0x00007ffd37f8c000 	C:\Windows\System32\sechost.dll
0x00007ffd37ca0000 - 0x00007ffd37dc5000 	C:\Windows\System32\RPCRT4.dll
0x00007ffd39120000 - 0x00007ffd392c1000 	C:\Windows\System32\USER32.dll
0x00007ffd24300000 - 0x00007ffd2459a000 	C:\Windows\WinSxS\amd64_microsoft.windows.common-controls_6595b64144ccf1df_6.0.19041.1110_none_60b5254171f9507e\COMCTL32.dll
0x00007ffd37550000 - 0x00007ffd37572000 	C:\Windows\System32\win32u.dll
0x00007ffd38f90000 - 0x00007ffd38fbb000 	C:\Windows\System32\GDI32.dll
0x00007ffd37680000 - 0x00007ffd3778f000 	C:\Windows\System32\gdi32full.dll
0x00007ffd2f6a0000 - 0x00007ffd2f6aa000 	C:\Windows\SYSTEM32\VERSION.dll
0x00007ffd37790000 - 0x00007ffd3782d000 	C:\Windows\System32\msvcp_win.dll
0x00007ffd38fc0000 - 0x00007ffd38ff2000 	C:\Windows\System32\IMM32.DLL
0x00007ffcf34f0000 - 0x00007ffcf34fc000 	C:\Program Files\Java\jdk-19\bin\vcruntime140_1.dll
0x00007ffcdaec0000 - 0x00007ffcdaf4e000 	C:\Program Files\Java\jdk-19\bin\msvcp140.dll
0x00007ffcda200000 - 0x00007ffcdaec0000 	C:\Program Files\Java\jdk-19\bin\server\jvm.dll
0x00007ffd28ad0000 - 0x00007ffd28af7000 	C:\Windows\SYSTEM32\WINMM.dll
0x00007ffd1c5a0000 - 0x00007ffd1c5a9000 	C:\Windows\SYSTEM32\WSOCK32.dll
0x00007ffd392d0000 - 0x00007ffd3933b000 	C:\Windows\System32\WS2_32.dll
0x00007ffd34cb0000 - 0x00007ffd34cc2000 	C:\Windows\SYSTEM32\kernel.appcore.dll
0x00007ffcf3470000 - 0x00007ffcf347a000 	C:\Program Files\Java\jdk-19\bin\jimage.dll
0x00007ffd2feb0000 - 0x00007ffd30094000 	C:\Windows\SYSTEM32\DBGHELP.DLL
0x00007ffd2fe20000 - 0x00007ffd2fe55000 	C:\Windows\SYSTEM32\dbgcore.DLL
0x00007ffd374c0000 - 0x00007ffd37542000 	C:\Windows\System32\bcryptPrimitives.dll
0x00007ffcf2850000 - 0x00007ffcf2876000 	C:\Program Files\Java\jdk-19\bin\java.dll
0x00007ffcdb350000 - 0x00007ffcdb427000 	C:\Program Files\Java\jdk-19\bin\jsvml.dll
0x00007ffd37f90000 - 0x00007ffd386d4000 	C:\Windows\System32\SHELL32.dll
0x00007ffd34eb0000 - 0x00007ffd35642000 	C:\Windows\SYSTEM32\windows.storage.dll
0x00007ffd38c30000 - 0x00007ffd38f85000 	C:\Windows\System32\combase.dll
0x00007ffd36860000 - 0x00007ffd36890000 	C:\Windows\SYSTEM32\Wldp.dll
0x00007ffd37b20000 - 0x00007ffd37bcd000 	C:\Windows\System32\SHCORE.dll
0x00007ffd39000000 - 0x00007ffd39055000 	C:\Windows\System32\shlwapi.dll
0x00007ffd36e20000 - 0x00007ffd36e3f000 	C:\Windows\SYSTEM32\profapi.dll
0x00007ffcdc1e0000 - 0x00007ffcdc1f3000 	C:\Program Files\Java\jdk-19\bin\net.dll
0x00007ffd35e60000 - 0x00007ffd35f6c000 	C:\Windows\SYSTEM32\WINHTTP.dll
0x00007ffd365c0000 - 0x00007ffd3662a000 	C:\Windows\system32\mswsock.dll
0x00007ffcdc1c0000 - 0x00007ffcdc1d6000 	C:\Program Files\Java\jdk-19\bin\nio.dll
0x00007ffcdb330000 - 0x00007ffcdb348000 	C:\Program Files\Java\jdk-19\bin\zip.dll
0x00007ffd14dd0000 - 0x00007ffd14de7000 	C:\Windows\system32\napinsp.dll
0x00007ffd14db0000 - 0x00007ffd14dcb000 	C:\Windows\system32\pnrpnsp.dll
0x00007ffd14d90000 - 0x00007ffd14da5000 	C:\Windows\system32\wshbth.dll
0x00007ffd30500000 - 0x00007ffd3051d000 	C:\Windows\system32\NLAapi.dll
0x00007ffd362b0000 - 0x00007ffd362eb000 	C:\Windows\SYSTEM32\IPHLPAPI.DLL
0x00007ffd362f0000 - 0x00007ffd363ba000 	C:\Windows\SYSTEM32\DNSAPI.dll
0x00007ffd394e0000 - 0x00007ffd394e8000 	C:\Windows\System32\NSI.dll
0x00007ffd14d70000 - 0x00007ffd14d82000 	C:\Windows\System32\winrnr.dll
0x00007ffd2d730000 - 0x00007ffd2d73a000 	C:\Windows\System32\rasadhlp.dll
0x00007ffd2dbb0000 - 0x00007ffd2dc30000 	C:\Windows\System32\fwpuclnt.dll
0x00007ffd371b0000 - 0x00007ffd371d7000 	C:\Windows\System32\bcrypt.dll
0x00007ffd058b0000 - 0x00007ffd058b8000 	C:\Program Files\Java\jdk-19\bin\extnet.dll
0x00007ffd367b0000 - 0x00007ffd367c8000 	C:\Windows\SYSTEM32\CRYPTSP.dll
0x00007ffd35dd0000 - 0x00007ffd35e04000 	C:\Windows\system32\rsaenh.dll
0x00007ffd36da0000 - 0x00007ffd36dce000 	C:\Windows\SYSTEM32\USERENV.dll
0x00007ffd367d0000 - 0x00007ffd367dc000 	C:\Windows\SYSTEM32\CRYPTBASE.dll
0x00007ffd30690000 - 0x00007ffd306a7000 	C:\Windows\SYSTEM32\dhcpcsvc6.DLL
0x00007ffd30670000 - 0x00007ffd3068d000 	C:\Windows\SYSTEM32\dhcpcsvc.DLL
0x00007ffcf62d0000 - 0x00007ffcf62de000 	C:\Program Files\Java\jdk-19\bin\sunmscapi.dll
0x00007ffd37050000 - 0x00007ffd371a6000 	C:\Windows\System32\CRYPT32.dll
0x00007ffd368d0000 - 0x00007ffd368f7000 	C:\Windows\SYSTEM32\ncrypt.dll
0x00007ffd36890000 - 0x00007ffd368cb000 	C:\Windows\SYSTEM32\NTASN1.dll
0x00007ffd05910000 - 0x00007ffd05920000 	C:\Program Files\Java\jdk-19\bin\verify.dll
0x00007ffd2b200000 - 0x00007ffd2b20a000 	C:\Program Files\Java\jdk-19\bin\management.dll
0x00007ffd2b1f0000 - 0x00007ffd2b1fb000 	C:\Program Files\Java\jdk-19\bin\management_ext.dll
0x00007ffd39340000 - 0x00007ffd39348000 	C:\Windows\System32\PSAPI.DLL
0x00007ffd19ba0000 - 0x00007ffd19ba7000 	C:\Windows\system32\wshunix.dll
0x00007ffcf0190000 - 0x00007ffcf0321000 	C:\Program Files\Java\jdk-19\bin\awt.dll
0x00007ffd37bd0000 - 0x00007ffd37c9d000 	C:\Windows\System32\OLEAUT32.dll
0x00007ffd34520000 - 0x00007ffd345b1000 	C:\Windows\SYSTEM32\apphelp.dll
0x00007ffd348e0000 - 0x00007ffd3490f000 	C:\Windows\system32\DWMAPI.DLL
0x00007ffd347a0000 - 0x00007ffd3483e000 	C:\Windows\system32\uxtheme.dll
0x00007ffcf5340000 - 0x00007ffcf5465000 	C:\Windows\system32\opengl32.dll
0x00007ffd20aa0000 - 0x00007ffd20acc000 	C:\Windows\SYSTEM32\GLU32.dll
0x00007ffd37850000 - 0x00007ffd37965000 	C:\Windows\System32\MSCTF.dll
0x00007ffd39680000 - 0x00007ffd397aa000 	C:\Windows\System32\ole32.dll
0x00007ffd31ed0000 - 0x00007ffd31f0b000 	C:\Windows\SYSTEM32\dxcore.dll
0x00007ffd36f50000 - 0x00007ffd36f9e000 	C:\Windows\System32\cfgmgr32.dll

dbghelp: loaded successfully - version: 4.0.5 - missing functions: none
symbol engine: initialized successfully - sym options: 0x614 - pdb path: .;C:\Program Files\Java\jdk-19\bin;C:\Windows\SYSTEM32;C:\Windows\WinSxS\amd64_microsoft.windows.common-controls_6595b64144ccf1df_6.0.19041.1110_none_60b5254171f9507e;C:\Program Files\Java\jdk-19\bin\server

VM Arguments:
jvm_args: -Dfile.encoding=UTF-8 -XX:+ShowCodeDetailsInExceptionMessages 
java_command: mainPackage.RunnerClass
java_class_path (initial): C:\Gopi\LeaseCloseouts_1229\target\classes;C:\Users\AzureSQLDB\.m2\repository\io\github\bonigarcia\webdrivermanager\5.2.3\webdrivermanager-5.2.3.jar;C:\Users\AzureSQLDB\.m2\repository\org\slf4j\slf4j-api\1.7.36\slf4j-api-1.7.36.jar;C:\Users\AzureSQLDB\.m2\repository\com\google\code\gson\gson\2.9.1\gson-2.9.1.jar;C:\Users\AzureSQLDB\.m2\repository\com\github\docker-java\docker-java\3.2.13\docker-java-3.2.13.jar;C:\Users\AzureSQLDB\.m2\repository\com\github\docker-java\docker-java-core\3.2.13\docker-java-core-3.2.13.jar;C:\Users\AzureSQLDB\.m2\repository\com\github\docker-java\docker-java-api\3.2.13\docker-java-api-3.2.13.jar;C:\Users\AzureSQLDB\.m2\repository\com\fasterxml\jackson\core\jackson-annotations\2.10.3\jackson-annotations-2.10.3.jar;C:\Users\AzureSQLDB\.m2\repository\org\apache\commons\commons-compress\1.21\commons-compress-1.21.jar;C:\Users\AzureSQLDB\.m2\repository\com\fasterxml\jackson\core\jackson-databind\2.10.3\jackson-databind-2.10.3.jar;C:\Users\AzureSQLDB\.m2\repository\com\fasterxml\jackson\core\jackson-core\2.10.3\jackson-core-2.10.3.jar;C:\Users\AzureSQLDB\.m2\repository\org\bouncycastle\bcpkix-jdk15on\1.64\bcpkix-jdk15on-1.64.jar;C:\Users\AzureSQLDB\.m2\repository\org\bouncycastle\bcprov-jdk15on\1.64\bcprov-jdk15on-1.64.jar;C:\Users\AzureSQLDB\.m2\repository\org\slf4j\jcl-over-slf4j\1.7.30\jcl-over-slf4j-1.7.30.jar;C:\Users\AzureSQLDB\.m2\repository\com\github\docker-java\docker-java-transport-httpclient5\3.2.13\docker-java-transport-httpclient5-3.2.13.jar;C:\Users\AzureSQLDB\.m2\repository\com\github\docker-java\docker-java-transport\3.2.13\docker-java-transport-3.2.13.jar;C:\Users\AzureSQLDB\.m2\repository\net\java\dev\jna\jna\5.8.0\jna-5.8.0.jar;C:\Users\AzureSQLDB\.m2\repository\org\brotli\dec\0.1.2\dec-0.1.2.jar;C:\Users\AzureSQLDB\.m2\repository\org\apache\commons\commons-lang3\3.12.0\commons-lang3-3.12.0.jar;C:\Users\AzureSQLDB\.m2\repository\org\apache\httpcomponents\client5\httpclient5\5.1.3\httpclient5-5.1.3.jar;C:\Users\AzureSQLDB\.m2\repository\org\apache\httpcomponents\core5\httpcore5\5.1.3\httpcore5-5.1.3.jar;C:\Users\AzureSQLDB\.m2\repository\org\apache\httpcomponents\core5\httpcore5-h2\5.1.3\httpcore5-h2-5.1.3.jar;C:\Users\AzureSQLDB\.m2\repository\org\seleniumhq\selenium\selenium-java\4.4.0\selenium-java-4.4.0.jar;C:\Users\AzureSQLDB\.m2\repository\org\seleniumhq\selenium\selenium-api\4.4.0\selenium-api-4.4.0.jar;C:\Users\AzureSQLDB\.m2\repository\org\seleniumhq\selenium\selenium-chrome-driver\4.4.0\selenium-chrome-driver-4.4.0.jar;C:\Users\AzureSQLDB\.m2\repository\com\google\auto\service\auto-service-annotations\1.0.1\auto-service-annotations-1.0.1.jar;C:\Users\AzureSQLDB\.m2\repository\com\google\auto\service\auto-service\1.0.1\auto-service-1.0.1.jar;C:\Users\AzureSQLDB\.m2\repository\com\google\auto\auto-common\1.2\auto-common-1.2.jar;C:\Users\AzureSQLDB\.m2\repository\org\seleniumhq\selenium\selenium-chromium-driver\4.4.0\selenium-chromium-driver-4.4.0.jar;C:\Users\AzureSQLDB\.m2\repository\org\seleniumhq\selenium\selenium-json\4.4.0\selenium-json-4.4.0.jar;C:\Users\AzureSQLDB\.m2\repository\org\seleniumhq\selenium\selenium-devtools-v102\4.4.0\selenium-devtools-v102-4.4.0.jar;C:\Users\AzureSQLDB\.m2\repository\org\seleniumhq\selenium\selenium-devtools-v103\4.4.0\selenium-devtools-v103-4.4.0.jar;C:\Users\AzureSQLDB\.m2\repository\org\seleniumhq\selenium\selenium-devtools-v104\4.4.0\selenium-devtools-v104-4.4.0.jar;C:\Users\AzureSQLDB\.m2\repository\org\seleniumhq\selenium\selenium-devtools-v85\4.4.0\selenium-devtools-v85-4.4.0.jar;C:\Users\AzureSQLDB\.m2\repository\org\seleniumhq\selenium\selenium-edge-driver\4.4.0\selenium-edge-driver-4.4.0.jar;C:\Users\AzureSQLDB\.m2\repository\org\seleniumhq\selenium\selenium-firefox-driver\4.4.0\selenium-firefox-driver-4.4.0.jar;C:\Users\AzureSQLDB\.m2\repository\org\seleniumhq\selenium\selenium-ie-driver\4.4.0\selenium-ie-driver-4.4.0.jar;C:\Users\AzureSQLDB\.m2\repository\org\seleniumhq\selenium\selenium-opera-driver\4.4.0\selenium-opera-driver-4.4.0.jar;C:\Users\AzureSQLDB\.m2\repository\org\seleniumhq\selenium\selenium-remote-driver\4.4.0\selenium-remote-driver-4.4.0.jar;C:\Users\AzureSQLDB\.m2\repository\com\beust\jcommander\1.82\jcommander-1.82.jar;C:\Users\AzureSQLDB\.m2\repository\io\netty\netty-buffer\4.1.78.Final\netty-buffer-4.1.78.Final.jar;C:\Users\AzureSQLDB\.m2\repository\io\netty\netty-codec-http\4.1.78.Final\netty-codec-http-4.1.78.Final.jar;C:\Users\AzureSQLDB\.m2\repository\io\netty\netty-codec\4.1.78.Final\netty-codec-4.1.78.Final.jar;C:\Users\AzureSQLDB\.m2\repository\io\netty\netty-handler\4.1.78.Final\netty-handler-4.1.78.Final.jar;C:\Users\AzureSQLDB\.m2\repository\io\netty\netty-common\4.1.78.Final\netty-common-4.1.78.Final.jar;C:\Users\AzureSQLDB\.m2\repository\io\netty\netty-transport-classes-epoll\4.1.78.Final\netty-transport-classes-epoll-4.1.78.Final.jar;C:\Users\AzureSQLDB\.m2\repository\io\netty\netty-transport-classes-kqueue\4.1.78.Final\netty-transport-classes-kqueue-4.1.78.Final.jar;C:\Users\AzureSQLDB\.m2\repository\io\netty\netty-transport-native-epoll\4.1.78.Final\netty-transport-native-epoll-4.1.78.Final.jar;C:\Users\AzureSQLDB\.m2\repository\io\netty\netty-transport-native-kqueue\4.1.78.Final\netty-transport-native-kqueue-4.1.78.Final.jar;C:\Users\AzureSQLDB\.m2\repository\io\netty\netty-transport-native-unix-common\4.1.78.Final\netty-transport-native-unix-common-4.1.78.Final.jar;C:\Users\AzureSQLDB\.m2\repository\io\netty\netty-transport\4.1.78.Final\netty-transport-4.1.78.Final.jar;C:\Users\AzureSQLDB\.m2\repository\io\netty\netty-resolver\4.1.78.Final\netty-resolver-4.1.78.Final.jar;C:\Users\AzureSQLDB\.m2\repository\io\opentelemetry\opentelemetry-api\1.16.0\opentelemetry-api-1.16.0.jar;C:\Users\AzureSQLDB\.m2\repository\io\opentelemetry\opentelemetry-context\1.16.0\opentelemetry-context-1.16.0.jar;C:\Users\AzureSQLDB\.m2\repository\io\opentelemetry\opentelemetry-exporter-logging\1.16.0\opentelemetry-exporter-logging-1.16.0.jar;C:\Users\AzureSQLDB\.m2\repository\io\opentelemetry\opentelemetry-sdk-metrics\1.16.0\opentelemetry-sdk-metrics-1.16.0.jar;C:\Users\AzureSQLDB\.m2\repository\io\opentelemetry\opentelemetry-sdk-logs\1.16.0-alpha\opentelemetry-sdk-logs-1.16.0-alpha.jar;C:\Users\AzureSQLDB\.m2\repository\io\opentelemetry\opentelemetry-sdk-common\1.16.0\opentelemetry-sdk-common-1.16.0.jar;C:\Users\AzureSQLDB\.m2\repository\io\opentelemetry\opentelemetry-sdk-extension-autoconfigure-spi\1.16.0\opentelemetry-sdk-extension-autoconfigure-spi-1.16.0.jar;C:\Users\AzureSQLDB\.m2\repository\io\opentelemetry\opentelemetry-sdk-extension-autoconfigure\1.16.0-alpha\opentelemetry-sdk-extension-autoconfigure-1.16.0-alpha.jar;C:\Users\AzureSQLDB\.m2\repository\io\opentelemetry\opentelemetry-sdk-trace\1.16.0\opentelemetry-sdk-trace-1.16.0.jar;C:\Users\AzureSQLDB\.m2\repository\io\opentelemetry\opentelemetry-sdk\1.16.0\opentelemetry-sdk-1.16.0.jar;C:\Users\AzureSQLDB\.m2\repository\io\opentelemetry\opentelemetry-semconv\1.16.0-alpha\opentelemetry-semconv-1.16.0-alpha.jar;C:\Users\AzureSQLDB\.m2\repository\io\ous\jtoml\2.0.0\jtoml-2.0.0.jar;C:\Users\AzureSQLDB\.m2\repository\net\bytebuddy\byte-buddy\1.12.10\byte-buddy-1.12.10.jar;C:\Users\AzureSQLDB\.m2\repository\org\apache\commons\commons-exec\1.3\commons-exec-1.3.jar;C:\Users\AzureSQLDB\.m2\repository\org\asynchttpclient\async-http-client\2.12.3\async-http-client-2.12.3.jar;C:\Users\AzureSQLDB\.m2\repository\org\asynchttpclient\async-http-client-netty-utils\2.12.3\async-http-client-netty-utils-2.12.3.jar;C:\Users\AzureSQLDB\.m2\repository\io\netty\netty-codec-socks\4.1.60.Final\netty-codec-socks-4.1.60.Final.jar;C:\Users\AzureSQLDB\.m2\repository\io\netty\netty-handler-proxy\4.1.60.Final\netty-handler-proxy-4.1.60.Final.jar;C:\Users\AzureSQLDB\.m2\repository\io\netty\netty-transport-native-epoll\4.1.60.Final\netty-transport-native-epoll-4.1.60.Final-linux-x86_64.jar;C:\Users\AzureSQLDB\.m2\repository\io\netty\netty-transport-native-kqueue\4.1.60.Final\netty-transport-native-kqueue-4.1.60.Final-osx-x86_64.jar;C:\Users\AzureSQLDB\.m2\repository\org\reactivestreams\reactive-streams\1.0.3\reactive-streams-1.0.3.jar;C:\Users\AzureSQLDB\.m2\repository\com\typesafe\netty\netty-reactive-streams\2.0.4\netty-reactive-streams-2.0.4.jar;C:\Users\AzureSQLDB\.m2\repository\com\sun\activation\jakarta.activation\1.2.2\jakarta.activation-1.2.2.jar;C:\Users\AzureSQLDB\.m2\repository\org\seleniumhq\selenium\selenium-http\4.4.0\selenium-http-4.4.0.jar;C:\Users\AzureSQLDB\.m2\repository\dev\failsafe\failsafe\3.2.4\failsafe-3.2.4.jar;C:\Users\AzureSQLDB\.m2\repository\org\seleniumhq\selenium\selenium-safari-driver\4.4.0\selenium-safari-driver-4.4.0.jar;C:\Users\AzureSQLDB\.m2\repository\org\seleniumhq\selenium\selenium-support\4.4.0\selenium-support-4.4.0.jar;C:\Users\AzureSQLDB\.m2\repository\org\apache\poi\poi\5.2.2\poi-5.2.2.jar;C:\Users\AzureSQLDB\.m2\repository\commons-codec\commons-codec\1.15\commons-codec-1.15.jar;C:\Users\AzureSQLDB\.m2\repository\org\apache\commons\commons-collections4\4.4\commons-collections4-4.4.jar;C:\Users\AzureSQLDB\.m2\repository\org\apache\commons\commons-math3\3.6.1\commons-math3-3.6.1.jar;C:\Users\AzureSQLDB\.m2\repository\commons-io\commons-io\2.11.0\commons-io-2.11.0.jar;C:\Users\AzureSQLDB\.m2\repository\com\zaxxer\SparseBitSet\1.2\SparseBitSet-1.2.jar;C:\Users\AzureSQLDB\.m2\repository\org\apache\logging\log4j\log4j-api\2.17.2\log4j-api-2.17.2.jar;C:\Users\AzureSQLDB\.m2\repository\com\google\guava\guava\31.1-jre\guava-31.1-jre.jar;C:\Users\AzureSQLDB\.m2\repository\com\google\guava\failureaccess\1.0.1\failureaccess-1.0.1.jar;C:\Users\AzureSQLDB\.m2\repository\com\google\guava\listenablefuture\9999.0-empty-to-avoid-conflict-with-guava\listenablefuture-9999.0-empty-to-avoid-conflict-with-guava.jar;C:\Users\AzureSQLDB\.m2\repository\com\google\code\findbugs\jsr305\3.0.2\jsr305-3.0.2.jar;C:\Users\AzureSQLDB\.m2\repository\org\checkerframework\checker-qual\3.12.0\checker-qual-3.12.0.jar;C:\Users\AzureSQLDB\.m2\repository\com\google\errorprone\error_prone_annotations\2.11.0\error_prone_annotations-2.11.0.jar;C:\Users\AzureSQLDB\.m2\repository\com\google\j2objc\j2objc-annotations\1.3\j2objc-annotations-1.3.jar;C:\Users\AzureSQLDB\.m2\repository\org\apache\pdfbox\pdfbox\2.0.26\pdfbox-2.0.26.jar;C:\Users\AzureSQLDB\.m2\repository\org\apache\pdfbox\fontbox\2.0.26\fontbox-2.0.26.jar;C:\Users\AzureSQLDB\.m2\repository\commons-logging\commons-logging\1.2\commons-logging-1.2.jar;C:\Users\AzureSQLDB\.m2\repository\com\microsoft\sqlserver\mssql-jdbc\11.2.1.jre8\mssql-jdbc-11.2.1.jre8.jar
Launcher Type: SUN_STANDARD

[Global flags]
     intx CICompilerCount                          = 3                                         {product} {ergonomic}
     uint ConcGCThreads                            = 1                                         {product} {ergonomic}
     uint G1ConcRefinementThreads                  = 4                                         {product} {ergonomic}
   size_t G1HeapRegionSize                         = 2097152                                   {product} {ergonomic}
    uintx GCDrainStackTargetSize                   = 64                                        {product} {ergonomic}
   size_t InitialHeapSize                          = 268435456                                 {product} {ergonomic}
   size_t MarkStackSize                            = 4194304                                   {product} {ergonomic}
   size_t MaxHeapSize                              = 4282384384                                {product} {ergonomic}
   size_t MaxNewSize                               = 2569011200                                {product} {ergonomic}
   size_t MinHeapDeltaBytes                        = 2097152                                   {product} {ergonomic}
   size_t MinHeapSize                              = 8388608                                   {product} {ergonomic}
    uintx NonNMethodCodeHeapSize                   = 5832780                                {pd product} {ergonomic}
    uintx NonProfiledCodeHeapSize                  = 122912730                              {pd product} {ergonomic}
    uintx ProfiledCodeHeapSize                     = 122912730                              {pd product} {ergonomic}
    uintx ReservedCodeCacheSize                    = 251658240                              {pd product} {ergonomic}
     bool SegmentedCodeCache                       = true                                      {product} {ergonomic}
     bool ShowCodeDetailsInExceptionMessages       = true                                   {manageable} {command line}
   size_t SoftMaxHeapSize                          = 4282384384                             {manageable} {ergonomic}
     bool UseCompressedClassPointers               = true                           {product lp64_product} {ergonomic}
     bool UseCompressedOops                        = true                           {product lp64_product} {ergonomic}
     bool UseG1GC                                  = true                                      {product} {ergonomic}
     bool UseLargePagesIndividualAllocation        = false                                  {pd product} {ergonomic}

Logging:
Log output configuration:
 #0: stdout all=warning uptime,level,tags foldmultilines=false
 #1: stderr all=off uptime,level,tags foldmultilines=false

Environment Variables:
JAVA_HOME=C:\Program Files\Java\jdk-19
PATH=C:\Program Files\Common Files\Oracle\Java\javapath;C:\Windows\system32;C:\Windows;C:\Windows\System32\Wbem;C:\Windows\System32\WindowsPowerShell\v1.0\;C:\Windows\System32\OpenSSH\;C:\Program Files\dotnet\;C:\Program Files (x86)\Microsoft SQL Server\150\DTS\Binn\;C:\Program Files\Azure Data Studio\bin;C:\Program Files\Java\jdk-19\bin;C:\Program Files\Microsoft SQL Server\Client SDK\ODBC\170\Tools\Binn\;D:\Automation Files\apache-maven-3.8.6\bin;C:\Gopi\Apache Maven\apache-maven-3.8.6\bin;C:\Program Files\Git\cmd;C:\Users\AzureSQLDB\AppData\Local\Microsoft\WindowsApps;C:\Users\AzureSQLDB\.dotnet\tools;C:\Program Files\Azure Data Studio\bin;C:\Users\AzureSQLDB\AppData\Local\Programs\Microsoft VS Code\bin
USERNAME=AzureSQLDB
OS=Windows_NT
PROCESSOR_IDENTIFIER=AMD64 Family 25 Model 1 Stepping 1, AuthenticAMD
TMP=C:\Users\AZURES~1\AppData\Local\Temp
TEMP=C:\Users\AZURES~1\AppData\Local\Temp



---------------  S Y S T E M  ---------------

OS:
 Windows 10 , 64 bit Build 19041 (10.0.19041.2364)
OS uptime: 4 days 13:59 hours
Hyper-V virtualization detected

CPU: total 4 (initial active 4) (4 cores per cpu, 2 threads per core) family 25 model 1 stepping 1 microcode 0x0, cx8, cmov, fxsr, ht, mmx, 3dnowpref, sse, sse2, sse3, ssse3, sse4a, sse4.1, sse4.2, popcnt, lzcnt, tsc, avx, avx2, aes, clmul, bmi1, bmi2, adx, sha, fma, vzeroupper, clflush, clflushopt, hv, rdtscp, rdpid

Memory: 4k page, system-wide physical 16332M (3650M free)
TotalPageFile size 17738M (AvailPageFile size 5M)
current process WorkingSet (physical memory assigned to process): 716M, peak: 717M
current process commit charge ("private bytes"): 850M, peak: 852M

vm_info: Java HotSpot(TM) 64-Bit Server VM (19+36-2238) for windows-amd64 JRE (19+36-2238), built on 2022-08-12T20:29:01Z by "mach5one" with MS VC++ 17.1 (VS2022)

END.
