#
# There is insufficient memory for the Java Runtime Environment to continue.
# Native memory allocation (malloc) failed to allocate 1236944 bytes for Chunk::new
# Possible reasons:
#   The system is out of physical RAM or swap space
#   The process is running with CompressedOops enabled, and the Java Heap may be blocking the growth of the native heap
# Possible solutions:
#   Reduce memory load on the system
#   Increase physical memory or swap space
#   Check if swap backing store is full
#   Decrease Java heap size (-Xmx/-Xms)
#   Decrease number of Java threads
#   Decrease Java thread stack sizes (-Xss)
#   Set larger code cache with -XX:ReservedCodeCacheSize=
#   JVM is running with Zero Based Compressed Oops mode in which the Java heap is
#     placed in the first 32GB address space. The Java Heap base address is the
#     maximum limit for the native heap growth. Please use -XX:HeapBaseMinAddress
#     to set the Java Heap base and to place the Java Heap above 32GB virtual address.
# This output file may be truncated or incomplete.
#
#  Out of Memory Error (arena.cpp:189), pid=11736, tid=11084
#
# JRE version: Java(TM) SE Runtime Environment (17.0.4.1+1) (build 17.0.4.1+1-LTS-2)
# Java VM: Java HotSpot(TM) 64-Bit Server VM (17.0.4.1+1-LTS-2, mixed mode, sharing, tiered, compressed oops, compressed class ptrs, g1 gc, windows-amd64)
# No core dump will be written. Minidumps are not enabled by default on client versions of Windows
#

---------------  S U M M A R Y ------------

Command Line: -Dclassworlds.conf=C:\ProgramData\Jenkins\.jenkins\tools\hudson.tasks.Maven_MavenInstallation\MAVEN_HOME\bin\m2.conf -Dmaven.home=C:\ProgramData\Jenkins\.jenkins\tools\hudson.tasks.Maven_MavenInstallation\MAVEN_HOME -Dlibrary.jansi.path=C:\ProgramData\Jenkins\.jenkins\tools\hudson.tasks.Maven_MavenInstallation\MAVEN_HOME\lib\jansi-native -Dmaven.multiModuleProjectDirectory=C:\Gopi\HomeRiver_Leasing org.codehaus.plexus.classworlds.launcher.Launcher clean install

Host: AMD EPYC 7763 64-Core Processor                , 4 cores, 15G,  Windows 10 , 64 bit Build 19041 (10.0.19041.2251)
Time: Mon Dec 12 02:57:05 2022 Eastern Standard Time elapsed time: 2.148236 seconds (0d 0h 0m 2s)

---------------  T H R E A D  ---------------

Current thread (0x000002b77f3ee390):  JavaThread "C2 CompilerThread0" daemon [_thread_in_native, id=11084, stack(0x000000d16f700000,0x000000d16f800000)]


Current CompileTask:
C2:   2148 3327       4       org.eclipse.sisu.inject.LocatedBeans$Itr::next (5 bytes)

Stack: [0x000000d16f700000,0x000000d16f800000]
Native frames: (J=compiled Java code, j=interpreted, Vv=VM code, C=native code)
V  [jvm.dll+0x6723ba]
V  [jvm.dll+0x7d1e34]
V  [jvm.dll+0x7d35de]
V  [jvm.dll+0x7d3c43]
V  [jvm.dll+0x243065]
V  [jvm.dll+0xaa57b]
V  [jvm.dll+0xaab0c]
V  [jvm.dll+0x360467]
V  [jvm.dll+0x32a971]
V  [jvm.dll+0x329e1a]
V  [jvm.dll+0x2161a1]
V  [jvm.dll+0x2155c1]
V  [jvm.dll+0x1a1fcd]
V  [jvm.dll+0x224e08]
V  [jvm.dll+0x222f75]
V  [jvm.dll+0x787a0b]
V  [jvm.dll+0x781fca]
V  [jvm.dll+0x671245]
C  [ucrtbase.dll+0x21bb2]
C  [KERNEL32.DLL+0x174b4]
C  [ntdll.dll+0x526a1]


---------------  P R O C E S S  ---------------

Threads class SMR info:
_java_thread_list=0x000002b71da29580, length=13, elements={
0x000002b779637e80, 0x000002b77f3cc800, 0x000002b77f3cde10, 0x000002b77f3e1cd0,
0x000002b77f3e46a0, 0x000002b77f3e57f0, 0x000002b77f3e8950, 0x000002b77f3ee390,
0x000002b77f3ef5d0, 0x000002b77f402f30, 0x000002b71d2172c0, 0x000002b71d226a00,
0x000002b71da79760
}

Java Threads: ( => current thread )
  0x000002b779637e80 JavaThread "main" [_thread_in_native, id=19256, stack(0x000000d16ea00000,0x000000d16eb00000)]
  0x000002b77f3cc800 JavaThread "Reference Handler" daemon [_thread_blocked, id=19896, stack(0x000000d16f100000,0x000000d16f200000)]
  0x000002b77f3cde10 JavaThread "Finalizer" daemon [_thread_blocked, id=10656, stack(0x000000d16f200000,0x000000d16f300000)]
  0x000002b77f3e1cd0 JavaThread "Signal Dispatcher" daemon [_thread_blocked, id=17740, stack(0x000000d16f300000,0x000000d16f400000)]
  0x000002b77f3e46a0 JavaThread "Attach Listener" daemon [_thread_blocked, id=1332, stack(0x000000d16f400000,0x000000d16f500000)]
  0x000002b77f3e57f0 JavaThread "Service Thread" daemon [_thread_blocked, id=2504, stack(0x000000d16f500000,0x000000d16f600000)]
  0x000002b77f3e8950 JavaThread "Monitor Deflation Thread" daemon [_thread_blocked, id=2688, stack(0x000000d16f600000,0x000000d16f700000)]
=>0x000002b77f3ee390 JavaThread "C2 CompilerThread0" daemon [_thread_in_native, id=11084, stack(0x000000d16f700000,0x000000d16f800000)]
  0x000002b77f3ef5d0 JavaThread "C1 CompilerThread0" daemon [_thread_blocked, id=11484, stack(0x000000d16f800000,0x000000d16f900000)]
  0x000002b77f402f30 JavaThread "Sweeper thread" daemon [_thread_blocked, id=12424, stack(0x000000d16f900000,0x000000d16fa00000)]
  0x000002b71d2172c0 JavaThread "Notification Thread" daemon [_thread_blocked, id=12312, stack(0x000000d16fa00000,0x000000d16fb00000)]
  0x000002b71d226a00 JavaThread "Common-Cleaner" daemon [_thread_blocked, id=18624, stack(0x000000d16fc00000,0x000000d16fd00000)]
  0x000002b71da79760 JavaThread "C2 CompilerThread1" daemon [_thread_in_native, id=14748, stack(0x000000d170000000,0x000000d170100000)]

Other Threads:
  0x000002b77f3c4440 VMThread "VM Thread" [stack: 0x000000d16f000000,0x000000d16f100000] [id=10952]
  0x000002b7796bfc50 WatcherThread [stack: 0x000000d16fb00000,0x000000d16fc00000] [id=20376]
  0x000002b7796a5e10 GCTaskThread "GC Thread#0" [stack: 0x000000d16eb00000,0x000000d16ec00000] [id=12384]
  0x000002b71d4f7f10 GCTaskThread "GC Thread#1" [stack: 0x000000d16fd00000,0x000000d16fe00000] [id=17036]
  0x000002b71d4f81c0 GCTaskThread "GC Thread#2" [stack: 0x000000d16fe00000,0x000000d16ff00000] [id=19760]
  0x000002b71d4f8470 GCTaskThread "GC Thread#3" [stack: 0x000000d16ff00000,0x000000d170000000] [id=15696]
  0x000002b7796b6c90 ConcurrentGCThread "G1 Main Marker" [stack: 0x000000d16ec00000,0x000000d16ed00000] [id=14968]
  0x000002b7796b7e40 ConcurrentGCThread "G1 Conc#0" [stack: 0x000000d16ed00000,0x000000d16ee00000] [id=11668]
  0x000002b77971d840 ConcurrentGCThread "G1 Refine#0" [stack: 0x000000d16ee00000,0x000000d16ef00000] [id=14836]
  0x000002b77971e260 ConcurrentGCThread "G1 Service" [stack: 0x000000d16ef00000,0x000000d16f000000] [id=10960]

Threads with active compile tasks:
C2 CompilerThread0     2165 3327       4       org.eclipse.sisu.inject.LocatedBeans$Itr::next (5 bytes)
C2 CompilerThread1     2165 3151   !   4       org.codehaus.plexus.interpolation.StringSearchInterpolator::interpolate (668 bytes)

VM state: not at safepoint (normal execution)

VM Mutex/Monitor currently owned by a thread: None

Heap address: 0x0000000700c00000, size: 4084 MB, Compressed Oops mode: Zero based, Oop shift amount: 3

CDS archive(s) mapped at: [0x0000000800000000-0x0000000800bc0000-0x0000000800bc0000), size 12320768, SharedBaseAddress: 0x0000000800000000, ArchiveRelocationMode: 0.
Compressed class space mapped at: 0x0000000800c00000-0x0000000840c00000, reserved size: 1073741824
Narrow klass base: 0x0000000800000000, Narrow klass shift: 0, Narrow klass range: 0x100000000

GC Precious Log:
 CPUs: 4 total, 4 available
 Memory: 16332M
 Large Page Support: Disabled
 NUMA Support: Disabled
 Compressed Oops: Enabled (Zero based)
 Heap Region Size: 2M
 Heap Min Capacity: 8M
 Heap Initial Capacity: 256M
 Heap Max Capacity: 4084M
 Pre-touch: Disabled
 Parallel Workers: 4
 Concurrent Workers: 1
 Concurrent Refinement Workers: 4
 Periodic GC: Disabled

Heap:
 garbage-first heap   total 262144K, used 93163K [0x0000000700c00000, 0x0000000800000000)
  region size 2048K, 45 young (92160K), 1 survivors (2048K)
 Metaspace       used 13265K, committed 13504K, reserved 1064960K
  class space    used 1507K, committed 1600K, reserved 1048576K

Heap Regions: E=young(eden), S=young(survivor), O=old, HS=humongous(starts), HC=humongous(continues), CS=collection set, F=free, OA=open archive, CA=closed archive, TAMS=top-at-mark-start (previous, next)
|   0|0x0000000700c00000, 0x0000000700e00000, 0x0000000700e00000|100%| O|  |TAMS 0x0000000700c00000, 0x0000000700c00000| Untracked 
|   1|0x0000000700e00000, 0x0000000700f19c00, 0x0000000701000000| 55%| O|  |TAMS 0x0000000700e00000, 0x0000000700e00000| Untracked 
|   2|0x0000000701000000, 0x0000000701000000, 0x0000000701200000|  0%| F|  |TAMS 0x0000000701000000, 0x0000000701000000| Untracked 
|   3|0x0000000701200000, 0x0000000701200000, 0x0000000701400000|  0%| F|  |TAMS 0x0000000701200000, 0x0000000701200000| Untracked 
|   4|0x0000000701400000, 0x0000000701400000, 0x0000000701600000|  0%| F|  |TAMS 0x0000000701400000, 0x0000000701400000| Untracked 
|   5|0x0000000701600000, 0x0000000701600000, 0x0000000701800000|  0%| F|  |TAMS 0x0000000701600000, 0x0000000701600000| Untracked 
|   6|0x0000000701800000, 0x0000000701800000, 0x0000000701a00000|  0%| F|  |TAMS 0x0000000701800000, 0x0000000701800000| Untracked 
|   7|0x0000000701a00000, 0x0000000701a00000, 0x0000000701c00000|  0%| F|  |TAMS 0x0000000701a00000, 0x0000000701a00000| Untracked 
|   8|0x0000000701c00000, 0x0000000701c00000, 0x0000000701e00000|  0%| F|  |TAMS 0x0000000701c00000, 0x0000000701c00000| Untracked 
|   9|0x0000000701e00000, 0x0000000701e00000, 0x0000000702000000|  0%| F|  |TAMS 0x0000000701e00000, 0x0000000701e00000| Untracked 
|  10|0x0000000702000000, 0x0000000702000000, 0x0000000702200000|  0%| F|  |TAMS 0x0000000702000000, 0x0000000702000000| Untracked 
|  11|0x0000000702200000, 0x0000000702200000, 0x0000000702400000|  0%| F|  |TAMS 0x0000000702200000, 0x0000000702200000| Untracked 
|  12|0x0000000702400000, 0x0000000702400000, 0x0000000702600000|  0%| F|  |TAMS 0x0000000702400000, 0x0000000702400000| Untracked 
|  13|0x0000000702600000, 0x0000000702600000, 0x0000000702800000|  0%| F|  |TAMS 0x0000000702600000, 0x0000000702600000| Untracked 
|  14|0x0000000702800000, 0x0000000702800000, 0x0000000702a00000|  0%| F|  |TAMS 0x0000000702800000, 0x0000000702800000| Untracked 
|  15|0x0000000702a00000, 0x0000000702a00000, 0x0000000702c00000|  0%| F|  |TAMS 0x0000000702a00000, 0x0000000702a00000| Untracked 
|  16|0x0000000702c00000, 0x0000000702c00000, 0x0000000702e00000|  0%| F|  |TAMS 0x0000000702c00000, 0x0000000702c00000| Untracked 
|  17|0x0000000702e00000, 0x0000000702e00000, 0x0000000703000000|  0%| F|  |TAMS 0x0000000702e00000, 0x0000000702e00000| Untracked 
|  18|0x0000000703000000, 0x0000000703000000, 0x0000000703200000|  0%| F|  |TAMS 0x0000000703000000, 0x0000000703000000| Untracked 
|  19|0x0000000703200000, 0x0000000703200000, 0x0000000703400000|  0%| F|  |TAMS 0x0000000703200000, 0x0000000703200000| Untracked 
|  20|0x0000000703400000, 0x0000000703400000, 0x0000000703600000|  0%| F|  |TAMS 0x0000000703400000, 0x0000000703400000| Untracked 
|  21|0x0000000703600000, 0x0000000703600000, 0x0000000703800000|  0%| F|  |TAMS 0x0000000703600000, 0x0000000703600000| Untracked 
|  22|0x0000000703800000, 0x0000000703800000, 0x0000000703a00000|  0%| F|  |TAMS 0x0000000703800000, 0x0000000703800000| Untracked 
|  23|0x0000000703a00000, 0x0000000703a00000, 0x0000000703c00000|  0%| F|  |TAMS 0x0000000703a00000, 0x0000000703a00000| Untracked 
|  24|0x0000000703c00000, 0x0000000703c00000, 0x0000000703e00000|  0%| F|  |TAMS 0x0000000703c00000, 0x0000000703c00000| Untracked 
|  25|0x0000000703e00000, 0x0000000703e00000, 0x0000000704000000|  0%| F|  |TAMS 0x0000000703e00000, 0x0000000703e00000| Untracked 
|  26|0x0000000704000000, 0x0000000704000000, 0x0000000704200000|  0%| F|  |TAMS 0x0000000704000000, 0x0000000704000000| Untracked 
|  27|0x0000000704200000, 0x0000000704200000, 0x0000000704400000|  0%| F|  |TAMS 0x0000000704200000, 0x0000000704200000| Untracked 
|  28|0x0000000704400000, 0x0000000704400000, 0x0000000704600000|  0%| F|  |TAMS 0x0000000704400000, 0x0000000704400000| Untracked 
|  29|0x0000000704600000, 0x0000000704600000, 0x0000000704800000|  0%| F|  |TAMS 0x0000000704600000, 0x0000000704600000| Untracked 
|  30|0x0000000704800000, 0x0000000704800000, 0x0000000704a00000|  0%| F|  |TAMS 0x0000000704800000, 0x0000000704800000| Untracked 
|  31|0x0000000704a00000, 0x0000000704a00000, 0x0000000704c00000|  0%| F|  |TAMS 0x0000000704a00000, 0x0000000704a00000| Untracked 
|  32|0x0000000704c00000, 0x0000000704c00000, 0x0000000704e00000|  0%| F|  |TAMS 0x0000000704c00000, 0x0000000704c00000| Untracked 
|  33|0x0000000704e00000, 0x0000000704e00000, 0x0000000705000000|  0%| F|  |TAMS 0x0000000704e00000, 0x0000000704e00000| Untracked 
|  34|0x0000000705000000, 0x0000000705000000, 0x0000000705200000|  0%| F|  |TAMS 0x0000000705000000, 0x0000000705000000| Untracked 
|  35|0x0000000705200000, 0x0000000705200000, 0x0000000705400000|  0%| F|  |TAMS 0x0000000705200000, 0x0000000705200000| Untracked 
|  36|0x0000000705400000, 0x0000000705400000, 0x0000000705600000|  0%| F|  |TAMS 0x0000000705400000, 0x0000000705400000| Untracked 
|  37|0x0000000705600000, 0x0000000705600000, 0x0000000705800000|  0%| F|  |TAMS 0x0000000705600000, 0x0000000705600000| Untracked 
|  38|0x0000000705800000, 0x0000000705800000, 0x0000000705a00000|  0%| F|  |TAMS 0x0000000705800000, 0x0000000705800000| Untracked 
|  39|0x0000000705a00000, 0x0000000705a00000, 0x0000000705c00000|  0%| F|  |TAMS 0x0000000705a00000, 0x0000000705a00000| Untracked 
|  40|0x0000000705c00000, 0x0000000705c00000, 0x0000000705e00000|  0%| F|  |TAMS 0x0000000705c00000, 0x0000000705c00000| Untracked 
|  41|0x0000000705e00000, 0x0000000705e00000, 0x0000000706000000|  0%| F|  |TAMS 0x0000000705e00000, 0x0000000705e00000| Untracked 
|  42|0x0000000706000000, 0x0000000706000000, 0x0000000706200000|  0%| F|  |TAMS 0x0000000706000000, 0x0000000706000000| Untracked 
|  43|0x0000000706200000, 0x0000000706200000, 0x0000000706400000|  0%| F|  |TAMS 0x0000000706200000, 0x0000000706200000| Untracked 
|  44|0x0000000706400000, 0x0000000706400000, 0x0000000706600000|  0%| F|  |TAMS 0x0000000706400000, 0x0000000706400000| Untracked 
|  45|0x0000000706600000, 0x0000000706600000, 0x0000000706800000|  0%| F|  |TAMS 0x0000000706600000, 0x0000000706600000| Untracked 
|  46|0x0000000706800000, 0x0000000706800000, 0x0000000706a00000|  0%| F|  |TAMS 0x0000000706800000, 0x0000000706800000| Untracked 
|  47|0x0000000706a00000, 0x0000000706a00000, 0x0000000706c00000|  0%| F|  |TAMS 0x0000000706a00000, 0x0000000706a00000| Untracked 
|  48|0x0000000706c00000, 0x0000000706c00000, 0x0000000706e00000|  0%| F|  |TAMS 0x0000000706c00000, 0x0000000706c00000| Untracked 
|  49|0x0000000706e00000, 0x0000000706e00000, 0x0000000707000000|  0%| F|  |TAMS 0x0000000706e00000, 0x0000000706e00000| Untracked 
|  50|0x0000000707000000, 0x0000000707000000, 0x0000000707200000|  0%| F|  |TAMS 0x0000000707000000, 0x0000000707000000| Untracked 
|  51|0x0000000707200000, 0x0000000707200000, 0x0000000707400000|  0%| F|  |TAMS 0x0000000707200000, 0x0000000707200000| Untracked 
|  52|0x0000000707400000, 0x0000000707400000, 0x0000000707600000|  0%| F|  |TAMS 0x0000000707400000, 0x0000000707400000| Untracked 
|  53|0x0000000707600000, 0x0000000707600000, 0x0000000707800000|  0%| F|  |TAMS 0x0000000707600000, 0x0000000707600000| Untracked 
|  54|0x0000000707800000, 0x0000000707800000, 0x0000000707a00000|  0%| F|  |TAMS 0x0000000707800000, 0x0000000707800000| Untracked 
|  55|0x0000000707a00000, 0x0000000707a00000, 0x0000000707c00000|  0%| F|  |TAMS 0x0000000707a00000, 0x0000000707a00000| Untracked 
|  56|0x0000000707c00000, 0x0000000707c00000, 0x0000000707e00000|  0%| F|  |TAMS 0x0000000707c00000, 0x0000000707c00000| Untracked 
|  57|0x0000000707e00000, 0x0000000707e00000, 0x0000000708000000|  0%| F|  |TAMS 0x0000000707e00000, 0x0000000707e00000| Untracked 
|  58|0x0000000708000000, 0x0000000708000000, 0x0000000708200000|  0%| F|  |TAMS 0x0000000708000000, 0x0000000708000000| Untracked 
|  59|0x0000000708200000, 0x0000000708200000, 0x0000000708400000|  0%| F|  |TAMS 0x0000000708200000, 0x0000000708200000| Untracked 
|  60|0x0000000708400000, 0x0000000708400000, 0x0000000708600000|  0%| F|  |TAMS 0x0000000708400000, 0x0000000708400000| Untracked 
|  61|0x0000000708600000, 0x0000000708600000, 0x0000000708800000|  0%| F|  |TAMS 0x0000000708600000, 0x0000000708600000| Untracked 
|  62|0x0000000708800000, 0x0000000708800000, 0x0000000708a00000|  0%| F|  |TAMS 0x0000000708800000, 0x0000000708800000| Untracked 
|  63|0x0000000708a00000, 0x0000000708a00000, 0x0000000708c00000|  0%| F|  |TAMS 0x0000000708a00000, 0x0000000708a00000| Untracked 
|  64|0x0000000708c00000, 0x0000000708c00000, 0x0000000708e00000|  0%| F|  |TAMS 0x0000000708c00000, 0x0000000708c00000| Untracked 
|  65|0x0000000708e00000, 0x0000000708e00000, 0x0000000709000000|  0%| F|  |TAMS 0x0000000708e00000, 0x0000000708e00000| Untracked 
|  66|0x0000000709000000, 0x0000000709000000, 0x0000000709200000|  0%| F|  |TAMS 0x0000000709000000, 0x0000000709000000| Untracked 
|  67|0x0000000709200000, 0x0000000709200000, 0x0000000709400000|  0%| F|  |TAMS 0x0000000709200000, 0x0000000709200000| Untracked 
|  68|0x0000000709400000, 0x0000000709400000, 0x0000000709600000|  0%| F|  |TAMS 0x0000000709400000, 0x0000000709400000| Untracked 
|  69|0x0000000709600000, 0x0000000709600000, 0x0000000709800000|  0%| F|  |TAMS 0x0000000709600000, 0x0000000709600000| Untracked 
|  70|0x0000000709800000, 0x0000000709800000, 0x0000000709a00000|  0%| F|  |TAMS 0x0000000709800000, 0x0000000709800000| Untracked 
|  71|0x0000000709a00000, 0x0000000709a00000, 0x0000000709c00000|  0%| F|  |TAMS 0x0000000709a00000, 0x0000000709a00000| Untracked 
|  72|0x0000000709c00000, 0x0000000709c00000, 0x0000000709e00000|  0%| F|  |TAMS 0x0000000709c00000, 0x0000000709c00000| Untracked 
|  73|0x0000000709e00000, 0x0000000709e00000, 0x000000070a000000|  0%| F|  |TAMS 0x0000000709e00000, 0x0000000709e00000| Untracked 
|  74|0x000000070a000000, 0x000000070a000000, 0x000000070a200000|  0%| F|  |TAMS 0x000000070a000000, 0x000000070a000000| Untracked 
|  75|0x000000070a200000, 0x000000070a200000, 0x000000070a400000|  0%| F|  |TAMS 0x000000070a200000, 0x000000070a200000| Untracked 
|  76|0x000000070a400000, 0x000000070a400000, 0x000000070a600000|  0%| F|  |TAMS 0x000000070a400000, 0x000000070a400000| Untracked 
|  77|0x000000070a600000, 0x000000070a600000, 0x000000070a800000|  0%| F|  |TAMS 0x000000070a600000, 0x000000070a600000| Untracked 
|  78|0x000000070a800000, 0x000000070a800000, 0x000000070aa00000|  0%| F|  |TAMS 0x000000070a800000, 0x000000070a800000| Untracked 
|  79|0x000000070aa00000, 0x000000070aa00000, 0x000000070ac00000|  0%| F|  |TAMS 0x000000070aa00000, 0x000000070aa00000| Untracked 
|  80|0x000000070ac00000, 0x000000070ac00000, 0x000000070ae00000|  0%| F|  |TAMS 0x000000070ac00000, 0x000000070ac00000| Untracked 
|  81|0x000000070ae00000, 0x000000070ae00000, 0x000000070b000000|  0%| F|  |TAMS 0x000000070ae00000, 0x000000070ae00000| Untracked 
|  82|0x000000070b000000, 0x000000070b000000, 0x000000070b200000|  0%| F|  |TAMS 0x000000070b000000, 0x000000070b000000| Untracked 
|  83|0x000000070b200000, 0x000000070b300800, 0x000000070b400000| 50%| E|  |TAMS 0x000000070b200000, 0x000000070b200000| Complete 
|  84|0x000000070b400000, 0x000000070b600000, 0x000000070b600000|100%| E|CS|TAMS 0x000000070b400000, 0x000000070b400000| Complete 
|  85|0x000000070b600000, 0x000000070b800000, 0x000000070b800000|100%| E|CS|TAMS 0x000000070b600000, 0x000000070b600000| Complete 
|  86|0x000000070b800000, 0x000000070ba00000, 0x000000070ba00000|100%| E|CS|TAMS 0x000000070b800000, 0x000000070b800000| Complete 
|  87|0x000000070ba00000, 0x000000070bc00000, 0x000000070bc00000|100%| E|CS|TAMS 0x000000070ba00000, 0x000000070ba00000| Complete 
|  88|0x000000070bc00000, 0x000000070be00000, 0x000000070be00000|100%| E|CS|TAMS 0x000000070bc00000, 0x000000070bc00000| Complete 
|  89|0x000000070be00000, 0x000000070c000000, 0x000000070c000000|100%| E|CS|TAMS 0x000000070be00000, 0x000000070be00000| Complete 
|  90|0x000000070c000000, 0x000000070c200000, 0x000000070c200000|100%| E|CS|TAMS 0x000000070c000000, 0x000000070c000000| Complete 
|  91|0x000000070c200000, 0x000000070c400000, 0x000000070c400000|100%| E|CS|TAMS 0x000000070c200000, 0x000000070c200000| Complete 
|  92|0x000000070c400000, 0x000000070c600000, 0x000000070c600000|100%| E|CS|TAMS 0x000000070c400000, 0x000000070c400000| Complete 
|  93|0x000000070c600000, 0x000000070c800000, 0x000000070c800000|100%| E|CS|TAMS 0x000000070c600000, 0x000000070c600000| Complete 
|  94|0x000000070c800000, 0x000000070ca00000, 0x000000070ca00000|100%| E|CS|TAMS 0x000000070c800000, 0x000000070c800000| Complete 
|  95|0x000000070ca00000, 0x000000070cc00000, 0x000000070cc00000|100%| E|CS|TAMS 0x000000070ca00000, 0x000000070ca00000| Complete 
|  96|0x000000070cc00000, 0x000000070ce00000, 0x000000070ce00000|100%| E|CS|TAMS 0x000000070cc00000, 0x000000070cc00000| Complete 
|  97|0x000000070ce00000, 0x000000070d000000, 0x000000070d000000|100%| E|CS|TAMS 0x000000070ce00000, 0x000000070ce00000| Complete 
|  98|0x000000070d000000, 0x000000070d200000, 0x000000070d200000|100%| E|CS|TAMS 0x000000070d000000, 0x000000070d000000| Complete 
|  99|0x000000070d200000, 0x000000070d400000, 0x000000070d400000|100%| E|CS|TAMS 0x000000070d200000, 0x000000070d200000| Complete 
| 100|0x000000070d400000, 0x000000070d600000, 0x000000070d600000|100%| E|CS|TAMS 0x000000070d400000, 0x000000070d400000| Complete 
| 101|0x000000070d600000, 0x000000070d800000, 0x000000070d800000|100%| E|CS|TAMS 0x000000070d600000, 0x000000070d600000| Complete 
| 102|0x000000070d800000, 0x000000070da00000, 0x000000070da00000|100%| E|CS|TAMS 0x000000070d800000, 0x000000070d800000| Complete 
| 103|0x000000070da00000, 0x000000070dc00000, 0x000000070dc00000|100%| E|CS|TAMS 0x000000070da00000, 0x000000070da00000| Complete 
| 104|0x000000070dc00000, 0x000000070de00000, 0x000000070de00000|100%| E|CS|TAMS 0x000000070dc00000, 0x000000070dc00000| Complete 
| 105|0x000000070de00000, 0x000000070e000000, 0x000000070e000000|100%| E|CS|TAMS 0x000000070de00000, 0x000000070de00000| Complete 
| 106|0x000000070e000000, 0x000000070e200000, 0x000000070e200000|100%| E|CS|TAMS 0x000000070e000000, 0x000000070e000000| Complete 
| 107|0x000000070e200000, 0x000000070e400000, 0x000000070e400000|100%| E|CS|TAMS 0x000000070e200000, 0x000000070e200000| Complete 
| 108|0x000000070e400000, 0x000000070e600000, 0x000000070e600000|100%| E|CS|TAMS 0x000000070e400000, 0x000000070e400000| Complete 
| 109|0x000000070e600000, 0x000000070e800000, 0x000000070e800000|100%| E|CS|TAMS 0x000000070e600000, 0x000000070e600000| Complete 
| 110|0x000000070e800000, 0x000000070ea00000, 0x000000070ea00000|100%| E|CS|TAMS 0x000000070e800000, 0x000000070e800000| Complete 
| 111|0x000000070ea00000, 0x000000070ec00000, 0x000000070ec00000|100%| E|CS|TAMS 0x000000070ea00000, 0x000000070ea00000| Complete 
| 112|0x000000070ec00000, 0x000000070ee00000, 0x000000070ee00000|100%| E|CS|TAMS 0x000000070ec00000, 0x000000070ec00000| Complete 
| 113|0x000000070ee00000, 0x000000070efe1200, 0x000000070f000000| 93%| S|CS|TAMS 0x000000070ee00000, 0x000000070ee00000| Complete 
| 114|0x000000070f000000, 0x000000070f200000, 0x000000070f200000|100%| E|CS|TAMS 0x000000070f000000, 0x000000070f000000| Complete 
| 115|0x000000070f200000, 0x000000070f400000, 0x000000070f400000|100%| E|CS|TAMS 0x000000070f200000, 0x000000070f200000| Complete 
| 116|0x000000070f400000, 0x000000070f600000, 0x000000070f600000|100%| E|CS|TAMS 0x000000070f400000, 0x000000070f400000| Complete 
| 117|0x000000070f600000, 0x000000070f800000, 0x000000070f800000|100%| E|CS|TAMS 0x000000070f600000, 0x000000070f600000| Complete 
| 118|0x000000070f800000, 0x000000070fa00000, 0x000000070fa00000|100%| E|CS|TAMS 0x000000070f800000, 0x000000070f800000| Complete 
| 119|0x000000070fa00000, 0x000000070fc00000, 0x000000070fc00000|100%| E|CS|TAMS 0x000000070fa00000, 0x000000070fa00000| Complete 
| 120|0x000000070fc00000, 0x000000070fe00000, 0x000000070fe00000|100%| E|CS|TAMS 0x000000070fc00000, 0x000000070fc00000| Complete 
| 121|0x000000070fe00000, 0x0000000710000000, 0x0000000710000000|100%| E|CS|TAMS 0x000000070fe00000, 0x000000070fe00000| Complete 
| 122|0x0000000710000000, 0x0000000710200000, 0x0000000710200000|100%| E|CS|TAMS 0x0000000710000000, 0x0000000710000000| Complete 
| 123|0x0000000710200000, 0x0000000710400000, 0x0000000710400000|100%| E|CS|TAMS 0x0000000710200000, 0x0000000710200000| Complete 
| 124|0x0000000710400000, 0x0000000710600000, 0x0000000710600000|100%| E|CS|TAMS 0x0000000710400000, 0x0000000710400000| Complete 
| 125|0x0000000710600000, 0x0000000710800000, 0x0000000710800000|100%| E|CS|TAMS 0x0000000710600000, 0x0000000710600000| Complete 
| 126|0x0000000710800000, 0x0000000710a00000, 0x0000000710a00000|100%| E|CS|TAMS 0x0000000710800000, 0x0000000710800000| Complete 
| 127|0x0000000710a00000, 0x0000000710c00000, 0x0000000710c00000|100%| E|CS|TAMS 0x0000000710a00000, 0x0000000710a00000| Complete 

Card table byte_map: [0x000002b779f20000,0x000002b77a720000] _byte_map_base: 0x000002b77671a000

Marking Bits (Prev, Next): (CMBitMap*) 0x000002b7796a6420, (CMBitMap*) 0x000002b7796a6460
 Prev Bits: [0x000002b77af20000, 0x000002b77eef0000)
 Next Bits: [0x000002b7167a0000, 0x000002b71a770000)

Polling page: 0x000002b778800000

Metaspace:

Usage:
  Non-class:     11.48 MB used.
      Class:      1.47 MB used.
       Both:     12.95 MB used.

Virtual space:
  Non-class space:       16.00 MB reserved,      11.62 MB ( 73%) committed,  2 nodes.
      Class space:        1.00 GB reserved,       1.56 MB ( <1%) committed,  1 nodes.
             Both:        1.02 GB reserved,      13.19 MB (  1%) committed. 

Chunk freelists:
   Non-Class:  3.11 MB
       Class:  2.46 MB
        Both:  5.57 MB

MaxMetaspaceSize: unlimited
CompressedClassSpaceSize: 1.00 GB
Initial GC threshold: 21.00 MB
Current GC threshold: 21.00 MB
CDS: on
MetaspaceReclaimPolicy: balanced
 - commit_granule_bytes: 65536.
 - commit_granule_words: 8192.
 - virtual_space_node_default_size: 1048576.
 - enlarge_chunks_in_place: 1.
 - new_chunks_are_fully_committed: 0.
 - uncommit_free_chunks: 1.
 - use_allocation_guard: 0.
 - handle_deallocations: 1.


Internal statistics:

num_allocs_failed_limit: 0.
num_arena_births: 82.
num_arena_deaths: 0.
num_vsnodes_births: 3.
num_vsnodes_deaths: 0.
num_space_committed: 211.
num_space_uncommitted: 0.
num_chunks_returned_to_freelist: 0.
num_chunks_taken_from_freelist: 546.
num_chunk_merges: 0.
num_chunk_splits: 386.
num_chunks_enlarged: 296.
num_purges: 0.
num_inconsistent_stats: 0.

CodeHeap 'non-profiled nmethods': size=120000Kb used=1447Kb max_used=1447Kb free=118552Kb
 bounds [0x000002b70f270000, 0x000002b70f4e0000, 0x000002b7167a0000]
CodeHeap 'profiled nmethods': size=120000Kb used=6894Kb max_used=6894Kb free=113105Kb
 bounds [0x000002b707d40000, 0x000002b708400000, 0x000002b70f270000]
CodeHeap 'non-nmethods': size=5760Kb used=1168Kb max_used=1214Kb free=4591Kb
 bounds [0x000002b7077a0000, 0x000002b707a10000, 0x000002b707d40000]
 total_blobs=3788 nmethods=3328 adapters=371
 compilation: enabled
              stopped_count=0, restarted_count=0
 full_count=0

Compilation events (20 events):
Event: 2.097 Thread 0x000002b77f3ef5d0 3325       1       org.codehaus.plexus.classworlds.realm.Entry::getClassLoader (5 bytes)
Event: 2.097 Thread 0x000002b77f3ef5d0 nmethod 3325 0x000002b70f3d9210 code [0x000002b70f3d93a0, 0x000002b70f3d9478]
Event: 2.097 Thread 0x000002b77f3ef5d0 3311       3       org.eclipse.sisu.inject.RankedSequence::rank2uid (15 bytes)
Event: 2.097 Thread 0x000002b77f3ef5d0 nmethod 3311 0x000002b7083f9590 code [0x000002b7083f9720, 0x000002b7083f9838]
Event: 2.097 Thread 0x000002b77f3ef5d0 3324       1       com.google.inject.internal.InternalContext::getDependency (5 bytes)
Event: 2.097 Thread 0x000002b77f3ef5d0 nmethod 3324 0x000002b70f3d9510 code [0x000002b70f3d96a0, 0x000002b70f3d9778]
Event: 2.110 Thread 0x000002b77f3ef5d0 3330       3       java.util.LinkedList$ListItr::next (56 bytes)
Event: 2.111 Thread 0x000002b77f3ef5d0 nmethod 3330 0x000002b7083f9910 code [0x000002b7083f9b00, 0x000002b7083fa058]
Event: 2.111 Thread 0x000002b77f3ef5d0 3331       3       java.util.LinkedList$ListItr::checkForComodification (23 bytes)
Event: 2.111 Thread 0x000002b77f3ef5d0 nmethod 3331 0x000002b7083fa210 code [0x000002b7083fa3c0, 0x000002b7083fa5e8]
Event: 2.117 Thread 0x000002b77f3ef5d0 3332       1       org.apache.maven.project.MavenProject::getModel (5 bytes)
Event: 2.117 Thread 0x000002b77f3ef5d0 nmethod 3332 0x000002b70f3d9810 code [0x000002b70f3d99a0, 0x000002b70f3d9a78]
Event: 2.119 Thread 0x000002b77f3ef5d0 3336   !   3       org.codehaus.plexus.classworlds.realm.ClassRealm::unsynchronizedLoadClass (19 bytes)
Event: 2.119 Thread 0x000002b77f3ef5d0 nmethod 3336 0x000002b7083fa710 code [0x000002b7083fa8c0, 0x000002b7083faad8]
Event: 2.119 Thread 0x000002b77f3ef5d0 3334       3       org.codehaus.plexus.classworlds.realm.ClassRealm::loadClass (7 bytes)
Event: 2.120 Thread 0x000002b77f3ef5d0 nmethod 3334 0x000002b7083fac10 code [0x000002b7083fada0, 0x000002b7083faf68]
Event: 2.120 Thread 0x000002b77f3ef5d0 3335   !   3       org.codehaus.plexus.classworlds.realm.ClassRealm::loadClass (33 bytes)
Event: 2.120 Thread 0x000002b77f3ef5d0 nmethod 3335 0x000002b7083fb010 code [0x000002b7083fb1e0, 0x000002b7083fb458]
Event: 2.123 Thread 0x000002b77f3ef5d0 3337       3       java.nio.charset.CharsetDecoder::<init> (10 bytes)
Event: 2.123 Thread 0x000002b77f3ef5d0 nmethod 3337 0x000002b7083fb610 code [0x000002b7083fb7c0, 0x000002b7083fb908]

GC Heap History (6 events):
Event: 0.378 GC heap before
{Heap before GC invocations=0 (full 0):
 garbage-first heap   total 262144K, used 12288K [0x0000000700c00000, 0x0000000800000000)
  region size 2048K, 6 young (12288K), 0 survivors (0K)
 Metaspace       used 3212K, committed 3392K, reserved 1056768K
  class space    used 341K, committed 448K, reserved 1048576K
}
Event: 0.381 GC heap after
{Heap after GC invocations=1 (full 0):
 garbage-first heap   total 262144K, used 3101K [0x0000000700c00000, 0x0000000800000000)
  region size 2048K, 1 young (2048K), 1 survivors (2048K)
 Metaspace       used 3212K, committed 3392K, reserved 1056768K
  class space    used 341K, committed 448K, reserved 1048576K
}
Event: 0.532 GC heap before
{Heap before GC invocations=1 (full 0):
 garbage-first heap   total 262144K, used 13341K [0x0000000700c00000, 0x0000000800000000)
  region size 2048K, 6 young (12288K), 1 survivors (2048K)
 Metaspace       used 4729K, committed 4928K, reserved 1056768K
  class space    used 555K, committed 640K, reserved 1048576K
}
Event: 0.535 GC heap after
{Heap after GC invocations=2 (full 0):
 garbage-first heap   total 262144K, used 3822K [0x0000000700c00000, 0x0000000800000000)
  region size 2048K, 1 young (2048K), 1 survivors (2048K)
 Metaspace       used 4729K, committed 4928K, reserved 1056768K
  class space    used 555K, committed 640K, reserved 1048576K
}
Event: 0.991 GC heap before
{Heap before GC invocations=2 (full 0):
 garbage-first heap   total 262144K, used 30446K [0x0000000700c00000, 0x0000000800000000)
  region size 2048K, 14 young (28672K), 1 survivors (2048K)
 Metaspace       used 9098K, committed 9280K, reserved 1064960K
  class space    used 1118K, committed 1216K, reserved 1048576K
}
Event: 0.994 GC heap after
{Heap after GC invocations=3 (full 0):
 garbage-first heap   total 262144K, used 5099K [0x0000000700c00000, 0x0000000800000000)
  region size 2048K, 1 young (2048K), 1 survivors (2048K)
 Metaspace       used 9098K, committed 9280K, reserved 1064960K
  class space    used 1118K, committed 1216K, reserved 1048576K
}

Deoptimization events (20 events):
Event: 2.090 Thread 0x000002b779637e80 Uncommon trap: trap_request=0xffffffde fr.pc=0x000002b70f322094 relative=0x0000000000000074
Event: 2.090 Thread 0x000002b779637e80 Uncommon trap: reason=class_check action=maybe_recompile pc=0x000002b70f322094 method=com.google.inject.internal.LinkedBindingImpl.acceptTargetVisitor(Lcom/google/inject/spi/BindingTargetVisitor;)Ljava/lang/Object; @ 2 c2
Event: 2.090 Thread 0x000002b779637e80 DEOPT PACKING pc=0x000002b70f322094 sp=0x000000d16eafd8d0
Event: 2.090 Thread 0x000002b779637e80 DEOPT UNPACKING pc=0x000002b7077f23a3 sp=0x000000d16eafd858 mode 2
Event: 2.090 Thread 0x000002b779637e80 Uncommon trap: trap_request=0xffffffde fr.pc=0x000002b70f322094 relative=0x0000000000000074
Event: 2.090 Thread 0x000002b779637e80 Uncommon trap: reason=class_check action=maybe_recompile pc=0x000002b70f322094 method=com.google.inject.internal.LinkedBindingImpl.acceptTargetVisitor(Lcom/google/inject/spi/BindingTargetVisitor;)Ljava/lang/Object; @ 2 c2
Event: 2.090 Thread 0x000002b779637e80 DEOPT PACKING pc=0x000002b70f322094 sp=0x000000d16eafd8d0
Event: 2.090 Thread 0x000002b779637e80 DEOPT UNPACKING pc=0x000002b7077f23a3 sp=0x000000d16eafd858 mode 2
Event: 2.094 Thread 0x000002b779637e80 Uncommon trap: trap_request=0xffffff45 fr.pc=0x000002b70f3bee2c relative=0x000000000000048c
Event: 2.094 Thread 0x000002b779637e80 Uncommon trap: reason=unstable_if action=reinterpret pc=0x000002b70f3bee2c method=java.util.HashMap.keysToArray([Ljava/lang/Object;)[Ljava/lang/Object; @ 9 c2
Event: 2.094 Thread 0x000002b779637e80 DEOPT PACKING pc=0x000002b70f3bee2c sp=0x000000d16eafc920
Event: 2.094 Thread 0x000002b779637e80 DEOPT UNPACKING pc=0x000002b7077f23a3 sp=0x000000d16eafc8d8 mode 2
Event: 2.095 Thread 0x000002b779637e80 Uncommon trap: trap_request=0xffffff54 fr.pc=0x000002b70f398c14 relative=0x0000000000000374
Event: 2.095 Thread 0x000002b779637e80 Uncommon trap: reason=speculate_null_assert action=make_not_entrant pc=0x000002b70f398c14 method=org.eclipse.sisu.inject.RankedBindings$Itr.hasNext()Z @ 80 c2
Event: 2.095 Thread 0x000002b779637e80 DEOPT PACKING pc=0x000002b70f398c14 sp=0x000000d16eafdd30
Event: 2.095 Thread 0x000002b779637e80 DEOPT UNPACKING pc=0x000002b7077f23a3 sp=0x000000d16eafdd08 mode 2
Event: 2.108 Thread 0x000002b779637e80 DEOPT PACKING pc=0x000002b707df7c34 sp=0x000000d16eaf7ff0
Event: 2.108 Thread 0x000002b779637e80 DEOPT UNPACKING pc=0x000002b7077f2b43 sp=0x000000d16eaf7428 mode 0
Event: 2.108 Thread 0x000002b779637e80 DEOPT PACKING pc=0x000002b707df724c sp=0x000000d16eaf8060
Event: 2.108 Thread 0x000002b779637e80 DEOPT UNPACKING pc=0x000002b7077f2b43 sp=0x000000d16eaf7508 mode 0

Classes unloaded (0 events):
No events

Classes redefined (0 events):
No events

Internal exceptions (16 events):
Event: 0.150 Thread 0x000002b779637e80 Exception <a 'java/lang/NullPointerException'{0x0000000710977738}> (0x0000000710977738) 
thrown [s\open\src\hotspot\share\interpreter\linkResolver.cpp, line 1350]
Event: 0.162 Thread 0x000002b779637e80 Exception <a 'java/lang/NullPointerException'{0x00000007109a40b0}> (0x00000007109a40b0) 
thrown [s\open\src\hotspot\share\interpreter\linkResolver.cpp, line 1350]
Event: 0.162 Thread 0x000002b779637e80 Exception <a 'java/lang/NullPointerException'{0x00000007109a4388}> (0x00000007109a4388) 
thrown [s\open\src\hotspot\share\interpreter\linkResolver.cpp, line 1350]
Event: 0.162 Thread 0x000002b779637e80 Exception <a 'java/lang/NullPointerException'{0x00000007109a4660}> (0x00000007109a4660) 
thrown [s\open\src\hotspot\share\interpreter\linkResolver.cpp, line 1350]
Event: 0.163 Thread 0x000002b779637e80 Exception <a 'java/lang/NullPointerException'{0x00000007109aa558}> (0x00000007109aa558) 
thrown [s\open\src\hotspot\share\interpreter\linkResolver.cpp, line 1350]
Event: 0.165 Thread 0x000002b779637e80 Exception <a 'java/lang/NullPointerException'{0x00000007109bfea8}> (0x00000007109bfea8) 
thrown [s\open\src\hotspot\share\interpreter\linkResolver.cpp, line 1350]
Event: 0.165 Thread 0x000002b779637e80 Exception <a 'java/lang/NullPointerException'{0x00000007109c0180}> (0x00000007109c0180) 
thrown [s\open\src\hotspot\share\interpreter\linkResolver.cpp, line 1350]
Event: 0.165 Thread 0x000002b779637e80 Exception <a 'java/lang/NullPointerException'{0x00000007109c0458}> (0x00000007109c0458) 
thrown [s\open\src\hotspot\share\interpreter\linkResolver.cpp, line 1350]
Event: 0.165 Thread 0x000002b779637e80 Exception <a 'java/lang/NullPointerException'{0x00000007109c0730}> (0x00000007109c0730) 
thrown [s\open\src\hotspot\share\interpreter\linkResolver.cpp, line 1350]
Event: 0.433 Thread 0x000002b779637e80 Exception <a 'java/lang/NoSuchMethodError'{0x000000071084fd18}: 'java.lang.Object java.lang.invoke.DirectMethodHandle$Holder.newInvokeSpecial(java.lang.Object, java.lang.Object, java.lang.Object, java.lang.Object, java.lang.Object)'> (0x000000071084fd18) 
thrown [s\open\src\hotspot\share\interpreter\linkResolver.cpp, line 759]
Event: 0.468 Thread 0x000002b779637e80 Exception <a 'java/lang/NoClassDefFoundError'{0x00000007109c0708}: javax/enterprise/inject/Typed> (0x00000007109c0708) 
thrown [s\open\src\hotspot\share\classfile\systemDictionary.cpp, line 245]
Event: 1.064 Thread 0x000002b779637e80 Exception <a 'java/lang/NoClassDefFoundError'{0x00000007109e4ce0}: com/google/inject/servlet/ServletModuleTargetVisitor> (0x00000007109e4ce0) 
thrown [s\open\src\hotspot\share\classfile\systemDictionary.cpp, line 245]
Event: 1.114 Thread 0x000002b779637e80 Exception <a 'java/lang/NoSuchMethodError'{0x0000000710733358}: 'java.lang.Object java.lang.invoke.DirectMethodHandle$Holder.invokeStaticInit(java.lang.Object, int, int, int, int)'> (0x0000000710733358) 
thrown [s\open\src\hotspot\share\interpreter\linkResolver.cpp, line 759]
Event: 1.993 Thread 0x000002b779637e80 Implicit null exception at 0x000002b70f30436d to 0x000002b70f304538
Event: 1.993 Thread 0x000002b779637e80 Implicit null exception at 0x000002b70f30236d to 0x000002b70f302548
Event: 1.993 Thread 0x000002b779637e80 Implicit null exception at 0x000002b70f30f78f to 0x000002b70f30f809

VM Operations (20 events):
Event: 1.186 Executing VM operation: ICBufferFull
Event: 1.187 Executing VM operation: ICBufferFull done
Event: 1.194 Executing VM operation: HandshakeAllThreads
Event: 1.194 Executing VM operation: HandshakeAllThreads done
Event: 1.195 Executing VM operation: HandshakeAllThreads
Event: 1.195 Executing VM operation: HandshakeAllThreads done
Event: 1.260 Executing VM operation: HandshakeAllThreads
Event: 1.260 Executing VM operation: HandshakeAllThreads done
Event: 1.260 Executing VM operation: HandshakeAllThreads
Event: 1.260 Executing VM operation: HandshakeAllThreads done
Event: 1.261 Executing VM operation: HandshakeAllThreads
Event: 1.261 Executing VM operation: HandshakeAllThreads done
Event: 1.457 Executing VM operation: ICBufferFull
Event: 1.457 Executing VM operation: ICBufferFull done
Event: 1.830 Executing VM operation: ICBufferFull
Event: 1.831 Executing VM operation: ICBufferFull done
Event: 2.065 Executing VM operation: ICBufferFull
Event: 2.065 Executing VM operation: ICBufferFull done
Event: 2.108 Executing VM operation: HandshakeAllThreads
Event: 2.108 Executing VM operation: HandshakeAllThreads done

Events (20 events):
Event: 1.260 loading class java/util/concurrent/locks/ReentrantReadWriteLock$NonfairSync
Event: 1.260 loading class java/util/concurrent/locks/ReentrantReadWriteLock$Sync
Event: 1.260 loading class java/util/concurrent/locks/ReentrantReadWriteLock$Sync done
Event: 1.260 loading class java/util/concurrent/locks/ReentrantReadWriteLock$NonfairSync done
Event: 1.261 loading class java/util/concurrent/locks/ReentrantReadWriteLock$Sync$ThreadLocalHoldCounter
Event: 1.261 loading class java/util/concurrent/locks/ReentrantReadWriteLock$Sync$ThreadLocalHoldCounter done
Event: 1.261 loading class java/util/concurrent/locks/ReentrantReadWriteLock$ReadLock
Event: 1.261 loading class java/util/concurrent/locks/ReentrantReadWriteLock$ReadLock done
Event: 1.261 loading class java/util/concurrent/locks/ReentrantReadWriteLock$WriteLock
Event: 1.261 loading class java/util/concurrent/locks/ReentrantReadWriteLock$WriteLock done
Event: 1.277 loading class java/util/Formatter$FixedString
Event: 1.277 loading class java/util/Formatter$FixedString done
Event: 1.496 loading class sun/nio/cs/ISO_8859_1$Decoder
Event: 1.496 loading class sun/nio/cs/ISO_8859_1$Decoder done
Event: 1.979 loading class java/util/Collections$UnmodifiableList$1
Event: 1.979 loading class java/util/Collections$UnmodifiableList$1 done
Event: 2.104 loading class java/net/URISyntaxException
Event: 2.105 loading class java/net/URISyntaxException done
Event: 2.117 loading class jdk/internal/reflect/UnsafeBooleanFieldAccessorImpl
Event: 2.117 loading class jdk/internal/reflect/UnsafeBooleanFieldAccessorImpl done


Dynamic libraries:
0x00007ff6cda20000 - 0x00007ff6cda30000 	C:\Program Files\Java\jdk-17.0.4.1\bin\java.exe
0x00007fffd5530000 - 0x00007fffd5728000 	C:\Windows\SYSTEM32\ntdll.dll
0x00007fffd5430000 - 0x00007fffd54ef000 	C:\Windows\System32\KERNEL32.DLL
0x00007fffd2c30000 - 0x00007fffd2f02000 	C:\Windows\System32\KERNELBASE.dll
0x00007fffd32e0000 - 0x00007fffd33e0000 	C:\Windows\System32\ucrtbase.dll
0x00007fffbba70000 - 0x00007fffbba8a000 	C:\Program Files\Java\jdk-17.0.4.1\bin\VCRUNTIME140.dll
0x00007fffbbb60000 - 0x00007fffbbb78000 	C:\Program Files\Java\jdk-17.0.4.1\bin\jli.dll
0x00007fffd3780000 - 0x00007fffd382e000 	C:\Windows\System32\ADVAPI32.dll
0x00007fffd4100000 - 0x00007fffd419e000 	C:\Windows\System32\msvcrt.dll
0x00007fffd3580000 - 0x00007fffd361c000 	C:\Windows\System32\sechost.dll
0x00007fffd3620000 - 0x00007fffd3745000 	C:\Windows\System32\RPCRT4.dll
0x00007fffd4490000 - 0x00007fffd462d000 	C:\Windows\System32\USER32.dll
0x00007fffbb7d0000 - 0x00007fffbba6a000 	C:\Windows\WinSxS\amd64_microsoft.windows.common-controls_6595b64144ccf1df_6.0.19041.1110_none_60b5254171f9507e\COMCTL32.dll
0x00007fffd30f0000 - 0x00007fffd3112000 	C:\Windows\System32\win32u.dll
0x00007fffd3750000 - 0x00007fffd377b000 	C:\Windows\System32\GDI32.dll
0x00007fffd3120000 - 0x00007fffd322f000 	C:\Windows\System32\gdi32full.dll
0x00007fffca040000 - 0x00007fffca04a000 	C:\Windows\SYSTEM32\VERSION.dll
0x00007fffd3470000 - 0x00007fffd350d000 	C:\Windows\System32\msvcp_win.dll
0x00007fffbbb50000 - 0x00007fffbbb5c000 	C:\Program Files\Java\jdk-17.0.4.1\bin\vcruntime140_1.dll
0x00007fffbb570000 - 0x00007fffbb5fd000 	C:\Program Files\Java\jdk-17.0.4.1\bin\msvcp140.dll
0x00007fffba980000 - 0x00007fffbb542000 	C:\Program Files\Java\jdk-17.0.4.1\bin\server\jvm.dll
0x00007fffd5310000 - 0x00007fffd5318000 	C:\Windows\System32\PSAPI.DLL
0x00007fffc7fb0000 - 0x00007fffc7fd7000 	C:\Windows\SYSTEM32\WINMM.dll
0x00007fffba830000 - 0x00007fffba839000 	C:\Windows\SYSTEM32\WSOCK32.dll
0x00007fffd3c70000 - 0x00007fffd3cdb000 	C:\Windows\System32\WS2_32.dll
0x00007fffd0a00000 - 0x00007fffd0a12000 	C:\Windows\SYSTEM32\kernel.appcore.dll
0x00007fffba4e0000 - 0x00007fffba4ea000 	C:\Program Files\Java\jdk-17.0.4.1\bin\jimage.dll
0x00007fffcd210000 - 0x00007fffcd3f4000 	C:\Windows\SYSTEM32\DBGHELP.DLL
0x00007fffcd1e0000 - 0x00007fffcd20c000 	C:\Windows\SYSTEM32\dbgcore.DLL
0x00007fffd33e0000 - 0x00007fffd3462000 	C:\Windows\System32\bcryptPrimitives.dll
0x00007fffba250000 - 0x00007fffba275000 	C:\Program Files\Java\jdk-17.0.4.1\bin\java.dll
0x00007fffb97d0000 - 0x00007fffb98a6000 	C:\Program Files\Java\jdk-17.0.4.1\bin\jsvml.dll
0x00007fffd4630000 - 0x00007fffd4d73000 	C:\Windows\System32\SHELL32.dll
0x00007fffd0c00000 - 0x00007fffd1392000 	C:\Windows\SYSTEM32\windows.storage.dll
0x00007fffd3830000 - 0x00007fffd3b84000 	C:\Windows\System32\combase.dll
0x00007fffd25b0000 - 0x00007fffd25e0000 	C:\Windows\SYSTEM32\Wldp.dll
0x00007fffd5380000 - 0x00007fffd542d000 	C:\Windows\System32\SHCORE.dll
0x00007fffd4420000 - 0x00007fffd4475000 	C:\Windows\System32\shlwapi.dll
0x00007fffd2b70000 - 0x00007fffd2b8f000 	C:\Windows\SYSTEM32\profapi.dll
0x00007fffb9690000 - 0x00007fffb96a9000 	C:\Program Files\Java\jdk-17.0.4.1\bin\net.dll
0x00007fffd1bb0000 - 0x00007fffd1cbc000 	C:\Windows\SYSTEM32\WINHTTP.dll
0x00007fffd2310000 - 0x00007fffd237a000 	C:\Windows\system32\mswsock.dll
0x00007fffb9620000 - 0x00007fffb9636000 	C:\Program Files\Java\jdk-17.0.4.1\bin\nio.dll
0x00007fffb9600000 - 0x00007fffb9618000 	C:\Program Files\Java\jdk-17.0.4.1\bin\zip.dll
0x0000000069ac0000 - 0x0000000069ae4000 	C:\ProgramData\Jenkins\.jenkins\tools\hudson.tasks.Maven_MavenInstallation\MAVEN_HOME\lib\jansi-native\Windows\x86_64\jansi.dll
0x00007fffb8b00000 - 0x00007fffb8b10000 	C:\Program Files\Java\jdk-17.0.4.1\bin\verify.dll

dbghelp: loaded successfully - version: 4.0.5 - missing functions: none
symbol engine: initialized successfully - sym options: 0x614 - pdb path: .;C:\Program Files\Java\jdk-17.0.4.1\bin;C:\Windows\SYSTEM32;C:\Windows\WinSxS\amd64_microsoft.windows.common-controls_6595b64144ccf1df_6.0.19041.1110_none_60b5254171f9507e;C:\Program Files\Java\jdk-17.0.4.1\bin\server;C:\ProgramData\Jenkins\.jenkins\tools\hudson.tasks.Maven_MavenInstallation\MAVEN_HOME\lib\jansi-native\Windows\x86_64

VM Arguments:
jvm_args: -Dclassworlds.conf=C:\ProgramData\Jenkins\.jenkins\tools\hudson.tasks.Maven_MavenInstallation\MAVEN_HOME\bin\m2.conf -Dmaven.home=C:\ProgramData\Jenkins\.jenkins\tools\hudson.tasks.Maven_MavenInstallation\MAVEN_HOME -Dlibrary.jansi.path=C:\ProgramData\Jenkins\.jenkins\tools\hudson.tasks.Maven_MavenInstallation\MAVEN_HOME\lib\jansi-native -Dmaven.multiModuleProjectDirectory=C:\Gopi\HomeRiver_Leasing 
java_command: org.codehaus.plexus.classworlds.launcher.Launcher clean install
java_class_path (initial): C:\ProgramData\Jenkins\.jenkins\tools\hudson.tasks.Maven_MavenInstallation\MAVEN_HOME\boot\plexus-classworlds-2.6.0.jar
Launcher Type: SUN_STANDARD

[Global flags]
     intx CICompilerCount                          = 3                                         {product} {ergonomic}
     uint ConcGCThreads                            = 1                                         {product} {ergonomic}
     uint G1ConcRefinementThreads                  = 4                                         {product} {ergonomic}
   size_t G1HeapRegionSize                         = 2097152                                   {product} {ergonomic}
    uintx GCDrainStackTargetSize                   = 64                                        {product} {ergonomic}
   size_t InitialHeapSize                          = 268435456                                 {product} {ergonomic}
   size_t MarkStackSize                            = 4194304                                   {product} {ergonomic}
   size_t MaxHeapSize                              = 4282384384                                {product} {ergonomic}
   size_t MaxNewSize                               = 2569011200                                {product} {ergonomic}
   size_t MinHeapDeltaBytes                        = 2097152                                   {product} {ergonomic}
   size_t MinHeapSize                              = 8388608                                   {product} {ergonomic}
    uintx NonNMethodCodeHeapSize                   = 5832780                                {pd product} {ergonomic}
    uintx NonProfiledCodeHeapSize                  = 122912730                              {pd product} {ergonomic}
    uintx ProfiledCodeHeapSize                     = 122912730                              {pd product} {ergonomic}
    uintx ReservedCodeCacheSize                    = 251658240                              {pd product} {ergonomic}
     bool SegmentedCodeCache                       = true                                      {product} {ergonomic}
   size_t SoftMaxHeapSize                          = 4282384384                             {manageable} {ergonomic}
     bool UseCompressedClassPointers               = true                           {product lp64_product} {ergonomic}
     bool UseCompressedOops                        = true                           {product lp64_product} {ergonomic}
     bool UseG1GC                                  = true                                      {product} {ergonomic}
     bool UseLargePagesIndividualAllocation        = false                                  {pd product} {ergonomic}

Logging:
Log output configuration:
 #0: stdout all=warning uptime,level,tags
 #1: stderr all=off uptime,level,tags

Environment Variables:
JAVA_HOME=C:\Program Files\Java\jdk-17.0.4.1
PATH=C:\ProgramData\Jenkins\.jenkins\tools\hudson.tasks.Maven_MavenInstallation\MAVEN_HOME/bin;C:\Program Files\Java\jdk-17.0.4.1/bin;C:\Program Files\Java\jdk-17.0.4.1/bin;C:\Program Files\Common Files\Oracle\Java\javapath;C:\Windows\system32;C:\Windows;C:\Windows\System32\Wbem;C:\Windows\System32\WindowsPowerShell\v1.0\;C:\Windows\System32\OpenSSH\;C:\Program Files\dotnet\;C:\Program Files (x86)\Microsoft SQL Server\150\DTS\Binn\;C:\Program Files\Azure Data Studio\bin;C:\Program Files\Java\jdk-19\bin;C:\Program Files\Microsoft SQL Server\Client SDK\ODBC\170\Tools\Binn\;D:\Automation Files\apache-maven-3.8.6\bin;C:\Gopi\Apache Maven\apache-maven-3.8.6\bin;C:\Program Files\Git\cmd;C:\Windows\system32\config\systemprofile\AppData\Local\Microsoft\WindowsApps
USERNAME=HRG-CORP-BEERIM$
OS=Windows_NT
PROCESSOR_IDENTIFIER=AMD64 Family 25 Model 1 Stepping 1, AuthenticAMD



---------------  S Y S T E M  ---------------

OS:
 Windows 10 , 64 bit Build 19041 (10.0.19041.2251)
OS uptime: 3 days 7:56 hours
Hyper-V virtualization detected

CPU: total 4 (initial active 4) (4 cores per cpu, 2 threads per core) family 25 model 1 stepping 1 microcode 0x0, cx8, cmov, fxsr, ht, mmx, 3dnowpref, sse, sse2, sse3, ssse3, sse4a, sse4.1, sse4.2, popcnt, lzcnt, tsc, avx, avx2, aes, clmul, bmi1, bmi2, adx, sha, fma, vzeroupper, clflush, clflushopt, hv

Memory: 4k page, system-wide physical 16332M (3374M free)
TotalPageFile size 17738M (AvailPageFile size 6M)
current process WorkingSet (physical memory assigned to process): 174M, peak: 177M
current process commit charge ("private bytes"): 384M, peak: 384M

vm_info: Java HotSpot(TM) 64-Bit Server VM (17.0.4.1+1-LTS-2) for windows-amd64 JRE (17.0.4.1+1-LTS-2), built on Aug 16 2022 18:32:06 by "mach5one" with MS VC++ 16.8 / 16.9 (VS2019)

END.
